[ 2018-10-26T00:35:28+08:00 ] [ sql ] [ DB ] CONNECT:[ UseTime:0.001601s ] mysql:dbname=lhblog;host=139.199.109.135;charset=utf8
[ sql ] [ SQL ] SHOW COLUMNS FROM `lt_article` [ RunTime:0.001283s ]
[ sql ] [ SQL ] SELECT * FROM `lt_article` WHERE  `art_id` = 24 ORDER BY art_id desc LIMIT 1 [ RunTime:0.000966s ]
[ sql ] [ SQL ] SELECT * FROM `lt_article` WHERE  (  art_id<24 ) ORDER BY art_id desc LIMIT 1 [ RunTime:0.001261s ]
[ sql ] [ SQL ] SELECT * FROM `lt_article` WHERE  (  art_id>24 ) ORDER BY art_id desc LIMIT 1 [ RunTime:0.001274s ]
[ sql ] [ SQL ] SHOW COLUMNS FROM `lt_menu` [ RunTime:0.001038s ]
[ sql ] [ SQL ] SELECT `menu_id`,`menu_name` FROM `lt_menu` [ RunTime:0.000710s ]

---------------------------------------------------------------
[ 2018-10-26T00:35:46+08:00 ] [ sql ] [ DB ] CONNECT:[ UseTime:0.001499s ] mysql:dbname=lhblog;host=139.199.109.135;charset=utf8
[ sql ] [ SQL ] SHOW COLUMNS FROM `lt_article` [ RunTime:0.001228s ]
[ sql ] [ SQL ] SELECT * FROM `lt_article` WHERE  `art_id` = 24 LIMIT 1 [ RunTime:0.000915s ]
[ sql ] [ SQL ] UPDATE `lt_article`  SET `art_hit`=19  WHERE  `art_id` = 24 [ RunTime:0.006247s ]

---------------------------------------------------------------
[ 2018-10-26T00:45:18+08:00 ] [ sql ] [ DB ] CONNECT:[ UseTime:0.001491s ] mysql:dbname=lhblog;host=139.199.109.135;charset=utf8
[ sql ] [ SQL ] SHOW COLUMNS FROM `lt_article` [ RunTime:0.001218s ]
[ sql ] [ SQL ] SELECT * FROM `lt_article` WHERE  `art_id` = 21 ORDER BY art_id desc LIMIT 1 [ RunTime:0.001108s ]
[ sql ] [ SQL ] SELECT * FROM `lt_article` WHERE  (  art_id<21 ) ORDER BY art_id desc LIMIT 1 [ RunTime:0.001034s ]
[ sql ] [ SQL ] SELECT * FROM `lt_article` WHERE  (  art_id>21 ) ORDER BY art_id desc LIMIT 1 [ RunTime:0.001433s ]
[ sql ] [ SQL ] SHOW COLUMNS FROM `lt_menu` [ RunTime:0.001145s ]
[ sql ] [ SQL ] SELECT `menu_id`,`menu_name` FROM `lt_menu` [ RunTime:0.000794s ]

---------------------------------------------------------------
[ 2018-10-26T00:45:21+08:00 ] [ sql ] [ DB ] CONNECT:[ UseTime:0.001698s ] mysql:dbname=lhblog;host=139.199.109.135;charset=utf8
[ sql ] [ SQL ] SHOW COLUMNS FROM `lt_article` [ RunTime:0.001289s ]
[ sql ] [ SQL ] SELECT * FROM `lt_article` WHERE  `art_id` = 21 ORDER BY art_id desc LIMIT 1 [ RunTime:0.001253s ]
[ sql ] [ SQL ] SELECT * FROM `lt_article` WHERE  (  art_id<21 ) ORDER BY art_id desc LIMIT 1 [ RunTime:0.001134s ]
[ sql ] [ SQL ] SELECT * FROM `lt_article` WHERE  (  art_id>21 ) ORDER BY art_id desc LIMIT 1 [ RunTime:0.001294s ]
[ sql ] [ SQL ] SHOW COLUMNS FROM `lt_menu` [ RunTime:0.001192s ]
[ sql ] [ SQL ] SELECT `menu_id`,`menu_name` FROM `lt_menu` [ RunTime:0.000942s ]

---------------------------------------------------------------
[ 2018-10-26T00:45:58+08:00 ] [ sql ] [ DB ] CONNECT:[ UseTime:0.001533s ] mysql:dbname=lhblog;host=139.199.109.135;charset=utf8
[ sql ] [ SQL ] SHOW COLUMNS FROM `lt_article` [ RunTime:0.001239s ]
[ sql ] [ SQL ] SELECT * FROM `lt_article` WHERE  `art_id` = 20 ORDER BY art_id desc LIMIT 1 [ RunTime:0.001346s ]
[ sql ] [ SQL ] SELECT * FROM `lt_article` WHERE  (  art_id<20 ) ORDER BY art_id desc LIMIT 1 [ RunTime:0.001013s ]
[ sql ] [ SQL ] SELECT * FROM `lt_article` WHERE  (  art_id>20 ) ORDER BY art_id desc LIMIT 1 [ RunTime:0.001393s ]
[ sql ] [ SQL ] SHOW COLUMNS FROM `lt_menu` [ RunTime:0.001129s ]
[ sql ] [ SQL ] SELECT `menu_id`,`menu_name` FROM `lt_menu` [ RunTime:0.000763s ]

---------------------------------------------------------------
[ 2018-10-26T00:46:31+08:00 ] [ sql ] [ DB ] CONNECT:[ UseTime:0.001797s ] mysql:dbname=lhblog;host=139.199.109.135;charset=utf8
[ sql ] [ SQL ] SHOW COLUMNS FROM `lt_article` [ RunTime:0.001359s ]
[ sql ] [ SQL ] SELECT * FROM `lt_article` WHERE  `art_id` = 21 LIMIT 1 [ RunTime:0.001023s ]
[ sql ] [ SQL ] UPDATE `lt_article`  SET `art_hit`=32  WHERE  `art_id` = 21 [ RunTime:0.007839s ]

---------------------------------------------------------------
[ 2018-10-26T00:54:34+08:00 ] [ sql ] [ DB ] CONNECT:[ UseTime:0.002227s ] mysql:dbname=lhblog;host=139.199.109.135;charset=utf8
[ sql ] [ SQL ] SHOW COLUMNS FROM `lt_article` [ RunTime:0.001274s ]
[ sql ] [ SQL ] SELECT * FROM `lt_article` ORDER BY `art_id`  desc LIMIT 10 [ RunTime:0.002403s ]
[ sql ] [ SQL ] SHOW COLUMNS FROM `lt_link` [ RunTime:0.001180s ]
[ sql ] [ SQL ] SELECT * FROM `lt_link` ORDER BY link_id asc [ RunTime:0.000798s ]
[ sql ] [ SQL ] SELECT * FROM `lt_article` ORDER BY `art_hit`  desc LIMIT 6 [ RunTime:0.213097s ]
[ sql ] [ SQL ] SHOW COLUMNS FROM `lt_banner` [ RunTime:0.001288s ]
[ sql ] [ SQL ] SELECT * FROM `lt_banner` WHERE  `ban_view` = 1 ORDER BY `ban_Id`  desc LIMIT 2 [ RunTime:0.000904s ]
[ sql ] [ SQL ] SHOW COLUMNS FROM `lt_menu` [ RunTime:0.001119s ]
[ sql ] [ SQL ] SELECT `menu_id`,`menu_name` FROM `lt_menu` [ RunTime:0.000782s ]

---------------------------------------------------------------
[ 2018-10-26T00:56:07+08:00 ] [ sql ] [ DB ] CONNECT:[ UseTime:0.001587s ] mysql:dbname=lhblog;host=139.199.109.135;charset=utf8
[ sql ] [ SQL ] SHOW COLUMNS FROM `lt_article` [ RunTime:0.001247s ]
[ sql ] [ SQL ] SELECT * FROM `lt_article` WHERE  `art_id` = 10 ORDER BY art_id desc LIMIT 1 [ RunTime:0.001577s ]
[ sql ] [ SQL ] SELECT * FROM `lt_article` WHERE  (  art_id<10 ) ORDER BY art_id desc LIMIT 1 [ RunTime:0.001010s ]
[ sql ] [ SQL ] SELECT * FROM `lt_article` WHERE  (  art_id>10 ) ORDER BY art_id desc LIMIT 1 [ RunTime:0.001162s ]
[ sql ] [ SQL ] SHOW COLUMNS FROM `lt_menu` [ RunTime:0.001078s ]
[ sql ] [ SQL ] SELECT `menu_id`,`menu_name` FROM `lt_menu` [ RunTime:0.000741s ]

---------------------------------------------------------------
[ 2018-10-26T04:08:32+08:00 ] [ sql ] [ DB ] CONNECT:[ UseTime:0.001650s ] mysql:dbname=lhblog;host=139.199.109.135;charset=utf8
[ sql ] [ SQL ] SHOW COLUMNS FROM `lt_article` [ RunTime:0.001348s ]
[ sql ] [ SQL ] SELECT * FROM `lt_article` ORDER BY `art_id`  desc LIMIT 10 [ RunTime:0.002254s ]
[ sql ] [ SQL ] SHOW COLUMNS FROM `lt_link` [ RunTime:0.001202s ]
[ sql ] [ SQL ] SELECT * FROM `lt_link` ORDER BY link_id asc [ RunTime:0.000869s ]
[ sql ] [ SQL ] SELECT * FROM `lt_article` ORDER BY `art_hit`  desc LIMIT 6 [ RunTime:0.202988s ]
[ sql ] [ SQL ] SHOW COLUMNS FROM `lt_banner` [ RunTime:0.001256s ]
[ sql ] [ SQL ] SELECT * FROM `lt_banner` WHERE  `ban_view` = 1 ORDER BY `ban_Id`  desc LIMIT 2 [ RunTime:0.000974s ]
[ sql ] [ SQL ] SHOW COLUMNS FROM `lt_menu` [ RunTime:0.001120s ]
[ sql ] [ SQL ] SELECT `menu_id`,`menu_name` FROM `lt_menu` [ RunTime:0.000795s ]

---------------------------------------------------------------
[ 2018-10-26T04:11:52+08:00 ] [ sql ] [ DB ] CONNECT:[ UseTime:0.001782s ] mysql:dbname=lhblog;host=139.199.109.135;charset=utf8
[ sql ] [ SQL ] SHOW COLUMNS FROM `lt_link` [ RunTime:0.001193s ]
[ sql ] [ SQL ] SELECT * FROM `lt_link` ORDER BY link_id asc [ RunTime:0.000817s ]

---------------------------------------------------------------
[ 2018-10-26T04:13:27+08:00 ] [ sql ] [ DB ] CONNECT:[ UseTime:0.001533s ] mysql:dbname=lhblog;host=139.199.109.135;charset=utf8
[ sql ] [ SQL ] SHOW COLUMNS FROM `lt_article` [ RunTime:0.001438s ]
[ sql ] [ SQL ] SELECT * FROM `lt_article` WHERE  `art_id` = 6 ORDER BY art_id desc LIMIT 1 [ RunTime:0.001246s ]
[ sql ] [ SQL ] SELECT * FROM `lt_article` WHERE  (  art_id<6 ) ORDER BY art_id desc LIMIT 1 [ RunTime:0.001157s ]
[ sql ] [ SQL ] SELECT * FROM `lt_article` WHERE  (  art_id>6 ) ORDER BY art_id desc LIMIT 1 [ RunTime:0.001417s ]
[ sql ] [ SQL ] SHOW COLUMNS FROM `lt_menu` [ RunTime:0.001040s ]
[ sql ] [ SQL ] SELECT `menu_id`,`menu_name` FROM `lt_menu` [ RunTime:0.000732s ]

---------------------------------------------------------------
[ 2018-10-26T04:13:58+08:00 ] [ sql ] [ DB ] CONNECT:[ UseTime:0.001525s ] mysql:dbname=lhblog;host=139.199.109.135;charset=utf8
[ sql ] [ SQL ] SHOW COLUMNS FROM `lt_article` [ RunTime:0.001246s ]
[ sql ] [ SQL ] SELECT * FROM `lt_article` WHERE  `art_id` = 30 ORDER BY art_id desc LIMIT 1 [ RunTime:0.001027s ]
[ sql ] [ SQL ] SELECT * FROM `lt_article` WHERE  (  art_id<30 ) ORDER BY art_id desc LIMIT 1 [ RunTime:0.001006s ]
[ sql ] [ SQL ] SELECT * FROM `lt_article` WHERE  (  art_id>30 ) ORDER BY art_id desc LIMIT 1 [ RunTime:0.001441s ]
[ sql ] [ SQL ] SHOW COLUMNS FROM `lt_menu` [ RunTime:0.001093s ]
[ sql ] [ SQL ] SELECT `menu_id`,`menu_name` FROM `lt_menu` [ RunTime:0.000731s ]

---------------------------------------------------------------
[ 2018-10-26T04:52:23+08:00 ] [ sql ] [ DB ] CONNECT:[ UseTime:0.001501s ] mysql:dbname=lhblog;host=139.199.109.135;charset=utf8
[ sql ] [ SQL ] SHOW COLUMNS FROM `lt_article` [ RunTime:0.001264s ]
[ sql ] [ SQL ] SELECT * FROM `lt_article` ORDER BY `art_id`  desc LIMIT 10 [ RunTime:0.002421s ]
[ sql ] [ SQL ] SHOW COLUMNS FROM `lt_link` [ RunTime:0.001303s ]
[ sql ] [ SQL ] SELECT * FROM `lt_link` ORDER BY link_id asc [ RunTime:0.000879s ]
[ sql ] [ SQL ] SELECT * FROM `lt_article` ORDER BY `art_hit`  desc LIMIT 6 [ RunTime:0.212690s ]
[ sql ] [ SQL ] SHOW COLUMNS FROM `lt_banner` [ RunTime:0.001253s ]
[ sql ] [ SQL ] SELECT * FROM `lt_banner` WHERE  `ban_view` = 1 ORDER BY `ban_Id`  desc LIMIT 2 [ RunTime:0.000830s ]
[ sql ] [ SQL ] SHOW COLUMNS FROM `lt_menu` [ RunTime:0.001015s ]
[ sql ] [ SQL ] SELECT `menu_id`,`menu_name` FROM `lt_menu` [ RunTime:0.000691s ]

---------------------------------------------------------------
[ 2018-10-26T06:12:30+08:00 ] [ sql ] [ DB ] CONNECT:[ UseTime:0.001693s ] mysql:dbname=lhblog;host=139.199.109.135;charset=utf8
[ sql ] [ SQL ] SHOW COLUMNS FROM `lt_article` [ RunTime:0.001459s ]
[ sql ] [ SQL ] SELECT * FROM `lt_article` ORDER BY `art_hit`  desc LIMIT 6 [ RunTime:0.001445s ]
[ sql ] [ SQL ] SHOW COLUMNS FROM `lt_menu` [ RunTime:0.001133s ]
[ sql ] [ SQL ] SELECT * FROM `lt_menu` WHERE  `menu_parent` = 0  AND `menu_view` = 1 [ RunTime:0.000838s ]
[ sql ] [ SQL ] SELECT `menu_id`,`menu_name` FROM `lt_menu` [ RunTime:0.000771s ]
[ sql ] [ SQL ] SELECT COUNT(*) AS tp_count FROM `lt_article` WHERE  `art_pid` = 6 LIMIT 1 [ RunTime:0.000976s ]
[ sql ] [ SQL ] SELECT * FROM `lt_article` WHERE  `art_pid` = 6 ORDER BY art_id desc LIMIT 0,10 [ RunTime:0.000982s ]

---------------------------------------------------------------
[ 2018-10-26T06:13:42+08:00 ] [ sql ] [ DB ] CONNECT:[ UseTime:0.001650s ] mysql:dbname=lhblog;host=139.199.109.135;charset=utf8
[ sql ] [ SQL ] SHOW COLUMNS FROM `lt_article` [ RunTime:0.001255s ]
[ sql ] [ SQL ] SELECT * FROM `lt_article` WHERE  `art_id` = 8 ORDER BY art_id desc LIMIT 1 [ RunTime:0.001296s ]
[ sql ] [ SQL ] SELECT * FROM `lt_article` WHERE  (  art_id<8 ) ORDER BY art_id desc LIMIT 1 [ RunTime:0.000866s ]
[ sql ] [ SQL ] SELECT * FROM `lt_article` WHERE  (  art_id>8 ) ORDER BY art_id desc LIMIT 1 [ RunTime:0.001500s ]
[ sql ] [ SQL ] SHOW COLUMNS FROM `lt_menu` [ RunTime:0.001042s ]
[ sql ] [ SQL ] SELECT `menu_id`,`menu_name` FROM `lt_menu` [ RunTime:0.000744s ]

---------------------------------------------------------------
[ 2018-10-26T06:14:42+08:00 ] [ sql ] [ DB ] CONNECT:[ UseTime:0.001679s ] mysql:dbname=lhblog;host=139.199.109.135;charset=utf8
[ sql ] [ SQL ] SHOW COLUMNS FROM `lt_article` [ RunTime:0.001343s ]
[ sql ] [ SQL ] SELECT * FROM `lt_article` WHERE  `art_id` = 8 LIMIT 1 [ RunTime:0.001236s ]
[ sql ] [ SQL ] UPDATE `lt_article`  SET `art_hit`=30  WHERE  `art_id` = 8 [ RunTime:0.007704s ]

---------------------------------------------------------------
[ 2018-10-26T06:19:36+08:00 ] [ sql ] [ DB ] CONNECT:[ UseTime:0.001538s ] mysql:dbname=lhblog;host=139.199.109.135;charset=utf8
[ sql ] [ SQL ] SHOW COLUMNS FROM `lt_article` [ RunTime:0.001260s ]
[ sql ] [ SQL ] SELECT * FROM `lt_article` ORDER BY `art_id`  desc LIMIT 10 [ RunTime:0.002472s ]
[ sql ] [ SQL ] SHOW COLUMNS FROM `lt_link` [ RunTime:0.000973s ]
[ sql ] [ SQL ] SELECT * FROM `lt_link` ORDER BY link_id asc [ RunTime:0.000818s ]
[ sql ] [ SQL ] SELECT * FROM `lt_article` ORDER BY `art_hit`  desc LIMIT 6 [ RunTime:0.212715s ]
[ sql ] [ SQL ] SHOW COLUMNS FROM `lt_banner` [ RunTime:0.001154s ]
[ sql ] [ SQL ] SELECT * FROM `lt_banner` WHERE  `ban_view` = 1 ORDER BY `ban_Id`  desc LIMIT 2 [ RunTime:0.000916s ]
[ sql ] [ SQL ] SHOW COLUMNS FROM `lt_menu` [ RunTime:0.000990s ]
[ sql ] [ SQL ] SELECT `menu_id`,`menu_name` FROM `lt_menu` [ RunTime:0.000722s ]

---------------------------------------------------------------
[ 2018-10-26T07:17:25+08:00 ] [ sql ] [ DB ] CONNECT:[ UseTime:0.001580s ] mysql:dbname=lhblog;host=139.199.109.135;charset=utf8
[ sql ] [ SQL ] SHOW COLUMNS FROM `lt_article` [ RunTime:0.001251s ]
[ sql ] [ SQL ] SELECT * FROM `lt_article` ORDER BY `art_id`  desc LIMIT 10 [ RunTime:0.002290s ]
[ sql ] [ SQL ] SHOW COLUMNS FROM `lt_link` [ RunTime:0.001047s ]
[ sql ] [ SQL ] SELECT * FROM `lt_link` ORDER BY link_id asc [ RunTime:0.000753s ]
[ sql ] [ SQL ] SELECT * FROM `lt_article` ORDER BY `art_hit`  desc LIMIT 6 [ RunTime:0.203443s ]
[ sql ] [ SQL ] SHOW COLUMNS FROM `lt_banner` [ RunTime:0.001163s ]
[ sql ] [ SQL ] SELECT * FROM `lt_banner` WHERE  `ban_view` = 1 ORDER BY `ban_Id`  desc LIMIT 2 [ RunTime:0.000845s ]
[ sql ] [ SQL ] SHOW COLUMNS FROM `lt_menu` [ RunTime:0.001099s ]
[ sql ] [ SQL ] SELECT `menu_id`,`menu_name` FROM `lt_menu` [ RunTime:0.000837s ]

---------------------------------------------------------------
[ 2018-10-26T08:26:36+08:00 ] [ error ] [8]未定义数组索引: id

---------------------------------------------------------------
[ 2018-10-26T08:28:29+08:00 ] [ sql ] [ DB ] CONNECT:[ UseTime:0.001544s ] mysql:dbname=lhblog;host=139.199.109.135;charset=utf8
[ sql ] [ SQL ] SHOW COLUMNS FROM `lt_article` [ RunTime:0.001200s ]
[ sql ] [ SQL ] SELECT * FROM `lt_article` WHERE  `art_id` = 11 ORDER BY art_id desc LIMIT 1 [ RunTime:0.001501s ]
[ sql ] [ SQL ] SELECT * FROM `lt_article` WHERE  (  art_id<11 ) ORDER BY art_id desc LIMIT 1 [ RunTime:0.001368s ]
[ sql ] [ SQL ] SELECT * FROM `lt_article` WHERE  (  art_id>11 ) ORDER BY art_id desc LIMIT 1 [ RunTime:0.002048s ]
[ sql ] [ SQL ] SHOW COLUMNS FROM `lt_menu` [ RunTime:0.001127s ]
[ sql ] [ SQL ] SELECT `menu_id`,`menu_name` FROM `lt_menu` [ RunTime:0.000886s ]

---------------------------------------------------------------
[ 2018-10-26T08:32:29+08:00 ] [ sql ] [ DB ] CONNECT:[ UseTime:0.001545s ] mysql:dbname=lhblog;host=139.199.109.135;charset=utf8
[ sql ] [ SQL ] SHOW COLUMNS FROM `lt_article` [ RunTime:0.001241s ]
[ sql ] [ SQL ] SELECT * FROM `lt_article` ORDER BY `art_hit`  desc LIMIT 6 [ RunTime:0.001654s ]
[ sql ] [ SQL ] SHOW COLUMNS FROM `lt_menu` [ RunTime:0.001103s ]
[ sql ] [ SQL ] SELECT * FROM `lt_menu` WHERE  `menu_parent` = 0  AND `menu_view` = 1 [ RunTime:0.000860s ]
[ sql ] [ SQL ] SELECT `menu_id`,`menu_name` FROM `lt_menu` [ RunTime:0.000850s ]
[ sql ] [ SQL ] SELECT COUNT(*) AS tp_count FROM `lt_article` WHERE  `art_pid` = 2 LIMIT 1 [ RunTime:0.000762s ]
[ sql ] [ SQL ] SELECT * FROM `lt_article` WHERE  `art_pid` = 2 ORDER BY art_id desc LIMIT 0,10 [ RunTime:0.001816s ]

---------------------------------------------------------------
[ 2018-10-26T08:53:50+08:00 ] [ sql ] [ DB ] CONNECT:[ UseTime:0.001668s ] mysql:dbname=lhblog;host=139.199.109.135;charset=utf8
[ sql ] [ SQL ] SHOW COLUMNS FROM `lt_article` [ RunTime:0.001372s ]
[ sql ] [ SQL ] SELECT * FROM `lt_article` ORDER BY `art_id`  desc LIMIT 10 [ RunTime:0.002679s ]
[ sql ] [ SQL ] SHOW COLUMNS FROM `lt_link` [ RunTime:0.001085s ]
[ sql ] [ SQL ] SELECT * FROM `lt_link` ORDER BY link_id asc [ RunTime:0.000792s ]
[ sql ] [ SQL ] SELECT * FROM `lt_article` ORDER BY `art_hit`  desc LIMIT 6 [ RunTime:0.203648s ]
[ sql ] [ SQL ] SHOW COLUMNS FROM `lt_banner` [ RunTime:0.001344s ]
[ sql ] [ SQL ] SELECT * FROM `lt_banner` WHERE  `ban_view` = 1 ORDER BY `ban_Id`  desc LIMIT 2 [ RunTime:0.000932s ]
[ sql ] [ SQL ] SHOW COLUMNS FROM `lt_menu` [ RunTime:0.001278s ]
[ sql ] [ SQL ] SELECT `menu_id`,`menu_name` FROM `lt_menu` [ RunTime:0.000793s ]

---------------------------------------------------------------
[ 2018-10-26T08:55:16+08:00 ] [ sql ] [ DB ] CONNECT:[ UseTime:0.001668s ] mysql:dbname=lhblog;host=139.199.109.135;charset=utf8
[ sql ] [ SQL ] SHOW COLUMNS FROM `lt_article` [ RunTime:0.001473s ]
[ sql ] [ SQL ] SELECT * FROM `lt_article` WHERE  `art_id` = 24 ORDER BY art_id desc LIMIT 1 [ RunTime:0.001079s ]
[ sql ] [ SQL ] SELECT * FROM `lt_article` WHERE  (  art_id<24 ) ORDER BY art_id desc LIMIT 1 [ RunTime:0.001278s ]
[ sql ] [ SQL ] SELECT * FROM `lt_article` WHERE  (  art_id>24 ) ORDER BY art_id desc LIMIT 1 [ RunTime:0.001520s ]
[ sql ] [ SQL ] SHOW COLUMNS FROM `lt_menu` [ RunTime:0.001203s ]
[ sql ] [ SQL ] SELECT `menu_id`,`menu_name` FROM `lt_menu` [ RunTime:0.000870s ]

---------------------------------------------------------------
[ 2018-10-26T09:01:25+08:00 ] [ sql ] [ DB ] CONNECT:[ UseTime:0.001482s ] mysql:dbname=lhblog;host=139.199.109.135;charset=utf8
[ sql ] [ SQL ] SHOW COLUMNS FROM `lt_article` [ RunTime:0.001189s ]
[ sql ] [ SQL ] SELECT * FROM `lt_article` WHERE  `art_id` = 24 LIMIT 1 [ RunTime:0.000969s ]
[ sql ] [ SQL ] UPDATE `lt_article`  SET `art_hit`=20  WHERE  `art_id` = 24 [ RunTime:0.006075s ]

---------------------------------------------------------------
[ 2018-10-26T10:13:48+08:00 ] [ sql ] [ DB ] CONNECT:[ UseTime:0.001601s ] mysql:dbname=lhblog;host=139.199.109.135;charset=utf8
[ sql ] [ SQL ] SHOW COLUMNS FROM `lt_article` [ RunTime:0.001272s ]
[ sql ] [ SQL ] SELECT * FROM `lt_article` ORDER BY `art_id`  desc LIMIT 10 [ RunTime:0.002880s ]
[ sql ] [ SQL ] SHOW COLUMNS FROM `lt_link` [ RunTime:0.001199s ]
[ sql ] [ SQL ] SELECT * FROM `lt_link` ORDER BY link_id asc [ RunTime:0.000739s ]
[ sql ] [ SQL ] SELECT * FROM `lt_article` ORDER BY `art_hit`  desc LIMIT 6 [ RunTime:0.203787s ]
[ sql ] [ SQL ] SHOW COLUMNS FROM `lt_banner` [ RunTime:0.001257s ]
[ sql ] [ SQL ] SELECT * FROM `lt_banner` WHERE  `ban_view` = 1 ORDER BY `ban_Id`  desc LIMIT 2 [ RunTime:0.000842s ]
[ sql ] [ SQL ] SHOW COLUMNS FROM `lt_menu` [ RunTime:0.001046s ]
[ sql ] [ SQL ] SELECT `menu_id`,`menu_name` FROM `lt_menu` [ RunTime:0.000720s ]

---------------------------------------------------------------
[ 2018-10-26T11:05:36+08:00 ] [ sql ] [ DB ] CONNECT:[ UseTime:0.001510s ] mysql:dbname=lhblog;host=139.199.109.135;charset=utf8
[ sql ] [ SQL ] SHOW COLUMNS FROM `lt_article` [ RunTime:0.001256s ]
[ sql ] [ SQL ] SELECT * FROM `lt_article` ORDER BY `art_id`  desc LIMIT 10 [ RunTime:0.002717s ]
[ sql ] [ SQL ] SHOW COLUMNS FROM `lt_link` [ RunTime:0.001477s ]
[ sql ] [ SQL ] SELECT * FROM `lt_link` ORDER BY link_id asc [ RunTime:0.000802s ]
[ sql ] [ SQL ] SELECT * FROM `lt_article` ORDER BY `art_hit`  desc LIMIT 6 [ RunTime:0.203620s ]
[ sql ] [ SQL ] SHOW COLUMNS FROM `lt_banner` [ RunTime:0.001288s ]
[ sql ] [ SQL ] SELECT * FROM `lt_banner` WHERE  `ban_view` = 1 ORDER BY `ban_Id`  desc LIMIT 2 [ RunTime:0.000794s ]
[ sql ] [ SQL ] SHOW COLUMNS FROM `lt_menu` [ RunTime:0.000984s ]
[ sql ] [ SQL ] SELECT `menu_id`,`menu_name` FROM `lt_menu` [ RunTime:0.000766s ]

---------------------------------------------------------------
[ 2018-10-26T12:47:08+08:00 ] [ sql ] [ DB ] CONNECT:[ UseTime:0.001503s ] mysql:dbname=lhblog;host=139.199.109.135;charset=utf8
[ sql ] [ SQL ] SHOW COLUMNS FROM `lt_article` [ RunTime:0.001209s ]
[ sql ] [ SQL ] SELECT * FROM `lt_article` ORDER BY `art_id`  desc LIMIT 10 [ RunTime:0.001934s ]
[ sql ] [ SQL ] SHOW COLUMNS FROM `lt_link` [ RunTime:0.001069s ]
[ sql ] [ SQL ] SELECT * FROM `lt_link` ORDER BY link_id asc [ RunTime:0.000766s ]
[ sql ] [ SQL ] SELECT * FROM `lt_article` ORDER BY `art_hit`  desc LIMIT 6 [ RunTime:0.203325s ]
[ sql ] [ SQL ] SHOW COLUMNS FROM `lt_banner` [ RunTime:0.001213s ]
[ sql ] [ SQL ] SELECT * FROM `lt_banner` WHERE  `ban_view` = 1 ORDER BY `ban_Id`  desc LIMIT 2 [ RunTime:0.000880s ]
[ sql ] [ SQL ] SHOW COLUMNS FROM `lt_menu` [ RunTime:0.001003s ]
[ sql ] [ SQL ] SELECT `menu_id`,`menu_name` FROM `lt_menu` [ RunTime:0.000768s ]

---------------------------------------------------------------
[ 2018-10-26T12:53:09+08:00 ] [ sql ] [ DB ] CONNECT:[ UseTime:0.001621s ] mysql:dbname=lhblog;host=139.199.109.135;charset=utf8
[ sql ] [ SQL ] SHOW COLUMNS FROM `lt_article` [ RunTime:0.001237s ]
[ sql ] [ SQL ] SELECT * FROM `lt_article` ORDER BY `art_id`  desc LIMIT 10 [ RunTime:0.003307s ]
[ sql ] [ SQL ] SHOW COLUMNS FROM `lt_link` [ RunTime:0.001169s ]
[ sql ] [ SQL ] SELECT * FROM `lt_link` ORDER BY link_id asc [ RunTime:0.001156s ]
[ sql ] [ SQL ] SELECT * FROM `lt_article` ORDER BY `art_hit`  desc LIMIT 6 [ RunTime:0.213160s ]
[ sql ] [ SQL ] SHOW COLUMNS FROM `lt_banner` [ RunTime:0.001435s ]
[ sql ] [ SQL ] SELECT * FROM `lt_banner` WHERE  `ban_view` = 1 ORDER BY `ban_Id`  desc LIMIT 2 [ RunTime:0.000957s ]
[ sql ] [ SQL ] SHOW COLUMNS FROM `lt_menu` [ RunTime:0.001135s ]
[ sql ] [ SQL ] SELECT `menu_id`,`menu_name` FROM `lt_menu` [ RunTime:0.000828s ]

---------------------------------------------------------------
[ 2018-10-26T13:11:48+08:00 ] [ sql ] [ DB ] CONNECT:[ UseTime:0.001552s ] mysql:dbname=lhblog;host=139.199.109.135;charset=utf8
[ sql ] [ SQL ] SHOW COLUMNS FROM `lt_article` [ RunTime:0.001267s ]
[ sql ] [ SQL ] SELECT * FROM `lt_article` WHERE  `art_id` = 14 ORDER BY art_id desc LIMIT 1 [ RunTime:0.001323s ]
[ sql ] [ SQL ] SELECT * FROM `lt_article` WHERE  (  art_id<14 ) ORDER BY art_id desc LIMIT 1 [ RunTime:0.001145s ]
[ sql ] [ SQL ] SELECT * FROM `lt_article` WHERE  (  art_id>14 ) ORDER BY art_id desc LIMIT 1 [ RunTime:0.001418s ]
[ sql ] [ SQL ] SHOW COLUMNS FROM `lt_menu` [ RunTime:0.001069s ]
[ sql ] [ SQL ] SELECT `menu_id`,`menu_name` FROM `lt_menu` [ RunTime:0.000695s ]

---------------------------------------------------------------
[ 2018-10-26T13:11:50+08:00 ] [ sql ] [ DB ] CONNECT:[ UseTime:0.001789s ] mysql:dbname=lhblog;host=139.199.109.135;charset=utf8
[ sql ] [ SQL ] SHOW COLUMNS FROM `lt_article` [ RunTime:0.001265s ]
[ sql ] [ SQL ] SELECT * FROM `lt_article` WHERE  `art_id` = 14 LIMIT 1 [ RunTime:0.001045s ]
[ sql ] [ SQL ] UPDATE `lt_article`  SET `art_hit`=59  WHERE  `art_id` = 14 [ RunTime:0.010354s ]

---------------------------------------------------------------
[ 2018-10-26T13:21:51+08:00 ] [ sql ] [ DB ] CONNECT:[ UseTime:0.001539s ] mysql:dbname=lhblog;host=139.199.109.135;charset=utf8
[ sql ] [ SQL ] SHOW COLUMNS FROM `lt_article` [ RunTime:0.001291s ]
[ sql ] [ SQL ] SELECT * FROM `lt_article` WHERE  `art_id` = 13 ORDER BY art_id desc LIMIT 1 [ RunTime:0.001038s ]
[ sql ] [ SQL ] SELECT * FROM `lt_article` WHERE  (  art_id<13 ) ORDER BY art_id desc LIMIT 1 [ RunTime:0.000986s ]
[ sql ] [ SQL ] SELECT * FROM `lt_article` WHERE  (  art_id>13 ) ORDER BY art_id desc LIMIT 1 [ RunTime:0.001564s ]
[ sql ] [ SQL ] SHOW COLUMNS FROM `lt_menu` [ RunTime:0.001157s ]
[ sql ] [ SQL ] SELECT `menu_id`,`menu_name` FROM `lt_menu` [ RunTime:0.000720s ]

---------------------------------------------------------------
[ 2018-10-26T13:41:34+08:00 ] [ sql ] [ DB ] CONNECT:[ UseTime:0.001562s ] mysql:dbname=lhblog;host=139.199.109.135;charset=utf8
[ sql ] [ SQL ] SHOW COLUMNS FROM `lt_article` [ RunTime:0.001274s ]
[ sql ] [ SQL ] SELECT * FROM `lt_article` WHERE  `art_id` = 11 ORDER BY art_id desc LIMIT 1 [ RunTime:0.001432s ]
[ sql ] [ SQL ] SELECT * FROM `lt_article` WHERE  (  art_id<11 ) ORDER BY art_id desc LIMIT 1 [ RunTime:0.001249s ]
[ sql ] [ SQL ] SELECT * FROM `lt_article` WHERE  (  art_id>11 ) ORDER BY art_id desc LIMIT 1 [ RunTime:0.001440s ]
[ sql ] [ SQL ] SHOW COLUMNS FROM `lt_menu` [ RunTime:0.001100s ]
[ sql ] [ SQL ] SELECT `menu_id`,`menu_name` FROM `lt_menu` [ RunTime:0.000740s ]

---------------------------------------------------------------
[ 2018-10-26T14:01:52+08:00 ] [ sql ] [ DB ] CONNECT:[ UseTime:0.001488s ] mysql:dbname=lhblog;host=139.199.109.135;charset=utf8
[ sql ] [ SQL ] SHOW COLUMNS FROM `lt_article` [ RunTime:0.001238s ]
[ sql ] [ SQL ] SELECT * FROM `lt_article` WHERE  `art_id` = 3 ORDER BY art_id desc LIMIT 1 [ RunTime:0.001003s ]
[ sql ] [ SQL ] SELECT * FROM `lt_article` WHERE  (  art_id<3 ) ORDER BY art_id desc LIMIT 1 [ RunTime:0.001017s ]
[ sql ] [ SQL ] SELECT * FROM `lt_article` WHERE  (  art_id>3 ) ORDER BY art_id desc LIMIT 1 [ RunTime:0.002156s ]
[ sql ] [ SQL ] SHOW COLUMNS FROM `lt_menu` [ RunTime:0.001096s ]
[ sql ] [ SQL ] SELECT `menu_id`,`menu_name` FROM `lt_menu` [ RunTime:0.000776s ]

---------------------------------------------------------------
[ 2018-10-26T14:26:43+08:00 ] [ sql ] [ DB ] CONNECT:[ UseTime:0.001965s ] mysql:dbname=lhblog;host=139.199.109.135;charset=utf8
[ sql ] [ SQL ] SHOW COLUMNS FROM `lt_article` [ RunTime:0.001582s ]
[ sql ] [ SQL ] SELECT * FROM `lt_article` ORDER BY `art_id`  desc LIMIT 10 [ RunTime:0.002696s ]
[ sql ] [ SQL ] SHOW COLUMNS FROM `lt_link` [ RunTime:0.001133s ]
[ sql ] [ SQL ] SELECT * FROM `lt_link` ORDER BY link_id asc [ RunTime:0.000767s ]
[ sql ] [ SQL ] SELECT * FROM `lt_article` ORDER BY `art_hit`  desc LIMIT 6 [ RunTime:0.203330s ]
[ sql ] [ SQL ] SHOW COLUMNS FROM `lt_banner` [ RunTime:0.001190s ]
[ sql ] [ SQL ] SELECT * FROM `lt_banner` WHERE  `ban_view` = 1 ORDER BY `ban_Id`  desc LIMIT 2 [ RunTime:0.000996s ]
[ sql ] [ SQL ] SHOW COLUMNS FROM `lt_menu` [ RunTime:0.001174s ]
[ sql ] [ SQL ] SELECT `menu_id`,`menu_name` FROM `lt_menu` [ RunTime:0.000766s ]

---------------------------------------------------------------
[ 2018-10-26T14:42:58+08:00 ] [ sql ] [ DB ] CONNECT:[ UseTime:0.001683s ] mysql:dbname=lhblog;host=139.199.109.135;charset=utf8
[ sql ] [ SQL ] SHOW COLUMNS FROM `lt_article` [ RunTime:0.001598s ]
[ sql ] [ SQL ] SELECT * FROM `lt_article` WHERE  `art_id` = 23 ORDER BY art_id desc LIMIT 1 [ RunTime:0.001484s ]
[ sql ] [ SQL ] SELECT * FROM `lt_article` WHERE  (  art_id<23 ) ORDER BY art_id desc LIMIT 1 [ RunTime:0.001178s ]
[ sql ] [ SQL ] SELECT * FROM `lt_article` WHERE  (  art_id>23 ) ORDER BY art_id desc LIMIT 1 [ RunTime:0.001602s ]
[ sql ] [ SQL ] SHOW COLUMNS FROM `lt_menu` [ RunTime:0.001077s ]
[ sql ] [ SQL ] SELECT `menu_id`,`menu_name` FROM `lt_menu` [ RunTime:0.000708s ]

---------------------------------------------------------------
[ 2018-10-26T14:52:29+08:00 ] [ sql ] [ DB ] CONNECT:[ UseTime:0.001934s ] mysql:dbname=lhblog;host=139.199.109.135;charset=utf8
[ sql ] [ SQL ] SHOW COLUMNS FROM `lt_article` [ RunTime:0.001303s ]
[ sql ] [ SQL ] SELECT * FROM `lt_article` WHERE  `art_id` = 22 ORDER BY art_id desc LIMIT 1 [ RunTime:0.001101s ]
[ sql ] [ SQL ] SELECT * FROM `lt_article` WHERE  (  art_id<22 ) ORDER BY art_id desc LIMIT 1 [ RunTime:0.001096s ]
[ sql ] [ SQL ] SELECT * FROM `lt_article` WHERE  (  art_id>22 ) ORDER BY art_id desc LIMIT 1 [ RunTime:0.001628s ]
[ sql ] [ SQL ] SHOW COLUMNS FROM `lt_menu` [ RunTime:0.001240s ]
[ sql ] [ SQL ] SELECT `menu_id`,`menu_name` FROM `lt_menu` [ RunTime:0.000803s ]

---------------------------------------------------------------
[ 2018-10-26T15:03:59+08:00 ] [ sql ] [ DB ] CONNECT:[ UseTime:0.001844s ] mysql:dbname=lhblog;host=139.199.109.135;charset=utf8
[ sql ] [ SQL ] SHOW COLUMNS FROM `lt_article` [ RunTime:0.001620s ]
[ sql ] [ SQL ] SELECT * FROM `lt_article` ORDER BY `art_id`  desc LIMIT 10 [ RunTime:0.002859s ]
[ sql ] [ SQL ] SHOW COLUMNS FROM `lt_link` [ RunTime:0.001439s ]
[ sql ] [ SQL ] SELECT * FROM `lt_link` ORDER BY link_id asc [ RunTime:0.000880s ]
[ sql ] [ SQL ] SELECT * FROM `lt_article` ORDER BY `art_hit`  desc LIMIT 6 [ RunTime:0.213583s ]
[ sql ] [ SQL ] SHOW COLUMNS FROM `lt_banner` [ RunTime:0.001417s ]
[ sql ] [ SQL ] SELECT * FROM `lt_banner` WHERE  `ban_view` = 1 ORDER BY `ban_Id`  desc LIMIT 2 [ RunTime:0.000915s ]
[ sql ] [ SQL ] SHOW COLUMNS FROM `lt_menu` [ RunTime:0.001116s ]
[ sql ] [ SQL ] SELECT `menu_id`,`menu_name` FROM `lt_menu` [ RunTime:0.000792s ]

---------------------------------------------------------------
[ 2018-10-26T15:07:27+08:00 ] [ sql ] [ DB ] CONNECT:[ UseTime:0.001574s ] mysql:dbname=lhblog;host=139.199.109.135;charset=utf8
[ sql ] [ SQL ] SHOW COLUMNS FROM `lt_article` [ RunTime:0.001218s ]
[ sql ] [ SQL ] SELECT * FROM `lt_article` ORDER BY `art_id`  desc LIMIT 10 [ RunTime:0.002661s ]
[ sql ] [ SQL ] SHOW COLUMNS FROM `lt_link` [ RunTime:0.001037s ]
[ sql ] [ SQL ] SELECT * FROM `lt_link` ORDER BY link_id asc [ RunTime:0.000761s ]
[ sql ] [ SQL ] SELECT * FROM `lt_article` ORDER BY `art_hit`  desc LIMIT 6 [ RunTime:0.213904s ]
[ sql ] [ SQL ] SHOW COLUMNS FROM `lt_banner` [ RunTime:0.001805s ]
[ sql ] [ SQL ] SELECT * FROM `lt_banner` WHERE  `ban_view` = 1 ORDER BY `ban_Id`  desc LIMIT 2 [ RunTime:0.000957s ]
[ sql ] [ SQL ] SHOW COLUMNS FROM `lt_menu` [ RunTime:0.001108s ]
[ sql ] [ SQL ] SELECT `menu_id`,`menu_name` FROM `lt_menu` [ RunTime:0.000967s ]

---------------------------------------------------------------
[ 2018-10-26T15:32:50+08:00 ] [ sql ] [ DB ] CONNECT:[ UseTime:0.001560s ] mysql:dbname=lhblog;host=139.199.109.135;charset=utf8
[ sql ] [ SQL ] SHOW COLUMNS FROM `lt_article` [ RunTime:0.001250s ]
[ sql ] [ SQL ] SELECT * FROM `lt_article` ORDER BY `art_hit`  desc LIMIT 6 [ RunTime:0.001798s ]
[ sql ] [ SQL ] SHOW COLUMNS FROM `lt_menu` [ RunTime:0.001072s ]
[ sql ] [ SQL ] SELECT * FROM `lt_menu` WHERE  `menu_parent` = 0  AND `menu_view` = 1 [ RunTime:0.000813s ]
[ sql ] [ SQL ] SELECT `menu_id`,`menu_name` FROM `lt_menu` [ RunTime:0.000714s ]
[ sql ] [ SQL ] SELECT COUNT(*) AS tp_count FROM `lt_article` WHERE  `art_pid` = 5 LIMIT 1 [ RunTime:0.000966s ]
[ sql ] [ SQL ] SELECT * FROM `lt_article` WHERE  `art_pid` = 5 ORDER BY art_id desc LIMIT 0,10 [ RunTime:0.001797s ]

---------------------------------------------------------------
[ 2018-10-26T15:35:51+08:00 ] [ sql ] [ DB ] CONNECT:[ UseTime:0.001658s ] mysql:dbname=lhblog;host=139.199.109.135;charset=utf8
[ sql ] [ SQL ] SHOW COLUMNS FROM `lt_article` [ RunTime:0.001313s ]
[ sql ] [ SQL ] SELECT * FROM `lt_article` ORDER BY `art_id`  desc LIMIT 10 [ RunTime:0.002832s ]
[ sql ] [ SQL ] SHOW COLUMNS FROM `lt_link` [ RunTime:0.001028s ]
[ sql ] [ SQL ] SELECT * FROM `lt_link` ORDER BY link_id asc [ RunTime:0.000735s ]
[ sql ] [ SQL ] SELECT * FROM `lt_article` ORDER BY `art_hit`  desc LIMIT 6 [ RunTime:0.213834s ]
[ sql ] [ SQL ] SHOW COLUMNS FROM `lt_banner` [ RunTime:0.001237s ]
[ sql ] [ SQL ] SELECT * FROM `lt_banner` WHERE  `ban_view` = 1 ORDER BY `ban_Id`  desc LIMIT 2 [ RunTime:0.000854s ]
[ sql ] [ SQL ] SHOW COLUMNS FROM `lt_menu` [ RunTime:0.001017s ]
[ sql ] [ SQL ] SELECT `menu_id`,`menu_name` FROM `lt_menu` [ RunTime:0.000726s ]

---------------------------------------------------------------
[ 2018-10-26T15:35:53+08:00 ] [ sql ] [ DB ] CONNECT:[ UseTime:0.001601s ] mysql:dbname=lhblog;host=139.199.109.135;charset=utf8
[ sql ] [ SQL ] SHOW COLUMNS FROM `lt_article` [ RunTime:0.001211s ]
[ sql ] [ SQL ] SELECT * FROM `lt_article` ORDER BY `art_id`  desc LIMIT 10 [ RunTime:1.051953s ]
[ sql ] [ SQL ] SHOW COLUMNS FROM `lt_link` [ RunTime:0.001579s ]
[ sql ] [ SQL ] SELECT * FROM `lt_link` ORDER BY link_id asc [ RunTime:0.000844s ]
[ sql ] [ SQL ] SELECT * FROM `lt_article` ORDER BY `art_hit`  desc LIMIT 6 [ RunTime:0.214974s ]
[ sql ] [ SQL ] SHOW COLUMNS FROM `lt_banner` [ RunTime:0.001205s ]
[ sql ] [ SQL ] SELECT * FROM `lt_banner` WHERE  `ban_view` = 1 ORDER BY `ban_Id`  desc LIMIT 2 [ RunTime:0.000929s ]
[ sql ] [ SQL ] SHOW COLUMNS FROM `lt_menu` [ RunTime:0.001026s ]
[ sql ] [ SQL ] SELECT `menu_id`,`menu_name` FROM `lt_menu` [ RunTime:0.000915s ]

---------------------------------------------------------------
[ 2018-10-26T15:56:37+08:00 ] [ sql ] [ DB ] CONNECT:[ UseTime:0.002127s ] mysql:dbname=lhblog;host=139.199.109.135;charset=utf8
[ sql ] [ SQL ] SHOW COLUMNS FROM `lt_article` [ RunTime:0.001253s ]
[ sql ] [ SQL ] SELECT * FROM `lt_article` ORDER BY `art_id`  desc LIMIT 10 [ RunTime:0.003336s ]
[ sql ] [ SQL ] SHOW COLUMNS FROM `lt_link` [ RunTime:0.001231s ]
[ sql ] [ SQL ] SELECT * FROM `lt_link` ORDER BY link_id asc [ RunTime:0.000778s ]
[ sql ] [ SQL ] SELECT * FROM `lt_article` ORDER BY `art_hit`  desc LIMIT 6 [ RunTime:0.243118s ]
[ sql ] [ SQL ] SHOW COLUMNS FROM `lt_banner` [ RunTime:0.001197s ]
[ sql ] [ SQL ] SELECT * FROM `lt_banner` WHERE  `ban_view` = 1 ORDER BY `ban_Id`  desc LIMIT 2 [ RunTime:0.000894s ]
[ sql ] [ SQL ] SHOW COLUMNS FROM `lt_menu` [ RunTime:0.002123s ]
[ sql ] [ SQL ] SELECT `menu_id`,`menu_name` FROM `lt_menu` [ RunTime:0.000880s ]

---------------------------------------------------------------
[ 2018-10-26T16:01:51+08:00 ] [ sql ] [ DB ] CONNECT:[ UseTime:0.001563s ] mysql:dbname=lhblog;host=139.199.109.135;charset=utf8
[ sql ] [ SQL ] SHOW COLUMNS FROM `lt_article` [ RunTime:0.001343s ]
[ sql ] [ SQL ] SELECT * FROM `lt_article` ORDER BY `art_id`  desc LIMIT 10 [ RunTime:0.004074s ]
[ sql ] [ SQL ] SHOW COLUMNS FROM `lt_link` [ RunTime:0.001244s ]
[ sql ] [ SQL ] SELECT * FROM `lt_link` ORDER BY link_id asc [ RunTime:0.002079s ]
[ sql ] [ SQL ] SELECT * FROM `lt_article` ORDER BY `art_hit`  desc LIMIT 6 [ RunTime:0.215637s ]
[ sql ] [ SQL ] SHOW COLUMNS FROM `lt_banner` [ RunTime:0.001301s ]
[ sql ] [ SQL ] SELECT * FROM `lt_banner` WHERE  `ban_view` = 1 ORDER BY `ban_Id`  desc LIMIT 2 [ RunTime:0.000829s ]
[ sql ] [ SQL ] SHOW COLUMNS FROM `lt_menu` [ RunTime:0.001076s ]
[ sql ] [ SQL ] SELECT `menu_id`,`menu_name` FROM `lt_menu` [ RunTime:0.000741s ]

---------------------------------------------------------------
[ 2018-10-26T16:05:56+08:00 ] [ sql ] [ DB ] CONNECT:[ UseTime:0.001775s ] mysql:dbname=lhblog;host=139.199.109.135;charset=utf8
[ sql ] [ SQL ] SHOW COLUMNS FROM `lt_article` [ RunTime:0.001501s ]
[ sql ] [ SQL ] SELECT * FROM `lt_article` ORDER BY `art_id`  desc LIMIT 10 [ RunTime:0.003847s ]
[ sql ] [ SQL ] SHOW COLUMNS FROM `lt_link` [ RunTime:0.001105s ]
[ sql ] [ SQL ] SELECT * FROM `lt_link` ORDER BY link_id asc [ RunTime:0.000771s ]
[ sql ] [ SQL ] SELECT * FROM `lt_article` ORDER BY `art_hit`  desc LIMIT 6 [ RunTime:0.203672s ]
[ sql ] [ SQL ] SHOW COLUMNS FROM `lt_banner` [ RunTime:0.001181s ]
[ sql ] [ SQL ] SELECT * FROM `lt_banner` WHERE  `ban_view` = 1 ORDER BY `ban_Id`  desc LIMIT 2 [ RunTime:0.000969s ]
[ sql ] [ SQL ] SHOW COLUMNS FROM `lt_menu` [ RunTime:0.001093s ]
[ sql ] [ SQL ] SELECT `menu_id`,`menu_name` FROM `lt_menu` [ RunTime:0.000776s ]

---------------------------------------------------------------
[ 2018-10-26T16:32:00+08:00 ] [ sql ] [ DB ] CONNECT:[ UseTime:0.001569s ] mysql:dbname=lhblog;host=139.199.109.135;charset=utf8
[ sql ] [ SQL ] SHOW COLUMNS FROM `lt_article` [ RunTime:0.001299s ]
[ sql ] [ SQL ] SELECT * FROM `lt_article` ORDER BY `art_id`  desc LIMIT 10 [ RunTime:0.003252s ]
[ sql ] [ SQL ] SHOW COLUMNS FROM `lt_link` [ RunTime:0.001146s ]
[ sql ] [ SQL ] SELECT * FROM `lt_link` ORDER BY link_id asc [ RunTime:0.000781s ]
[ sql ] [ SQL ] SELECT * FROM `lt_article` ORDER BY `art_hit`  desc LIMIT 6 [ RunTime:0.203441s ]
[ sql ] [ SQL ] SHOW COLUMNS FROM `lt_banner` [ RunTime:0.001282s ]
[ sql ] [ SQL ] SELECT * FROM `lt_banner` WHERE  `ban_view` = 1 ORDER BY `ban_Id`  desc LIMIT 2 [ RunTime:0.000855s ]
[ sql ] [ SQL ] SHOW COLUMNS FROM `lt_menu` [ RunTime:0.001074s ]
[ sql ] [ SQL ] SELECT `menu_id`,`menu_name` FROM `lt_menu` [ RunTime:0.000795s ]

---------------------------------------------------------------
[ 2018-10-26T16:44:52+08:00 ] [ sql ] [ DB ] CONNECT:[ UseTime:0.001945s ] mysql:dbname=lhblog;host=139.199.109.135;charset=utf8
[ sql ] [ SQL ] SHOW COLUMNS FROM `lt_article` [ RunTime:0.001603s ]
[ sql ] [ SQL ] SELECT * FROM `lt_article` ORDER BY `art_id`  desc LIMIT 10 [ RunTime:0.003198s ]
[ sql ] [ SQL ] SHOW COLUMNS FROM `lt_link` [ RunTime:0.001076s ]
[ sql ] [ SQL ] SELECT * FROM `lt_link` ORDER BY link_id asc [ RunTime:0.000759s ]
[ sql ] [ SQL ] SELECT * FROM `lt_article` ORDER BY `art_hit`  desc LIMIT 6 [ RunTime:0.213721s ]
[ sql ] [ SQL ] SHOW COLUMNS FROM `lt_banner` [ RunTime:0.001191s ]
[ sql ] [ SQL ] SELECT * FROM `lt_banner` WHERE  `ban_view` = 1 ORDER BY `ban_Id`  desc LIMIT 2 [ RunTime:0.001005s ]
[ sql ] [ SQL ] SHOW COLUMNS FROM `lt_menu` [ RunTime:0.001016s ]
[ sql ] [ SQL ] SELECT `menu_id`,`menu_name` FROM `lt_menu` [ RunTime:0.000886s ]

---------------------------------------------------------------
[ 2018-10-26T17:23:09+08:00 ] [ sql ] [ DB ] CONNECT:[ UseTime:0.001593s ] mysql:dbname=lhblog;host=139.199.109.135;charset=utf8
[ sql ] [ SQL ] SHOW COLUMNS FROM `lt_article` [ RunTime:0.001265s ]
[ sql ] [ SQL ] SELECT * FROM `lt_article` WHERE  `art_id` = 20 ORDER BY art_id desc LIMIT 1 [ RunTime:0.001371s ]
[ sql ] [ SQL ] SELECT * FROM `lt_article` WHERE  (  art_id<20 ) ORDER BY art_id desc LIMIT 1 [ RunTime:0.001171s ]
[ sql ] [ SQL ] SELECT * FROM `lt_article` WHERE  (  art_id>20 ) ORDER BY art_id desc LIMIT 1 [ RunTime:0.001688s ]
[ sql ] [ SQL ] SHOW COLUMNS FROM `lt_menu` [ RunTime:0.001104s ]
[ sql ] [ SQL ] SELECT `menu_id`,`menu_name` FROM `lt_menu` [ RunTime:0.000772s ]

---------------------------------------------------------------
[ 2018-10-26T17:23:32+08:00 ] [ sql ] [ DB ] CONNECT:[ UseTime:0.001714s ] mysql:dbname=lhblog;host=139.199.109.135;charset=utf8
[ sql ] [ SQL ] SHOW COLUMNS FROM `lt_article` [ RunTime:0.001238s ]
[ sql ] [ SQL ] SELECT * FROM `lt_article` ORDER BY `art_id`  desc LIMIT 10 [ RunTime:0.003478s ]
[ sql ] [ SQL ] SHOW COLUMNS FROM `lt_link` [ RunTime:0.001064s ]
[ sql ] [ SQL ] SELECT * FROM `lt_link` ORDER BY link_id asc [ RunTime:0.000800s ]
[ sql ] [ SQL ] SELECT * FROM `lt_article` ORDER BY `art_hit`  desc LIMIT 6 [ RunTime:0.213908s ]
[ sql ] [ SQL ] SHOW COLUMNS FROM `lt_banner` [ RunTime:0.001250s ]
[ sql ] [ SQL ] SELECT * FROM `lt_banner` WHERE  `ban_view` = 1 ORDER BY `ban_Id`  desc LIMIT 2 [ RunTime:0.000970s ]
[ sql ] [ SQL ] SHOW COLUMNS FROM `lt_menu` [ RunTime:0.001109s ]
[ sql ] [ SQL ] SELECT `menu_id`,`menu_name` FROM `lt_menu` [ RunTime:0.000808s ]

---------------------------------------------------------------
[ 2018-10-26T17:23:38+08:00 ] [ sql ] [ DB ] CONNECT:[ UseTime:0.001637s ] mysql:dbname=lhblog;host=139.199.109.135;charset=utf8
[ sql ] [ SQL ] SHOW COLUMNS FROM `lt_article` [ RunTime:0.001365s ]
[ sql ] [ SQL ] SELECT * FROM `lt_article` WHERE  `art_id` = 20 LIMIT 1 [ RunTime:0.001297s ]
[ sql ] [ SQL ] UPDATE `lt_article`  SET `art_hit`=29  WHERE  `art_id` = 20 [ RunTime:0.009139s ]

---------------------------------------------------------------
[ 2018-10-26T17:35:27+08:00 ] [ sql ] [ DB ] CONNECT:[ UseTime:0.001729s ] mysql:dbname=lhblog;host=139.199.109.135;charset=utf8
[ sql ] [ SQL ] SHOW COLUMNS FROM `lt_article` [ RunTime:0.001312s ]
[ sql ] [ SQL ] SELECT * FROM `lt_article` ORDER BY `art_id`  desc LIMIT 10 [ RunTime:0.003935s ]
[ sql ] [ SQL ] SHOW COLUMNS FROM `lt_link` [ RunTime:0.001167s ]
[ sql ] [ SQL ] SELECT * FROM `lt_link` ORDER BY link_id asc [ RunTime:0.000799s ]
[ sql ] [ SQL ] SELECT * FROM `lt_article` ORDER BY `art_hit`  desc LIMIT 6 [ RunTime:0.213651s ]
[ sql ] [ SQL ] SHOW COLUMNS FROM `lt_banner` [ RunTime:0.001517s ]
[ sql ] [ SQL ] SELECT * FROM `lt_banner` WHERE  `ban_view` = 1 ORDER BY `ban_Id`  desc LIMIT 2 [ RunTime:0.001067s ]
[ sql ] [ SQL ] SHOW COLUMNS FROM `lt_menu` [ RunTime:0.001272s ]
[ sql ] [ SQL ] SELECT `menu_id`,`menu_name` FROM `lt_menu` [ RunTime:0.000806s ]

---------------------------------------------------------------
[ 2018-10-26T18:00:38+08:00 ] [ sql ] [ DB ] CONNECT:[ UseTime:0.001571s ] mysql:dbname=lhblog;host=139.199.109.135;charset=utf8
[ sql ] [ SQL ] SHOW COLUMNS FROM `lt_article` [ RunTime:0.001243s ]
[ sql ] [ SQL ] SELECT * FROM `lt_article` ORDER BY `art_id`  desc LIMIT 10 [ RunTime:0.003335s ]
[ sql ] [ SQL ] SHOW COLUMNS FROM `lt_link` [ RunTime:0.001104s ]
[ sql ] [ SQL ] SELECT * FROM `lt_link` ORDER BY link_id asc [ RunTime:0.000774s ]
[ sql ] [ SQL ] SELECT * FROM `lt_article` ORDER BY `art_hit`  desc LIMIT 6 [ RunTime:0.213501s ]
[ sql ] [ SQL ] SHOW COLUMNS FROM `lt_banner` [ RunTime:0.001235s ]
[ sql ] [ SQL ] SELECT * FROM `lt_banner` WHERE  `ban_view` = 1 ORDER BY `ban_Id`  desc LIMIT 2 [ RunTime:0.000883s ]
[ sql ] [ SQL ] SHOW COLUMNS FROM `lt_menu` [ RunTime:0.000982s ]
[ sql ] [ SQL ] SELECT `menu_id`,`menu_name` FROM `lt_menu` [ RunTime:0.000795s ]

---------------------------------------------------------------
[ 2018-10-26T18:03:30+08:00 ] [ sql ] [ DB ] CONNECT:[ UseTime:0.001530s ] mysql:dbname=lhblog;host=139.199.109.135;charset=utf8
[ sql ] [ SQL ] SHOW COLUMNS FROM `lt_article` [ RunTime:0.001199s ]
[ sql ] [ SQL ] SELECT * FROM `lt_article` WHERE  `art_id` = 24 ORDER BY art_id desc LIMIT 1 [ RunTime:0.000995s ]
[ sql ] [ SQL ] SELECT * FROM `lt_article` WHERE  (  art_id<24 ) ORDER BY art_id desc LIMIT 1 [ RunTime:0.001310s ]
[ sql ] [ SQL ] SELECT * FROM `lt_article` WHERE  (  art_id>24 ) ORDER BY art_id desc LIMIT 1 [ RunTime:0.001651s ]
[ sql ] [ SQL ] SHOW COLUMNS FROM `lt_menu` [ RunTime:0.001016s ]
[ sql ] [ SQL ] SELECT `menu_id`,`menu_name` FROM `lt_menu` [ RunTime:0.000721s ]

---------------------------------------------------------------
[ 2018-10-26T18:13:07+08:00 ] [ sql ] [ DB ] CONNECT:[ UseTime:0.001576s ] mysql:dbname=lhblog;host=139.199.109.135;charset=utf8
[ sql ] [ SQL ] SHOW COLUMNS FROM `lt_article` [ RunTime:0.001200s ]
[ sql ] [ SQL ] SELECT * FROM `lt_article` ORDER BY `art_id`  desc LIMIT 10 [ RunTime:0.003179s ]
[ sql ] [ SQL ] SHOW COLUMNS FROM `lt_link` [ RunTime:0.001275s ]
[ sql ] [ SQL ] SELECT * FROM `lt_link` ORDER BY link_id asc [ RunTime:0.000808s ]
[ sql ] [ SQL ] SELECT * FROM `lt_article` ORDER BY `art_hit`  desc LIMIT 6 [ RunTime:0.203294s ]
[ sql ] [ SQL ] SHOW COLUMNS FROM `lt_banner` [ RunTime:0.001267s ]
[ sql ] [ SQL ] SELECT * FROM `lt_banner` WHERE  `ban_view` = 1 ORDER BY `ban_Id`  desc LIMIT 2 [ RunTime:0.000888s ]
[ sql ] [ SQL ] SHOW COLUMNS FROM `lt_menu` [ RunTime:0.001084s ]
[ sql ] [ SQL ] SELECT `menu_id`,`menu_name` FROM `lt_menu` [ RunTime:0.000786s ]

---------------------------------------------------------------
[ 2018-10-26T18:23:16+08:00 ] [ sql ] [ DB ] CONNECT:[ UseTime:0.001935s ] mysql:dbname=lhblog;host=139.199.109.135;charset=utf8
[ sql ] [ SQL ] SHOW COLUMNS FROM `lt_article` [ RunTime:0.001467s ]
[ sql ] [ SQL ] SELECT * FROM `lt_article` WHERE  `art_id` = 22 ORDER BY art_id desc LIMIT 1 [ RunTime:0.001156s ]
[ sql ] [ SQL ] SELECT * FROM `lt_article` WHERE  (  art_id<22 ) ORDER BY art_id desc LIMIT 1 [ RunTime:0.001158s ]
[ sql ] [ SQL ] SELECT * FROM `lt_article` WHERE  (  art_id>22 ) ORDER BY art_id desc LIMIT 1 [ RunTime:0.001895s ]
[ sql ] [ SQL ] SHOW COLUMNS FROM `lt_menu` [ RunTime:0.001206s ]
[ sql ] [ SQL ] SELECT `menu_id`,`menu_name` FROM `lt_menu` [ RunTime:0.000751s ]

---------------------------------------------------------------
[ 2018-10-26T18:23:43+08:00 ] [ sql ] [ DB ] CONNECT:[ UseTime:0.001488s ] mysql:dbname=lhblog;host=139.199.109.135;charset=utf8
[ sql ] [ SQL ] SHOW COLUMNS FROM `lt_article` [ RunTime:0.001182s ]
[ sql ] [ SQL ] SELECT * FROM `lt_article` WHERE  `art_id` = 22 LIMIT 1 [ RunTime:0.001010s ]
[ sql ] [ SQL ] UPDATE `lt_article`  SET `art_hit`=38  WHERE  `art_id` = 22 [ RunTime:0.058102s ]

---------------------------------------------------------------
[ 2018-10-26T18:25:29+08:00 ] [ sql ] [ DB ] CONNECT:[ UseTime:0.001788s ] mysql:dbname=lhblog;host=139.199.109.135;charset=utf8
[ sql ] [ SQL ] SHOW COLUMNS FROM `lt_article` [ RunTime:0.001369s ]
[ sql ] [ SQL ] SELECT * FROM `lt_article` ORDER BY `art_id`  desc LIMIT 10 [ RunTime:0.003323s ]
[ sql ] [ SQL ] SHOW COLUMNS FROM `lt_link` [ RunTime:0.001210s ]
[ sql ] [ SQL ] SELECT * FROM `lt_link` ORDER BY link_id asc [ RunTime:0.000932s ]
[ sql ] [ SQL ] SELECT * FROM `lt_article` ORDER BY `art_hit`  desc LIMIT 6 [ RunTime:0.213956s ]
[ sql ] [ SQL ] SHOW COLUMNS FROM `lt_banner` [ RunTime:0.001251s ]
[ sql ] [ SQL ] SELECT * FROM `lt_banner` WHERE  `ban_view` = 1 ORDER BY `ban_Id`  desc LIMIT 2 [ RunTime:0.000896s ]
[ sql ] [ SQL ] SHOW COLUMNS FROM `lt_menu` [ RunTime:0.001128s ]
[ sql ] [ SQL ] SELECT `menu_id`,`menu_name` FROM `lt_menu` [ RunTime:0.000786s ]

---------------------------------------------------------------
[ 2018-10-26T18:34:33+08:00 ] [ sql ] [ DB ] CONNECT:[ UseTime:0.001523s ] mysql:dbname=lhblog;host=139.199.109.135;charset=utf8
[ sql ] [ SQL ] SHOW COLUMNS FROM `lt_article` [ RunTime:0.001251s ]
[ sql ] [ SQL ] SELECT * FROM `lt_article` ORDER BY `art_id`  desc LIMIT 10 [ RunTime:0.003416s ]
[ sql ] [ SQL ] SHOW COLUMNS FROM `lt_link` [ RunTime:0.001214s ]
[ sql ] [ SQL ] SELECT * FROM `lt_link` ORDER BY link_id asc [ RunTime:0.000817s ]
[ sql ] [ SQL ] SELECT * FROM `lt_article` ORDER BY `art_hit`  desc LIMIT 6 [ RunTime:0.213676s ]
[ sql ] [ SQL ] SHOW COLUMNS FROM `lt_banner` [ RunTime:0.001181s ]
[ sql ] [ SQL ] SELECT * FROM `lt_banner` WHERE  `ban_view` = 1 ORDER BY `ban_Id`  desc LIMIT 2 [ RunTime:0.000944s ]
[ sql ] [ SQL ] SHOW COLUMNS FROM `lt_menu` [ RunTime:0.001094s ]
[ sql ] [ SQL ] SELECT `menu_id`,`menu_name` FROM `lt_menu` [ RunTime:0.000838s ]

---------------------------------------------------------------
[ 2018-10-26T19:13:53+08:00 ] [ sql ] [ DB ] CONNECT:[ UseTime:0.001546s ] mysql:dbname=lhblog;host=139.199.109.135;charset=utf8
[ sql ] [ SQL ] SHOW COLUMNS FROM `lt_article` [ RunTime:0.001306s ]
[ sql ] [ SQL ] SELECT * FROM `lt_article` ORDER BY `art_id`  desc LIMIT 10 [ RunTime:0.003222s ]
[ sql ] [ SQL ] SHOW COLUMNS FROM `lt_link` [ RunTime:0.001075s ]
[ sql ] [ SQL ] SELECT * FROM `lt_link` ORDER BY link_id asc [ RunTime:0.000746s ]
[ sql ] [ SQL ] SELECT * FROM `lt_article` ORDER BY `art_hit`  desc LIMIT 6 [ RunTime:0.243241s ]
[ sql ] [ SQL ] SHOW COLUMNS FROM `lt_banner` [ RunTime:0.001257s ]
[ sql ] [ SQL ] SELECT * FROM `lt_banner` WHERE  `ban_view` = 1 ORDER BY `ban_Id`  desc LIMIT 2 [ RunTime:0.000836s ]
[ sql ] [ SQL ] SHOW COLUMNS FROM `lt_menu` [ RunTime:0.001186s ]
[ sql ] [ SQL ] SELECT `menu_id`,`menu_name` FROM `lt_menu` [ RunTime:0.000830s ]

---------------------------------------------------------------
[ 2018-10-26T19:46:56+08:00 ] [ sql ] [ DB ] CONNECT:[ UseTime:0.001555s ] mysql:dbname=lhblog;host=139.199.109.135;charset=utf8
[ sql ] [ SQL ] SHOW COLUMNS FROM `lt_article` [ RunTime:0.001239s ]
[ sql ] [ SQL ] SELECT * FROM `lt_article` ORDER BY `art_id`  desc LIMIT 10 [ RunTime:0.003475s ]
[ sql ] [ SQL ] SHOW COLUMNS FROM `lt_link` [ RunTime:0.001135s ]
[ sql ] [ SQL ] SELECT * FROM `lt_link` ORDER BY link_id asc [ RunTime:0.000816s ]
[ sql ] [ SQL ] SELECT * FROM `lt_article` ORDER BY `art_hit`  desc LIMIT 6 [ RunTime:0.213780s ]
[ sql ] [ SQL ] SHOW COLUMNS FROM `lt_banner` [ RunTime:0.001225s ]
[ sql ] [ SQL ] SELECT * FROM `lt_banner` WHERE  `ban_view` = 1 ORDER BY `ban_Id`  desc LIMIT 2 [ RunTime:0.000821s ]
[ sql ] [ SQL ] SHOW COLUMNS FROM `lt_menu` [ RunTime:0.000977s ]
[ sql ] [ SQL ] SELECT `menu_id`,`menu_name` FROM `lt_menu` [ RunTime:0.000789s ]

---------------------------------------------------------------
[ 2018-10-26T19:53:39+08:00 ] [ sql ] [ DB ] CONNECT:[ UseTime:0.001533s ] mysql:dbname=lhblog;host=139.199.109.135;charset=utf8
[ sql ] [ SQL ] SHOW COLUMNS FROM `lt_article` [ RunTime:0.001284s ]
[ sql ] [ SQL ] SELECT * FROM `lt_article` WHERE  `art_id` = 16 ORDER BY art_id desc LIMIT 1 [ RunTime:0.001391s ]
[ sql ] [ SQL ] SELECT * FROM `lt_article` WHERE  (  art_id<16 ) ORDER BY art_id desc LIMIT 1 [ RunTime:0.000977s ]
[ sql ] [ SQL ] SELECT * FROM `lt_article` WHERE  (  art_id>16 ) ORDER BY art_id desc LIMIT 1 [ RunTime:0.001866s ]
[ sql ] [ SQL ] SHOW COLUMNS FROM `lt_menu` [ RunTime:0.001007s ]
[ sql ] [ SQL ] SELECT `menu_id`,`menu_name` FROM `lt_menu` [ RunTime:0.000695s ]

---------------------------------------------------------------
[ 2018-10-26T19:54:07+08:00 ] [ sql ] [ DB ] CONNECT:[ UseTime:0.001681s ] mysql:dbname=lhblog;host=139.199.109.135;charset=utf8
[ sql ] [ SQL ] SHOW COLUMNS FROM `lt_article` [ RunTime:0.001218s ]
[ sql ] [ SQL ] SELECT * FROM `lt_article` WHERE  `art_id` = 16 LIMIT 1 [ RunTime:0.001359s ]
[ sql ] [ SQL ] UPDATE `lt_article`  SET `art_hit`=22  WHERE  `art_id` = 16 [ RunTime:0.007827s ]

---------------------------------------------------------------
[ 2018-10-26T20:06:50+08:00 ] [ sql ] [ DB ] CONNECT:[ UseTime:0.001534s ] mysql:dbname=lhblog;host=139.199.109.135;charset=utf8
[ sql ] [ SQL ] SHOW COLUMNS FROM `lt_article` [ RunTime:0.001224s ]
[ sql ] [ SQL ] SELECT * FROM `lt_article` ORDER BY `art_id`  desc LIMIT 10 [ RunTime:0.003499s ]
[ sql ] [ SQL ] SHOW COLUMNS FROM `lt_link` [ RunTime:0.001064s ]
[ sql ] [ SQL ] SELECT * FROM `lt_link` ORDER BY link_id asc [ RunTime:0.000790s ]
[ sql ] [ SQL ] SELECT * FROM `lt_article` ORDER BY `art_hit`  desc LIMIT 6 [ RunTime:0.213806s ]
[ sql ] [ SQL ] SHOW COLUMNS FROM `lt_banner` [ RunTime:0.001280s ]
[ sql ] [ SQL ] SELECT * FROM `lt_banner` WHERE  `ban_view` = 1 ORDER BY `ban_Id`  desc LIMIT 2 [ RunTime:0.000856s ]
[ sql ] [ SQL ] SHOW COLUMNS FROM `lt_menu` [ RunTime:0.001046s ]
[ sql ] [ SQL ] SELECT `menu_id`,`menu_name` FROM `lt_menu` [ RunTime:0.000732s ]

---------------------------------------------------------------
[ 2018-10-26T20:18:16+08:00 ] [ sql ] [ DB ] CONNECT:[ UseTime:0.001559s ] mysql:dbname=lhblog;host=139.199.109.135;charset=utf8
[ sql ] [ SQL ] SHOW COLUMNS FROM `lt_article` [ RunTime:0.001535s ]
[ sql ] [ SQL ] SELECT * FROM `lt_article` ORDER BY `art_id`  desc LIMIT 10 [ RunTime:0.003843s ]
[ sql ] [ SQL ] SHOW COLUMNS FROM `lt_link` [ RunTime:0.001324s ]
[ sql ] [ SQL ] SELECT * FROM `lt_link` ORDER BY link_id asc [ RunTime:0.000741s ]
[ sql ] [ SQL ] SELECT * FROM `lt_article` ORDER BY `art_hit`  desc LIMIT 6 [ RunTime:0.213836s ]
[ sql ] [ SQL ] SHOW COLUMNS FROM `lt_banner` [ RunTime:0.001272s ]
[ sql ] [ SQL ] SELECT * FROM `lt_banner` WHERE  `ban_view` = 1 ORDER BY `ban_Id`  desc LIMIT 2 [ RunTime:0.000855s ]
[ sql ] [ SQL ] SHOW COLUMNS FROM `lt_menu` [ RunTime:0.001007s ]
[ sql ] [ SQL ] SELECT `menu_id`,`menu_name` FROM `lt_menu` [ RunTime:0.000753s ]

---------------------------------------------------------------
[ 2018-10-26T20:33:48+08:00 ] [ sql ] [ DB ] CONNECT:[ UseTime:0.001971s ] mysql:dbname=lhblog;host=139.199.109.135;charset=utf8
[ sql ] [ SQL ] SHOW COLUMNS FROM `lt_article` [ RunTime:0.001231s ]
[ sql ] [ SQL ] SELECT * FROM `lt_article` WHERE  `art_id` = 26 ORDER BY art_id desc LIMIT 1 [ RunTime:0.000963s ]
[ sql ] [ SQL ] SELECT * FROM `lt_article` WHERE  (  art_id<26 ) ORDER BY art_id desc LIMIT 1 [ RunTime:0.001025s ]
[ sql ] [ SQL ] SELECT * FROM `lt_article` WHERE  (  art_id>26 ) ORDER BY art_id desc LIMIT 1 [ RunTime:0.001519s ]
[ sql ] [ SQL ] SHOW COLUMNS FROM `lt_menu` [ RunTime:0.001027s ]
[ sql ] [ SQL ] SELECT `menu_id`,`menu_name` FROM `lt_menu` [ RunTime:0.000794s ]

---------------------------------------------------------------
[ 2018-10-26T21:34:22+08:00 ] [ sql ] [ DB ] CONNECT:[ UseTime:0.001487s ] mysql:dbname=lhblog;host=139.199.109.135;charset=utf8
[ sql ] [ SQL ] SHOW COLUMNS FROM `lt_article` [ RunTime:0.001278s ]
[ sql ] [ SQL ] SELECT * FROM `lt_article` WHERE  `art_id` = 11 ORDER BY art_id desc LIMIT 1 [ RunTime:0.001401s ]
[ sql ] [ SQL ] SELECT * FROM `lt_article` WHERE  (  art_id<11 ) ORDER BY art_id desc LIMIT 1 [ RunTime:0.001051s ]
[ sql ] [ SQL ] SELECT * FROM `lt_article` WHERE  (  art_id>11 ) ORDER BY art_id desc LIMIT 1 [ RunTime:0.001103s ]
[ sql ] [ SQL ] SHOW COLUMNS FROM `lt_menu` [ RunTime:0.001056s ]
[ sql ] [ SQL ] SELECT `menu_id`,`menu_name` FROM `lt_menu` [ RunTime:0.000719s ]

---------------------------------------------------------------
[ 2018-10-26T21:34:52+08:00 ] [ sql ] [ DB ] CONNECT:[ UseTime:0.001778s ] mysql:dbname=lhblog;host=139.199.109.135;charset=utf8
[ sql ] [ SQL ] SHOW COLUMNS FROM `lt_article` [ RunTime:0.001494s ]
[ sql ] [ SQL ] SELECT * FROM `lt_article` WHERE  `art_id` = 11 LIMIT 1 [ RunTime:0.001610s ]
[ sql ] [ SQL ] UPDATE `lt_article`  SET `art_hit`=30  WHERE  `art_id` = 11 [ RunTime:0.007319s ]

---------------------------------------------------------------
[ 2018-10-26T23:15:56+08:00 ] [ sql ] [ DB ] CONNECT:[ UseTime:0.001566s ] mysql:dbname=lhblog;host=139.199.109.135;charset=utf8
[ sql ] [ SQL ] SHOW COLUMNS FROM `lt_article` [ RunTime:0.001237s ]
[ sql ] [ SQL ] SELECT * FROM `lt_article` WHERE  `art_id` = 14 ORDER BY art_id desc LIMIT 1 [ RunTime:0.001043s ]
[ sql ] [ SQL ] SELECT * FROM `lt_article` WHERE  (  art_id<14 ) ORDER BY art_id desc LIMIT 1 [ RunTime:0.001216s ]
[ sql ] [ SQL ] SELECT * FROM `lt_article` WHERE  (  art_id>14 ) ORDER BY art_id desc LIMIT 1 [ RunTime:0.001490s ]
[ sql ] [ SQL ] SHOW COLUMNS FROM `lt_menu` [ RunTime:0.001120s ]
[ sql ] [ SQL ] SELECT `menu_id`,`menu_name` FROM `lt_menu` [ RunTime:0.000808s ]

---------------------------------------------------------------
[ 2018-10-26T23:20:48+08:00 ] [ sql ] [ DB ] CONNECT:[ UseTime:0.001601s ] mysql:dbname=lhblog;host=139.199.109.135;charset=utf8
[ sql ] [ SQL ] SHOW COLUMNS FROM `lt_article` [ RunTime:0.001432s ]
[ sql ] [ SQL ] SELECT * FROM `lt_article` ORDER BY `art_id`  desc LIMIT 10 [ RunTime:0.003045s ]
[ sql ] [ SQL ] SHOW COLUMNS FROM `lt_link` [ RunTime:0.001203s ]
[ sql ] [ SQL ] SELECT * FROM `lt_link` ORDER BY link_id asc [ RunTime:0.000871s ]
[ sql ] [ SQL ] SELECT * FROM `lt_article` ORDER BY `art_hit`  desc LIMIT 6 [ RunTime:0.213984s ]
[ sql ] [ SQL ] SHOW COLUMNS FROM `lt_banner` [ RunTime:0.001341s ]
[ sql ] [ SQL ] SELECT * FROM `lt_banner` WHERE  `ban_view` = 1 ORDER BY `ban_Id`  desc LIMIT 2 [ RunTime:0.000942s ]
[ sql ] [ SQL ] SHOW COLUMNS FROM `lt_menu` [ RunTime:0.001133s ]
[ sql ] [ SQL ] SELECT `menu_id`,`menu_name` FROM `lt_menu` [ RunTime:0.000881s ]

---------------------------------------------------------------
[ 2018-10-26T23:20:59+08:00 ] [ sql ] [ DB ] CONNECT:[ UseTime:0.001911s ] mysql:dbname=lhblog;host=139.199.109.135;charset=utf8
[ sql ] [ SQL ] SHOW COLUMNS FROM `lt_article` [ RunTime:0.001628s ]
[ sql ] [ SQL ] SELECT * FROM `lt_article` ORDER BY `art_id`  desc LIMIT 10 [ RunTime:0.002868s ]
[ sql ] [ SQL ] SHOW COLUMNS FROM `lt_link` [ RunTime:0.001367s ]
[ sql ] [ SQL ] SELECT * FROM `lt_link` ORDER BY link_id asc [ RunTime:0.000911s ]
[ sql ] [ SQL ] SELECT * FROM `lt_article` ORDER BY `art_hit`  desc LIMIT 6 [ RunTime:0.204554s ]
[ sql ] [ SQL ] SHOW COLUMNS FROM `lt_banner` [ RunTime:0.001346s ]
[ sql ] [ SQL ] SELECT * FROM `lt_banner` WHERE  `ban_view` = 1 ORDER BY `ban_Id`  desc LIMIT 2 [ RunTime:0.001103s ]
[ sql ] [ SQL ] SHOW COLUMNS FROM `lt_menu` [ RunTime:0.001032s ]
[ sql ] [ SQL ] SELECT `menu_id`,`menu_name` FROM `lt_menu` [ RunTime:0.000771s ]

---------------------------------------------------------------
[ 2018-10-26T23:26:02+08:00 ] [ sql ] [ DB ] CONNECT:[ UseTime:0.001620s ] mysql:dbname=lhblog;host=139.199.109.135;charset=utf8
[ sql ] [ SQL ] SHOW COLUMNS FROM `lt_article` [ RunTime:0.001312s ]
[ sql ] [ SQL ] SELECT * FROM `lt_article` WHERE  `art_id` = 3 ORDER BY art_id desc LIMIT 1 [ RunTime:0.001587s ]
[ sql ] [ SQL ] SELECT * FROM `lt_article` WHERE  (  art_id<3 ) ORDER BY art_id desc LIMIT 1 [ RunTime:0.001329s ]
[ sql ] [ SQL ] SELECT * FROM `lt_article` WHERE  (  art_id>3 ) ORDER BY art_id desc LIMIT 1 [ RunTime:0.001978s ]
[ sql ] [ SQL ] SHOW COLUMNS FROM `lt_menu` [ RunTime:0.001401s ]
[ sql ] [ SQL ] SELECT `menu_id`,`menu_name` FROM `lt_menu` [ RunTime:0.000871s ]

---------------------------------------------------------------
[ 2018-10-26T23:56:00+08:00 ] [ sql ] [ DB ] CONNECT:[ UseTime:0.001757s ] mysql:dbname=lhblog;host=139.199.109.135;charset=utf8
[ sql ] [ SQL ] SHOW COLUMNS FROM `lt_article` [ RunTime:0.001268s ]
[ sql ] [ SQL ] SELECT * FROM `lt_article` WHERE  `art_id` = 13 ORDER BY art_id desc LIMIT 1 [ RunTime:0.000996s ]
[ sql ] [ SQL ] SELECT * FROM `lt_article` WHERE  (  art_id<13 ) ORDER BY art_id desc LIMIT 1 [ RunTime:0.000904s ]
[ sql ] [ SQL ] SELECT * FROM `lt_article` WHERE  (  art_id>13 ) ORDER BY art_id desc LIMIT 1 [ RunTime:0.001380s ]
[ sql ] [ SQL ] SHOW COLUMNS FROM `lt_menu` [ RunTime:0.000984s ]
[ sql ] [ SQL ] SELECT `menu_id`,`menu_name` FROM `lt_menu` [ RunTime:0.000745s ]

---------------------------------------------------------------
[ 2018-10-26T23:56:25+08:00 ] [ sql ] [ DB ] CONNECT:[ UseTime:0.001537s ] mysql:dbname=lhblog;host=139.199.109.135;charset=utf8
[ sql ] [ SQL ] SHOW COLUMNS FROM `lt_article` [ RunTime:0.001261s ]
[ sql ] [ SQL ] SELECT * FROM `lt_article` WHERE  `art_id` = 13 LIMIT 1 [ RunTime:0.001175s ]
[ sql ] [ SQL ] UPDATE `lt_article`  SET `art_hit`=51  WHERE  `art_id` = 13 [ RunTime:0.006725s ]

---------------------------------------------------------------
