[ 2019-01-15T08:54:04+08:00 ] [ sql ] [ DB ] CONNECT:[ UseTime:0.001966s ] mysql:dbname=lhblog;host=139.199.109.135;charset=utf8
[ sql ] [ SQL ] SHOW COLUMNS FROM `lt_article` [ RunTime:0.050478s ]
[ sql ] [ SQL ] SELECT * FROM `lt_article` ORDER BY `art_id`  desc LIMIT 10 [ RunTime:0.010759s ]
[ sql ] [ SQL ] SHOW COLUMNS FROM `lt_link` [ RunTime:0.008407s ]
[ sql ] [ SQL ] SELECT * FROM `lt_link` ORDER BY link_id asc [ RunTime:0.023959s ]
[ sql ] [ SQL ] SELECT * FROM `lt_article` ORDER BY `art_hit`  desc LIMIT 6 [ RunTime:0.232257s ]
[ sql ] [ SQL ] SHOW COLUMNS FROM `lt_banner` [ RunTime:0.001425s ]
[ sql ] [ SQL ] SELECT * FROM `lt_banner` WHERE  `ban_view` = 1 ORDER BY `ban_Id`  desc LIMIT 2 [ RunTime:0.024223s ]
[ sql ] [ SQL ] SHOW COLUMNS FROM `lt_menu` [ RunTime:0.001571s ]
[ sql ] [ SQL ] SELECT `menu_id`,`menu_name` FROM `lt_menu` [ RunTime:0.000810s ]

---------------------------------------------------------------
[ 2019-01-15T08:55:00+08:00 ] [ sql ] [ DB ] CONNECT:[ UseTime:0.002065s ] mysql:dbname=lhblog;host=139.199.109.135;charset=utf8
[ sql ] [ SQL ] SHOW COLUMNS FROM `lt_article` [ RunTime:0.001353s ]
[ sql ] [ SQL ] SELECT * FROM `lt_article` WHERE  `art_id` = 22 ORDER BY art_id desc LIMIT 1 [ RunTime:0.001135s ]
[ sql ] [ SQL ] SELECT * FROM `lt_article` WHERE  (  art_id<22 ) ORDER BY art_id desc LIMIT 1 [ RunTime:0.001651s ]
[ sql ] [ SQL ] SELECT * FROM `lt_article` WHERE  (  art_id>22 ) ORDER BY art_id desc LIMIT 1 [ RunTime:0.001438s ]
[ sql ] [ SQL ] SHOW COLUMNS FROM `lt_menu` [ RunTime:0.001175s ]
[ sql ] [ SQL ] SELECT `menu_id`,`menu_name` FROM `lt_menu` [ RunTime:0.000791s ]

---------------------------------------------------------------
[ 2019-01-15T08:55:00+08:00 ] [ sql ] [ DB ] CONNECT:[ UseTime:0.001825s ] mysql:dbname=lhblog;host=139.199.109.135;charset=utf8
[ sql ] [ SQL ] SHOW COLUMNS FROM `lt_article` [ RunTime:0.001385s ]
[ sql ] [ SQL ] SELECT * FROM `lt_article` WHERE  `art_id` = 22 LIMIT 1 [ RunTime:0.001365s ]
[ sql ] [ SQL ] UPDATE `lt_article`  SET `art_hit`=51  WHERE  `art_id` = 22 [ RunTime:0.008818s ]

---------------------------------------------------------------
[ 2019-01-15T08:55:09+08:00 ] [ sql ] [ DB ] CONNECT:[ UseTime:0.001911s ] mysql:dbname=lhblog;host=139.199.109.135;charset=utf8
[ sql ] [ SQL ] SHOW COLUMNS FROM `lt_article` [ RunTime:0.001571s ]
[ sql ] [ SQL ] SELECT * FROM `lt_article` ORDER BY `art_id`  desc LIMIT 10 [ RunTime:0.003503s ]
[ sql ] [ SQL ] SHOW COLUMNS FROM `lt_link` [ RunTime:0.001743s ]
[ sql ] [ SQL ] SELECT * FROM `lt_link` ORDER BY link_id asc [ RunTime:0.000997s ]
[ sql ] [ SQL ] SELECT * FROM `lt_article` ORDER BY `art_hit`  desc LIMIT 6 [ RunTime:0.204903s ]
[ sql ] [ SQL ] SHOW COLUMNS FROM `lt_banner` [ RunTime:0.001657s ]
[ sql ] [ SQL ] SELECT * FROM `lt_banner` WHERE  `ban_view` = 1 ORDER BY `ban_Id`  desc LIMIT 2 [ RunTime:0.001129s ]
[ sql ] [ SQL ] SHOW COLUMNS FROM `lt_menu` [ RunTime:0.001321s ]
[ sql ] [ SQL ] SELECT `menu_id`,`menu_name` FROM `lt_menu` [ RunTime:0.001520s ]

---------------------------------------------------------------
[ 2019-01-15T08:56:00+08:00 ] [ sql ] [ DB ] CONNECT:[ UseTime:0.001803s ] mysql:dbname=lhblog;host=139.199.109.135;charset=utf8
[ sql ] [ SQL ] SHOW COLUMNS FROM `lt_article` [ RunTime:0.001379s ]
[ sql ] [ SQL ] SELECT * FROM `lt_article` WHERE  `art_id` = 22 ORDER BY art_id desc LIMIT 1 [ RunTime:0.001188s ]
[ sql ] [ SQL ] SELECT * FROM `lt_article` WHERE  (  art_id<22 ) ORDER BY art_id desc LIMIT 1 [ RunTime:0.002673s ]
[ sql ] [ SQL ] SELECT * FROM `lt_article` WHERE  (  art_id>22 ) ORDER BY art_id desc LIMIT 1 [ RunTime:0.001910s ]
[ sql ] [ SQL ] SHOW COLUMNS FROM `lt_menu` [ RunTime:0.001953s ]
[ sql ] [ SQL ] SELECT `menu_id`,`menu_name` FROM `lt_menu` [ RunTime:0.000768s ]

---------------------------------------------------------------
[ 2019-01-15T08:56:09+08:00 ] [ sql ] [ DB ] CONNECT:[ UseTime:0.028606s ] mysql:dbname=lhblog;host=139.199.109.135;charset=utf8
[ sql ] [ SQL ] SHOW COLUMNS FROM `lt_article` [ RunTime:0.005246s ]
[ sql ] [ SQL ] SELECT * FROM `lt_article` ORDER BY `art_id`  desc LIMIT 10 [ RunTime:0.012927s ]
[ sql ] [ SQL ] SHOW COLUMNS FROM `lt_link` [ RunTime:0.010931s ]
[ sql ] [ SQL ] SELECT * FROM `lt_link` ORDER BY link_id asc [ RunTime:0.002435s ]
[ sql ] [ SQL ] SELECT * FROM `lt_article` ORDER BY `art_hit`  desc LIMIT 6 [ RunTime:0.214706s ]
[ sql ] [ SQL ] SHOW COLUMNS FROM `lt_banner` [ RunTime:0.001520s ]
[ sql ] [ SQL ] SELECT * FROM `lt_banner` WHERE  `ban_view` = 1 ORDER BY `ban_Id`  desc LIMIT 2 [ RunTime:0.001026s ]
[ sql ] [ SQL ] SHOW COLUMNS FROM `lt_menu` [ RunTime:0.001352s ]
[ sql ] [ SQL ] SELECT `menu_id`,`menu_name` FROM `lt_menu` [ RunTime:0.000914s ]

---------------------------------------------------------------
[ 2019-01-15T08:57:07+08:00 ] [ sql ] [ DB ] CONNECT:[ UseTime:0.001851s ] mysql:dbname=lhblog;host=139.199.109.135;charset=utf8
[ sql ] [ SQL ] SHOW COLUMNS FROM `lt_link` [ RunTime:0.001919s ]
[ sql ] [ SQL ] SELECT * FROM `lt_link` ORDER BY link_id asc [ RunTime:0.000905s ]

---------------------------------------------------------------
[ 2019-01-15T08:58:07+08:00 ] [ sql ] [ DB ] CONNECT:[ UseTime:0.002304s ] mysql:dbname=lhblog;host=139.199.109.135;charset=utf8
[ sql ] [ SQL ] SHOW COLUMNS FROM `lt_link` [ RunTime:0.001478s ]
[ sql ] [ SQL ] SELECT * FROM `lt_link` ORDER BY link_id asc [ RunTime:0.001254s ]

---------------------------------------------------------------
[ 2019-01-15T13:58:10+08:00 ] [ sql ] [ DB ] CONNECT:[ UseTime:0.001807s ] mysql:dbname=lhblog;host=139.199.109.135;charset=utf8
[ sql ] [ SQL ] SHOW COLUMNS FROM `lt_article` [ RunTime:0.001441s ]
[ sql ] [ SQL ] SELECT * FROM `lt_article` ORDER BY `art_id`  desc LIMIT 10 [ RunTime:0.004101s ]
[ sql ] [ SQL ] SHOW COLUMNS FROM `lt_link` [ RunTime:0.001474s ]
[ sql ] [ SQL ] SELECT * FROM `lt_link` ORDER BY link_id asc [ RunTime:0.001007s ]
[ sql ] [ SQL ] SELECT * FROM `lt_article` ORDER BY `art_hit`  desc LIMIT 6 [ RunTime:0.207635s ]
[ sql ] [ SQL ] SHOW COLUMNS FROM `lt_banner` [ RunTime:0.005434s ]
[ sql ] [ SQL ] SELECT * FROM `lt_banner` WHERE  `ban_view` = 1 ORDER BY `ban_Id`  desc LIMIT 2 [ RunTime:0.026079s ]
[ sql ] [ SQL ] SHOW COLUMNS FROM `lt_menu` [ RunTime:0.001540s ]
[ sql ] [ SQL ] SELECT `menu_id`,`menu_name` FROM `lt_menu` [ RunTime:0.001202s ]

---------------------------------------------------------------
[ 2019-01-15T14:22:16+08:00 ] [ error ] [8]未定义数组索引: id

---------------------------------------------------------------
[ 2019-01-15T21:06:38+08:00 ] [ sql ] [ DB ] CONNECT:[ UseTime:0.001761s ] mysql:dbname=lhblog;host=139.199.109.135;charset=utf8
[ sql ] [ SQL ] SHOW COLUMNS FROM `lt_article` [ RunTime:0.001321s ]
[ sql ] [ SQL ] SELECT * FROM `lt_article` ORDER BY `art_id`  desc LIMIT 10 [ RunTime:0.002996s ]
[ sql ] [ SQL ] SHOW COLUMNS FROM `lt_link` [ RunTime:0.001422s ]
[ sql ] [ SQL ] SELECT * FROM `lt_link` ORDER BY link_id asc [ RunTime:0.000914s ]
[ sql ] [ SQL ] SELECT * FROM `lt_article` ORDER BY `art_hit`  desc LIMIT 6 [ RunTime:0.203887s ]
[ sql ] [ SQL ] SHOW COLUMNS FROM `lt_banner` [ RunTime:0.001501s ]
[ sql ] [ SQL ] SELECT * FROM `lt_banner` WHERE  `ban_view` = 1 ORDER BY `ban_Id`  desc LIMIT 2 [ RunTime:0.000932s ]
[ sql ] [ SQL ] SHOW COLUMNS FROM `lt_menu` [ RunTime:0.001260s ]
[ sql ] [ SQL ] SELECT `menu_id`,`menu_name` FROM `lt_menu` [ RunTime:0.000915s ]

---------------------------------------------------------------
[ 2019-01-15T21:06:47+08:00 ] [ sql ] [ DB ] CONNECT:[ UseTime:0.001981s ] mysql:dbname=lhblog;host=139.199.109.135;charset=utf8
[ sql ] [ SQL ] SHOW COLUMNS FROM `lt_article` [ RunTime:0.001800s ]
[ sql ] [ SQL ] SELECT * FROM `lt_article` ORDER BY `art_hit`  desc LIMIT 6 [ RunTime:0.002004s ]
[ sql ] [ SQL ] SHOW COLUMNS FROM `lt_menu` [ RunTime:0.001308s ]
[ sql ] [ SQL ] SELECT * FROM `lt_menu` WHERE  `menu_parent` = 0  AND `menu_view` = 1 [ RunTime:0.001108s ]
[ sql ] [ SQL ] SELECT `menu_id`,`menu_name` FROM `lt_menu` [ RunTime:0.001020s ]
[ sql ] [ SQL ] SELECT COUNT(*) AS tp_count FROM `lt_article` WHERE  `art_pid` = 1 LIMIT 1 [ RunTime:0.001172s ]
[ sql ] [ SQL ] SELECT * FROM `lt_article` WHERE  `art_pid` = 1 ORDER BY art_id desc LIMIT 0,10 [ RunTime:0.417590s ]

---------------------------------------------------------------
[ 2019-01-15T21:06:49+08:00 ] [ sql ] [ DB ] CONNECT:[ UseTime:0.001637s ] mysql:dbname=lhblog;host=139.199.109.135;charset=utf8
[ sql ] [ SQL ] SHOW COLUMNS FROM `lt_article` [ RunTime:0.001573s ]
[ sql ] [ SQL ] SELECT * FROM `lt_article` ORDER BY `art_hit`  desc LIMIT 6 [ RunTime:0.002194s ]
[ sql ] [ SQL ] SHOW COLUMNS FROM `lt_menu` [ RunTime:0.001218s ]
[ sql ] [ SQL ] SELECT * FROM `lt_menu` WHERE  `menu_parent` = 0  AND `menu_view` = 1 [ RunTime:0.000853s ]
[ sql ] [ SQL ] SELECT `menu_id`,`menu_name` FROM `lt_menu` [ RunTime:0.000766s ]
[ sql ] [ SQL ] SELECT COUNT(*) AS tp_count FROM `lt_article` WHERE  `art_pid` = 8 LIMIT 1 [ RunTime:0.000790s ]
[ sql ] [ SQL ] SELECT * FROM `lt_article` WHERE  `art_pid` = 8 ORDER BY art_id desc LIMIT 0,10 [ RunTime:0.001068s ]

---------------------------------------------------------------
[ 2019-01-15T21:06:51+08:00 ] [ sql ] [ DB ] CONNECT:[ UseTime:0.001795s ] mysql:dbname=lhblog;host=139.199.109.135;charset=utf8
[ sql ] [ SQL ] SHOW COLUMNS FROM `lt_article` [ RunTime:0.001446s ]
[ sql ] [ SQL ] SELECT * FROM `lt_article` ORDER BY `art_hit`  desc LIMIT 6 [ RunTime:0.002214s ]
[ sql ] [ SQL ] SHOW COLUMNS FROM `lt_menu` [ RunTime:0.001390s ]
[ sql ] [ SQL ] SELECT * FROM `lt_menu` WHERE  `menu_parent` = 0  AND `menu_view` = 1 [ RunTime:0.001019s ]
[ sql ] [ SQL ] SELECT `menu_id`,`menu_name` FROM `lt_menu` [ RunTime:0.000797s ]
[ sql ] [ SQL ] SELECT COUNT(*) AS tp_count FROM `lt_article` WHERE  `art_pid` = 7 LIMIT 1 [ RunTime:0.000796s ]
[ sql ] [ SQL ] SELECT * FROM `lt_article` WHERE  `art_pid` = 7 ORDER BY art_id desc LIMIT 0,10 [ RunTime:0.007825s ]

---------------------------------------------------------------
[ 2019-01-15T21:06:53+08:00 ] [ sql ] [ DB ] CONNECT:[ UseTime:0.001622s ] mysql:dbname=lhblog;host=139.199.109.135;charset=utf8
[ sql ] [ SQL ] SHOW COLUMNS FROM `lt_article` [ RunTime:0.001362s ]
[ sql ] [ SQL ] SELECT * FROM `lt_article` ORDER BY `art_hit`  desc LIMIT 6 [ RunTime:0.002789s ]
[ sql ] [ SQL ] SHOW COLUMNS FROM `lt_menu` [ RunTime:0.001566s ]
[ sql ] [ SQL ] SELECT * FROM `lt_menu` WHERE  `menu_parent` = 0  AND `menu_view` = 1 [ RunTime:0.001150s ]
[ sql ] [ SQL ] SELECT `menu_id`,`menu_name` FROM `lt_menu` [ RunTime:0.000797s ]
[ sql ] [ SQL ] SELECT COUNT(*) AS tp_count FROM `lt_article` WHERE  `art_pid` = 3 LIMIT 1 [ RunTime:0.001057s ]
[ sql ] [ SQL ] SELECT * FROM `lt_article` WHERE  `art_pid` = 3 ORDER BY art_id desc LIMIT 0,10 [ RunTime:0.001189s ]

---------------------------------------------------------------
[ 2019-01-15T21:06:54+08:00 ] [ sql ] [ DB ] CONNECT:[ UseTime:0.001687s ] mysql:dbname=lhblog;host=139.199.109.135;charset=utf8
[ sql ] [ SQL ] SHOW COLUMNS FROM `lt_article` [ RunTime:0.001368s ]
[ sql ] [ SQL ] SELECT * FROM `lt_article` ORDER BY `art_hit`  desc LIMIT 6 [ RunTime:0.002178s ]
[ sql ] [ SQL ] SHOW COLUMNS FROM `lt_menu` [ RunTime:0.001192s ]
[ sql ] [ SQL ] SELECT * FROM `lt_menu` WHERE  `menu_parent` = 0  AND `menu_view` = 1 [ RunTime:0.001357s ]
[ sql ] [ SQL ] SELECT `menu_id`,`menu_name` FROM `lt_menu` [ RunTime:0.000922s ]
[ sql ] [ SQL ] SELECT COUNT(*) AS tp_count FROM `lt_article` WHERE  `art_pid` = 4 LIMIT 1 [ RunTime:0.000968s ]
[ sql ] [ SQL ] SELECT * FROM `lt_article` WHERE  `art_pid` = 4 ORDER BY art_id desc LIMIT 0,10 [ RunTime:0.002866s ]

---------------------------------------------------------------
[ 2019-01-15T21:06:57+08:00 ] [ sql ] [ DB ] CONNECT:[ UseTime:0.001904s ] mysql:dbname=lhblog;host=139.199.109.135;charset=utf8
[ sql ] [ SQL ] SHOW COLUMNS FROM `lt_article` [ RunTime:0.001658s ]
[ sql ] [ SQL ] SELECT * FROM `lt_article` WHERE  `art_id` = 11 ORDER BY art_id desc LIMIT 1 [ RunTime:0.001561s ]
[ sql ] [ SQL ] SELECT * FROM `lt_article` WHERE  (  art_id<11 ) ORDER BY art_id desc LIMIT 1 [ RunTime:0.001596s ]
[ sql ] [ SQL ] SELECT * FROM `lt_article` WHERE  (  art_id>11 ) ORDER BY art_id desc LIMIT 1 [ RunTime:0.001551s ]
[ sql ] [ SQL ] SHOW COLUMNS FROM `lt_menu` [ RunTime:0.001231s ]
[ sql ] [ SQL ] SELECT `menu_id`,`menu_name` FROM `lt_menu` [ RunTime:0.000874s ]

---------------------------------------------------------------
[ 2019-01-15T21:06:57+08:00 ] [ sql ] [ DB ] CONNECT:[ UseTime:0.006796s ] mysql:dbname=lhblog;host=139.199.109.135;charset=utf8
[ sql ] [ SQL ] SHOW COLUMNS FROM `lt_article` [ RunTime:0.009899s ]
[ sql ] [ SQL ] SELECT * FROM `lt_article` WHERE  `art_id` = 11 LIMIT 1 [ RunTime:0.002629s ]
[ sql ] [ SQL ] UPDATE `lt_article`  SET `art_hit`=36  WHERE  `art_id` = 11 [ RunTime:0.007616s ]

---------------------------------------------------------------
[ 2019-01-15T21:08:40+08:00 ] [ sql ] [ DB ] CONNECT:[ UseTime:0.001758s ] mysql:dbname=lhblog;host=139.199.109.135;charset=utf8
[ sql ] [ SQL ] SHOW COLUMNS FROM `lt_article` [ RunTime:0.001527s ]
[ sql ] [ SQL ] SELECT * FROM `lt_article` ORDER BY `art_id`  desc LIMIT 10 [ RunTime:0.003693s ]
[ sql ] [ SQL ] SHOW COLUMNS FROM `lt_link` [ RunTime:0.001698s ]
[ sql ] [ SQL ] SELECT * FROM `lt_link` ORDER BY link_id asc [ RunTime:0.000936s ]
[ sql ] [ SQL ] SELECT * FROM `lt_article` ORDER BY `art_hit`  desc LIMIT 6 [ RunTime:0.214159s ]
[ sql ] [ SQL ] SHOW COLUMNS FROM `lt_banner` [ RunTime:0.003745s ]
[ sql ] [ SQL ] SELECT * FROM `lt_banner` WHERE  `ban_view` = 1 ORDER BY `ban_Id`  desc LIMIT 2 [ RunTime:0.001188s ]
[ sql ] [ SQL ] SHOW COLUMNS FROM `lt_menu` [ RunTime:0.001781s ]
[ sql ] [ SQL ] SELECT `menu_id`,`menu_name` FROM `lt_menu` [ RunTime:0.003080s ]

---------------------------------------------------------------
[ 2019-01-15T21:35:45+08:00 ] [ sql ] [ DB ] CONNECT:[ UseTime:0.001675s ] mysql:dbname=lhblog;host=139.199.109.135;charset=utf8
[ sql ] [ SQL ] SHOW COLUMNS FROM `lt_article` [ RunTime:0.001641s ]
[ sql ] [ SQL ] SELECT * FROM `lt_article` ORDER BY `art_id`  desc LIMIT 10 [ RunTime:0.004192s ]
[ sql ] [ SQL ] SHOW COLUMNS FROM `lt_link` [ RunTime:0.001256s ]
[ sql ] [ SQL ] SELECT * FROM `lt_link` ORDER BY link_id asc [ RunTime:0.000824s ]
[ sql ] [ SQL ] SELECT * FROM `lt_article` ORDER BY `art_hit`  desc LIMIT 6 [ RunTime:0.213228s ]
[ sql ] [ SQL ] SHOW COLUMNS FROM `lt_banner` [ RunTime:0.001372s ]
[ sql ] [ SQL ] SELECT * FROM `lt_banner` WHERE  `ban_view` = 1 ORDER BY `ban_Id`  desc LIMIT 2 [ RunTime:0.001056s ]
[ sql ] [ SQL ] SHOW COLUMNS FROM `lt_menu` [ RunTime:0.001334s ]
[ sql ] [ SQL ] SELECT `menu_id`,`menu_name` FROM `lt_menu` [ RunTime:0.000833s ]

---------------------------------------------------------------
[ 2019-01-15T21:57:18+08:00 ] [ sql ] [ DB ] CONNECT:[ UseTime:0.011937s ] mysql:dbname=lhblog;host=139.199.109.135;charset=utf8
[ sql ] [ SQL ] SHOW COLUMNS FROM `lt_article` [ RunTime:0.009873s ]
[ sql ] [ SQL ] SELECT * FROM `lt_article` ORDER BY `art_id`  desc LIMIT 10 [ RunTime:0.011734s ]
[ sql ] [ SQL ] SHOW COLUMNS FROM `lt_link` [ RunTime:0.001388s ]
[ sql ] [ SQL ] SELECT * FROM `lt_link` ORDER BY link_id asc [ RunTime:0.001742s ]
[ sql ] [ SQL ] SELECT * FROM `lt_article` ORDER BY `art_hit`  desc LIMIT 6 [ RunTime:0.216018s ]
[ sql ] [ SQL ] SHOW COLUMNS FROM `lt_banner` [ RunTime:0.001314s ]
[ sql ] [ SQL ] SELECT * FROM `lt_banner` WHERE  `ban_view` = 1 ORDER BY `ban_Id`  desc LIMIT 2 [ RunTime:0.000981s ]
[ sql ] [ SQL ] SHOW COLUMNS FROM `lt_menu` [ RunTime:0.001373s ]
[ sql ] [ SQL ] SELECT `menu_id`,`menu_name` FROM `lt_menu` [ RunTime:0.000845s ]

---------------------------------------------------------------
[ 2019-01-15T21:57:22+08:00 ] [ sql ] [ DB ] CONNECT:[ UseTime:0.002657s ] mysql:dbname=lhblog;host=139.199.109.135;charset=utf8
[ sql ] [ SQL ] SHOW COLUMNS FROM `lt_link` [ RunTime:0.001588s ]
[ sql ] [ SQL ] SELECT * FROM `lt_link` ORDER BY link_id asc [ RunTime:0.001109s ]

---------------------------------------------------------------
[ 2019-01-15T22:02:03+08:00 ] [ sql ] [ DB ] CONNECT:[ UseTime:0.008725s ] mysql:dbname=lhblog;host=139.199.109.135;charset=utf8
[ sql ] [ SQL ] SHOW COLUMNS FROM `lt_article` [ RunTime:0.008852s ]
[ sql ] [ SQL ] SELECT * FROM `lt_article` ORDER BY `art_id`  desc LIMIT 10 [ RunTime:0.017425s ]
[ sql ] [ SQL ] SHOW COLUMNS FROM `lt_link` [ RunTime:0.004524s ]
[ sql ] [ SQL ] SELECT * FROM `lt_link` ORDER BY link_id asc [ RunTime:0.012045s ]
[ sql ] [ SQL ] SELECT * FROM `lt_article` ORDER BY `art_hit`  desc LIMIT 6 [ RunTime:0.219464s ]
[ sql ] [ SQL ] SHOW COLUMNS FROM `lt_banner` [ RunTime:0.010923s ]
[ sql ] [ SQL ] SELECT * FROM `lt_banner` WHERE  `ban_view` = 1 ORDER BY `ban_Id`  desc LIMIT 2 [ RunTime:0.003709s ]
[ sql ] [ SQL ] SHOW COLUMNS FROM `lt_menu` [ RunTime:0.013802s ]
[ sql ] [ SQL ] SELECT `menu_id`,`menu_name` FROM `lt_menu` [ RunTime:0.004920s ]

---------------------------------------------------------------
[ 2019-01-15T22:02:11+08:00 ] [ sql ] [ DB ] CONNECT:[ UseTime:0.002135s ] mysql:dbname=lhblog;host=139.199.109.135;charset=utf8
[ sql ] [ SQL ] SHOW COLUMNS FROM `lt_article` [ RunTime:0.001694s ]
[ sql ] [ SQL ] SELECT * FROM `lt_article` WHERE  `art_id` = 27 ORDER BY art_id desc LIMIT 1 [ RunTime:0.001178s ]
[ sql ] [ SQL ] SELECT * FROM `lt_article` WHERE  (  art_id<27 ) ORDER BY art_id desc LIMIT 1 [ RunTime:0.001187s ]
[ sql ] [ SQL ] SELECT * FROM `lt_article` WHERE  (  art_id>27 ) ORDER BY art_id desc LIMIT 1 [ RunTime:0.002107s ]
[ sql ] [ SQL ] SHOW COLUMNS FROM `lt_menu` [ RunTime:0.001437s ]
[ sql ] [ SQL ] SELECT `menu_id`,`menu_name` FROM `lt_menu` [ RunTime:0.000978s ]

---------------------------------------------------------------
[ 2019-01-15T22:02:11+08:00 ] [ sql ] [ DB ] CONNECT:[ UseTime:0.025724s ] mysql:dbname=lhblog;host=139.199.109.135;charset=utf8
[ sql ] [ SQL ] SHOW COLUMNS FROM `lt_article` [ RunTime:0.203580s ]
[ sql ] [ SQL ] SELECT * FROM `lt_article` WHERE  `art_id` = 27 LIMIT 1 [ RunTime:0.001165s ]
[ sql ] [ SQL ] UPDATE `lt_article`  SET `art_hit`=24  WHERE  `art_id` = 27 [ RunTime:0.013685s ]

---------------------------------------------------------------
