[ 2018-12-20T01:08:16+08:00 ] [ sql ] [ DB ] CONNECT:[ UseTime:0.054753s ] mysql:dbname=lhblog;host=139.199.109.135;charset=utf8
[ sql ] [ SQL ] SHOW COLUMNS FROM `lt_article` [ RunTime:0.043377s ]
[ sql ] [ SQL ] SELECT * FROM `lt_article` WHERE  `art_id` = 22 ORDER BY art_id desc LIMIT 1 [ RunTime:0.043598s ]
[ sql ] [ SQL ] SELECT * FROM `lt_article` WHERE  (  art_id<22 ) ORDER BY art_id desc LIMIT 1 [ RunTime:0.045636s ]
[ sql ] [ SQL ] SELECT * FROM `lt_article` WHERE  (  art_id>22 ) ORDER BY art_id desc LIMIT 1 [ RunTime:0.043696s ]
[ sql ] [ SQL ] SHOW COLUMNS FROM `lt_menu` [ RunTime:0.043445s ]
[ sql ] [ SQL ] SELECT `menu_id`,`menu_name` FROM `lt_menu` [ RunTime:0.032747s ]

---------------------------------------------------------------
[ 2018-12-20T01:25:58+08:00 ] [ sql ] [ DB ] CONNECT:[ UseTime:0.063226s ] mysql:dbname=lhblog;host=139.199.109.135;charset=utf8
[ sql ] [ SQL ] SHOW COLUMNS FROM `lt_article` [ RunTime:0.013148s ]
[ sql ] [ SQL ] SELECT * FROM `lt_article` WHERE  `art_id` = 7 ORDER BY art_id desc LIMIT 1 [ RunTime:0.022321s ]
[ sql ] [ SQL ] SELECT * FROM `lt_article` WHERE  (  art_id<7 ) ORDER BY art_id desc LIMIT 1 [ RunTime:0.044453s ]
[ sql ] [ SQL ] SELECT * FROM `lt_article` WHERE  (  art_id>7 ) ORDER BY art_id desc LIMIT 1 [ RunTime:0.023836s ]
[ sql ] [ SQL ] SHOW COLUMNS FROM `lt_menu` [ RunTime:0.012239s ]
[ sql ] [ SQL ] SELECT `menu_id`,`menu_name` FROM `lt_menu` [ RunTime:0.034444s ]

---------------------------------------------------------------
[ 2018-12-20T01:25:58+08:00 ] [ sql ] [ DB ] CONNECT:[ UseTime:0.057146s ] mysql:dbname=lhblog;host=139.199.109.135;charset=utf8
[ sql ] [ SQL ] SHOW COLUMNS FROM `lt_article` [ RunTime:0.012969s ]
[ sql ] [ SQL ] SELECT * FROM `lt_article` WHERE  `art_id` = 31 ORDER BY art_id desc LIMIT 1 [ RunTime:0.033300s ]
[ sql ] [ SQL ] SELECT * FROM `lt_article` WHERE  (  art_id<31 ) ORDER BY art_id desc LIMIT 1 [ RunTime:0.032663s ]
[ sql ] [ SQL ] SELECT * FROM `lt_article` WHERE  (  art_id>31 ) ORDER BY art_id desc LIMIT 1 [ RunTime:0.023270s ]
[ sql ] [ SQL ] SHOW COLUMNS FROM `lt_menu` [ RunTime:0.012572s ]
[ sql ] [ SQL ] SELECT `menu_id`,`menu_name` FROM `lt_menu` [ RunTime:0.032634s ]

---------------------------------------------------------------
[ 2018-12-20T01:25:59+08:00 ] [ sql ] [ DB ] CONNECT:[ UseTime:0.066175s ] mysql:dbname=lhblog;host=139.199.109.135;charset=utf8
[ sql ] [ SQL ] SHOW COLUMNS FROM `lt_article` [ RunTime:0.043977s ]
[ sql ] [ SQL ] SELECT * FROM `lt_article` WHERE  `art_id` = 6 ORDER BY art_id desc LIMIT 1 [ RunTime:0.043568s ]
[ sql ] [ SQL ] SELECT * FROM `lt_article` WHERE  (  art_id<6 ) ORDER BY art_id desc LIMIT 1 [ RunTime:0.241594s ]
[ sql ] [ SQL ] SELECT * FROM `lt_article` WHERE  (  art_id>6 ) ORDER BY art_id desc LIMIT 1 [ RunTime:0.241667s ]
[ sql ] [ SQL ] SHOW COLUMNS FROM `lt_menu` [ RunTime:0.043533s ]
[ sql ] [ SQL ] SELECT `menu_id`,`menu_name` FROM `lt_menu` [ RunTime:0.032736s ]

---------------------------------------------------------------
[ 2018-12-20T01:48:41+08:00 ] [ sql ] [ DB ] CONNECT:[ UseTime:0.066085s ] mysql:dbname=lhblog;host=139.199.109.135;charset=utf8
[ sql ] [ SQL ] SHOW COLUMNS FROM `lt_article` [ RunTime:0.043365s ]
[ sql ] [ SQL ] SELECT * FROM `lt_article` WHERE  `art_id` = 23 ORDER BY art_id desc LIMIT 1 [ RunTime:0.043600s ]
[ sql ] [ SQL ] SELECT * FROM `lt_article` WHERE  (  art_id<23 ) ORDER BY art_id desc LIMIT 1 [ RunTime:0.043610s ]
[ sql ] [ SQL ] SELECT * FROM `lt_article` WHERE  (  art_id>23 ) ORDER BY art_id desc LIMIT 1 [ RunTime:0.043733s ]
[ sql ] [ SQL ] SHOW COLUMNS FROM `lt_menu` [ RunTime:0.043374s ]
[ sql ] [ SQL ] SELECT `menu_id`,`menu_name` FROM `lt_menu` [ RunTime:0.043723s ]

---------------------------------------------------------------
[ 2018-12-20T02:22:10+08:00 ] [ sql ] [ DB ] CONNECT:[ UseTime:0.055254s ] mysql:dbname=lhblog;host=139.199.109.135;charset=utf8
[ sql ] [ SQL ] SHOW COLUMNS FROM `lt_article` [ RunTime:0.033330s ]
[ sql ] [ SQL ] SELECT * FROM `lt_article` ORDER BY `art_id`  desc LIMIT 10 [ RunTime:0.037580s ]
[ sql ] [ SQL ] SHOW COLUMNS FROM `lt_link` [ RunTime:0.032428s ]
[ sql ] [ SQL ] SELECT * FROM `lt_link` ORDER BY link_id asc [ RunTime:0.023575s ]
[ sql ] [ SQL ] SELECT * FROM `lt_article` ORDER BY `art_hit`  desc LIMIT 6 [ RunTime:0.023809s ]
[ sql ] [ SQL ] SHOW COLUMNS FROM `lt_banner` [ RunTime:0.033476s ]
[ sql ] [ SQL ] SELECT * FROM `lt_banner` WHERE  `ban_view` = 1 ORDER BY `ban_Id`  desc LIMIT 2 [ RunTime:0.033881s ]
[ sql ] [ SQL ] SHOW COLUMNS FROM `lt_menu` [ RunTime:0.013321s ]
[ sql ] [ SQL ] SELECT `menu_id`,`menu_name` FROM `lt_menu` [ RunTime:0.011730s ]

---------------------------------------------------------------
[ 2018-12-20T02:30:35+08:00 ] [ sql ] [ DB ] CONNECT:[ UseTime:0.065589s ] mysql:dbname=lhblog;host=139.199.109.135;charset=utf8
[ sql ] [ SQL ] SHOW COLUMNS FROM `lt_article` [ RunTime:0.043364s ]
[ sql ] [ SQL ] SELECT * FROM `lt_article` WHERE  `art_id` = 15 ORDER BY art_id desc LIMIT 1 [ RunTime:0.043585s ]
[ sql ] [ SQL ] SELECT * FROM `lt_article` WHERE  (  art_id<15 ) ORDER BY art_id desc LIMIT 1 [ RunTime:0.043652s ]
[ sql ] [ SQL ] SELECT * FROM `lt_article` WHERE  (  art_id>15 ) ORDER BY art_id desc LIMIT 1 [ RunTime:0.043697s ]
[ sql ] [ SQL ] SHOW COLUMNS FROM `lt_menu` [ RunTime:0.043495s ]
[ sql ] [ SQL ] SELECT `menu_id`,`menu_name` FROM `lt_menu` [ RunTime:0.043738s ]

---------------------------------------------------------------
[ 2018-12-20T03:51:09+08:00 ] [ sql ] [ DB ] CONNECT:[ UseTime:0.046043s ] mysql:dbname=lhblog;host=139.199.109.135;charset=utf8
[ sql ] [ SQL ] SHOW COLUMNS FROM `lt_article` [ RunTime:0.043658s ]
[ sql ] [ SQL ] SELECT * FROM `lt_article` WHERE  `art_id` = 24 ORDER BY art_id desc LIMIT 1 [ RunTime:0.022596s ]
[ sql ] [ SQL ] SELECT * FROM `lt_article` WHERE  (  art_id<24 ) ORDER BY art_id desc LIMIT 1 [ RunTime:0.033604s ]
[ sql ] [ SQL ] SELECT * FROM `lt_article` WHERE  (  art_id>24 ) ORDER BY art_id desc LIMIT 1 [ RunTime:0.033969s ]
[ sql ] [ SQL ] SHOW COLUMNS FROM `lt_menu` [ RunTime:0.043233s ]
[ sql ] [ SQL ] SELECT `menu_id`,`menu_name` FROM `lt_menu` [ RunTime:0.022757s ]

---------------------------------------------------------------
[ 2018-12-20T03:51:12+08:00 ] [ sql ] [ DB ] CONNECT:[ UseTime:0.066319s ] mysql:dbname=lhblog;host=139.199.109.135;charset=utf8
[ sql ] [ SQL ] SHOW COLUMNS FROM `lt_article` [ RunTime:0.044054s ]
[ sql ] [ SQL ] SELECT * FROM `lt_article` WHERE  `art_id` = 24 LIMIT 1 [ RunTime:0.043581s ]
[ sql ] [ SQL ] UPDATE `lt_article`  SET `art_hit`=26  WHERE  `art_id` = 24 [ RunTime:0.078572s ]

---------------------------------------------------------------
[ 2018-12-20T04:49:03+08:00 ] [ sql ] [ DB ] CONNECT:[ UseTime:0.034143s ] mysql:dbname=lhblog;host=139.199.109.135;charset=utf8
[ sql ] [ SQL ] SHOW COLUMNS FROM `lt_article` [ RunTime:0.043403s ]
[ sql ] [ SQL ] SELECT * FROM `lt_article` ORDER BY `art_id`  desc LIMIT 10 [ RunTime:0.033656s ]
[ sql ] [ SQL ] SHOW COLUMNS FROM `lt_link` [ RunTime:0.018716s ]
[ sql ] [ SQL ] SELECT * FROM `lt_link` ORDER BY link_id asc [ RunTime:0.002012s ]
[ sql ] [ SQL ] SELECT * FROM `lt_article` ORDER BY `art_hit`  desc LIMIT 6 [ RunTime:0.043219s ]
[ sql ] [ SQL ] SHOW COLUMNS FROM `lt_banner` [ RunTime:0.022342s ]
[ sql ] [ SQL ] SELECT * FROM `lt_banner` WHERE  `ban_view` = 1 ORDER BY `ban_Id`  desc LIMIT 2 [ RunTime:0.033668s ]
[ sql ] [ SQL ] SHOW COLUMNS FROM `lt_menu` [ RunTime:0.034507s ]
[ sql ] [ SQL ] SELECT `menu_id`,`menu_name` FROM `lt_menu` [ RunTime:0.001939s ]

---------------------------------------------------------------
[ 2018-12-20T05:21:42+08:00 ] [ sql ] [ DB ] CONNECT:[ UseTime:0.066315s ] mysql:dbname=lhblog;host=139.199.109.135;charset=utf8
[ sql ] [ SQL ] SHOW COLUMNS FROM `lt_article` [ RunTime:0.043346s ]
[ sql ] [ SQL ] SELECT * FROM `lt_article` ORDER BY `art_id`  desc LIMIT 10 [ RunTime:0.054646s ]
[ sql ] [ SQL ] SHOW COLUMNS FROM `lt_link` [ RunTime:0.043368s ]
[ sql ] [ SQL ] SELECT * FROM `lt_link` ORDER BY link_id asc [ RunTime:0.032732s ]
[ sql ] [ SQL ] SELECT * FROM `lt_article` ORDER BY `art_hit`  desc LIMIT 6 [ RunTime:0.032739s ]
[ sql ] [ SQL ] SHOW COLUMNS FROM `lt_banner` [ RunTime:0.024341s ]
[ sql ] [ SQL ] SELECT * FROM `lt_banner` WHERE  `ban_view` = 1 ORDER BY `ban_Id`  desc LIMIT 2 [ RunTime:0.034629s ]
[ sql ] [ SQL ] SHOW COLUMNS FROM `lt_menu` [ RunTime:0.023564s ]
[ sql ] [ SQL ] SELECT `menu_id`,`menu_name` FROM `lt_menu` [ RunTime:0.033713s ]

---------------------------------------------------------------
[ 2018-12-20T05:28:07+08:00 ] [ sql ] [ DB ] CONNECT:[ UseTime:0.065601s ] mysql:dbname=lhblog;host=139.199.109.135;charset=utf8
[ sql ] [ SQL ] SHOW COLUMNS FROM `lt_article` [ RunTime:0.044197s ]
[ sql ] [ SQL ] SELECT * FROM `lt_article` WHERE  `art_id` = 7 ORDER BY art_id desc LIMIT 1 [ RunTime:0.043553s ]
[ sql ] [ SQL ] SELECT * FROM `lt_article` WHERE  (  art_id<7 ) ORDER BY art_id desc LIMIT 1 [ RunTime:0.043655s ]
[ sql ] [ SQL ] SELECT * FROM `lt_article` WHERE  (  art_id>7 ) ORDER BY art_id desc LIMIT 1 [ RunTime:0.043688s ]
[ sql ] [ SQL ] SHOW COLUMNS FROM `lt_menu` [ RunTime:0.043497s ]
[ sql ] [ SQL ] SELECT `menu_id`,`menu_name` FROM `lt_menu` [ RunTime:0.043760s ]

---------------------------------------------------------------
[ 2018-12-20T06:01:49+08:00 ] [ sql ] [ DB ] CONNECT:[ UseTime:0.044101s ] mysql:dbname=lhblog;host=139.199.109.135;charset=utf8
[ sql ] [ SQL ] SHOW COLUMNS FROM `lt_article` [ RunTime:0.043361s ]
[ sql ] [ SQL ] SELECT * FROM `lt_article` WHERE  `art_id` = 19 ORDER BY art_id desc LIMIT 1 [ RunTime:0.043577s ]
[ sql ] [ SQL ] SELECT * FROM `lt_article` WHERE  (  art_id<19 ) ORDER BY art_id desc LIMIT 1 [ RunTime:0.043600s ]
[ sql ] [ SQL ] SELECT * FROM `lt_article` WHERE  (  art_id>19 ) ORDER BY art_id desc LIMIT 1 [ RunTime:0.043724s ]
[ sql ] [ SQL ] SHOW COLUMNS FROM `lt_menu` [ RunTime:0.043490s ]
[ sql ] [ SQL ] SELECT `menu_id`,`menu_name` FROM `lt_menu` [ RunTime:0.032699s ]

---------------------------------------------------------------
[ 2018-12-20T06:03:39+08:00 ] [ sql ] [ DB ] CONNECT:[ UseTime:0.054992s ] mysql:dbname=lhblog;host=139.199.109.135;charset=utf8
[ sql ] [ SQL ] SHOW COLUMNS FROM `lt_article` [ RunTime:0.043313s ]
[ sql ] [ SQL ] SELECT * FROM `lt_article` WHERE  `art_id` = 19 LIMIT 1 [ RunTime:0.043594s ]
[ sql ] [ SQL ] UPDATE `lt_article`  SET `art_hit`=28  WHERE  `art_id` = 19 [ RunTime:0.071528s ]

---------------------------------------------------------------
[ 2018-12-20T07:12:16+08:00 ] [ sql ] [ DB ] CONNECT:[ UseTime:0.054896s ] mysql:dbname=lhblog;host=139.199.109.135;charset=utf8
[ sql ] [ SQL ] SHOW COLUMNS FROM `lt_article` [ RunTime:0.043375s ]
[ sql ] [ SQL ] SELECT * FROM `lt_article` WHERE  `art_id` = 6 ORDER BY art_id desc LIMIT 1 [ RunTime:0.043596s ]
[ sql ] [ SQL ] SELECT * FROM `lt_article` WHERE  (  art_id<6 ) ORDER BY art_id desc LIMIT 1 [ RunTime:0.043618s ]
[ sql ] [ SQL ] SELECT * FROM `lt_article` WHERE  (  art_id>6 ) ORDER BY art_id desc LIMIT 1 [ RunTime:0.043679s ]
[ sql ] [ SQL ] SHOW COLUMNS FROM `lt_menu` [ RunTime:0.043487s ]
[ sql ] [ SQL ] SELECT `menu_id`,`menu_name` FROM `lt_menu` [ RunTime:0.043746s ]

---------------------------------------------------------------
[ 2018-12-20T07:12:42+08:00 ] [ sql ] [ DB ] CONNECT:[ UseTime:0.054935s ] mysql:dbname=lhblog;host=139.199.109.135;charset=utf8
[ sql ] [ SQL ] SHOW COLUMNS FROM `lt_article` [ RunTime:0.043395s ]
[ sql ] [ SQL ] SELECT * FROM `lt_article` WHERE  `art_id` = 6 LIMIT 1 [ RunTime:0.043598s ]
[ sql ] [ SQL ] UPDATE `lt_article`  SET `art_hit`=54  WHERE  `art_id` = 6 [ RunTime:0.073556s ]

---------------------------------------------------------------
[ 2018-12-20T07:33:46+08:00 ] [ error ] [8]未定义数组索引: id

---------------------------------------------------------------
[ 2018-12-20T07:52:32+08:00 ] [ sql ] [ DB ] CONNECT:[ UseTime:0.055231s ] mysql:dbname=lhblog;host=139.199.109.135;charset=utf8
[ sql ] [ SQL ] SHOW COLUMNS FROM `lt_article` [ RunTime:0.043391s ]
[ sql ] [ SQL ] SELECT * FROM `lt_article` WHERE  `art_id` = 13 ORDER BY art_id desc LIMIT 1 [ RunTime:0.043598s ]
[ sql ] [ SQL ] SELECT * FROM `lt_article` WHERE  (  art_id<13 ) ORDER BY art_id desc LIMIT 1 [ RunTime:0.043627s ]
[ sql ] [ SQL ] SELECT * FROM `lt_article` WHERE  (  art_id>13 ) ORDER BY art_id desc LIMIT 1 [ RunTime:0.033690s ]
[ sql ] [ SQL ] SHOW COLUMNS FROM `lt_menu` [ RunTime:0.024956s ]
[ sql ] [ SQL ] SELECT `menu_id`,`menu_name` FROM `lt_menu` [ RunTime:0.043200s ]

---------------------------------------------------------------
[ 2018-12-20T08:54:00+08:00 ] [ sql ] [ DB ] CONNECT:[ UseTime:0.054657s ] mysql:dbname=lhblog;host=139.199.109.135;charset=utf8
[ sql ] [ SQL ] SHOW COLUMNS FROM `lt_article` [ RunTime:0.043352s ]
[ sql ] [ SQL ] SELECT * FROM `lt_article` ORDER BY `art_id`  desc LIMIT 10 [ RunTime:0.054664s ]
[ sql ] [ SQL ] SHOW COLUMNS FROM `lt_link` [ RunTime:0.043393s ]
[ sql ] [ SQL ] SELECT * FROM `lt_link` ORDER BY link_id asc [ RunTime:0.043735s ]
[ sql ] [ SQL ] SELECT * FROM `lt_article` ORDER BY `art_hit`  desc LIMIT 6 [ RunTime:0.054663s ]
[ sql ] [ SQL ] SHOW COLUMNS FROM `lt_banner` [ RunTime:0.043417s ]
[ sql ] [ SQL ] SELECT * FROM `lt_banner` WHERE  `ban_view` = 1 ORDER BY `ban_Id`  desc LIMIT 2 [ RunTime:0.043657s ]
[ sql ] [ SQL ] SHOW COLUMNS FROM `lt_menu` [ RunTime:0.043509s ]
[ sql ] [ SQL ] SELECT `menu_id`,`menu_name` FROM `lt_menu` [ RunTime:0.043758s ]

---------------------------------------------------------------
[ 2018-12-20T08:55:02+08:00 ] [ sql ] [ DB ] CONNECT:[ UseTime:0.063576s ] mysql:dbname=lhblog;host=139.199.109.135;charset=utf8
[ sql ] [ SQL ] SHOW COLUMNS FROM `lt_article` [ RunTime:0.033131s ]
[ sql ] [ SQL ] SELECT * FROM `lt_article` ORDER BY `art_id`  desc LIMIT 10 [ RunTime:0.054724s ]
[ sql ] [ SQL ] SHOW COLUMNS FROM `lt_link` [ RunTime:0.044126s ]
[ sql ] [ SQL ] SELECT * FROM `lt_link` ORDER BY link_id asc [ RunTime:0.043664s ]
[ sql ] [ SQL ] SELECT * FROM `lt_article` ORDER BY `art_hit`  desc LIMIT 6 [ RunTime:0.043709s ]
[ sql ] [ SQL ] SHOW COLUMNS FROM `lt_banner` [ RunTime:0.033315s ]
[ sql ] [ SQL ] SELECT * FROM `lt_banner` WHERE  `ban_view` = 1 ORDER BY `ban_Id`  desc LIMIT 2 [ RunTime:0.018677s ]
[ sql ] [ SQL ] SHOW COLUMNS FROM `lt_menu` [ RunTime:0.033527s ]
[ sql ] [ SQL ] SELECT `menu_id`,`menu_name` FROM `lt_menu` [ RunTime:0.032542s ]

---------------------------------------------------------------
[ 2018-12-20T08:58:34+08:00 ] [ sql ] [ DB ] CONNECT:[ UseTime:0.054775s ] mysql:dbname=lhblog;host=139.199.109.135;charset=utf8
[ sql ] [ SQL ] SHOW COLUMNS FROM `lt_article` [ RunTime:0.043354s ]
[ sql ] [ SQL ] SELECT * FROM `lt_article` ORDER BY `art_id`  desc LIMIT 10 [ RunTime:0.054633s ]
[ sql ] [ SQL ] SHOW COLUMNS FROM `lt_link` [ RunTime:0.043386s ]
[ sql ] [ SQL ] SELECT * FROM `lt_link` ORDER BY link_id asc [ RunTime:0.043745s ]
[ sql ] [ SQL ] SELECT * FROM `lt_article` ORDER BY `art_hit`  desc LIMIT 6 [ RunTime:0.043708s ]
[ sql ] [ SQL ] SHOW COLUMNS FROM `lt_banner` [ RunTime:0.043341s ]
[ sql ] [ SQL ] SELECT * FROM `lt_banner` WHERE  `ban_view` = 1 ORDER BY `ban_Id`  desc LIMIT 2 [ RunTime:0.043656s ]
[ sql ] [ SQL ] SHOW COLUMNS FROM `lt_menu` [ RunTime:0.043527s ]
[ sql ] [ SQL ] SELECT `menu_id`,`menu_name` FROM `lt_menu` [ RunTime:0.043736s ]

---------------------------------------------------------------
[ 2018-12-20T09:40:32+08:00 ] [ sql ] [ DB ] CONNECT:[ UseTime:0.066145s ] mysql:dbname=lhblog;host=139.199.109.135;charset=utf8
[ sql ] [ SQL ] SHOW COLUMNS FROM `lt_article` [ RunTime:0.043397s ]
[ sql ] [ SQL ] SELECT * FROM `lt_article` ORDER BY `art_id`  desc LIMIT 10 [ RunTime:0.054663s ]
[ sql ] [ SQL ] SHOW COLUMNS FROM `lt_link` [ RunTime:0.032372s ]
[ sql ] [ SQL ] SELECT * FROM `lt_link` ORDER BY link_id asc [ RunTime:0.023818s ]
[ sql ] [ SQL ] SELECT * FROM `lt_article` ORDER BY `art_hit`  desc LIMIT 6 [ RunTime:0.035238s ]
[ sql ] [ SQL ] SHOW COLUMNS FROM `lt_banner` [ RunTime:0.043827s ]
[ sql ] [ SQL ] SELECT * FROM `lt_banner` WHERE  `ban_view` = 1 ORDER BY `ban_Id`  desc LIMIT 2 [ RunTime:0.013621s ]
[ sql ] [ SQL ] SHOW COLUMNS FROM `lt_menu` [ RunTime:0.043538s ]
[ sql ] [ SQL ] SELECT `menu_id`,`menu_name` FROM `lt_menu` [ RunTime:0.023734s ]

---------------------------------------------------------------
[ 2018-12-20T09:47:17+08:00 ] [ sql ] [ DB ] CONNECT:[ UseTime:0.043807s ] mysql:dbname=lhblog;host=139.199.109.135;charset=utf8
[ sql ] [ SQL ] SHOW COLUMNS FROM `lt_article` [ RunTime:0.043350s ]
[ sql ] [ SQL ] SELECT * FROM `lt_article` WHERE  `art_id` = 7 ORDER BY art_id desc LIMIT 1 [ RunTime:0.043562s ]
[ sql ] [ SQL ] SELECT * FROM `lt_article` WHERE  (  art_id<7 ) ORDER BY art_id desc LIMIT 1 [ RunTime:0.043673s ]
[ sql ] [ SQL ] SELECT * FROM `lt_article` WHERE  (  art_id>7 ) ORDER BY art_id desc LIMIT 1 [ RunTime:0.043674s ]
[ sql ] [ SQL ] SHOW COLUMNS FROM `lt_menu` [ RunTime:0.047507s ]
[ sql ] [ SQL ] SELECT `menu_id`,`menu_name` FROM `lt_menu` [ RunTime:0.043681s ]

---------------------------------------------------------------
[ 2018-12-20T10:03:44+08:00 ] [ sql ] [ DB ] CONNECT:[ UseTime:0.044368s ] mysql:dbname=lhblog;host=139.199.109.135;charset=utf8
[ sql ] [ SQL ] SHOW COLUMNS FROM `lt_article` [ RunTime:0.043317s ]
[ sql ] [ SQL ] SELECT * FROM `lt_article` WHERE  `art_id` = 22 ORDER BY art_id desc LIMIT 1 [ RunTime:0.043552s ]
[ sql ] [ SQL ] SELECT * FROM `lt_article` WHERE  (  art_id<22 ) ORDER BY art_id desc LIMIT 1 [ RunTime:0.043649s ]
[ sql ] [ SQL ] SELECT * FROM `lt_article` WHERE  (  art_id>22 ) ORDER BY art_id desc LIMIT 1 [ RunTime:0.043648s ]
[ sql ] [ SQL ] SHOW COLUMNS FROM `lt_menu` [ RunTime:0.043503s ]
[ sql ] [ SQL ] SELECT `menu_id`,`menu_name` FROM `lt_menu` [ RunTime:0.032755s ]

---------------------------------------------------------------
[ 2018-12-20T10:13:48+08:00 ] [ sql ] [ DB ] CONNECT:[ UseTime:0.043857s ] mysql:dbname=lhblog;host=139.199.109.135;charset=utf8
[ sql ] [ SQL ] SHOW COLUMNS FROM `lt_article` [ RunTime:0.043343s ]
[ sql ] [ SQL ] SELECT * FROM `lt_article` WHERE  `art_id` = 21 ORDER BY art_id desc LIMIT 1 [ RunTime:0.051564s ]
[ sql ] [ SQL ] SELECT * FROM `lt_article` WHERE  (  art_id<21 ) ORDER BY art_id desc LIMIT 1 [ RunTime:0.043644s ]
[ sql ] [ SQL ] SELECT * FROM `lt_article` WHERE  (  art_id>21 ) ORDER BY art_id desc LIMIT 1 [ RunTime:0.043661s ]
[ sql ] [ SQL ] SHOW COLUMNS FROM `lt_menu` [ RunTime:0.043392s ]
[ sql ] [ SQL ] SELECT `menu_id`,`menu_name` FROM `lt_menu` [ RunTime:0.043738s ]

---------------------------------------------------------------
[ 2018-12-20T10:44:05+08:00 ] [ sql ] [ DB ] CONNECT:[ UseTime:0.043863s ] mysql:dbname=lhblog;host=139.199.109.135;charset=utf8
[ sql ] [ SQL ] SHOW COLUMNS FROM `lt_article` [ RunTime:0.022615s ]
[ sql ] [ SQL ] SELECT * FROM `lt_article` ORDER BY `art_id`  desc LIMIT 10 [ RunTime:0.055380s ]
[ sql ] [ SQL ] SHOW COLUMNS FROM `lt_link` [ RunTime:0.033463s ]
[ sql ] [ SQL ] SELECT * FROM `lt_link` ORDER BY link_id asc [ RunTime:0.032692s ]
[ sql ] [ SQL ] SELECT * FROM `lt_article` ORDER BY `art_hit`  desc LIMIT 6 [ RunTime:0.022704s ]
[ sql ] [ SQL ] SHOW COLUMNS FROM `lt_banner` [ RunTime:0.033432s ]
[ sql ] [ SQL ] SELECT * FROM `lt_banner` WHERE  `ban_view` = 1 ORDER BY `ban_Id`  desc LIMIT 2 [ RunTime:0.022129s ]
[ sql ] [ SQL ] SHOW COLUMNS FROM `lt_menu` [ RunTime:0.034030s ]
[ sql ] [ SQL ] SELECT `menu_id`,`menu_name` FROM `lt_menu` [ RunTime:0.012735s ]

---------------------------------------------------------------
[ 2018-12-20T12:24:25+08:00 ] [ sql ] [ DB ] CONNECT:[ UseTime:0.060283s ] mysql:dbname=lhblog;host=139.199.109.135;charset=utf8
[ sql ] [ SQL ] SHOW COLUMNS FROM `lt_article` [ RunTime:0.043393s ]
[ sql ] [ SQL ] SELECT * FROM `lt_article` WHERE  `art_id` = 23 ORDER BY art_id desc LIMIT 1 [ RunTime:0.043605s ]
[ sql ] [ SQL ] SELECT * FROM `lt_article` WHERE  (  art_id<23 ) ORDER BY art_id desc LIMIT 1 [ RunTime:0.043735s ]
[ sql ] [ SQL ] SELECT * FROM `lt_article` WHERE  (  art_id>23 ) ORDER BY art_id desc LIMIT 1 [ RunTime:0.055545s ]
[ sql ] [ SQL ] SHOW COLUMNS FROM `lt_menu` [ RunTime:0.043502s ]
[ sql ] [ SQL ] SELECT `menu_id`,`menu_name` FROM `lt_menu` [ RunTime:0.032749s ]

---------------------------------------------------------------
[ 2018-12-20T12:34:23+08:00 ] [ sql ] [ DB ] CONNECT:[ UseTime:0.044122s ] mysql:dbname=lhblog;host=139.199.109.135;charset=utf8
[ sql ] [ SQL ] SHOW COLUMNS FROM `lt_article` [ RunTime:0.039330s ]
[ sql ] [ SQL ] SELECT * FROM `lt_article` WHERE  `art_id` = 28 ORDER BY art_id desc LIMIT 1 [ RunTime:0.022573s ]
[ sql ] [ SQL ] SELECT * FROM `lt_article` WHERE  (  art_id<28 ) ORDER BY art_id desc LIMIT 1 [ RunTime:0.032657s ]
[ sql ] [ SQL ] SELECT * FROM `lt_article` WHERE  (  art_id>28 ) ORDER BY art_id desc LIMIT 1 [ RunTime:0.043671s ]
[ sql ] [ SQL ] SHOW COLUMNS FROM `lt_menu` [ RunTime:0.043453s ]
[ sql ] [ SQL ] SELECT `menu_id`,`menu_name` FROM `lt_menu` [ RunTime:0.043743s ]

---------------------------------------------------------------
[ 2018-12-20T12:54:18+08:00 ] [ sql ] [ DB ] CONNECT:[ UseTime:0.044171s ] mysql:dbname=lhblog;host=139.199.109.135;charset=utf8
[ sql ] [ SQL ] SHOW COLUMNS FROM `lt_article` [ RunTime:0.043390s ]
[ sql ] [ SQL ] SELECT * FROM `lt_article` WHERE  `art_id` = 15 ORDER BY art_id desc LIMIT 1 [ RunTime:0.043586s ]
[ sql ] [ SQL ] SELECT * FROM `lt_article` WHERE  (  art_id<15 ) ORDER BY art_id desc LIMIT 1 [ RunTime:0.043660s ]
[ sql ] [ SQL ] SELECT * FROM `lt_article` WHERE  (  art_id>15 ) ORDER BY art_id desc LIMIT 1 [ RunTime:0.043706s ]
[ sql ] [ SQL ] SHOW COLUMNS FROM `lt_menu` [ RunTime:0.043499s ]
[ sql ] [ SQL ] SELECT `menu_id`,`menu_name` FROM `lt_menu` [ RunTime:0.048745s ]

---------------------------------------------------------------
[ 2018-12-20T12:54:22+08:00 ] [ sql ] [ DB ] CONNECT:[ UseTime:0.046925s ] mysql:dbname=lhblog;host=139.199.109.135;charset=utf8
[ sql ] [ SQL ] SHOW COLUMNS FROM `lt_article` [ RunTime:0.013541s ]
[ sql ] [ SQL ] SELECT * FROM `lt_article` WHERE  `art_id` = 15 LIMIT 1 [ RunTime:0.043455s ]
[ sql ] [ SQL ] UPDATE `lt_article`  SET `art_hit`=49  WHERE  `art_id` = 15 [ RunTime:0.065902s ]

---------------------------------------------------------------
[ 2018-12-20T14:05:15+08:00 ] [ sql ] [ DB ] CONNECT:[ UseTime:0.043963s ] mysql:dbname=lhblog;host=139.199.109.135;charset=utf8
[ sql ] [ SQL ] SHOW COLUMNS FROM `lt_article` [ RunTime:0.043346s ]
[ sql ] [ SQL ] SELECT * FROM `lt_article` ORDER BY `art_hit`  desc LIMIT 6 [ RunTime:0.043674s ]
[ sql ] [ SQL ] SHOW COLUMNS FROM `lt_menu` [ RunTime:0.043345s ]
[ sql ] [ SQL ] SELECT * FROM `lt_menu` WHERE  `menu_parent` = 0  AND `menu_view` = 1 [ RunTime:0.043627s ]
[ sql ] [ SQL ] SELECT `menu_id`,`menu_name` FROM `lt_menu` [ RunTime:0.034586s ]
[ sql ] [ SQL ] SELECT COUNT(*) AS tp_count FROM `lt_article` WHERE  `art_pid` = 5 LIMIT 1 [ RunTime:0.023131s ]
[ sql ] [ SQL ] SELECT * FROM `lt_article` WHERE  `art_pid` = 5 ORDER BY art_id desc LIMIT 0,10 [ RunTime:0.043506s ]

---------------------------------------------------------------
[ 2018-12-20T14:15:12+08:00 ] [ sql ] [ DB ] CONNECT:[ UseTime:0.066122s ] mysql:dbname=lhblog;host=139.199.109.135;charset=utf8
[ sql ] [ SQL ] SHOW COLUMNS FROM `lt_article` [ RunTime:0.043340s ]
[ sql ] [ SQL ] SELECT * FROM `lt_article` WHERE  `art_id` = 26 ORDER BY art_id desc LIMIT 1 [ RunTime:0.043596s ]
[ sql ] [ SQL ] SELECT * FROM `lt_article` WHERE  (  art_id<26 ) ORDER BY art_id desc LIMIT 1 [ RunTime:0.044630s ]
[ sql ] [ SQL ] SELECT * FROM `lt_article` WHERE  (  art_id>26 ) ORDER BY art_id desc LIMIT 1 [ RunTime:0.045711s ]
[ sql ] [ SQL ] SHOW COLUMNS FROM `lt_menu` [ RunTime:0.043495s ]
[ sql ] [ SQL ] SELECT `menu_id`,`menu_name` FROM `lt_menu` [ RunTime:0.032709s ]

---------------------------------------------------------------
[ 2018-12-20T14:55:47+08:00 ] [ sql ] [ DB ] CONNECT:[ UseTime:0.032905s ] mysql:dbname=lhblog;host=139.199.109.135;charset=utf8
[ sql ] [ SQL ] SHOW COLUMNS FROM `lt_article` [ RunTime:0.044052s ]
[ sql ] [ SQL ] SELECT * FROM `lt_article` ORDER BY `art_id`  desc LIMIT 10 [ RunTime:0.054690s ]
[ sql ] [ SQL ] SHOW COLUMNS FROM `lt_link` [ RunTime:0.044120s ]
[ sql ] [ SQL ] SELECT * FROM `lt_link` ORDER BY link_id asc [ RunTime:0.043731s ]
[ sql ] [ SQL ] SELECT * FROM `lt_article` ORDER BY `art_hit`  desc LIMIT 6 [ RunTime:0.043531s ]
[ sql ] [ SQL ] SHOW COLUMNS FROM `lt_banner` [ RunTime:0.044132s ]
[ sql ] [ SQL ] SELECT * FROM `lt_banner` WHERE  `ban_view` = 1 ORDER BY `ban_Id`  desc LIMIT 2 [ RunTime:0.033168s ]
[ sql ] [ SQL ] SHOW COLUMNS FROM `lt_menu` [ RunTime:0.043766s ]
[ sql ] [ SQL ] SELECT `menu_id`,`menu_name` FROM `lt_menu` [ RunTime:0.032699s ]

---------------------------------------------------------------
[ 2018-12-20T15:22:30+08:00 ] [ sql ] [ DB ] CONNECT:[ UseTime:0.055090s ] mysql:dbname=lhblog;host=139.199.109.135;charset=utf8
[ sql ] [ SQL ] SHOW COLUMNS FROM `lt_article` [ RunTime:0.043377s ]
[ sql ] [ SQL ] SELECT * FROM `lt_article` WHERE  `art_id` = 21 ORDER BY art_id desc LIMIT 1 [ RunTime:0.043593s ]
[ sql ] [ SQL ] SELECT * FROM `lt_article` WHERE  (  art_id<21 ) ORDER BY art_id desc LIMIT 1 [ RunTime:0.043644s ]
[ sql ] [ SQL ] SELECT * FROM `lt_article` WHERE  (  art_id>21 ) ORDER BY art_id desc LIMIT 1 [ RunTime:0.043647s ]
[ sql ] [ SQL ] SHOW COLUMNS FROM `lt_menu` [ RunTime:0.043488s ]
[ sql ] [ SQL ] SELECT `menu_id`,`menu_name` FROM `lt_menu` [ RunTime:0.043740s ]

---------------------------------------------------------------
[ 2018-12-20T15:57:18+08:00 ] [ sql ] [ DB ] CONNECT:[ UseTime:0.054629s ] mysql:dbname=lhblog;host=139.199.109.135;charset=utf8
[ sql ] [ SQL ] SHOW COLUMNS FROM `lt_article` [ RunTime:0.043398s ]
[ sql ] [ SQL ] SELECT * FROM `lt_article` WHERE  `art_id` = 20 ORDER BY art_id desc LIMIT 1 [ RunTime:0.032568s ]
[ sql ] [ SQL ] SELECT * FROM `lt_article` WHERE  (  art_id<20 ) ORDER BY art_id desc LIMIT 1 [ RunTime:0.043629s ]
[ sql ] [ SQL ] SELECT * FROM `lt_article` WHERE  (  art_id>20 ) ORDER BY art_id desc LIMIT 1 [ RunTime:0.043719s ]
[ sql ] [ SQL ] SHOW COLUMNS FROM `lt_menu` [ RunTime:0.043427s ]
[ sql ] [ SQL ] SELECT `menu_id`,`menu_name` FROM `lt_menu` [ RunTime:0.043736s ]

---------------------------------------------------------------
[ 2018-12-20T16:15:55+08:00 ] [ sql ] [ DB ] CONNECT:[ UseTime:0.066173s ] mysql:dbname=lhblog;host=139.199.109.135;charset=utf8
[ sql ] [ SQL ] SHOW COLUMNS FROM `lt_article` [ RunTime:0.043351s ]
[ sql ] [ SQL ] SELECT * FROM `lt_article` WHERE  `art_id` = 12 ORDER BY art_id desc LIMIT 1 [ RunTime:0.043579s ]
[ sql ] [ SQL ] SELECT * FROM `lt_article` WHERE  (  art_id<12 ) ORDER BY art_id desc LIMIT 1 [ RunTime:0.043698s ]
[ sql ] [ SQL ] SELECT * FROM `lt_article` WHERE  (  art_id>12 ) ORDER BY art_id desc LIMIT 1 [ RunTime:0.032640s ]
[ sql ] [ SQL ] SHOW COLUMNS FROM `lt_menu` [ RunTime:0.023400s ]
[ sql ] [ SQL ] SELECT `menu_id`,`menu_name` FROM `lt_menu` [ RunTime:0.032750s ]

---------------------------------------------------------------
[ 2018-12-20T16:15:56+08:00 ] [ sql ] [ DB ] CONNECT:[ UseTime:0.066212s ] mysql:dbname=lhblog;host=139.199.109.135;charset=utf8
[ sql ] [ SQL ] SHOW COLUMNS FROM `lt_article` [ RunTime:0.043363s ]
[ sql ] [ SQL ] SELECT * FROM `lt_article` WHERE  `art_id` = 12 ORDER BY art_id desc LIMIT 1 [ RunTime:0.043590s ]
[ sql ] [ SQL ] SELECT * FROM `lt_article` WHERE  (  art_id<12 ) ORDER BY art_id desc LIMIT 1 [ RunTime:0.032661s ]
[ sql ] [ SQL ] SELECT * FROM `lt_article` WHERE  (  art_id>12 ) ORDER BY art_id desc LIMIT 1 [ RunTime:0.023663s ]
[ sql ] [ SQL ] SHOW COLUMNS FROM `lt_menu` [ RunTime:0.024459s ]
[ sql ] [ SQL ] SELECT `menu_id`,`menu_name` FROM `lt_menu` [ RunTime:0.043723s ]

---------------------------------------------------------------
[ 2018-12-20T16:17:14+08:00 ] [ sql ] [ DB ] CONNECT:[ UseTime:0.043937s ] mysql:dbname=lhblog;host=139.199.109.135;charset=utf8
[ sql ] [ SQL ] SHOW COLUMNS FROM `lt_article` [ RunTime:0.043390s ]
[ sql ] [ SQL ] SELECT * FROM `lt_article` WHERE  `art_id` = 12 LIMIT 1 [ RunTime:0.043583s ]
[ sql ] [ SQL ] UPDATE `lt_article`  SET `art_hit`=31  WHERE  `art_id` = 12 [ RunTime:0.074582s ]

---------------------------------------------------------------
[ 2018-12-20T16:45:45+08:00 ] [ sql ] [ DB ] CONNECT:[ UseTime:0.043806s ] mysql:dbname=lhblog;host=139.199.109.135;charset=utf8
[ sql ] [ SQL ] SHOW COLUMNS FROM `lt_article` [ RunTime:0.043362s ]
[ sql ] [ SQL ] SELECT * FROM `lt_article` WHERE  `art_id` = 13 ORDER BY art_id desc LIMIT 1 [ RunTime:0.043563s ]
[ sql ] [ SQL ] SELECT * FROM `lt_article` WHERE  (  art_id<13 ) ORDER BY art_id desc LIMIT 1 [ RunTime:0.043596s ]
[ sql ] [ SQL ] SELECT * FROM `lt_article` WHERE  (  art_id>13 ) ORDER BY art_id desc LIMIT 1 [ RunTime:0.043676s ]
[ sql ] [ SQL ] SHOW COLUMNS FROM `lt_menu` [ RunTime:0.043529s ]
[ sql ] [ SQL ] SELECT `menu_id`,`menu_name` FROM `lt_menu` [ RunTime:0.043705s ]

---------------------------------------------------------------
[ 2018-12-20T16:55:46+08:00 ] [ sql ] [ DB ] CONNECT:[ UseTime:0.054897s ] mysql:dbname=lhblog;host=139.199.109.135;charset=utf8
[ sql ] [ SQL ] SHOW COLUMNS FROM `lt_article` [ RunTime:0.038390s ]
[ sql ] [ SQL ] SELECT * FROM `lt_article` ORDER BY `art_hit`  desc LIMIT 6 [ RunTime:0.043662s ]
[ sql ] [ SQL ] SHOW COLUMNS FROM `lt_menu` [ RunTime:0.033126s ]
[ sql ] [ SQL ] SELECT * FROM `lt_menu` WHERE  `menu_parent` = 0  AND `menu_view` = 1 [ RunTime:0.023647s ]
[ sql ] [ SQL ] SELECT `menu_id`,`menu_name` FROM `lt_menu` [ RunTime:0.021922s ]
[ sql ] [ SQL ] SELECT COUNT(*) AS tp_count FROM `lt_article` WHERE  `art_pid` = 4 LIMIT 1 [ RunTime:0.033894s ]
[ sql ] [ SQL ] SELECT * FROM `lt_article` WHERE  `art_pid` = 4 ORDER BY art_id desc LIMIT 0,10 [ RunTime:0.065724s ]

---------------------------------------------------------------
[ 2018-12-20T18:08:27+08:00 ] [ sql ] [ DB ] CONNECT:[ UseTime:0.066069s ] mysql:dbname=lhblog;host=139.199.109.135;charset=utf8
[ sql ] [ SQL ] SHOW COLUMNS FROM `lt_article` [ RunTime:0.043335s ]
[ sql ] [ SQL ] SELECT * FROM `lt_article` ORDER BY `art_id`  desc LIMIT 10 [ RunTime:0.054616s ]
[ sql ] [ SQL ] SHOW COLUMNS FROM `lt_link` [ RunTime:0.032997s ]
[ sql ] [ SQL ] SELECT * FROM `lt_link` ORDER BY link_id asc [ RunTime:0.023555s ]
[ sql ] [ SQL ] SELECT * FROM `lt_article` ORDER BY `art_hit`  desc LIMIT 6 [ RunTime:0.037237s ]
[ sql ] [ SQL ] SHOW COLUMNS FROM `lt_banner` [ RunTime:0.043268s ]
[ sql ] [ SQL ] SELECT * FROM `lt_banner` WHERE  `ban_view` = 1 ORDER BY `ban_Id`  desc LIMIT 2 [ RunTime:0.043616s ]
[ sql ] [ SQL ] SHOW COLUMNS FROM `lt_menu` [ RunTime:0.043509s ]
[ sql ] [ SQL ] SELECT `menu_id`,`menu_name` FROM `lt_menu` [ RunTime:0.043695s ]

---------------------------------------------------------------
[ 2018-12-20T18:46:43+08:00 ] [ sql ] [ DB ] CONNECT:[ UseTime:0.044284s ] mysql:dbname=lhblog;host=139.199.109.135;charset=utf8
[ sql ] [ SQL ] SHOW COLUMNS FROM `lt_article` [ RunTime:0.051944s ]
[ sql ] [ SQL ] SELECT * FROM `lt_article` ORDER BY `art_id`  desc LIMIT 10 [ RunTime:0.054672s ]
[ sql ] [ SQL ] SHOW COLUMNS FROM `lt_link` [ RunTime:0.043404s ]
[ sql ] [ SQL ] SELECT * FROM `lt_link` ORDER BY link_id asc [ RunTime:0.043725s ]
[ sql ] [ SQL ] SELECT * FROM `lt_article` ORDER BY `art_hit`  desc LIMIT 6 [ RunTime:0.043725s ]
[ sql ] [ SQL ] SHOW COLUMNS FROM `lt_banner` [ RunTime:0.043356s ]
[ sql ] [ SQL ] SELECT * FROM `lt_banner` WHERE  `ban_view` = 1 ORDER BY `ban_Id`  desc LIMIT 2 [ RunTime:0.043660s ]
[ sql ] [ SQL ] SHOW COLUMNS FROM `lt_menu` [ RunTime:0.043518s ]
[ sql ] [ SQL ] SELECT `menu_id`,`menu_name` FROM `lt_menu` [ RunTime:0.043750s ]

---------------------------------------------------------------
[ 2018-12-20T18:56:43+08:00 ] [ sql ] [ DB ] CONNECT:[ UseTime:0.043868s ] mysql:dbname=lhblog;host=139.199.109.135;charset=utf8
[ sql ] [ SQL ] SHOW COLUMNS FROM `lt_article` [ RunTime:0.043367s ]
[ sql ] [ SQL ] SELECT * FROM `lt_article` WHERE  `art_id` = 8 ORDER BY art_id desc LIMIT 1 [ RunTime:0.043600s ]
[ sql ] [ SQL ] SELECT * FROM `lt_article` WHERE  (  art_id<8 ) ORDER BY art_id desc LIMIT 1 [ RunTime:0.043626s ]
[ sql ] [ SQL ] SELECT * FROM `lt_article` WHERE  (  art_id>8 ) ORDER BY art_id desc LIMIT 1 [ RunTime:0.032722s ]
[ sql ] [ SQL ] SHOW COLUMNS FROM `lt_menu` [ RunTime:0.043399s ]
[ sql ] [ SQL ] SELECT `menu_id`,`menu_name` FROM `lt_menu` [ RunTime:0.043754s ]

---------------------------------------------------------------
[ 2018-12-20T19:07:05+08:00 ] [ sql ] [ DB ] CONNECT:[ UseTime:0.056456s ] mysql:dbname=lhblog;host=139.199.109.135;charset=utf8
[ sql ] [ SQL ] SHOW COLUMNS FROM `lt_article` [ RunTime:0.003935s ]
[ sql ] [ SQL ] SELECT * FROM `lt_article` WHERE  `art_id` = 31 ORDER BY art_id desc LIMIT 1 [ RunTime:0.025000s ]
[ sql ] [ SQL ] SELECT * FROM `lt_article` WHERE  (  art_id<31 ) ORDER BY art_id desc LIMIT 1 [ RunTime:0.033677s ]
[ sql ] [ SQL ] SELECT * FROM `lt_article` WHERE  (  art_id>31 ) ORDER BY art_id desc LIMIT 1 [ RunTime:0.023791s ]
[ sql ] [ SQL ] SHOW COLUMNS FROM `lt_menu` [ RunTime:0.003131s ]
[ sql ] [ SQL ] SELECT `menu_id`,`menu_name` FROM `lt_menu` [ RunTime:0.023499s ]

---------------------------------------------------------------
[ 2018-12-20T19:47:38+08:00 ] [ sql ] [ DB ] CONNECT:[ UseTime:0.054789s ] mysql:dbname=lhblog;host=139.199.109.135;charset=utf8
[ sql ] [ SQL ] SHOW COLUMNS FROM `lt_article` [ RunTime:0.043352s ]
[ sql ] [ SQL ] SELECT * FROM `lt_article` WHERE  `art_id` = 21 ORDER BY art_id desc LIMIT 1 [ RunTime:0.043558s ]
[ sql ] [ SQL ] SELECT * FROM `lt_article` WHERE  (  art_id<21 ) ORDER BY art_id desc LIMIT 1 [ RunTime:0.043610s ]
[ sql ] [ SQL ] SELECT * FROM `lt_article` WHERE  (  art_id>21 ) ORDER BY art_id desc LIMIT 1 [ RunTime:0.043709s ]
[ sql ] [ SQL ] SHOW COLUMNS FROM `lt_menu` [ RunTime:0.043346s ]
[ sql ] [ SQL ] SELECT `menu_id`,`menu_name` FROM `lt_menu` [ RunTime:0.045727s ]

---------------------------------------------------------------
[ 2018-12-20T21:28:05+08:00 ] [ sql ] [ DB ] CONNECT:[ UseTime:0.034427s ] mysql:dbname=lhblog;host=139.199.109.135;charset=utf8
[ sql ] [ SQL ] SHOW COLUMNS FROM `lt_article` [ RunTime:0.023185s ]
[ sql ] [ SQL ] SELECT * FROM `lt_article` WHERE  `art_id` = 3 ORDER BY art_id desc LIMIT 1 [ RunTime:0.033420s ]
[ sql ] [ SQL ] SELECT * FROM `lt_article` WHERE  (  art_id<3 ) ORDER BY art_id desc LIMIT 1 [ RunTime:0.033416s ]
[ sql ] [ SQL ] SELECT * FROM `lt_article` WHERE  (  art_id>3 ) ORDER BY art_id desc LIMIT 1 [ RunTime:0.022744s ]
[ sql ] [ SQL ] SHOW COLUMNS FROM `lt_menu` [ RunTime:0.033564s ]
[ sql ] [ SQL ] SELECT `menu_id`,`menu_name` FROM `lt_menu` [ RunTime:0.032676s ]

---------------------------------------------------------------
[ 2018-12-20T21:31:22+08:00 ] [ error ] [8]未定义数组索引: id

---------------------------------------------------------------
[ 2018-12-20T21:40:02+08:00 ] [ sql ] [ DB ] CONNECT:[ UseTime:0.058624s ] mysql:dbname=lhblog;host=139.199.109.135;charset=utf8
[ sql ] [ SQL ] SHOW COLUMNS FROM `lt_article` [ RunTime:0.033714s ]
[ sql ] [ SQL ] SELECT * FROM `lt_article` ORDER BY `art_id`  desc LIMIT 10 [ RunTime:0.052979s ]
[ sql ] [ SQL ] SHOW COLUMNS FROM `lt_link` [ RunTime:0.014880s ]
[ sql ] [ SQL ] SELECT * FROM `lt_link` ORDER BY link_id asc [ RunTime:0.043783s ]
[ sql ] [ SQL ] SELECT * FROM `lt_article` ORDER BY `art_hit`  desc LIMIT 6 [ RunTime:0.240453s ]
[ sql ] [ SQL ] SHOW COLUMNS FROM `lt_banner` [ RunTime:0.043413s ]
[ sql ] [ SQL ] SELECT * FROM `lt_banner` WHERE  `ban_view` = 1 ORDER BY `ban_Id`  desc LIMIT 2 [ RunTime:0.043622s ]
[ sql ] [ SQL ] SHOW COLUMNS FROM `lt_menu` [ RunTime:0.033307s ]
[ sql ] [ SQL ] SELECT `menu_id`,`menu_name` FROM `lt_menu` [ RunTime:0.043668s ]

---------------------------------------------------------------
[ 2018-12-20T21:58:25+08:00 ] [ sql ] [ DB ] CONNECT:[ UseTime:0.074710s ] mysql:dbname=lhblog;host=139.199.109.135;charset=utf8
[ sql ] [ SQL ] SHOW COLUMNS FROM `lt_article` [ RunTime:0.043354s ]
[ sql ] [ SQL ] SELECT * FROM `lt_article` WHERE  `art_id` = 6 ORDER BY art_id desc LIMIT 1 [ RunTime:0.043613s ]
[ sql ] [ SQL ] SELECT * FROM `lt_article` WHERE  (  art_id<6 ) ORDER BY art_id desc LIMIT 1 [ RunTime:0.043659s ]
[ sql ] [ SQL ] SELECT * FROM `lt_article` WHERE  (  art_id>6 ) ORDER BY art_id desc LIMIT 1 [ RunTime:0.049675s ]
[ sql ] [ SQL ] SHOW COLUMNS FROM `lt_menu` [ RunTime:0.043454s ]
[ sql ] [ SQL ] SELECT `menu_id`,`menu_name` FROM `lt_menu` [ RunTime:0.043732s ]

---------------------------------------------------------------
[ 2018-12-20T22:59:20+08:00 ] [ sql ] [ DB ] CONNECT:[ UseTime:0.034963s ] mysql:dbname=lhblog;host=139.199.109.135;charset=utf8
[ sql ] [ SQL ] SHOW COLUMNS FROM `lt_article` [ RunTime:0.034443s ]
[ sql ] [ SQL ] SELECT * FROM `lt_article` WHERE  `art_id` = 23 ORDER BY art_id desc LIMIT 1 [ RunTime:0.024213s ]
[ sql ] [ SQL ] SELECT * FROM `lt_article` WHERE  (  art_id<23 ) ORDER BY art_id desc LIMIT 1 [ RunTime:0.033615s ]
[ sql ] [ SQL ] SELECT * FROM `lt_article` WHERE  (  art_id>23 ) ORDER BY art_id desc LIMIT 1 [ RunTime:0.043705s ]
[ sql ] [ SQL ] SHOW COLUMNS FROM `lt_menu` [ RunTime:0.044412s ]
[ sql ] [ SQL ] SELECT `menu_id`,`menu_name` FROM `lt_menu` [ RunTime:0.053734s ]

---------------------------------------------------------------
[ 2018-12-20T22:59:22+08:00 ] [ sql ] [ DB ] CONNECT:[ UseTime:0.033377s ] mysql:dbname=lhblog;host=139.199.109.135;charset=utf8
[ sql ] [ SQL ] SHOW COLUMNS FROM `lt_article` [ RunTime:0.035316s ]
[ sql ] [ SQL ] SELECT * FROM `lt_article` WHERE  `art_id` = 23 LIMIT 1 [ RunTime:0.046163s ]
[ sql ] [ SQL ] UPDATE `lt_article`  SET `art_hit`=23  WHERE  `art_id` = 23 [ RunTime:0.047242s ]

---------------------------------------------------------------
[ 2018-12-20T23:09:29+08:00 ] [ sql ] [ DB ] CONNECT:[ UseTime:0.044175s ] mysql:dbname=lhblog;host=139.199.109.135;charset=utf8
[ sql ] [ SQL ] SHOW COLUMNS FROM `lt_article` [ RunTime:0.043385s ]
[ sql ] [ SQL ] SELECT * FROM `lt_article` WHERE  `art_id` = 14 ORDER BY art_id desc LIMIT 1 [ RunTime:0.043605s ]
[ sql ] [ SQL ] SELECT * FROM `lt_article` WHERE  (  art_id<14 ) ORDER BY art_id desc LIMIT 1 [ RunTime:0.043615s ]
[ sql ] [ SQL ] SELECT * FROM `lt_article` WHERE  (  art_id>14 ) ORDER BY art_id desc LIMIT 1 [ RunTime:0.043746s ]
[ sql ] [ SQL ] SHOW COLUMNS FROM `lt_menu` [ RunTime:0.043393s ]
[ sql ] [ SQL ] SELECT `menu_id`,`menu_name` FROM `lt_menu` [ RunTime:0.043744s ]

---------------------------------------------------------------
[ 2018-12-20T23:09:36+08:00 ] [ sql ] [ DB ] CONNECT:[ UseTime:0.065844s ] mysql:dbname=lhblog;host=139.199.109.135;charset=utf8
[ sql ] [ SQL ] SHOW COLUMNS FROM `lt_article` [ RunTime:0.022338s ]
[ sql ] [ SQL ] SELECT * FROM `lt_article` WHERE  `art_id` = 14 LIMIT 1 [ RunTime:0.043578s ]
[ sql ] [ SQL ] UPDATE `lt_article`  SET `art_hit`=64  WHERE  `art_id` = 14 [ RunTime:0.089505s ]

---------------------------------------------------------------
