[ 2018-12-27T01:13:32+08:00 ] [ sql ] [ DB ] CONNECT:[ UseTime:0.044085s ] mysql:dbname=lhblog;host=139.199.109.135;charset=utf8
[ sql ] [ SQL ] SHOW COLUMNS FROM `lt_article` [ RunTime:0.043376s ]
[ sql ] [ SQL ] SELECT * FROM `lt_article` WHERE  `art_id` = 14 ORDER BY art_id desc LIMIT 1 [ RunTime:0.043604s ]
[ sql ] [ SQL ] SELECT * FROM `lt_article` WHERE  (  art_id<14 ) ORDER BY art_id desc LIMIT 1 [ RunTime:0.043583s ]
[ sql ] [ SQL ] SELECT * FROM `lt_article` WHERE  (  art_id>14 ) ORDER BY art_id desc LIMIT 1 [ RunTime:0.043695s ]
[ sql ] [ SQL ] SHOW COLUMNS FROM `lt_menu` [ RunTime:0.043499s ]
[ sql ] [ SQL ] SELECT `menu_id`,`menu_name` FROM `lt_menu` [ RunTime:0.043745s ]

---------------------------------------------------------------
[ 2018-12-27T01:29:15+08:00 ] [ sql ] [ DB ] CONNECT:[ UseTime:0.043754s ] mysql:dbname=lhblog;host=139.199.109.135;charset=utf8
[ sql ] [ SQL ] SHOW COLUMNS FROM `lt_article` [ RunTime:0.043403s ]
[ sql ] [ SQL ] SELECT * FROM `lt_article` ORDER BY `art_id`  desc LIMIT 10 [ RunTime:0.054393s ]
[ sql ] [ SQL ] SHOW COLUMNS FROM `lt_link` [ RunTime:0.043396s ]
[ sql ] [ SQL ] SELECT * FROM `lt_link` ORDER BY link_id asc [ RunTime:0.043570s ]
[ sql ] [ SQL ] SELECT * FROM `lt_article` ORDER BY `art_hit`  desc LIMIT 6 [ RunTime:0.043599s ]
[ sql ] [ SQL ] SHOW COLUMNS FROM `lt_banner` [ RunTime:0.023382s ]
[ sql ] [ SQL ] SELECT * FROM `lt_banner` WHERE  `ban_view` = 1 ORDER BY `ban_Id`  desc LIMIT 2 [ RunTime:0.033621s ]
[ sql ] [ SQL ] SHOW COLUMNS FROM `lt_menu` [ RunTime:0.043502s ]
[ sql ] [ SQL ] SELECT `menu_id`,`menu_name` FROM `lt_menu` [ RunTime:0.032738s ]

---------------------------------------------------------------
[ 2018-12-27T02:56:55+08:00 ] [ sql ] [ DB ] CONNECT:[ UseTime:0.044266s ] mysql:dbname=lhblog;host=139.199.109.135;charset=utf8
[ sql ] [ SQL ] SHOW COLUMNS FROM `lt_article` [ RunTime:0.043394s ]
[ sql ] [ SQL ] SELECT * FROM `lt_article` ORDER BY `art_id`  desc LIMIT 10 [ RunTime:0.054620s ]
[ sql ] [ SQL ] SHOW COLUMNS FROM `lt_link` [ RunTime:0.043392s ]
[ sql ] [ SQL ] SELECT * FROM `lt_link` ORDER BY link_id asc [ RunTime:0.043748s ]
[ sql ] [ SQL ] SELECT * FROM `lt_article` ORDER BY `art_hit`  desc LIMIT 6 [ RunTime:0.043715s ]
[ sql ] [ SQL ] SHOW COLUMNS FROM `lt_banner` [ RunTime:0.033109s ]
[ sql ] [ SQL ] SELECT * FROM `lt_banner` WHERE  `ban_view` = 1 ORDER BY `ban_Id`  desc LIMIT 2 [ RunTime:0.022954s ]
[ sql ] [ SQL ] SHOW COLUMNS FROM `lt_menu` [ RunTime:0.033510s ]
[ sql ] [ SQL ] SELECT `menu_id`,`menu_name` FROM `lt_menu` [ RunTime:0.043748s ]

---------------------------------------------------------------
[ 2018-12-27T03:10:16+08:00 ] [ sql ] [ DB ] CONNECT:[ UseTime:0.036851s ] mysql:dbname=lhblog;host=139.199.109.135;charset=utf8
[ sql ] [ SQL ] SHOW COLUMNS FROM `lt_article` [ RunTime:0.037366s ]
[ sql ] [ SQL ] SELECT * FROM `lt_article` ORDER BY `art_id`  desc LIMIT 10 [ RunTime:0.052392s ]
[ sql ] [ SQL ] SHOW COLUMNS FROM `lt_link` [ RunTime:0.031406s ]
[ sql ] [ SQL ] SELECT * FROM `lt_link` ORDER BY link_id asc [ RunTime:0.035675s ]
[ sql ] [ SQL ] SELECT * FROM `lt_article` ORDER BY `art_hit`  desc LIMIT 6 [ RunTime:0.042984s ]
[ sql ] [ SQL ] SHOW COLUMNS FROM `lt_banner` [ RunTime:0.036673s ]
[ sql ] [ SQL ] SELECT * FROM `lt_banner` WHERE  `ban_view` = 1 ORDER BY `ban_Id`  desc LIMIT 2 [ RunTime:0.028060s ]
[ sql ] [ SQL ] SHOW COLUMNS FROM `lt_menu` [ RunTime:0.037057s ]
[ sql ] [ SQL ] SELECT `menu_id`,`menu_name` FROM `lt_menu` [ RunTime:0.031428s ]

---------------------------------------------------------------
[ 2018-12-27T03:47:47+08:00 ] [ sql ] [ DB ] CONNECT:[ UseTime:0.044581s ] mysql:dbname=lhblog;host=139.199.109.135;charset=utf8
[ sql ] [ SQL ] SHOW COLUMNS FROM `lt_article` [ RunTime:0.023008s ]
[ sql ] [ SQL ] SELECT * FROM `lt_article` WHERE  `art_id` = 6 ORDER BY art_id desc LIMIT 1 [ RunTime:0.035716s ]
[ sql ] [ SQL ] SELECT * FROM `lt_article` WHERE  (  art_id<6 ) ORDER BY art_id desc LIMIT 1 [ RunTime:0.043635s ]
[ sql ] [ SQL ] SELECT * FROM `lt_article` WHERE  (  art_id>6 ) ORDER BY art_id desc LIMIT 1 [ RunTime:0.043713s ]
[ sql ] [ SQL ] SHOW COLUMNS FROM `lt_menu` [ RunTime:0.043388s ]
[ sql ] [ SQL ] SELECT `menu_id`,`menu_name` FROM `lt_menu` [ RunTime:0.032733s ]

---------------------------------------------------------------
[ 2018-12-27T06:51:36+08:00 ] [ sql ] [ DB ] CONNECT:[ UseTime:0.043775s ] mysql:dbname=lhblog;host=139.199.109.135;charset=utf8
[ sql ] [ SQL ] SHOW COLUMNS FROM `lt_article` [ RunTime:0.033094s ]
[ sql ] [ SQL ] SELECT * FROM `lt_article` WHERE  `art_id` = 21 ORDER BY art_id desc LIMIT 1 [ RunTime:0.022870s ]
[ sql ] [ SQL ] SELECT * FROM `lt_article` WHERE  (  art_id<21 ) ORDER BY art_id desc LIMIT 1 [ RunTime:0.033641s ]
[ sql ] [ SQL ] SELECT * FROM `lt_article` WHERE  (  art_id>21 ) ORDER BY art_id desc LIMIT 1 [ RunTime:0.015669s ]
[ sql ] [ SQL ] SHOW COLUMNS FROM `lt_menu` [ RunTime:0.043481s ]
[ sql ] [ SQL ] SELECT `menu_id`,`menu_name` FROM `lt_menu` [ RunTime:0.043741s ]

---------------------------------------------------------------
[ 2018-12-27T06:51:37+08:00 ] [ sql ] [ DB ] CONNECT:[ UseTime:0.033181s ] mysql:dbname=lhblog;host=139.199.109.135;charset=utf8
[ sql ] [ SQL ] SHOW COLUMNS FROM `lt_article` [ RunTime:0.032762s ]
[ sql ] [ SQL ] SELECT * FROM `lt_article` WHERE  `art_id` = 21 LIMIT 1 [ RunTime:0.043490s ]
[ sql ] [ SQL ] UPDATE `lt_article`  SET `art_hit`=40  WHERE  `art_id` = 21 [ RunTime:0.070463s ]

---------------------------------------------------------------
[ 2018-12-27T08:22:24+08:00 ] [ sql ] [ DB ] CONNECT:[ UseTime:0.044134s ] mysql:dbname=lhblog;host=139.199.109.135;charset=utf8
[ sql ] [ SQL ] SHOW COLUMNS FROM `lt_article` [ RunTime:0.043368s ]
[ sql ] [ SQL ] SELECT * FROM `lt_article` ORDER BY `art_id`  desc LIMIT 10 [ RunTime:0.044503s ]
[ sql ] [ SQL ] SHOW COLUMNS FROM `lt_link` [ RunTime:0.048371s ]
[ sql ] [ SQL ] SELECT * FROM `lt_link` ORDER BY link_id asc [ RunTime:0.043724s ]
[ sql ] [ SQL ] SELECT * FROM `lt_article` ORDER BY `art_hit`  desc LIMIT 6 [ RunTime:0.043734s ]
[ sql ] [ SQL ] SHOW COLUMNS FROM `lt_banner` [ RunTime:0.043335s ]
[ sql ] [ SQL ] SELECT * FROM `lt_banner` WHERE  `ban_view` = 1 ORDER BY `ban_Id`  desc LIMIT 2 [ RunTime:0.043651s ]
[ sql ] [ SQL ] SHOW COLUMNS FROM `lt_menu` [ RunTime:0.045524s ]
[ sql ] [ SQL ] SELECT `menu_id`,`menu_name` FROM `lt_menu` [ RunTime:0.032730s ]

---------------------------------------------------------------
[ 2018-12-27T08:56:54+08:00 ] [ sql ] [ DB ] CONNECT:[ UseTime:0.032780s ] mysql:dbname=lhblog;host=139.199.109.135;charset=utf8
[ sql ] [ SQL ] SHOW COLUMNS FROM `lt_article` [ RunTime:0.036363s ]
[ sql ] [ SQL ] SELECT * FROM `lt_article` ORDER BY `art_id`  desc LIMIT 10 [ RunTime:0.041464s ]
[ sql ] [ SQL ] SHOW COLUMNS FROM `lt_link` [ RunTime:0.036494s ]
[ sql ] [ SQL ] SELECT * FROM `lt_link` ORDER BY link_id asc [ RunTime:0.036741s ]
[ sql ] [ SQL ] SELECT * FROM `lt_article` ORDER BY `art_hit`  desc LIMIT 6 [ RunTime:0.029319s ]
[ sql ] [ SQL ] SHOW COLUMNS FROM `lt_banner` [ RunTime:0.036745s ]
[ sql ] [ SQL ] SELECT * FROM `lt_banner` WHERE  `ban_view` = 1 ORDER BY `ban_Id`  desc LIMIT 2 [ RunTime:0.036635s ]
[ sql ] [ SQL ] SHOW COLUMNS FROM `lt_menu` [ RunTime:0.029346s ]
[ sql ] [ SQL ] SELECT `menu_id`,`menu_name` FROM `lt_menu` [ RunTime:0.036921s ]

---------------------------------------------------------------
[ 2018-12-27T11:19:38+08:00 ] [ sql ] [ DB ] CONNECT:[ UseTime:0.065994s ] mysql:dbname=lhblog;host=139.199.109.135;charset=utf8
[ sql ] [ SQL ] SHOW COLUMNS FROM `lt_article` [ RunTime:0.043689s ]
[ sql ] [ SQL ] SELECT * FROM `lt_article` WHERE  `art_id` = 22 ORDER BY art_id desc LIMIT 1 [ RunTime:0.043595s ]
[ sql ] [ SQL ] SELECT * FROM `lt_article` WHERE  (  art_id<22 ) ORDER BY art_id desc LIMIT 1 [ RunTime:0.043628s ]
[ sql ] [ SQL ] SELECT * FROM `lt_article` WHERE  (  art_id>22 ) ORDER BY art_id desc LIMIT 1 [ RunTime:0.043674s ]
[ sql ] [ SQL ] SHOW COLUMNS FROM `lt_menu` [ RunTime:0.043712s ]
[ sql ] [ SQL ] SELECT `menu_id`,`menu_name` FROM `lt_menu` [ RunTime:0.032748s ]

---------------------------------------------------------------
[ 2018-12-27T12:17:48+08:00 ] [ sql ] [ DB ] CONNECT:[ UseTime:0.043751s ] mysql:dbname=lhblog;host=139.199.109.135;charset=utf8
[ sql ] [ SQL ] SHOW COLUMNS FROM `lt_article` [ RunTime:0.043347s ]
[ sql ] [ SQL ] SELECT * FROM `lt_article` WHERE  `art_id` = 22 ORDER BY art_id desc LIMIT 1 [ RunTime:0.043581s ]
[ sql ] [ SQL ] SELECT * FROM `lt_article` WHERE  (  art_id<22 ) ORDER BY art_id desc LIMIT 1 [ RunTime:0.043600s ]
[ sql ] [ SQL ] SELECT * FROM `lt_article` WHERE  (  art_id>22 ) ORDER BY art_id desc LIMIT 1 [ RunTime:0.043671s ]
[ sql ] [ SQL ] SHOW COLUMNS FROM `lt_menu` [ RunTime:0.043459s ]
[ sql ] [ SQL ] SELECT `menu_id`,`menu_name` FROM `lt_menu` [ RunTime:0.043727s ]

---------------------------------------------------------------
[ 2018-12-27T12:17:50+08:00 ] [ sql ] [ DB ] CONNECT:[ UseTime:0.044038s ] mysql:dbname=lhblog;host=139.199.109.135;charset=utf8
[ sql ] [ SQL ] SHOW COLUMNS FROM `lt_article` [ RunTime:0.043372s ]
[ sql ] [ SQL ] SELECT * FROM `lt_article` WHERE  `art_id` = 22 LIMIT 1 [ RunTime:0.043585s ]
[ sql ] [ SQL ] UPDATE `lt_article`  SET `art_hit`=48  WHERE  `art_id` = 22 [ RunTime:0.069576s ]

---------------------------------------------------------------
[ 2018-12-27T12:48:09+08:00 ] [ sql ] [ DB ] CONNECT:[ UseTime:0.044174s ] mysql:dbname=lhblog;host=139.199.109.135;charset=utf8
[ sql ] [ SQL ] SHOW COLUMNS FROM `lt_article` [ RunTime:0.043404s ]
[ sql ] [ SQL ] SELECT * FROM `lt_article` ORDER BY `art_hit`  desc LIMIT 6 [ RunTime:0.043462s ]
[ sql ] [ SQL ] SHOW COLUMNS FROM `lt_menu` [ RunTime:0.043419s ]
[ sql ] [ SQL ] SELECT * FROM `lt_menu` WHERE  `menu_parent` = 0  AND `menu_view` = 1 [ RunTime:0.043610s ]
[ sql ] [ SQL ] SELECT `menu_id`,`menu_name` FROM `lt_menu` [ RunTime:0.043631s ]
[ sql ] [ SQL ] SELECT COUNT(*) AS tp_count FROM `lt_article` WHERE  `art_pid` = 5 LIMIT 1 [ RunTime:0.043352s ]
[ sql ] [ SQL ] SELECT * FROM `lt_article` WHERE  `art_pid` = 5 ORDER BY art_id desc LIMIT 0,10 [ RunTime:0.054691s ]

---------------------------------------------------------------
[ 2018-12-27T13:18:04+08:00 ] [ sql ] [ DB ] CONNECT:[ UseTime:0.044258s ] mysql:dbname=lhblog;host=139.199.109.135;charset=utf8
[ sql ] [ SQL ] SHOW COLUMNS FROM `lt_article` [ RunTime:0.033020s ]
[ sql ] [ SQL ] SELECT * FROM `lt_article` ORDER BY `art_hit`  desc LIMIT 6 [ RunTime:0.044009s ]
[ sql ] [ SQL ] SHOW COLUMNS FROM `lt_menu` [ RunTime:0.043327s ]
[ sql ] [ SQL ] SELECT * FROM `lt_menu` WHERE  `menu_parent` = 0  AND `menu_view` = 1 [ RunTime:0.047631s ]
[ sql ] [ SQL ] SELECT `menu_id`,`menu_name` FROM `lt_menu` [ RunTime:0.043595s ]
[ sql ] [ SQL ] SELECT COUNT(*) AS tp_count FROM `lt_article` WHERE  `art_pid` = 2 LIMIT 1 [ RunTime:0.043925s ]
[ sql ] [ SQL ] SELECT * FROM `lt_article` WHERE  `art_pid` = 2 ORDER BY art_id desc LIMIT 0,10 [ RunTime:0.054711s ]

---------------------------------------------------------------
[ 2018-12-27T14:27:41+08:00 ] [ sql ] [ DB ] CONNECT:[ UseTime:0.044548s ] mysql:dbname=lhblog;host=139.199.109.135;charset=utf8
[ sql ] [ SQL ] SHOW COLUMNS FROM `lt_article` [ RunTime:0.032307s ]
[ sql ] [ SQL ] SELECT * FROM `lt_article` WHERE  `art_id` = 24 ORDER BY art_id desc LIMIT 1 [ RunTime:0.033565s ]
[ sql ] [ SQL ] SELECT * FROM `lt_article` WHERE  (  art_id<24 ) ORDER BY art_id desc LIMIT 1 [ RunTime:0.043668s ]
[ sql ] [ SQL ] SELECT * FROM `lt_article` WHERE  (  art_id>24 ) ORDER BY art_id desc LIMIT 1 [ RunTime:0.043643s ]
[ sql ] [ SQL ] SHOW COLUMNS FROM `lt_menu` [ RunTime:0.043406s ]
[ sql ] [ SQL ] SELECT `menu_id`,`menu_name` FROM `lt_menu` [ RunTime:0.043741s ]

---------------------------------------------------------------
[ 2018-12-27T14:28:05+08:00 ] [ sql ] [ DB ] CONNECT:[ UseTime:0.044040s ] mysql:dbname=lhblog;host=139.199.109.135;charset=utf8
[ sql ] [ SQL ] SHOW COLUMNS FROM `lt_article` [ RunTime:0.043346s ]
[ sql ] [ SQL ] SELECT * FROM `lt_article` WHERE  `art_id` = 24 LIMIT 1 [ RunTime:0.032456s ]
[ sql ] [ SQL ] UPDATE `lt_article`  SET `art_hit`=27  WHERE  `art_id` = 24 [ RunTime:0.050246s ]

---------------------------------------------------------------
[ 2018-12-27T20:04:00+08:00 ] [ sql ] [ DB ] CONNECT:[ UseTime:0.044244s ] mysql:dbname=lhblog;host=139.199.109.135;charset=utf8
[ sql ] [ SQL ] SHOW COLUMNS FROM `lt_article` [ RunTime:0.043387s ]
[ sql ] [ SQL ] SELECT * FROM `lt_article` ORDER BY `art_id`  desc LIMIT 10 [ RunTime:0.043630s ]
[ sql ] [ SQL ] SHOW COLUMNS FROM `lt_link` [ RunTime:0.043759s ]
[ sql ] [ SQL ] SELECT * FROM `lt_link` ORDER BY link_id asc [ RunTime:0.043739s ]
[ sql ] [ SQL ] SELECT * FROM `lt_article` ORDER BY `art_hit`  desc LIMIT 6 [ RunTime:0.043736s ]
[ sql ] [ SQL ] SHOW COLUMNS FROM `lt_banner` [ RunTime:0.043724s ]
[ sql ] [ SQL ] SELECT * FROM `lt_banner` WHERE  `ban_view` = 1 ORDER BY `ban_Id`  desc LIMIT 2 [ RunTime:0.043567s ]
[ sql ] [ SQL ] SHOW COLUMNS FROM `lt_menu` [ RunTime:0.033499s ]
[ sql ] [ SQL ] SELECT `menu_id`,`menu_name` FROM `lt_menu` [ RunTime:0.043762s ]

---------------------------------------------------------------
[ 2018-12-27T21:36:56+08:00 ] [ sql ] [ DB ] CONNECT:[ UseTime:0.034087s ] mysql:dbname=lhblog;host=139.199.109.135;charset=utf8
[ sql ] [ SQL ] SHOW COLUMNS FROM `lt_link` [ RunTime:0.043361s ]
[ sql ] [ SQL ] SELECT * FROM `lt_link` ORDER BY link_id asc [ RunTime:0.043781s ]

---------------------------------------------------------------
[ 2018-12-27T22:20:39+08:00 ] [ sql ] [ DB ] CONNECT:[ UseTime:0.044486s ] mysql:dbname=lhblog;host=139.199.109.135;charset=utf8
[ sql ] [ SQL ] SHOW COLUMNS FROM `lt_article` [ RunTime:0.043361s ]
[ sql ] [ SQL ] SELECT * FROM `lt_article` ORDER BY `art_hit`  desc LIMIT 6 [ RunTime:0.043661s ]
[ sql ] [ SQL ] SHOW COLUMNS FROM `lt_menu` [ RunTime:0.043370s ]
[ sql ] [ SQL ] SELECT * FROM `lt_menu` WHERE  `menu_parent` = 0  AND `menu_view` = 1 [ RunTime:0.043643s ]
[ sql ] [ SQL ] SELECT `menu_id`,`menu_name` FROM `lt_menu` [ RunTime:0.043645s ]
[ sql ] [ SQL ] SELECT COUNT(*) AS tp_count FROM `lt_article` WHERE  `art_pid` = 5 LIMIT 1 [ RunTime:0.043931s ]
[ sql ] [ SQL ] SELECT * FROM `lt_article` WHERE  `art_pid` = 5 ORDER BY art_id desc LIMIT 0,10 [ RunTime:0.054645s ]

---------------------------------------------------------------
[ 2018-12-27T22:20:40+08:00 ] [ sql ] [ DB ] CONNECT:[ UseTime:0.043981s ] mysql:dbname=lhblog;host=139.199.109.135;charset=utf8
[ sql ] [ SQL ] SHOW COLUMNS FROM `lt_article` [ RunTime:0.043355s ]
[ sql ] [ SQL ] SELECT * FROM `lt_article` ORDER BY `art_hit`  desc LIMIT 6 [ RunTime:0.032675s ]
[ sql ] [ SQL ] SHOW COLUMNS FROM `lt_menu` [ RunTime:0.043388s ]
[ sql ] [ SQL ] SELECT * FROM `lt_menu` WHERE  `menu_parent` = 0  AND `menu_view` = 1 [ RunTime:0.043608s ]
[ sql ] [ SQL ] SELECT `menu_id`,`menu_name` FROM `lt_menu` [ RunTime:0.043604s ]
[ sql ] [ SQL ] SELECT COUNT(*) AS tp_count FROM `lt_article` WHERE  `art_pid` = 5 LIMIT 1 [ RunTime:0.043919s ]
[ sql ] [ SQL ] SELECT * FROM `lt_article` WHERE  `art_pid` = 5 ORDER BY art_id desc LIMIT 0,10 [ RunTime:0.043834s ]

---------------------------------------------------------------
[ 2018-12-27T22:27:10+08:00 ] [ sql ] [ DB ] CONNECT:[ UseTime:0.044654s ] mysql:dbname=lhblog;host=139.199.109.135;charset=utf8
[ sql ] [ SQL ] SHOW COLUMNS FROM `lt_article` [ RunTime:0.044013s ]
[ sql ] [ SQL ] SELECT * FROM `lt_article` ORDER BY `art_id`  desc LIMIT 10 [ RunTime:0.054625s ]
[ sql ] [ SQL ] SHOW COLUMNS FROM `lt_link` [ RunTime:0.043385s ]
[ sql ] [ SQL ] SELECT * FROM `lt_link` ORDER BY link_id asc [ RunTime:0.043701s ]
[ sql ] [ SQL ] SELECT * FROM `lt_article` ORDER BY `art_hit`  desc LIMIT 6 [ RunTime:0.043692s ]
[ sql ] [ SQL ] SHOW COLUMNS FROM `lt_banner` [ RunTime:0.043251s ]
[ sql ] [ SQL ] SELECT * FROM `lt_banner` WHERE  `ban_view` = 1 ORDER BY `ban_Id`  desc LIMIT 2 [ RunTime:0.043674s ]
[ sql ] [ SQL ] SHOW COLUMNS FROM `lt_menu` [ RunTime:0.043319s ]
[ sql ] [ SQL ] SELECT `menu_id`,`menu_name` FROM `lt_menu` [ RunTime:0.043592s ]

---------------------------------------------------------------
