[ 2019-02-02T00:00:55+08:00 ] [ sql ] [ DB ] CONNECT:[ UseTime:0.038683s ] mysql:dbname=lhblog;host=139.199.109.135;charset=utf8
[ sql ] [ SQL ] SHOW COLUMNS FROM `lt_article` [ RunTime:0.008013s ]
[ sql ] [ SQL ] SELECT * FROM `lt_article` ORDER BY `art_id`  desc LIMIT 10 [ RunTime:0.027713s ]
[ sql ] [ SQL ] SHOW COLUMNS FROM `lt_link` [ RunTime:0.027251s ]
[ sql ] [ SQL ] SELECT * FROM `lt_link` ORDER BY link_id asc [ RunTime:0.007270s ]
[ sql ] [ SQL ] SELECT * FROM `lt_article` ORDER BY `art_hit`  desc LIMIT 6 [ RunTime:0.215659s ]
[ sql ] [ SQL ] SHOW COLUMNS FROM `lt_banner` [ RunTime:0.029956s ]
[ sql ] [ SQL ] SELECT * FROM `lt_banner` WHERE  `ban_view` = 1 ORDER BY `ban_Id`  desc LIMIT 2 [ RunTime:0.025870s ]
[ sql ] [ SQL ] SHOW COLUMNS FROM `lt_menu` [ RunTime:0.006549s ]
[ sql ] [ SQL ] SELECT `menu_id`,`menu_name` FROM `lt_menu` [ RunTime:0.014251s ]

---------------------------------------------------------------
[ 2019-02-02T00:01:08+08:00 ] [ sql ] [ DB ] CONNECT:[ UseTime:0.030106s ] mysql:dbname=lhblog;host=139.199.109.135;charset=utf8
[ sql ] [ SQL ] SHOW COLUMNS FROM `lt_article` [ RunTime:0.009301s ]
[ sql ] [ SQL ] SELECT * FROM `lt_article` WHERE  `art_id` = 31 ORDER BY art_id desc LIMIT 1 [ RunTime:0.003621s ]
[ sql ] [ SQL ] SELECT * FROM `lt_article` WHERE  (  art_id<31 ) ORDER BY art_id desc LIMIT 1 [ RunTime:0.003051s ]
[ sql ] [ SQL ] SELECT * FROM `lt_article` WHERE  (  art_id>31 ) ORDER BY art_id desc LIMIT 1 [ RunTime:0.013731s ]
[ sql ] [ SQL ] SHOW COLUMNS FROM `lt_menu` [ RunTime:0.003684s ]
[ sql ] [ SQL ] SELECT `menu_id`,`menu_name` FROM `lt_menu` [ RunTime:0.003111s ]

---------------------------------------------------------------
[ 2019-02-02T00:01:09+08:00 ] [ sql ] [ DB ] CONNECT:[ UseTime:0.007974s ] mysql:dbname=lhblog;host=139.199.109.135;charset=utf8
[ sql ] [ SQL ] SHOW COLUMNS FROM `lt_article` [ RunTime:0.015717s ]
[ sql ] [ SQL ] SELECT * FROM `lt_article` WHERE  `art_id` = 31 LIMIT 1 [ RunTime:0.015983s ]
[ sql ] [ SQL ] UPDATE `lt_article`  SET `art_hit`=24  WHERE  `art_id` = 31 [ RunTime:0.028405s ]

---------------------------------------------------------------
[ 2019-02-02T00:01:25+08:00 ] [ sql ] [ DB ] CONNECT:[ UseTime:0.021605s ] mysql:dbname=lhblog;host=139.199.109.135;charset=utf8
[ sql ] [ SQL ] SHOW COLUMNS FROM `lt_article` [ RunTime:0.006691s ]
[ sql ] [ SQL ] SELECT * FROM `lt_article` WHERE  `art_id` = 21 ORDER BY art_id desc LIMIT 1 [ RunTime:0.010714s ]
[ sql ] [ SQL ] SELECT * FROM `lt_article` WHERE  (  art_id<21 ) ORDER BY art_id desc LIMIT 1 [ RunTime:0.011734s ]
[ sql ] [ SQL ] SELECT * FROM `lt_article` WHERE  (  art_id>21 ) ORDER BY art_id desc LIMIT 1 [ RunTime:0.011898s ]
[ sql ] [ SQL ] SHOW COLUMNS FROM `lt_menu` [ RunTime:0.006909s ]
[ sql ] [ SQL ] SELECT `menu_id`,`menu_name` FROM `lt_menu` [ RunTime:0.009663s ]

---------------------------------------------------------------
[ 2019-02-02T00:01:26+08:00 ] [ sql ] [ DB ] CONNECT:[ UseTime:0.082026s ] mysql:dbname=lhblog;host=139.199.109.135;charset=utf8
[ sql ] [ SQL ] SHOW COLUMNS FROM `lt_article` [ RunTime:0.005908s ]
[ sql ] [ SQL ] SELECT * FROM `lt_article` WHERE  `art_id` = 21 LIMIT 1 [ RunTime:0.005966s ]
[ sql ] [ SQL ] UPDATE `lt_article`  SET `art_hit`=48  WHERE  `art_id` = 21 [ RunTime:0.045761s ]

---------------------------------------------------------------
[ 2019-02-02T00:01:46+08:00 ] [ sql ] [ DB ] CONNECT:[ UseTime:0.010792s ] mysql:dbname=lhblog;host=139.199.109.135;charset=utf8
[ sql ] [ SQL ] SHOW COLUMNS FROM `lt_article` [ RunTime:0.002445s ]
[ sql ] [ SQL ] SELECT * FROM `lt_article` ORDER BY `art_hit`  desc LIMIT 6 [ RunTime:0.004516s ]
[ sql ] [ SQL ] SHOW COLUMNS FROM `lt_menu` [ RunTime:0.007495s ]
[ sql ] [ SQL ] SELECT * FROM `lt_menu` WHERE  `menu_parent` = 0  AND `menu_view` = 1 [ RunTime:0.009678s ]
[ sql ] [ SQL ] SELECT `menu_id`,`menu_name` FROM `lt_menu` [ RunTime:0.003149s ]
[ sql ] [ SQL ] SELECT COUNT(*) AS tp_count FROM `lt_article` WHERE  `art_pid` = 1 LIMIT 1 [ RunTime:0.060971s ]
[ sql ] [ SQL ] SELECT * FROM `lt_article` WHERE  `art_pid` = 1 ORDER BY art_id desc LIMIT 0,10 [ RunTime:0.314760s ]

---------------------------------------------------------------
[ 2019-02-02T00:01:49+08:00 ] [ sql ] [ DB ] CONNECT:[ UseTime:0.010350s ] mysql:dbname=lhblog;host=139.199.109.135;charset=utf8
[ sql ] [ SQL ] SHOW COLUMNS FROM `lt_link` [ RunTime:0.003713s ]
[ sql ] [ SQL ] SELECT * FROM `lt_link` ORDER BY link_id asc [ RunTime:0.001324s ]

---------------------------------------------------------------
[ 2019-02-02T00:01:55+08:00 ] [ sql ] [ DB ] CONNECT:[ UseTime:0.001658s ] mysql:dbname=lhblog;host=139.199.109.135;charset=utf8
[ sql ] [ SQL ] SHOW COLUMNS FROM `lt_article` [ RunTime:0.001405s ]
[ sql ] [ SQL ] SELECT * FROM `lt_article` ORDER BY `art_hit`  desc LIMIT 6 [ RunTime:0.002166s ]
[ sql ] [ SQL ] SHOW COLUMNS FROM `lt_menu` [ RunTime:0.001090s ]
[ sql ] [ SQL ] SELECT * FROM `lt_menu` WHERE  `menu_parent` = 0  AND `menu_view` = 1 [ RunTime:0.000839s ]
[ sql ] [ SQL ] SELECT `menu_id`,`menu_name` FROM `lt_menu` [ RunTime:0.000770s ]
[ sql ] [ SQL ] SELECT COUNT(*) AS tp_count FROM `lt_article` WHERE  `art_pid` = 1 LIMIT 1 [ RunTime:0.000825s ]
[ sql ] [ SQL ] SELECT * FROM `lt_article` WHERE  `art_pid` = 1 ORDER BY art_id desc LIMIT 0,10 [ RunTime:0.407553s ]

---------------------------------------------------------------
[ 2019-02-02T00:01:57+08:00 ] [ sql ] [ DB ] CONNECT:[ UseTime:0.009464s ] mysql:dbname=lhblog;host=139.199.109.135;charset=utf8
[ sql ] [ SQL ] SHOW COLUMNS FROM `lt_article` [ RunTime:0.009557s ]
[ sql ] [ SQL ] SELECT * FROM `lt_article` ORDER BY `art_hit`  desc LIMIT 6 [ RunTime:0.010012s ]
[ sql ] [ SQL ] SHOW COLUMNS FROM `lt_menu` [ RunTime:0.003075s ]
[ sql ] [ SQL ] SELECT * FROM `lt_menu` WHERE  `menu_parent` = 0  AND `menu_view` = 1 [ RunTime:0.016621s ]
[ sql ] [ SQL ] SELECT `menu_id`,`menu_name` FROM `lt_menu` [ RunTime:0.002524s ]
[ sql ] [ SQL ] SELECT COUNT(*) AS tp_count FROM `lt_article` WHERE  `art_pid` = 3 LIMIT 1 [ RunTime:0.001117s ]
[ sql ] [ SQL ] SELECT * FROM `lt_article` WHERE  `art_pid` = 3 ORDER BY art_id desc LIMIT 0,10 [ RunTime:0.004927s ]

---------------------------------------------------------------
[ 2019-02-02T00:01:58+08:00 ] [ sql ] [ DB ] CONNECT:[ UseTime:0.017158s ] mysql:dbname=lhblog;host=139.199.109.135;charset=utf8
[ sql ] [ SQL ] SHOW COLUMNS FROM `lt_article` [ RunTime:0.003222s ]
[ sql ] [ SQL ] SELECT * FROM `lt_article` ORDER BY `art_hit`  desc LIMIT 6 [ RunTime:0.004831s ]
[ sql ] [ SQL ] SHOW COLUMNS FROM `lt_menu` [ RunTime:0.011046s ]
[ sql ] [ SQL ] SELECT * FROM `lt_menu` WHERE  `menu_parent` = 0  AND `menu_view` = 1 [ RunTime:0.002115s ]
[ sql ] [ SQL ] SELECT `menu_id`,`menu_name` FROM `lt_menu` [ RunTime:0.002096s ]
[ sql ] [ SQL ] SELECT COUNT(*) AS tp_count FROM `lt_article` WHERE  `art_pid` = 4 LIMIT 1 [ RunTime:0.000765s ]
[ sql ] [ SQL ] SELECT * FROM `lt_article` WHERE  `art_pid` = 4 ORDER BY art_id desc LIMIT 0,10 [ RunTime:0.002624s ]

---------------------------------------------------------------
[ 2019-02-02T00:02:01+08:00 ] [ sql ] [ DB ] CONNECT:[ UseTime:0.013619s ] mysql:dbname=lhblog;host=139.199.109.135;charset=utf8
[ sql ] [ SQL ] SHOW COLUMNS FROM `lt_article` [ RunTime:0.009374s ]
[ sql ] [ SQL ] SELECT * FROM `lt_article` ORDER BY `art_hit`  desc LIMIT 6 [ RunTime:0.018940s ]
[ sql ] [ SQL ] SHOW COLUMNS FROM `lt_menu` [ RunTime:0.013626s ]
[ sql ] [ SQL ] SELECT * FROM `lt_menu` WHERE  `menu_parent` = 0  AND `menu_view` = 1 [ RunTime:0.003002s ]
[ sql ] [ SQL ] SELECT `menu_id`,`menu_name` FROM `lt_menu` [ RunTime:0.009379s ]
[ sql ] [ SQL ] SELECT COUNT(*) AS tp_count FROM `lt_article` WHERE  `art_pid` = 5 LIMIT 1 [ RunTime:0.009540s ]
[ sql ] [ SQL ] SELECT * FROM `lt_article` WHERE  `art_pid` = 5 ORDER BY art_id desc LIMIT 0,10 [ RunTime:0.005725s ]

---------------------------------------------------------------
[ 2019-02-02T00:02:02+08:00 ] [ sql ] [ DB ] CONNECT:[ UseTime:0.001842s ] mysql:dbname=lhblog;host=139.199.109.135;charset=utf8
[ sql ] [ SQL ] SHOW COLUMNS FROM `lt_article` [ RunTime:0.001478s ]
[ sql ] [ SQL ] SELECT * FROM `lt_article` ORDER BY `art_hit`  desc LIMIT 6 [ RunTime:0.002277s ]
[ sql ] [ SQL ] SHOW COLUMNS FROM `lt_menu` [ RunTime:0.001289s ]
[ sql ] [ SQL ] SELECT * FROM `lt_menu` WHERE  `menu_parent` = 0  AND `menu_view` = 1 [ RunTime:0.001055s ]
[ sql ] [ SQL ] SELECT `menu_id`,`menu_name` FROM `lt_menu` [ RunTime:0.000921s ]
[ sql ] [ SQL ] SELECT COUNT(*) AS tp_count FROM `lt_article` WHERE  `art_pid` = 4 LIMIT 1 [ RunTime:0.001076s ]
[ sql ] [ SQL ] SELECT * FROM `lt_article` WHERE  `art_pid` = 4 ORDER BY art_id desc LIMIT 0,10 [ RunTime:0.002839s ]

---------------------------------------------------------------
[ 2019-02-02T00:02:03+08:00 ] [ sql ] [ DB ] CONNECT:[ UseTime:0.002102s ] mysql:dbname=lhblog;host=139.199.109.135;charset=utf8
[ sql ] [ SQL ] SHOW COLUMNS FROM `lt_article` [ RunTime:0.001603s ]
[ sql ] [ SQL ] SELECT * FROM `lt_article` WHERE  `art_id` = 11 ORDER BY art_id desc LIMIT 1 [ RunTime:0.001712s ]
[ sql ] [ SQL ] SELECT * FROM `lt_article` WHERE  (  art_id<11 ) ORDER BY art_id desc LIMIT 1 [ RunTime:0.001775s ]
[ sql ] [ SQL ] SELECT * FROM `lt_article` WHERE  (  art_id>11 ) ORDER BY art_id desc LIMIT 1 [ RunTime:0.001940s ]
[ sql ] [ SQL ] SHOW COLUMNS FROM `lt_menu` [ RunTime:0.001523s ]
[ sql ] [ SQL ] SELECT `menu_id`,`menu_name` FROM `lt_menu` [ RunTime:0.000941s ]

---------------------------------------------------------------
[ 2019-02-02T00:02:03+08:00 ] [ sql ] [ DB ] CONNECT:[ UseTime:0.001726s ] mysql:dbname=lhblog;host=139.199.109.135;charset=utf8
[ sql ] [ SQL ] SHOW COLUMNS FROM `lt_article` [ RunTime:0.001340s ]
[ sql ] [ SQL ] SELECT * FROM `lt_article` WHERE  `art_id` = 11 LIMIT 1 [ RunTime:0.001640s ]
[ sql ] [ SQL ] UPDATE `lt_article`  SET `art_hit`=39  WHERE  `art_id` = 11 [ RunTime:0.014884s ]

---------------------------------------------------------------
[ 2019-02-02T00:02:09+08:00 ] [ sql ] [ DB ] CONNECT:[ UseTime:0.019583s ] mysql:dbname=lhblog;host=139.199.109.135;charset=utf8
[ sql ] [ SQL ] SHOW COLUMNS FROM `lt_article` [ RunTime:0.022745s ]
[ sql ] [ SQL ] SELECT * FROM `lt_article` WHERE  `art_id` = 31 ORDER BY art_id desc LIMIT 1 [ RunTime:0.029841s ]
[ sql ] [ SQL ] SELECT * FROM `lt_article` WHERE  (  art_id<31 ) ORDER BY art_id desc LIMIT 1 [ RunTime:0.036363s ]
[ sql ] [ SQL ] SELECT * FROM `lt_article` WHERE  (  art_id>31 ) ORDER BY art_id desc LIMIT 1 [ RunTime:0.035665s ]
[ sql ] [ SQL ] SHOW COLUMNS FROM `lt_menu` [ RunTime:0.029872s ]
[ sql ] [ SQL ] SELECT `menu_id`,`menu_name` FROM `lt_menu` [ RunTime:0.023682s ]

---------------------------------------------------------------
[ 2019-02-02T00:02:17+08:00 ] [ sql ] [ DB ] CONNECT:[ UseTime:0.009257s ] mysql:dbname=lhblog;host=139.199.109.135;charset=utf8
[ sql ] [ SQL ] SHOW COLUMNS FROM `lt_article` [ RunTime:0.003570s ]
[ sql ] [ SQL ] SELECT * FROM `lt_article` ORDER BY `art_hit`  desc LIMIT 6 [ RunTime:0.004395s ]
[ sql ] [ SQL ] SHOW COLUMNS FROM `lt_menu` [ RunTime:0.007229s ]
[ sql ] [ SQL ] SELECT * FROM `lt_menu` WHERE  `menu_parent` = 0  AND `menu_view` = 1 [ RunTime:0.009787s ]
[ sql ] [ SQL ] SELECT `menu_id`,`menu_name` FROM `lt_menu` [ RunTime:0.010410s ]
[ sql ] [ SQL ] SELECT COUNT(*) AS tp_count FROM `lt_article` WHERE  `art_pid` = 3 LIMIT 1 [ RunTime:0.007861s ]
[ sql ] [ SQL ] SELECT * FROM `lt_article` WHERE  `art_pid` = 3 ORDER BY art_id desc LIMIT 0,10 [ RunTime:0.007845s ]

---------------------------------------------------------------
[ 2019-02-02T00:02:18+08:00 ] [ sql ] [ DB ] CONNECT:[ UseTime:0.017741s ] mysql:dbname=lhblog;host=139.199.109.135;charset=utf8
[ sql ] [ SQL ] SHOW COLUMNS FROM `lt_article` [ RunTime:0.017197s ]
[ sql ] [ SQL ] SELECT * FROM `lt_article` ORDER BY `art_hit`  desc LIMIT 6 [ RunTime:0.017351s ]
[ sql ] [ SQL ] SHOW COLUMNS FROM `lt_menu` [ RunTime:0.022309s ]
[ sql ] [ SQL ] SELECT * FROM `lt_menu` WHERE  `menu_parent` = 0  AND `menu_view` = 1 [ RunTime:0.007051s ]
[ sql ] [ SQL ] SELECT `menu_id`,`menu_name` FROM `lt_menu` [ RunTime:0.018296s ]
[ sql ] [ SQL ] SELECT COUNT(*) AS tp_count FROM `lt_article` WHERE  `art_pid` = 4 LIMIT 1 [ RunTime:0.004776s ]
[ sql ] [ SQL ] SELECT * FROM `lt_article` WHERE  `art_pid` = 4 ORDER BY art_id desc LIMIT 0,10 [ RunTime:0.016387s ]

---------------------------------------------------------------
[ 2019-02-02T00:02:19+08:00 ] [ sql ] [ DB ] CONNECT:[ UseTime:0.035809s ] mysql:dbname=lhblog;host=139.199.109.135;charset=utf8
[ sql ] [ SQL ] SHOW COLUMNS FROM `lt_article` [ RunTime:0.004290s ]
[ sql ] [ SQL ] SELECT * FROM `lt_article` ORDER BY `art_hit`  desc LIMIT 6 [ RunTime:0.008930s ]
[ sql ] [ SQL ] SHOW COLUMNS FROM `lt_menu` [ RunTime:0.002693s ]
[ sql ] [ SQL ] SELECT * FROM `lt_menu` WHERE  `menu_parent` = 0  AND `menu_view` = 1 [ RunTime:0.004278s ]
[ sql ] [ SQL ] SELECT `menu_id`,`menu_name` FROM `lt_menu` [ RunTime:0.000782s ]
[ sql ] [ SQL ] SELECT COUNT(*) AS tp_count FROM `lt_article` WHERE  `art_pid` = 5 LIMIT 1 [ RunTime:0.001499s ]
[ sql ] [ SQL ] SELECT * FROM `lt_article` WHERE  `art_pid` = 5 ORDER BY art_id desc LIMIT 0,10 [ RunTime:0.002590s ]

---------------------------------------------------------------
[ 2019-02-02T00:02:22+08:00 ] [ sql ] [ DB ] CONNECT:[ UseTime:0.029809s ] mysql:dbname=lhblog;host=139.199.109.135;charset=utf8
[ sql ] [ SQL ] SHOW COLUMNS FROM `lt_article` [ RunTime:0.007860s ]
[ sql ] [ SQL ] SELECT * FROM `lt_article` ORDER BY `art_hit`  desc LIMIT 6 [ RunTime:0.010163s ]
[ sql ] [ SQL ] SHOW COLUMNS FROM `lt_menu` [ RunTime:0.003219s ]
[ sql ] [ SQL ] SELECT * FROM `lt_menu` WHERE  `menu_parent` = 0  AND `menu_view` = 1 [ RunTime:0.002007s ]
[ sql ] [ SQL ] SELECT `menu_id`,`menu_name` FROM `lt_menu` [ RunTime:0.009057s ]
[ sql ] [ SQL ] SELECT COUNT(*) AS tp_count FROM `lt_article` WHERE  `art_pid` = 8 LIMIT 1 [ RunTime:0.008720s ]
[ sql ] [ SQL ] SELECT * FROM `lt_article` WHERE  `art_pid` = 8 ORDER BY art_id desc LIMIT 0,10 [ RunTime:0.006379s ]

---------------------------------------------------------------
[ 2019-02-02T00:02:23+08:00 ] [ sql ] [ DB ] CONNECT:[ UseTime:0.039994s ] mysql:dbname=lhblog;host=139.199.109.135;charset=utf8
[ sql ] [ SQL ] SHOW COLUMNS FROM `lt_article` [ RunTime:0.004033s ]
[ sql ] [ SQL ] SELECT * FROM `lt_article` ORDER BY `art_hit`  desc LIMIT 6 [ RunTime:0.010060s ]
[ sql ] [ SQL ] SHOW COLUMNS FROM `lt_menu` [ RunTime:0.037974s ]
[ sql ] [ SQL ] SELECT * FROM `lt_menu` WHERE  `menu_parent` = 0  AND `menu_view` = 1 [ RunTime:0.027617s ]
[ sql ] [ SQL ] SELECT `menu_id`,`menu_name` FROM `lt_menu` [ RunTime:0.037514s ]
[ sql ] [ SQL ] SELECT COUNT(*) AS tp_count FROM `lt_article` WHERE  `art_pid` = 7 LIMIT 1 [ RunTime:0.016307s ]
[ sql ] [ SQL ] SELECT * FROM `lt_article` WHERE  `art_pid` = 7 ORDER BY art_id desc LIMIT 0,10 [ RunTime:0.041862s ]

---------------------------------------------------------------
[ 2019-02-02T00:02:24+08:00 ] [ sql ] [ DB ] CONNECT:[ UseTime:0.058952s ] mysql:dbname=lhblog;host=139.199.109.135;charset=utf8
[ sql ] [ SQL ] SHOW COLUMNS FROM `lt_article` [ RunTime:0.003841s ]
[ sql ] [ SQL ] SELECT * FROM `lt_article` WHERE  `art_id` = 31 ORDER BY art_id desc LIMIT 1 [ RunTime:0.010349s ]
[ sql ] [ SQL ] SELECT * FROM `lt_article` WHERE  (  art_id<31 ) ORDER BY art_id desc LIMIT 1 [ RunTime:0.004843s ]
[ sql ] [ SQL ] SELECT * FROM `lt_article` WHERE  (  art_id>31 ) ORDER BY art_id desc LIMIT 1 [ RunTime:0.010349s ]
[ sql ] [ SQL ] SHOW COLUMNS FROM `lt_menu` [ RunTime:0.002948s ]
[ sql ] [ SQL ] SELECT `menu_id`,`menu_name` FROM `lt_menu` [ RunTime:0.002819s ]

---------------------------------------------------------------
[ 2019-02-02T00:02:25+08:00 ] [ sql ] [ DB ] CONNECT:[ UseTime:0.034162s ] mysql:dbname=lhblog;host=139.199.109.135;charset=utf8
[ sql ] [ SQL ] SHOW COLUMNS FROM `lt_article` [ RunTime:0.008376s ]
[ sql ] [ SQL ] SELECT * FROM `lt_article` WHERE  `art_id` = 31 LIMIT 1 [ RunTime:0.003223s ]
[ sql ] [ SQL ] UPDATE `lt_article`  SET `art_hit`=25  WHERE  `art_id` = 31 [ RunTime:0.027251s ]

---------------------------------------------------------------
[ 2019-02-02T00:02:25+08:00 ] [ sql ] [ DB ] CONNECT:[ UseTime:0.015258s ] mysql:dbname=lhblog;host=139.199.109.135;charset=utf8
[ sql ] [ SQL ] SHOW COLUMNS FROM `lt_article` [ RunTime:0.008255s ]
[ sql ] [ SQL ] SELECT * FROM `lt_article` WHERE  `art_id` = 21 ORDER BY art_id desc LIMIT 1 [ RunTime:0.001925s ]
[ sql ] [ SQL ] SELECT * FROM `lt_article` WHERE  (  art_id<21 ) ORDER BY art_id desc LIMIT 1 [ RunTime:0.003956s ]
[ sql ] [ SQL ] SELECT * FROM `lt_article` WHERE  (  art_id>21 ) ORDER BY art_id desc LIMIT 1 [ RunTime:0.226269s ]
[ sql ] [ SQL ] SHOW COLUMNS FROM `lt_menu` [ RunTime:0.026184s ]
[ sql ] [ SQL ] SELECT `menu_id`,`menu_name` FROM `lt_menu` [ RunTime:0.006676s ]

---------------------------------------------------------------
[ 2019-02-02T00:02:30+08:00 ] [ sql ] [ DB ] CONNECT:[ UseTime:0.175065s ] mysql:dbname=lhblog;host=139.199.109.135;charset=utf8
[ sql ] [ SQL ] SHOW COLUMNS FROM `lt_article` [ RunTime:0.007115s ]
[ sql ] [ SQL ] SELECT * FROM `lt_article` ORDER BY `art_hit`  desc LIMIT 6 [ RunTime:0.009017s ]
[ sql ] [ SQL ] SHOW COLUMNS FROM `lt_menu` [ RunTime:0.010770s ]
[ sql ] [ SQL ] SELECT * FROM `lt_menu` WHERE  `menu_parent` = 0  AND `menu_view` = 1 [ RunTime:0.001309s ]
[ sql ] [ SQL ] SELECT `menu_id`,`menu_name` FROM `lt_menu` [ RunTime:0.009372s ]
[ sql ] [ SQL ] SELECT COUNT(*) AS tp_count FROM `lt_article` WHERE  `art_pid` = 3 LIMIT 1 [ RunTime:0.002875s ]
[ sql ] [ SQL ] SELECT * FROM `lt_article` WHERE  `art_pid` = 3 ORDER BY art_id desc LIMIT 0,10 [ RunTime:0.007054s ]

---------------------------------------------------------------
[ 2019-02-02T00:02:31+08:00 ] [ sql ] [ DB ] CONNECT:[ UseTime:0.030912s ] mysql:dbname=lhblog;host=139.199.109.135;charset=utf8
[ sql ] [ SQL ] SHOW COLUMNS FROM `lt_article` [ RunTime:0.037197s ]
[ sql ] [ SQL ] SELECT * FROM `lt_article` ORDER BY `art_hit`  desc LIMIT 6 [ RunTime:0.036742s ]
[ sql ] [ SQL ] SHOW COLUMNS FROM `lt_menu` [ RunTime:0.030276s ]
[ sql ] [ SQL ] SELECT * FROM `lt_menu` WHERE  `menu_parent` = 0  AND `menu_view` = 1 [ RunTime:0.015248s ]
[ sql ] [ SQL ] SELECT `menu_id`,`menu_name` FROM `lt_menu` [ RunTime:0.005443s ]
[ sql ] [ SQL ] SELECT COUNT(*) AS tp_count FROM `lt_article` WHERE  `art_pid` = 4 LIMIT 1 [ RunTime:0.021260s ]
[ sql ] [ SQL ] SELECT * FROM `lt_article` WHERE  `art_pid` = 4 ORDER BY art_id desc LIMIT 0,10 [ RunTime:0.011408s ]

---------------------------------------------------------------
[ 2019-02-02T00:02:34+08:00 ] [ sql ] [ DB ] CONNECT:[ UseTime:0.039830s ] mysql:dbname=lhblog;host=139.199.109.135;charset=utf8
[ sql ] [ SQL ] SHOW COLUMNS FROM `lt_article` [ RunTime:0.030288s ]
[ sql ] [ SQL ] SELECT * FROM `lt_article` WHERE  `art_id` = 8 ORDER BY art_id desc LIMIT 1 [ RunTime:0.037652s ]
[ sql ] [ SQL ] SELECT * FROM `lt_article` WHERE  (  art_id<8 ) ORDER BY art_id desc LIMIT 1 [ RunTime:0.038602s ]
[ sql ] [ SQL ] SELECT * FROM `lt_article` WHERE  (  art_id>8 ) ORDER BY art_id desc LIMIT 1 [ RunTime:0.030504s ]
[ sql ] [ SQL ] SHOW COLUMNS FROM `lt_menu` [ RunTime:0.036677s ]
[ sql ] [ SQL ] SELECT `menu_id`,`menu_name` FROM `lt_menu` [ RunTime:0.036747s ]

---------------------------------------------------------------
[ 2019-02-02T00:02:34+08:00 ] [ sql ] [ DB ] CONNECT:[ UseTime:0.020633s ] mysql:dbname=lhblog;host=139.199.109.135;charset=utf8
[ sql ] [ SQL ] SHOW COLUMNS FROM `lt_article` [ RunTime:0.023582s ]
[ sql ] [ SQL ] SELECT * FROM `lt_article` WHERE  `art_id` = 8 LIMIT 1 [ RunTime:0.029643s ]
[ sql ] [ SQL ] UPDATE `lt_article`  SET `art_hit`=38  WHERE  `art_id` = 8 [ RunTime:0.072495s ]

---------------------------------------------------------------
[ 2019-02-02T00:02:39+08:00 ] [ sql ] [ DB ] CONNECT:[ UseTime:0.031334s ] mysql:dbname=lhblog;host=139.199.109.135;charset=utf8
[ sql ] [ SQL ] SHOW COLUMNS FROM `lt_article` [ RunTime:0.010590s ]
[ sql ] [ SQL ] SELECT * FROM `lt_article` ORDER BY `art_hit`  desc LIMIT 6 [ RunTime:0.005046s ]
[ sql ] [ SQL ] SHOW COLUMNS FROM `lt_menu` [ RunTime:0.009635s ]
[ sql ] [ SQL ] SELECT * FROM `lt_menu` WHERE  `menu_parent` = 0  AND `menu_view` = 1 [ RunTime:0.008939s ]
[ sql ] [ SQL ] SELECT `menu_id`,`menu_name` FROM `lt_menu` [ RunTime:0.003277s ]
[ sql ] [ SQL ] SELECT COUNT(*) AS tp_count FROM `lt_article` WHERE  `art_pid` = 2 LIMIT 1 [ RunTime:0.001771s ]
[ sql ] [ SQL ] SELECT * FROM `lt_article` WHERE  `art_pid` = 2 ORDER BY art_id desc LIMIT 0,10 [ RunTime:0.010852s ]

---------------------------------------------------------------
[ 2019-02-02T00:02:45+08:00 ] [ sql ] [ DB ] CONNECT:[ UseTime:0.038853s ] mysql:dbname=lhblog;host=139.199.109.135;charset=utf8
[ sql ] [ SQL ] SHOW COLUMNS FROM `lt_article` [ RunTime:0.029659s ]
[ sql ] [ SQL ] SELECT * FROM `lt_article` ORDER BY `art_hit`  desc LIMIT 6 [ RunTime:0.036400s ]
[ sql ] [ SQL ] SHOW COLUMNS FROM `lt_menu` [ RunTime:0.004942s ]
[ sql ] [ SQL ] SELECT * FROM `lt_menu` WHERE  `menu_parent` = 0  AND `menu_view` = 1 [ RunTime:0.021371s ]
[ sql ] [ SQL ] SELECT `menu_id`,`menu_name` FROM `lt_menu` [ RunTime:0.009501s ]
[ sql ] [ SQL ] SELECT COUNT(*) AS tp_count FROM `lt_article` WHERE  `art_pid` = 1 LIMIT 1 [ RunTime:0.003431s ]
[ sql ] [ SQL ] SELECT * FROM `lt_article` WHERE  `art_pid` = 1 ORDER BY art_id desc LIMIT 0,10 [ RunTime:0.433030s ]

---------------------------------------------------------------
[ 2019-02-02T00:02:49+08:00 ] [ sql ] [ DB ] CONNECT:[ UseTime:0.033175s ] mysql:dbname=lhblog;host=139.199.109.135;charset=utf8
[ sql ] [ SQL ] SHOW COLUMNS FROM `lt_link` [ RunTime:0.026062s ]
[ sql ] [ SQL ] SELECT * FROM `lt_link` ORDER BY link_id asc [ RunTime:0.005638s ]

---------------------------------------------------------------
[ 2019-02-02T00:02:57+08:00 ] [ sql ] [ DB ] CONNECT:[ UseTime:0.006013s ] mysql:dbname=lhblog;host=139.199.109.135;charset=utf8
[ sql ] [ SQL ] SHOW COLUMNS FROM `lt_article` [ RunTime:0.005232s ]
[ sql ] [ SQL ] SELECT * FROM `lt_article` ORDER BY `art_hit`  desc LIMIT 6 [ RunTime:0.005827s ]
[ sql ] [ SQL ] SHOW COLUMNS FROM `lt_menu` [ RunTime:0.008390s ]
[ sql ] [ SQL ] SELECT * FROM `lt_menu` WHERE  `menu_parent` = 0  AND `menu_view` = 1 [ RunTime:0.002536s ]
[ sql ] [ SQL ] SELECT `menu_id`,`menu_name` FROM `lt_menu` [ RunTime:0.007958s ]
[ sql ] [ SQL ] SELECT COUNT(*) AS tp_count FROM `lt_article` WHERE  `art_pid` = 3 LIMIT 1 [ RunTime:0.001809s ]
[ sql ] [ SQL ] SELECT * FROM `lt_article` WHERE  `art_pid` = 3 ORDER BY art_id desc LIMIT 0,10 [ RunTime:0.003577s ]

---------------------------------------------------------------
[ 2019-02-02T00:02:59+08:00 ] [ sql ] [ DB ] CONNECT:[ UseTime:0.001608s ] mysql:dbname=lhblog;host=139.199.109.135;charset=utf8
[ sql ] [ SQL ] SHOW COLUMNS FROM `lt_article` [ RunTime:0.001258s ]
[ sql ] [ SQL ] SELECT * FROM `lt_article` ORDER BY `art_id`  desc LIMIT 10 [ RunTime:1.020300s ]
[ sql ] [ SQL ] SHOW COLUMNS FROM `lt_link` [ RunTime:0.001239s ]
[ sql ] [ SQL ] SELECT * FROM `lt_link` ORDER BY link_id asc [ RunTime:0.000935s ]
[ sql ] [ SQL ] SELECT * FROM `lt_article` ORDER BY `art_hit`  desc LIMIT 6 [ RunTime:0.831084s ]
[ sql ] [ SQL ] SHOW COLUMNS FROM `lt_banner` [ RunTime:0.003550s ]
[ sql ] [ SQL ] SELECT * FROM `lt_banner` WHERE  `ban_view` = 1 ORDER BY `ban_Id`  desc LIMIT 2 [ RunTime:0.010825s ]
[ sql ] [ SQL ] SHOW COLUMNS FROM `lt_menu` [ RunTime:0.003010s ]
[ sql ] [ SQL ] SELECT `menu_id`,`menu_name` FROM `lt_menu` [ RunTime:0.010025s ]

---------------------------------------------------------------
[ 2019-02-02T00:03:01+08:00 ] [ sql ] [ DB ] CONNECT:[ UseTime:0.025795s ] mysql:dbname=lhblog;host=139.199.109.135;charset=utf8
[ sql ] [ SQL ] SHOW COLUMNS FROM `lt_article` [ RunTime:0.037457s ]
[ sql ] [ SQL ] SELECT * FROM `lt_article` ORDER BY `art_hit`  desc LIMIT 6 [ RunTime:0.018200s ]
[ sql ] [ SQL ] SHOW COLUMNS FROM `lt_menu` [ RunTime:0.010763s ]
[ sql ] [ SQL ] SELECT * FROM `lt_menu` WHERE  `menu_parent` = 0  AND `menu_view` = 1 [ RunTime:0.018231s ]
[ sql ] [ SQL ] SELECT `menu_id`,`menu_name` FROM `lt_menu` [ RunTime:0.011811s ]
[ sql ] [ SQL ] SELECT COUNT(*) AS tp_count FROM `lt_article` WHERE  `art_pid` = 5 LIMIT 1 [ RunTime:0.010320s ]
[ sql ] [ SQL ] SELECT * FROM `lt_article` WHERE  `art_pid` = 5 ORDER BY art_id desc LIMIT 0,10 [ RunTime:0.012114s ]

---------------------------------------------------------------
[ 2019-02-02T00:03:04+08:00 ] [ sql ] [ DB ] CONNECT:[ UseTime:0.017880s ] mysql:dbname=lhblog;host=139.199.109.135;charset=utf8
[ sql ] [ SQL ] SHOW COLUMNS FROM `lt_article` [ RunTime:0.019514s ]
[ sql ] [ SQL ] SELECT * FROM `lt_article` WHERE  `art_id` = 11 ORDER BY art_id desc LIMIT 1 [ RunTime:0.012461s ]
[ sql ] [ SQL ] SELECT * FROM `lt_article` WHERE  (  art_id<11 ) ORDER BY art_id desc LIMIT 1 [ RunTime:0.226640s ]
[ sql ] [ SQL ] SELECT * FROM `lt_article` WHERE  (  art_id>11 ) ORDER BY art_id desc LIMIT 1 [ RunTime:0.242795s ]
[ sql ] [ SQL ] SHOW COLUMNS FROM `lt_menu` [ RunTime:0.006637s ]
[ sql ] [ SQL ] SELECT `menu_id`,`menu_name` FROM `lt_menu` [ RunTime:0.008669s ]

---------------------------------------------------------------
[ 2019-02-02T00:03:22+08:00 ] [ sql ] [ DB ] CONNECT:[ UseTime:0.143214s ] mysql:dbname=lhblog;host=139.199.109.135;charset=utf8
[ sql ] [ SQL ] SHOW COLUMNS FROM `lt_article` [ RunTime:0.010227s ]
[ sql ] [ SQL ] SELECT * FROM `lt_article` ORDER BY `art_hit`  desc LIMIT 6 [ RunTime:0.010109s ]
[ sql ] [ SQL ] SHOW COLUMNS FROM `lt_menu` [ RunTime:0.009195s ]
[ sql ] [ SQL ] SELECT * FROM `lt_menu` WHERE  `menu_parent` = 0  AND `menu_view` = 1 [ RunTime:0.003752s ]
[ sql ] [ SQL ] SELECT `menu_id`,`menu_name` FROM `lt_menu` [ RunTime:0.002843s ]
[ sql ] [ SQL ] SELECT COUNT(*) AS tp_count FROM `lt_article` WHERE  `art_pid` = 8 LIMIT 1 [ RunTime:0.007701s ]
[ sql ] [ SQL ] SELECT * FROM `lt_article` WHERE  `art_pid` = 8 ORDER BY art_id desc LIMIT 0,10 [ RunTime:0.012729s ]

---------------------------------------------------------------
[ 2019-02-02T00:03:24+08:00 ] [ sql ] [ DB ] CONNECT:[ UseTime:0.036292s ] mysql:dbname=lhblog;host=139.199.109.135;charset=utf8
[ sql ] [ SQL ] SHOW COLUMNS FROM `lt_article` [ RunTime:0.006228s ]
[ sql ] [ SQL ] SELECT * FROM `lt_article` ORDER BY `art_hit`  desc LIMIT 6 [ RunTime:0.027458s ]
[ sql ] [ SQL ] SHOW COLUMNS FROM `lt_menu` [ RunTime:0.005234s ]
[ sql ] [ SQL ] SELECT * FROM `lt_menu` WHERE  `menu_parent` = 0  AND `menu_view` = 1 [ RunTime:0.006744s ]
[ sql ] [ SQL ] SELECT `menu_id`,`menu_name` FROM `lt_menu` [ RunTime:0.014008s ]
[ sql ] [ SQL ] SELECT COUNT(*) AS tp_count FROM `lt_article` WHERE  `art_pid` = 7 LIMIT 1 [ RunTime:0.011842s ]
[ sql ] [ SQL ] SELECT * FROM `lt_article` WHERE  `art_pid` = 7 ORDER BY art_id desc LIMIT 0,10 [ RunTime:1.227785s ]

---------------------------------------------------------------
[ 2019-02-02T00:03:34+08:00 ] [ sql ] [ DB ] CONNECT:[ UseTime:0.036278s ] mysql:dbname=lhblog;host=139.199.109.135;charset=utf8
[ sql ] [ SQL ] SHOW COLUMNS FROM `lt_article` [ RunTime:0.037352s ]
[ sql ] [ SQL ] SELECT * FROM `lt_article` WHERE  `art_id` = 8 ORDER BY art_id desc LIMIT 1 [ RunTime:0.029492s ]
[ sql ] [ SQL ] SELECT * FROM `lt_article` WHERE  (  art_id<8 ) ORDER BY art_id desc LIMIT 1 [ RunTime:0.015709s ]
[ sql ] [ SQL ] SELECT * FROM `lt_article` WHERE  (  art_id>8 ) ORDER BY art_id desc LIMIT 1 [ RunTime:0.015726s ]
[ sql ] [ SQL ] SHOW COLUMNS FROM `lt_menu` [ RunTime:0.009562s ]
[ sql ] [ SQL ] SELECT `menu_id`,`menu_name` FROM `lt_menu` [ RunTime:0.010197s ]

---------------------------------------------------------------
[ 2019-02-02T00:03:39+08:00 ] [ sql ] [ DB ] CONNECT:[ UseTime:0.036235s ] mysql:dbname=lhblog;host=139.199.109.135;charset=utf8
[ sql ] [ SQL ] SHOW COLUMNS FROM `lt_article` [ RunTime:0.036370s ]
[ sql ] [ SQL ] SELECT * FROM `lt_article` ORDER BY `art_hit`  desc LIMIT 6 [ RunTime:0.029383s ]
[ sql ] [ SQL ] SHOW COLUMNS FROM `lt_menu` [ RunTime:0.035648s ]
[ sql ] [ SQL ] SELECT * FROM `lt_menu` WHERE  `menu_parent` = 0  AND `menu_view` = 1 [ RunTime:0.026104s ]
[ sql ] [ SQL ] SELECT `menu_id`,`menu_name` FROM `lt_menu` [ RunTime:0.025436s ]
[ sql ] [ SQL ] SELECT COUNT(*) AS tp_count FROM `lt_article` WHERE  `art_pid` = 2 LIMIT 1 [ RunTime:0.009372s ]
[ sql ] [ SQL ] SELECT * FROM `lt_article` WHERE  `art_pid` = 2 ORDER BY art_id desc LIMIT 0,10 [ RunTime:0.020528s ]

---------------------------------------------------------------
[ 2019-02-02T04:55:35+08:00 ] [ sql ] [ DB ] CONNECT:[ UseTime:0.036902s ] mysql:dbname=lhblog;host=139.199.109.135;charset=utf8
[ sql ] [ SQL ] SHOW COLUMNS FROM `lt_article` [ RunTime:0.029593s ]
[ sql ] [ SQL ] SELECT * FROM `lt_article` WHERE  `art_id` = 21 ORDER BY art_id desc LIMIT 1 [ RunTime:0.036168s ]
[ sql ] [ SQL ] SELECT * FROM `lt_article` WHERE  (  art_id<21 ) ORDER BY art_id desc LIMIT 1 [ RunTime:0.015858s ]
[ sql ] [ SQL ] SELECT * FROM `lt_article` WHERE  (  art_id>21 ) ORDER BY art_id desc LIMIT 1 [ RunTime:0.010570s ]
[ sql ] [ SQL ] SHOW COLUMNS FROM `lt_menu` [ RunTime:0.010896s ]
[ sql ] [ SQL ] SELECT `menu_id`,`menu_name` FROM `lt_menu` [ RunTime:0.009246s ]

---------------------------------------------------------------
