[ 2019-02-24T10:50:34+08:00 ] [ sql ] [ DB ] CONNECT:[ UseTime:0.041906s ] mysql:dbname=lhblog;host=139.199.109.135;charset=utf8
[ sql ] [ SQL ] SHOW COLUMNS FROM `lt_article` [ RunTime:0.128258s ]
[ sql ] [ SQL ] SELECT * FROM `lt_article` WHERE  `art_id` = 18 ORDER BY art_id desc LIMIT 1 [ RunTime:0.133168s ]
[ sql ] [ SQL ] SELECT * FROM `lt_article` WHERE  (  art_id<18 ) ORDER BY art_id desc LIMIT 1 [ RunTime:0.029654s ]
[ sql ] [ SQL ] SELECT * FROM `lt_article` WHERE  (  art_id>18 ) ORDER BY art_id desc LIMIT 1 [ RunTime:0.026265s ]
[ sql ] [ SQL ] SHOW COLUMNS FROM `lt_menu` [ RunTime:0.036863s ]
[ sql ] [ SQL ] SELECT `menu_id`,`menu_name` FROM `lt_menu` [ RunTime:0.035755s ]

---------------------------------------------------------------
[ 2019-02-24T10:50:48+08:00 ] [ sql ] [ DB ] CONNECT:[ UseTime:0.046144s ] mysql:dbname=lhblog;host=139.199.109.135;charset=utf8
[ sql ] [ SQL ] SHOW COLUMNS FROM `lt_article` [ RunTime:0.016021s ]
[ sql ] [ SQL ] SELECT * FROM `lt_article` WHERE  `art_id` = 18 LIMIT 1 [ RunTime:0.035943s ]
[ sql ] [ SQL ] UPDATE `lt_article`  SET `art_hit`=107  WHERE  `art_id` = 18 [ RunTime:0.065450s ]

---------------------------------------------------------------
[ 2019-02-24T11:00:32+08:00 ] [ error ] [8]未定义数组索引: id

---------------------------------------------------------------
[ 2019-02-24T13:21:08+08:00 ] [ sql ] [ DB ] CONNECT:[ UseTime:0.009759s ] mysql:dbname=lhblog;host=139.199.109.135;charset=utf8
[ sql ] [ SQL ] SHOW COLUMNS FROM `lt_article` [ RunTime:0.057043s ]
[ sql ] [ SQL ] SELECT * FROM `lt_article` WHERE  `art_id` = 3 ORDER BY art_id desc LIMIT 1 [ RunTime:0.027854s ]
[ sql ] [ SQL ] SELECT * FROM `lt_article` WHERE  (  art_id<3 ) ORDER BY art_id desc LIMIT 1 [ RunTime:0.005684s ]
[ sql ] [ SQL ] SELECT * FROM `lt_article` WHERE  (  art_id>3 ) ORDER BY art_id desc LIMIT 1 [ RunTime:0.016881s ]
[ sql ] [ SQL ] SHOW COLUMNS FROM `lt_menu` [ RunTime:0.005815s ]
[ sql ] [ SQL ] SELECT `menu_id`,`menu_name` FROM `lt_menu` [ RunTime:0.009355s ]

---------------------------------------------------------------
[ 2019-02-24T14:21:17+08:00 ] [ sql ] [ DB ] CONNECT:[ UseTime:0.005802s ] mysql:dbname=lhblog;host=139.199.109.135;charset=utf8
[ sql ] [ SQL ] SHOW COLUMNS FROM `lt_article` [ RunTime:0.008254s ]
[ sql ] [ SQL ] SELECT * FROM `lt_article` ORDER BY `art_hit`  desc LIMIT 6 [ RunTime:0.009966s ]
[ sql ] [ SQL ] SHOW COLUMNS FROM `lt_menu` [ RunTime:0.003994s ]
[ sql ] [ SQL ] SELECT * FROM `lt_menu` WHERE  `menu_parent` = 0  AND `menu_view` = 1 [ RunTime:0.008133s ]
[ sql ] [ SQL ] SELECT `menu_id`,`menu_name` FROM `lt_menu` [ RunTime:0.013087s ]
[ sql ] [ SQL ] SELECT COUNT(*) AS tp_count FROM `lt_article` WHERE  `art_pid` = 1 LIMIT 1 [ RunTime:0.017655s ]
[ sql ] [ SQL ] SELECT * FROM `lt_article` WHERE  `art_pid` = 1 ORDER BY art_id desc LIMIT 0,10 [ RunTime:0.483520s ]

---------------------------------------------------------------
[ 2019-02-24T16:04:20+08:00 ] [ sql ] [ DB ] CONNECT:[ UseTime:0.031711s ] mysql:dbname=lhblog;host=139.199.109.135;charset=utf8
[ sql ] [ SQL ] SHOW COLUMNS FROM `lt_article` [ RunTime:0.228839s ]
[ sql ] [ SQL ] SELECT * FROM `lt_article` ORDER BY `art_id`  desc LIMIT 10 [ RunTime:6.527974s ]
[ sql ] [ SQL ] SHOW COLUMNS FROM `lt_link` [ RunTime:0.003359s ]
[ sql ] [ SQL ] SELECT * FROM `lt_link` ORDER BY link_id asc [ RunTime:0.007840s ]
[ sql ] [ SQL ] SELECT * FROM `lt_article` ORDER BY `art_hit`  desc LIMIT 6 [ RunTime:0.668281s ]
[ sql ] [ SQL ] SHOW COLUMNS FROM `lt_banner` [ RunTime:0.001544s ]
[ sql ] [ SQL ] SELECT * FROM `lt_banner` WHERE  `ban_view` = 1 ORDER BY `ban_Id`  desc LIMIT 2 [ RunTime:0.000908s ]
[ sql ] [ SQL ] SHOW COLUMNS FROM `lt_menu` [ RunTime:0.001150s ]
[ sql ] [ SQL ] SELECT `menu_id`,`menu_name` FROM `lt_menu` [ RunTime:0.001568s ]

---------------------------------------------------------------
[ 2019-02-24T16:05:32+08:00 ] [ sql ] [ DB ] CONNECT:[ UseTime:0.001600s ] mysql:dbname=lhblog;host=139.199.109.135;charset=utf8
[ sql ] [ SQL ] SHOW COLUMNS FROM `lt_article` [ RunTime:0.001282s ]
[ sql ] [ SQL ] SELECT * FROM `lt_article` ORDER BY `art_id`  desc LIMIT 10 [ RunTime:0.003364s ]
[ sql ] [ SQL ] SHOW COLUMNS FROM `lt_link` [ RunTime:0.001002s ]
[ sql ] [ SQL ] SELECT * FROM `lt_link` ORDER BY link_id asc [ RunTime:0.000759s ]
[ sql ] [ SQL ] SELECT * FROM `lt_article` ORDER BY `art_hit`  desc LIMIT 6 [ RunTime:0.216642s ]
[ sql ] [ SQL ] SHOW COLUMNS FROM `lt_banner` [ RunTime:0.001741s ]
[ sql ] [ SQL ] SELECT * FROM `lt_banner` WHERE  `ban_view` = 1 ORDER BY `ban_Id`  desc LIMIT 2 [ RunTime:0.003808s ]
[ sql ] [ SQL ] SHOW COLUMNS FROM `lt_menu` [ RunTime:0.002984s ]
[ sql ] [ SQL ] SELECT `menu_id`,`menu_name` FROM `lt_menu` [ RunTime:0.007758s ]

---------------------------------------------------------------
[ 2019-02-24T16:05:42+08:00 ] [ sql ] [ DB ] CONNECT:[ UseTime:0.219021s ] mysql:dbname=lhblog;host=139.199.109.135;charset=utf8
[ sql ] [ SQL ] SHOW COLUMNS FROM `lt_article` [ RunTime:0.408643s ]
[ sql ] [ SQL ] SELECT * FROM `lt_article` ORDER BY `art_id`  desc LIMIT 10 [ RunTime:4.782576s ]
[ sql ] [ SQL ] SHOW COLUMNS FROM `lt_link` [ RunTime:0.012262s ]
[ sql ] [ SQL ] SELECT * FROM `lt_link` ORDER BY link_id asc [ RunTime:0.006701s ]
[ sql ] [ SQL ] SELECT * FROM `lt_article` ORDER BY `art_hit`  desc LIMIT 6 [ RunTime:0.852316s ]
[ sql ] [ SQL ] SHOW COLUMNS FROM `lt_banner` [ RunTime:0.008821s ]
[ sql ] [ SQL ] SELECT * FROM `lt_banner` WHERE  `ban_view` = 1 ORDER BY `ban_Id`  desc LIMIT 2 [ RunTime:0.002452s ]
[ sql ] [ SQL ] SHOW COLUMNS FROM `lt_menu` [ RunTime:0.011964s ]
[ sql ] [ SQL ] SELECT `menu_id`,`menu_name` FROM `lt_menu` [ RunTime:0.013127s ]

---------------------------------------------------------------
[ 2019-02-24T16:06:32+08:00 ] [ sql ] [ DB ] CONNECT:[ UseTime:0.057703s ] mysql:dbname=lhblog;host=139.199.109.135;charset=utf8
[ sql ] [ SQL ] SHOW COLUMNS FROM `lt_article` [ RunTime:0.007712s ]
[ sql ] [ SQL ] SELECT * FROM `lt_article` ORDER BY `art_id`  desc LIMIT 10 [ RunTime:0.024467s ]
[ sql ] [ SQL ] SHOW COLUMNS FROM `lt_link` [ RunTime:0.029733s ]
[ sql ] [ SQL ] SELECT * FROM `lt_link` ORDER BY link_id asc [ RunTime:0.015073s ]
[ sql ] [ SQL ] SELECT * FROM `lt_article` ORDER BY `art_hit`  desc LIMIT 6 [ RunTime:0.226827s ]
[ sql ] [ SQL ] SHOW COLUMNS FROM `lt_banner` [ RunTime:0.002210s ]
[ sql ] [ SQL ] SELECT * FROM `lt_banner` WHERE  `ban_view` = 1 ORDER BY `ban_Id`  desc LIMIT 2 [ RunTime:0.001262s ]
[ sql ] [ SQL ] SHOW COLUMNS FROM `lt_menu` [ RunTime:0.008660s ]
[ sql ] [ SQL ] SELECT `menu_id`,`menu_name` FROM `lt_menu` [ RunTime:0.015044s ]

---------------------------------------------------------------
[ 2019-02-24T16:08:21+08:00 ] [ sql ] [ DB ] CONNECT:[ UseTime:0.031051s ] mysql:dbname=lhblog;host=139.199.109.135;charset=utf8
[ sql ] [ SQL ] SHOW COLUMNS FROM `lt_link` [ RunTime:0.036418s ]
[ sql ] [ SQL ] SELECT * FROM `lt_link` ORDER BY link_id asc [ RunTime:0.035714s ]

---------------------------------------------------------------
[ 2019-02-24T16:08:26+08:00 ] [ sql ] [ DB ] CONNECT:[ UseTime:0.035697s ] mysql:dbname=lhblog;host=139.199.109.135;charset=utf8
[ sql ] [ SQL ] SHOW COLUMNS FROM `lt_link` [ RunTime:0.036354s ]
[ sql ] [ SQL ] SELECT * FROM `lt_link` ORDER BY link_id asc [ RunTime:0.025749s ]

---------------------------------------------------------------
[ 2019-02-24T16:08:53+08:00 ] [ sql ] [ DB ] CONNECT:[ UseTime:0.037881s ] mysql:dbname=lhblog;host=139.199.109.135;charset=utf8
[ sql ] [ SQL ] SHOW COLUMNS FROM `lt_link` [ RunTime:0.028523s ]
[ sql ] [ SQL ] SELECT * FROM `lt_link` ORDER BY link_id asc [ RunTime:0.012813s ]

---------------------------------------------------------------
[ 2019-02-24T16:09:21+08:00 ] [ sql ] [ DB ] CONNECT:[ UseTime:0.067178s ] mysql:dbname=lhblog;host=139.199.109.135;charset=utf8
[ sql ] [ SQL ] SHOW COLUMNS FROM `lt_link` [ RunTime:0.004718s ]
[ sql ] [ SQL ] SELECT * FROM `lt_link` ORDER BY link_id asc [ RunTime:0.002736s ]

---------------------------------------------------------------
[ 2019-02-24T18:12:41+08:00 ] [ sql ] [ DB ] CONNECT:[ UseTime:0.030121s ] mysql:dbname=lhblog;host=139.199.109.135;charset=utf8
[ sql ] [ SQL ] SHOW COLUMNS FROM `lt_article` [ RunTime:0.030816s ]
[ sql ] [ SQL ] SELECT * FROM `lt_article` ORDER BY `art_hit`  desc LIMIT 6 [ RunTime:0.037212s ]
[ sql ] [ SQL ] SHOW COLUMNS FROM `lt_menu` [ RunTime:0.016293s ]
[ sql ] [ SQL ] SELECT * FROM `lt_menu` WHERE  `menu_parent` = 0  AND `menu_view` = 1 [ RunTime:0.036490s ]
[ sql ] [ SQL ] SELECT `menu_id`,`menu_name` FROM `lt_menu` [ RunTime:0.015277s ]
[ sql ] [ SQL ] SELECT COUNT(*) AS tp_count FROM `lt_article` WHERE  `art_pid` = 5 LIMIT 1 [ RunTime:0.002999s ]
[ sql ] [ SQL ] SELECT * FROM `lt_article` WHERE  `art_pid` = 5 ORDER BY art_id desc LIMIT 0,10 [ RunTime:0.009597s ]

---------------------------------------------------------------
