[ 2018-08-03T16:42:35+08:00 ] 127.0.0.1 127.0.0.1 GET /articleList-8.html
[ log ] www.blog.com/articleList-8.html [运行时间：12.907738s][吞吐率：0.08req/s] [内存消耗：4,273.62kb] [文件加载：49]
[ info ] [ LANG ] E:\wamp\www\blog\framework\lang\zh-cn.php
[ info ] [ ROUTE ] array (
  'type' => 'module',
  'module' => 
  array (
    0 => NULL,
    1 => 'article',
    2 => 'lists',
  ),
  'convert' => false,
)
[ info ] [ HEADER ] array (
  'host' => 'www.blog.com',
  'connection' => 'keep-alive',
  'user-agent' => 'Mozilla/5.0 (Windows NT 6.1; WOW64) AppleWebKit/537.36 (KHTML, like Gecko) Chrome/67.0.3396.87 Safari/537.36 OPR/54.0.2952.64',
  'accept-encoding' => 'gzip, deflate',
  'accept-language' => 'zh-CN,zh;q=0.9',
)
[ info ] [ PARAM ] array (
  'id' => '8',
)
[ info ] [ RUN ] app\index\controller\Article->lists[ E:\wamp\www\blog\application\index\controller\Article.php ]
[ info ] [ DB ] INIT mysql
[ info ] [ VIEW ] E:\wamp\www\blog\public/../application/index\view\article\lists.html [ array (
  0 => 'resByMenu',
  1 => 'resByList',
  2 => 'menuName',
  3 => 'id',
) ]
[ info ] [ LOG ] INIT File
[ sql ] [ DB ] CONNECT:[ UseTime:0.012001s ] mysql:dbname=lhblog;host=127.0.0.1;charset=utf8
[ sql ] [ SQL ] SHOW COLUMNS FROM `lt_menu` [ RunTime:0.340019s ]
[ sql ] [ SQL ] SELECT * FROM `lt_menu` WHERE  `menu_parent` = 0  AND `menu_view` = 1 [ RunTime:0.001000s ]
[ sql ] [ SQL ] SELECT `menu_id`,`menu_name` FROM `lt_menu` [ RunTime:0.001001s ]
[ sql ] [ SQL ] SHOW COLUMNS FROM `lt_article` [ RunTime:0.128008s ]
[ sql ] [ SQL ] SELECT * FROM `lt_article` WHERE  `art_pid` = 8 [ RunTime:0.002000s ]

---------------------------------------------------------------
[ 2018-08-03T16:42:36+08:00 ] 127.0.0.1 127.0.0.1 GET /favicon.ico
[ log ] www.blog.com/favicon.ico [运行时间：0.732042s][吞吐率：1.37req/s] [内存消耗：2,054.10kb] [文件加载：35]
[ info ] [ LANG ] E:\wamp\www\blog\framework\lang\zh-cn.php
[ info ] [ ROUTE ] array (
  'type' => 'module',
  'module' => 
  array (
    0 => 'favicon.ico',
    1 => NULL,
    2 => NULL,
  ),
)
[ info ] [ HEADER ] array (
  'host' => 'www.blog.com',
  'connection' => 'keep-alive',
  'user-agent' => 'Mozilla/5.0 (Windows NT 6.1; WOW64) AppleWebKit/537.36 (KHTML, like Gecko) Chrome/67.0.3396.87 Safari/537.36 OPR/54.0.2952.64',
  'accept-encoding' => 'gzip, deflate',
  'accept-language' => 'zh-CN,zh;q=0.9',
)
[ info ] [ PARAM ] array (
)
[ info ] [ LOG ] INIT File

---------------------------------------------------------------
[ 2018-08-03T16:42:37+08:00 ] 127.0.0.1 127.0.0.1 GET /images/t02.jpg
[ log ] www.blog.com/images/t02.jpg [运行时间：0.037002s][吞吐率：27.03req/s] [内存消耗：2,055.00kb] [文件加载：35]
[ info ] [ LANG ] E:\wamp\www\blog\framework\lang\zh-cn.php
[ info ] [ ROUTE ] array (
  'type' => 'module',
  'module' => 
  array (
    0 => 'images',
    1 => 't02.jpg',
    2 => NULL,
  ),
)
[ info ] [ HEADER ] array (
  'host' => 'www.blog.com',
  'connection' => 'keep-alive',
  'user-agent' => 'Mozilla/5.0 (Windows NT 6.1; WOW64) AppleWebKit/537.36 (KHTML, like Gecko) Chrome/67.0.3396.87 Safari/537.36 OPR/54.0.2952.64',
  'accept' => 'image/webp,image/apng,image/*,*/*;q=0.8',
  'referer' => 'http://www.blog.com/articleList-8.html',
  'accept-encoding' => 'gzip, deflate',
  'accept-language' => 'zh-CN,zh;q=0.9',
  'cookie' => 'pgv_pvi=5871137792; AJSTAT_ok_times=6; PHPSESSID=2ut36o75s4vapmireh82s56vd3; thinkphp_show_page_trace=0|0',
)
[ info ] [ PARAM ] array (
)
[ info ] [ LOG ] INIT File

---------------------------------------------------------------
[ 2018-08-03T16:42:37+08:00 ] 127.0.0.1 127.0.0.1 GET /images/b03.jpg
[ log ] www.blog.com/images/b03.jpg [运行时间：0.084005s][吞吐率：11.90req/s] [内存消耗：2,055.13kb] [文件加载：35]
[ info ] [ LANG ] E:\wamp\www\blog\framework\lang\zh-cn.php
[ info ] [ ROUTE ] array (
  'type' => 'module',
  'module' => 
  array (
    0 => 'images',
    1 => 'b03.jpg',
    2 => NULL,
  ),
)
[ info ] [ HEADER ] array (
  'host' => 'www.blog.com',
  'connection' => 'keep-alive',
  'user-agent' => 'Mozilla/5.0 (Windows NT 6.1; WOW64) AppleWebKit/537.36 (KHTML, like Gecko) Chrome/67.0.3396.87 Safari/537.36 OPR/54.0.2952.64',
  'accept' => 'image/webp,image/apng,image/*,*/*;q=0.8',
  'referer' => 'http://www.blog.com/articleList-8.html',
  'accept-encoding' => 'gzip, deflate',
  'accept-language' => 'zh-CN,zh;q=0.9',
  'cookie' => 'pgv_pvi=5871137792; AJSTAT_ok_times=6; PHPSESSID=2ut36o75s4vapmireh82s56vd3; thinkphp_show_page_trace=0|0',
)
[ info ] [ PARAM ] array (
)
[ info ] [ LOG ] INIT File

---------------------------------------------------------------
[ 2018-08-03T16:42:37+08:00 ] 127.0.0.1 127.0.0.1 GET /images/b04.jpg
[ log ] www.blog.com/images/b04.jpg [运行时间：0.079005s][吞吐率：12.66req/s] [内存消耗：2,055.00kb] [文件加载：35]
[ info ] [ LANG ] E:\wamp\www\blog\framework\lang\zh-cn.php
[ info ] [ ROUTE ] array (
  'type' => 'module',
  'module' => 
  array (
    0 => 'images',
    1 => 'b04.jpg',
    2 => NULL,
  ),
)
[ info ] [ HEADER ] array (
  'host' => 'www.blog.com',
  'connection' => 'keep-alive',
  'user-agent' => 'Mozilla/5.0 (Windows NT 6.1; WOW64) AppleWebKit/537.36 (KHTML, like Gecko) Chrome/67.0.3396.87 Safari/537.36 OPR/54.0.2952.64',
  'accept' => 'image/webp,image/apng,image/*,*/*;q=0.8',
  'referer' => 'http://www.blog.com/articleList-8.html',
  'accept-encoding' => 'gzip, deflate',
  'accept-language' => 'zh-CN,zh;q=0.9',
  'cookie' => 'pgv_pvi=5871137792; AJSTAT_ok_times=6; PHPSESSID=2ut36o75s4vapmireh82s56vd3; thinkphp_show_page_trace=0|0',
)
[ info ] [ PARAM ] array (
)
[ info ] [ LOG ] INIT File

---------------------------------------------------------------
[ 2018-08-03T16:42:37+08:00 ] 127.0.0.1 127.0.0.1 GET /images/b06.jpg
[ log ] www.blog.com/images/b06.jpg [运行时间：0.060003s][吞吐率：16.67req/s] [内存消耗：2,055.00kb] [文件加载：35]
[ info ] [ LANG ] E:\wamp\www\blog\framework\lang\zh-cn.php
[ info ] [ ROUTE ] array (
  'type' => 'module',
  'module' => 
  array (
    0 => 'images',
    1 => 'b06.jpg',
    2 => NULL,
  ),
)
[ info ] [ HEADER ] array (
  'host' => 'www.blog.com',
  'connection' => 'keep-alive',
  'user-agent' => 'Mozilla/5.0 (Windows NT 6.1; WOW64) AppleWebKit/537.36 (KHTML, like Gecko) Chrome/67.0.3396.87 Safari/537.36 OPR/54.0.2952.64',
  'accept' => 'image/webp,image/apng,image/*,*/*;q=0.8',
  'referer' => 'http://www.blog.com/articleList-8.html',
  'accept-encoding' => 'gzip, deflate',
  'accept-language' => 'zh-CN,zh;q=0.9',
  'cookie' => 'pgv_pvi=5871137792; AJSTAT_ok_times=6; PHPSESSID=2ut36o75s4vapmireh82s56vd3; thinkphp_show_page_trace=0|0',
)
[ info ] [ PARAM ] array (
)
[ info ] [ LOG ] INIT File

---------------------------------------------------------------
[ 2018-08-03T16:42:37+08:00 ] 127.0.0.1 127.0.0.1 GET /images/b05.jpg
[ log ] www.blog.com/images/b05.jpg [运行时间：0.060004s][吞吐率：16.67req/s] [内存消耗：2,055.00kb] [文件加载：35]
[ info ] [ LANG ] E:\wamp\www\blog\framework\lang\zh-cn.php
[ info ] [ ROUTE ] array (
  'type' => 'module',
  'module' => 
  array (
    0 => 'images',
    1 => 'b05.jpg',
    2 => NULL,
  ),
)
[ info ] [ HEADER ] array (
  'host' => 'www.blog.com',
  'connection' => 'keep-alive',
  'user-agent' => 'Mozilla/5.0 (Windows NT 6.1; WOW64) AppleWebKit/537.36 (KHTML, like Gecko) Chrome/67.0.3396.87 Safari/537.36 OPR/54.0.2952.64',
  'accept' => 'image/webp,image/apng,image/*,*/*;q=0.8',
  'referer' => 'http://www.blog.com/articleList-8.html',
  'accept-encoding' => 'gzip, deflate',
  'accept-language' => 'zh-CN,zh;q=0.9',
  'cookie' => 'pgv_pvi=5871137792; AJSTAT_ok_times=6; PHPSESSID=2ut36o75s4vapmireh82s56vd3; thinkphp_show_page_trace=0|0',
)
[ info ] [ PARAM ] array (
)
[ info ] [ LOG ] INIT File

---------------------------------------------------------------
[ 2018-08-03T16:42:38+08:00 ] 127.0.0.1 127.0.0.1 GET /images/mb02.jpg
[ log ] www.blog.com/images/mb02.jpg [运行时间：0.029001s][吞吐率：34.48req/s] [内存消耗：2,054.90kb] [文件加载：35]
[ info ] [ LANG ] E:\wamp\www\blog\framework\lang\zh-cn.php
[ info ] [ ROUTE ] array (
  'type' => 'module',
  'module' => 
  array (
    0 => 'images',
    1 => 'mb02.jpg',
    2 => NULL,
  ),
)
[ info ] [ HEADER ] array (
  'host' => 'www.blog.com',
  'connection' => 'keep-alive',
  'user-agent' => 'Mozilla/5.0 (Windows NT 6.1; WOW64) AppleWebKit/537.36 (KHTML, like Gecko) Chrome/67.0.3396.87 Safari/537.36 OPR/54.0.2952.64',
  'accept' => 'image/webp,image/apng,image/*,*/*;q=0.8',
  'referer' => 'http://www.blog.com/articleList-8.html',
  'accept-encoding' => 'gzip, deflate',
  'accept-language' => 'zh-CN,zh;q=0.9',
  'cookie' => 'pgv_pvi=5871137792; AJSTAT_ok_times=6; PHPSESSID=2ut36o75s4vapmireh82s56vd3; thinkphp_show_page_trace=0|0',
)
[ info ] [ PARAM ] array (
)
[ info ] [ LOG ] INIT File

---------------------------------------------------------------
[ 2018-08-03T16:42:38+08:00 ] 127.0.0.1 127.0.0.1 GET /images/wx.jpg
[ log ] www.blog.com/images/wx.jpg [运行时间：0.060003s][吞吐率：16.67req/s] [内存消耗：2,054.65kb] [文件加载：35]
[ info ] [ LANG ] E:\wamp\www\blog\framework\lang\zh-cn.php
[ info ] [ ROUTE ] array (
  'type' => 'module',
  'module' => 
  array (
    0 => 'images',
    1 => 'wx.jpg',
    2 => NULL,
  ),
)
[ info ] [ HEADER ] array (
  'host' => 'www.blog.com',
  'connection' => 'keep-alive',
  'user-agent' => 'Mozilla/5.0 (Windows NT 6.1; WOW64) AppleWebKit/537.36 (KHTML, like Gecko) Chrome/67.0.3396.87 Safari/537.36 OPR/54.0.2952.64',
  'accept' => 'image/webp,image/apng,image/*,*/*;q=0.8',
  'referer' => 'http://www.blog.com/articleList-8.html',
  'accept-encoding' => 'gzip, deflate',
  'accept-language' => 'zh-CN,zh;q=0.9',
  'cookie' => 'pgv_pvi=5871137792; AJSTAT_ok_times=6; PHPSESSID=2ut36o75s4vapmireh82s56vd3; thinkphp_show_page_trace=0|0',
)
[ info ] [ PARAM ] array (
)
[ info ] [ LOG ] INIT File

---------------------------------------------------------------
[ 2018-08-03T16:42:38+08:00 ] 127.0.0.1 127.0.0.1 GET /STATIC/home/img/logo.png
[ log ] www.blog.com/STATIC/home/img/logo.png [运行时间：0.038002s][吞吐率：26.31req/s] [内存消耗：2,055.54kb] [文件加载：35]
[ info ] [ LANG ] E:\wamp\www\blog\framework\lang\zh-cn.php
[ info ] [ ROUTE ] array (
  'type' => 'module',
  'module' => 
  array (
    0 => 'static',
    1 => 'home',
    2 => 'img',
  ),
)
[ info ] [ HEADER ] array (
  'host' => 'www.blog.com',
  'connection' => 'keep-alive',
  'user-agent' => 'Mozilla/5.0 (Windows NT 6.1; WOW64) AppleWebKit/537.36 (KHTML, like Gecko) Chrome/67.0.3396.87 Safari/537.36 OPR/54.0.2952.64',
  'accept' => 'image/webp,image/apng,image/*,*/*;q=0.8',
  'referer' => 'http://www.blog.com/static/home/css/base.css',
  'accept-encoding' => 'gzip, deflate',
  'accept-language' => 'zh-CN,zh;q=0.9',
  'cookie' => 'pgv_pvi=5871137792; AJSTAT_ok_times=6; PHPSESSID=2ut36o75s4vapmireh82s56vd3; thinkphp_show_page_trace=0|0',
  'if-none-match' => '"41c-5705def2bf490"',
  'if-modified-since' => 'Sat, 07 Jul 2018 00:33:50 GMT',
)
[ info ] [ PARAM ] array (
)
[ info ] [ LOG ] INIT File

---------------------------------------------------------------
[ 2018-08-03T16:42:38+08:00 ] 127.0.0.1 127.0.0.1 GET /favicon.ico
[ log ] www.blog.com/favicon.ico [运行时间：0.040002s][吞吐率：25.00req/s] [内存消耗：2,055.05kb] [文件加载：35]
[ info ] [ LANG ] E:\wamp\www\blog\framework\lang\zh-cn.php
[ info ] [ ROUTE ] array (
  'type' => 'module',
  'module' => 
  array (
    0 => 'favicon.ico',
    1 => NULL,
    2 => NULL,
  ),
)
[ info ] [ HEADER ] array (
  'host' => 'www.blog.com',
  'connection' => 'keep-alive',
  'user-agent' => 'Mozilla/5.0 (Windows NT 6.1; WOW64) AppleWebKit/537.36 (KHTML, like Gecko) Chrome/67.0.3396.87 Safari/537.36 OPR/54.0.2952.64',
  'accept' => 'image/webp,image/apng,image/*,*/*;q=0.8',
  'referer' => 'http://www.blog.com/articleList-8.html',
  'accept-encoding' => 'gzip, deflate',
  'accept-language' => 'zh-CN,zh;q=0.9',
  'cookie' => 'pgv_pvi=5871137792; AJSTAT_ok_times=6; PHPSESSID=2ut36o75s4vapmireh82s56vd3; thinkphp_show_page_trace=0|0',
)
[ info ] [ PARAM ] array (
)
[ info ] [ LOG ] INIT File

---------------------------------------------------------------
