[ 2018-08-29T00:48:17+08:00 ] [ sql ] [ DB ] CONNECT:[ UseTime:0.001513s ] mysql:dbname=lhblog;host=139.199.109.135;charset=utf8
[ sql ] [ SQL ] SHOW COLUMNS FROM `lt_article` [ RunTime:0.001169s ]
[ sql ] [ SQL ] SELECT * FROM `lt_article` ORDER BY `art_id`  desc LIMIT 10 [ RunTime:0.002678s ]
[ sql ] [ SQL ] SHOW COLUMNS FROM `lt_link` [ RunTime:0.001083s ]
[ sql ] [ SQL ] SELECT * FROM `lt_link` ORDER BY link_id asc [ RunTime:0.000774s ]
[ sql ] [ SQL ] SELECT * FROM `lt_article` ORDER BY `art_hit`  desc LIMIT 6 [ RunTime:0.425333s ]
[ sql ] [ SQL ] SHOW COLUMNS FROM `lt_banner` [ RunTime:0.001186s ]
[ sql ] [ SQL ] SELECT * FROM `lt_banner` WHERE  `ban_view` = 1 ORDER BY `ban_Id`  desc LIMIT 2 [ RunTime:0.000823s ]
[ sql ] [ SQL ] SHOW COLUMNS FROM `lt_menu` [ RunTime:0.000960s ]
[ sql ] [ SQL ] SELECT `menu_id`,`menu_name` FROM `lt_menu` [ RunTime:0.000707s ]

---------------------------------------------------------------
[ 2018-08-29T01:18:30+08:00 ] [ sql ] [ DB ] CONNECT:[ UseTime:0.001639s ] mysql:dbname=lhblog;host=139.199.109.135;charset=utf8
[ sql ] [ SQL ] SHOW COLUMNS FROM `lt_article` [ RunTime:0.001173s ]
[ sql ] [ SQL ] SELECT * FROM `lt_article` ORDER BY `art_id`  desc LIMIT 10 [ RunTime:0.003278s ]
[ sql ] [ SQL ] SHOW COLUMNS FROM `lt_link` [ RunTime:0.001052s ]
[ sql ] [ SQL ] SELECT * FROM `lt_link` ORDER BY link_id asc [ RunTime:0.000821s ]
[ sql ] [ SQL ] SELECT * FROM `lt_article` ORDER BY `art_hit`  desc LIMIT 6 [ RunTime:0.415383s ]
[ sql ] [ SQL ] SHOW COLUMNS FROM `lt_banner` [ RunTime:0.001478s ]
[ sql ] [ SQL ] SELECT * FROM `lt_banner` WHERE  `ban_view` = 1 ORDER BY `ban_Id`  desc LIMIT 2 [ RunTime:0.000968s ]
[ sql ] [ SQL ] SHOW COLUMNS FROM `lt_menu` [ RunTime:0.001243s ]
[ sql ] [ SQL ] SELECT `menu_id`,`menu_name` FROM `lt_menu` [ RunTime:0.001597s ]

---------------------------------------------------------------
[ 2018-08-29T01:18:31+08:00 ] [ sql ] [ DB ] CONNECT:[ UseTime:0.004103s ] mysql:dbname=lhblog;host=139.199.109.135;charset=utf8
[ sql ] [ SQL ] SHOW COLUMNS FROM `lt_article` [ RunTime:0.001359s ]
[ sql ] [ SQL ] SELECT * FROM `lt_article` ORDER BY `art_id`  desc LIMIT 10 [ RunTime:0.246894s ]
[ sql ] [ SQL ] SHOW COLUMNS FROM `lt_link` [ RunTime:0.001213s ]
[ sql ] [ SQL ] SELECT * FROM `lt_link` ORDER BY link_id asc [ RunTime:0.000799s ]
[ sql ] [ SQL ] SELECT * FROM `lt_article` ORDER BY `art_hit`  desc LIMIT 6 [ RunTime:0.425928s ]
[ sql ] [ SQL ] SHOW COLUMNS FROM `lt_banner` [ RunTime:0.001160s ]
[ sql ] [ SQL ] SELECT * FROM `lt_banner` WHERE  `ban_view` = 1 ORDER BY `ban_Id`  desc LIMIT 2 [ RunTime:0.000828s ]
[ sql ] [ SQL ] SHOW COLUMNS FROM `lt_menu` [ RunTime:0.201563s ]
[ sql ] [ SQL ] SELECT `menu_id`,`menu_name` FROM `lt_menu` [ RunTime:0.000874s ]

---------------------------------------------------------------
[ 2018-08-29T01:18:33+08:00 ] [ sql ] [ DB ] CONNECT:[ UseTime:0.001648s ] mysql:dbname=lhblog;host=139.199.109.135;charset=utf8
[ sql ] [ SQL ] SHOW COLUMNS FROM `lt_article` [ RunTime:0.001305s ]
[ sql ] [ SQL ] SELECT * FROM `lt_article` ORDER BY `art_id`  desc LIMIT 10 [ RunTime:0.880795s ]
[ sql ] [ SQL ] SHOW COLUMNS FROM `lt_link` [ RunTime:0.001371s ]
[ sql ] [ SQL ] SELECT * FROM `lt_link` ORDER BY link_id asc [ RunTime:0.000809s ]
[ sql ] [ SQL ] SELECT * FROM `lt_article` ORDER BY `art_hit`  desc LIMIT 6 [ RunTime:0.426354s ]
[ sql ] [ SQL ] SHOW COLUMNS FROM `lt_banner` [ RunTime:0.001257s ]
[ sql ] [ SQL ] SELECT * FROM `lt_banner` WHERE  `ban_view` = 1 ORDER BY `ban_Id`  desc LIMIT 2 [ RunTime:0.000853s ]
[ sql ] [ SQL ] SHOW COLUMNS FROM `lt_menu` [ RunTime:0.001064s ]
[ sql ] [ SQL ] SELECT `menu_id`,`menu_name` FROM `lt_menu` [ RunTime:0.000775s ]

---------------------------------------------------------------
[ 2018-08-29T01:38:50+08:00 ] [ sql ] [ DB ] CONNECT:[ UseTime:0.001617s ] mysql:dbname=lhblog;host=139.199.109.135;charset=utf8
[ sql ] [ SQL ] SHOW COLUMNS FROM `lt_article` [ RunTime:0.001366s ]
[ sql ] [ SQL ] SELECT * FROM `lt_article` ORDER BY `art_id`  desc LIMIT 10 [ RunTime:0.003730s ]
[ sql ] [ SQL ] SHOW COLUMNS FROM `lt_link` [ RunTime:0.001308s ]
[ sql ] [ SQL ] SELECT * FROM `lt_link` ORDER BY link_id asc [ RunTime:0.000764s ]
[ sql ] [ SQL ] SELECT * FROM `lt_article` ORDER BY `art_hit`  desc LIMIT 6 [ RunTime:0.424768s ]
[ sql ] [ SQL ] SHOW COLUMNS FROM `lt_banner` [ RunTime:0.001226s ]
[ sql ] [ SQL ] SELECT * FROM `lt_banner` WHERE  `ban_view` = 1 ORDER BY `ban_Id`  desc LIMIT 2 [ RunTime:0.000826s ]
[ sql ] [ SQL ] SHOW COLUMNS FROM `lt_menu` [ RunTime:0.000956s ]
[ sql ] [ SQL ] SELECT `menu_id`,`menu_name` FROM `lt_menu` [ RunTime:0.000707s ]

---------------------------------------------------------------
[ 2018-08-29T01:39:00+08:00 ] [ sql ] [ DB ] CONNECT:[ UseTime:0.001895s ] mysql:dbname=lhblog;host=139.199.109.135;charset=utf8
[ sql ] [ SQL ] SHOW COLUMNS FROM `lt_article` [ RunTime:0.001403s ]
[ sql ] [ SQL ] SELECT * FROM `lt_article` ORDER BY `art_id`  desc LIMIT 10 [ RunTime:0.005114s ]
[ sql ] [ SQL ] SHOW COLUMNS FROM `lt_link` [ RunTime:0.001413s ]
[ sql ] [ SQL ] SELECT * FROM `lt_link` ORDER BY link_id asc [ RunTime:0.000786s ]
[ sql ] [ SQL ] SELECT * FROM `lt_article` ORDER BY `art_hit`  desc LIMIT 6 [ RunTime:0.425461s ]
[ sql ] [ SQL ] SHOW COLUMNS FROM `lt_banner` [ RunTime:0.001282s ]
[ sql ] [ SQL ] SELECT * FROM `lt_banner` WHERE  `ban_view` = 1 ORDER BY `ban_Id`  desc LIMIT 2 [ RunTime:0.000855s ]
[ sql ] [ SQL ] SHOW COLUMNS FROM `lt_menu` [ RunTime:0.000988s ]
[ sql ] [ SQL ] SELECT `menu_id`,`menu_name` FROM `lt_menu` [ RunTime:0.000772s ]

---------------------------------------------------------------
[ 2018-08-29T01:39:06+08:00 ] [ sql ] [ DB ] CONNECT:[ UseTime:0.001647s ] mysql:dbname=lhblog;host=139.199.109.135;charset=utf8
[ sql ] [ SQL ] SHOW COLUMNS FROM `lt_link` [ RunTime:0.001170s ]
[ sql ] [ SQL ] SELECT * FROM `lt_link` ORDER BY link_id asc [ RunTime:0.000831s ]

---------------------------------------------------------------
[ 2018-08-29T01:39:10+08:00 ] [ sql ] [ DB ] CONNECT:[ UseTime:0.001613s ] mysql:dbname=lhblog;host=139.199.109.135;charset=utf8
[ sql ] [ SQL ] SHOW COLUMNS FROM `lt_article` [ RunTime:0.001226s ]
[ sql ] [ SQL ] SELECT * FROM `lt_article` WHERE  `art_id` = 14 ORDER BY art_id desc LIMIT 1 [ RunTime:0.001092s ]
[ sql ] [ SQL ] SELECT * FROM `lt_article` WHERE  (  art_id<14 ) ORDER BY art_id desc LIMIT 1 [ RunTime:0.001015s ]
[ sql ] [ SQL ] SELECT * FROM `lt_article` WHERE  (  art_id>14 ) ORDER BY art_id desc LIMIT 1 [ RunTime:0.000907s ]
[ sql ] [ SQL ] SHOW COLUMNS FROM `lt_menu` [ RunTime:0.001017s ]
[ sql ] [ SQL ] SELECT `menu_id`,`menu_name` FROM `lt_menu` [ RunTime:0.000849s ]

---------------------------------------------------------------
[ 2018-08-29T01:39:11+08:00 ] [ sql ] [ DB ] CONNECT:[ UseTime:0.001968s ] mysql:dbname=lhblog;host=139.199.109.135;charset=utf8
[ sql ] [ SQL ] SHOW COLUMNS FROM `lt_article` [ RunTime:0.001618s ]
[ sql ] [ SQL ] SELECT * FROM `lt_article` WHERE  `art_id` = 8 ORDER BY art_id desc LIMIT 1 [ RunTime:0.001515s ]
[ sql ] [ SQL ] SELECT * FROM `lt_article` WHERE  (  art_id<8 ) ORDER BY art_id desc LIMIT 1 [ RunTime:0.000979s ]
[ sql ] [ SQL ] SELECT * FROM `lt_article` WHERE  (  art_id>8 ) ORDER BY art_id desc LIMIT 1 [ RunTime:0.000963s ]
[ sql ] [ SQL ] SHOW COLUMNS FROM `lt_menu` [ RunTime:0.001069s ]
[ sql ] [ SQL ] SELECT `menu_id`,`menu_name` FROM `lt_menu` [ RunTime:0.000733s ]

---------------------------------------------------------------
[ 2018-08-29T01:39:12+08:00 ] [ sql ] [ DB ] CONNECT:[ UseTime:0.001663s ] mysql:dbname=lhblog;host=139.199.109.135;charset=utf8
[ sql ] [ SQL ] SHOW COLUMNS FROM `lt_article` [ RunTime:0.001408s ]
[ sql ] [ SQL ] SELECT * FROM `lt_article` ORDER BY `art_hit`  desc LIMIT 6 [ RunTime:0.002135s ]
[ sql ] [ SQL ] SHOW COLUMNS FROM `lt_menu` [ RunTime:0.001068s ]
[ sql ] [ SQL ] SELECT * FROM `lt_menu` WHERE  `menu_parent` = 0  AND `menu_view` = 1 [ RunTime:0.000839s ]
[ sql ] [ SQL ] SELECT `menu_id`,`menu_name` FROM `lt_menu` [ RunTime:0.000700s ]
[ sql ] [ SQL ] SELECT COUNT(*) AS tp_count FROM `lt_article` WHERE  `art_pid` = 1 LIMIT 1 [ RunTime:0.000770s ]
[ sql ] [ SQL ] SELECT * FROM `lt_article` WHERE  `art_pid` = 1 ORDER BY art_id desc LIMIT 0,10 [ RunTime:0.001149s ]

---------------------------------------------------------------
[ 2018-08-29T01:39:13+08:00 ] [ sql ] [ DB ] CONNECT:[ UseTime:0.001544s ] mysql:dbname=lhblog;host=139.199.109.135;charset=utf8
[ sql ] [ SQL ] SHOW COLUMNS FROM `lt_article` [ RunTime:0.001263s ]
[ sql ] [ SQL ] SELECT * FROM `lt_article` WHERE  `art_id` = 10 ORDER BY art_id desc LIMIT 1 [ RunTime:0.001362s ]
[ sql ] [ SQL ] SELECT * FROM `lt_article` WHERE  (  art_id<10 ) ORDER BY art_id desc LIMIT 1 [ RunTime:0.001411s ]
[ sql ] [ SQL ] SELECT * FROM `lt_article` WHERE  (  art_id>10 ) ORDER BY art_id desc LIMIT 1 [ RunTime:0.000934s ]
[ sql ] [ SQL ] SHOW COLUMNS FROM `lt_menu` [ RunTime:0.000989s ]
[ sql ] [ SQL ] SELECT `menu_id`,`menu_name` FROM `lt_menu` [ RunTime:0.000718s ]

---------------------------------------------------------------
[ 2018-08-29T01:39:15+08:00 ] [ sql ] [ DB ] CONNECT:[ UseTime:0.001530s ] mysql:dbname=lhblog;host=139.199.109.135;charset=utf8
[ sql ] [ SQL ] SHOW COLUMNS FROM `lt_article` [ RunTime:0.001276s ]
[ sql ] [ SQL ] SELECT * FROM `lt_article` ORDER BY `art_hit`  desc LIMIT 6 [ RunTime:0.001933s ]
[ sql ] [ SQL ] SHOW COLUMNS FROM `lt_menu` [ RunTime:0.001113s ]
[ sql ] [ SQL ] SELECT * FROM `lt_menu` WHERE  `menu_parent` = 0  AND `menu_view` = 1 [ RunTime:0.000787s ]
[ sql ] [ SQL ] SELECT `menu_id`,`menu_name` FROM `lt_menu` [ RunTime:0.000764s ]
[ sql ] [ SQL ] SELECT COUNT(*) AS tp_count FROM `lt_article` WHERE  `art_pid` = 4 LIMIT 1 [ RunTime:0.000747s ]
[ sql ] [ SQL ] SELECT * FROM `lt_article` WHERE  `art_pid` = 4 ORDER BY art_id desc LIMIT 0,10 [ RunTime:0.001947s ]

---------------------------------------------------------------
[ 2018-08-29T01:39:21+08:00 ] [ sql ] [ DB ] CONNECT:[ UseTime:0.001603s ] mysql:dbname=lhblog;host=139.199.109.135;charset=utf8
[ sql ] [ SQL ] SHOW COLUMNS FROM `lt_article` [ RunTime:0.001250s ]
[ sql ] [ SQL ] SELECT * FROM `lt_article` WHERE  `art_id` = 12 ORDER BY art_id desc LIMIT 1 [ RunTime:0.001044s ]
[ sql ] [ SQL ] SELECT * FROM `lt_article` WHERE  (  art_id<12 ) ORDER BY art_id desc LIMIT 1 [ RunTime:0.001386s ]
[ sql ] [ SQL ] SELECT * FROM `lt_article` WHERE  (  art_id>12 ) ORDER BY art_id desc LIMIT 1 [ RunTime:0.000931s ]
[ sql ] [ SQL ] SHOW COLUMNS FROM `lt_menu` [ RunTime:0.001081s ]
[ sql ] [ SQL ] SELECT `menu_id`,`menu_name` FROM `lt_menu` [ RunTime:0.000756s ]

---------------------------------------------------------------
[ 2018-08-29T01:39:24+08:00 ] [ sql ] [ DB ] CONNECT:[ UseTime:0.001736s ] mysql:dbname=lhblog;host=139.199.109.135;charset=utf8
[ sql ] [ SQL ] SHOW COLUMNS FROM `lt_article` [ RunTime:0.001293s ]
[ sql ] [ SQL ] SELECT * FROM `lt_article` ORDER BY `art_id`  desc LIMIT 10 [ RunTime:0.003850s ]
[ sql ] [ SQL ] SHOW COLUMNS FROM `lt_link` [ RunTime:0.001284s ]
[ sql ] [ SQL ] SELECT * FROM `lt_link` ORDER BY link_id asc [ RunTime:0.000843s ]
[ sql ] [ SQL ] SELECT * FROM `lt_article` ORDER BY `art_hit`  desc LIMIT 6 [ RunTime:0.425344s ]
[ sql ] [ SQL ] SHOW COLUMNS FROM `lt_banner` [ RunTime:0.001246s ]
[ sql ] [ SQL ] SELECT * FROM `lt_banner` WHERE  `ban_view` = 1 ORDER BY `ban_Id`  desc LIMIT 2 [ RunTime:0.000851s ]
[ sql ] [ SQL ] SHOW COLUMNS FROM `lt_menu` [ RunTime:0.001032s ]
[ sql ] [ SQL ] SELECT `menu_id`,`menu_name` FROM `lt_menu` [ RunTime:0.000800s ]

---------------------------------------------------------------
[ 2018-08-29T02:02:12+08:00 ] [ sql ] [ DB ] CONNECT:[ UseTime:0.001738s ] mysql:dbname=lhblog;host=139.199.109.135;charset=utf8
[ sql ] [ SQL ] SHOW COLUMNS FROM `lt_article` [ RunTime:0.001257s ]
[ sql ] [ SQL ] SELECT * FROM `lt_article` ORDER BY `art_id`  desc LIMIT 10 [ RunTime:0.003887s ]
[ sql ] [ SQL ] SHOW COLUMNS FROM `lt_link` [ RunTime:0.001111s ]
[ sql ] [ SQL ] SELECT * FROM `lt_link` ORDER BY link_id asc [ RunTime:0.000836s ]
[ sql ] [ SQL ] SELECT * FROM `lt_article` ORDER BY `art_hit`  desc LIMIT 6 [ RunTime:0.415734s ]
[ sql ] [ SQL ] SHOW COLUMNS FROM `lt_banner` [ RunTime:0.001227s ]
[ sql ] [ SQL ] SELECT * FROM `lt_banner` WHERE  `ban_view` = 1 ORDER BY `ban_Id`  desc LIMIT 2 [ RunTime:0.000907s ]
[ sql ] [ SQL ] SHOW COLUMNS FROM `lt_menu` [ RunTime:0.001071s ]
[ sql ] [ SQL ] SELECT `menu_id`,`menu_name` FROM `lt_menu` [ RunTime:0.000921s ]

---------------------------------------------------------------
[ 2018-08-29T03:29:51+08:00 ] [ sql ] [ DB ] CONNECT:[ UseTime:0.001585s ] mysql:dbname=lhblog;host=139.199.109.135;charset=utf8
[ sql ] [ SQL ] SHOW COLUMNS FROM `lt_article` [ RunTime:0.001248s ]
[ sql ] [ SQL ] SELECT * FROM `lt_article` ORDER BY `art_id`  desc LIMIT 10 [ RunTime:0.002796s ]
[ sql ] [ SQL ] SHOW COLUMNS FROM `lt_link` [ RunTime:0.000993s ]
[ sql ] [ SQL ] SELECT * FROM `lt_link` ORDER BY link_id asc [ RunTime:0.001278s ]
[ sql ] [ SQL ] SELECT * FROM `lt_article` ORDER BY `art_hit`  desc LIMIT 6 [ RunTime:0.416488s ]
[ sql ] [ SQL ] SHOW COLUMNS FROM `lt_banner` [ RunTime:0.001325s ]
[ sql ] [ SQL ] SELECT * FROM `lt_banner` WHERE  `ban_view` = 1 ORDER BY `ban_Id`  desc LIMIT 2 [ RunTime:0.000906s ]
[ sql ] [ SQL ] SHOW COLUMNS FROM `lt_menu` [ RunTime:0.001139s ]
[ sql ] [ SQL ] SELECT `menu_id`,`menu_name` FROM `lt_menu` [ RunTime:0.000759s ]

---------------------------------------------------------------
[ 2018-08-29T04:33:04+08:00 ] [ sql ] [ DB ] CONNECT:[ UseTime:0.001733s ] mysql:dbname=lhblog;host=139.199.109.135;charset=utf8
[ sql ] [ SQL ] SHOW COLUMNS FROM `lt_article` [ RunTime:0.001351s ]
[ sql ] [ SQL ] SELECT * FROM `lt_article` ORDER BY `art_id`  desc LIMIT 10 [ RunTime:0.002710s ]
[ sql ] [ SQL ] SHOW COLUMNS FROM `lt_link` [ RunTime:0.001122s ]
[ sql ] [ SQL ] SELECT * FROM `lt_link` ORDER BY link_id asc [ RunTime:0.001033s ]
[ sql ] [ SQL ] SELECT * FROM `lt_article` ORDER BY `art_hit`  desc LIMIT 6 [ RunTime:0.415400s ]
[ sql ] [ SQL ] SHOW COLUMNS FROM `lt_banner` [ RunTime:0.001188s ]
[ sql ] [ SQL ] SELECT * FROM `lt_banner` WHERE  `ban_view` = 1 ORDER BY `ban_Id`  desc LIMIT 2 [ RunTime:0.000851s ]
[ sql ] [ SQL ] SHOW COLUMNS FROM `lt_menu` [ RunTime:0.001027s ]
[ sql ] [ SQL ] SELECT `menu_id`,`menu_name` FROM `lt_menu` [ RunTime:0.000709s ]

---------------------------------------------------------------
[ 2018-08-29T04:33:06+08:00 ] [ sql ] [ DB ] CONNECT:[ UseTime:0.001719s ] mysql:dbname=lhblog;host=139.199.109.135;charset=utf8
[ sql ] [ SQL ] SHOW COLUMNS FROM `lt_article` [ RunTime:0.001470s ]
[ sql ] [ SQL ] SELECT * FROM `lt_article` ORDER BY `art_id`  desc LIMIT 10 [ RunTime:1.052189s ]
[ sql ] [ SQL ] SHOW COLUMNS FROM `lt_link` [ RunTime:0.001270s ]
[ sql ] [ SQL ] SELECT * FROM `lt_link` ORDER BY link_id asc [ RunTime:0.000820s ]
[ sql ] [ SQL ] SELECT * FROM `lt_article` ORDER BY `art_hit`  desc LIMIT 6 [ RunTime:0.427466s ]
[ sql ] [ SQL ] SHOW COLUMNS FROM `lt_banner` [ RunTime:0.001447s ]
[ sql ] [ SQL ] SELECT * FROM `lt_banner` WHERE  `ban_view` = 1 ORDER BY `ban_Id`  desc LIMIT 2 [ RunTime:0.000991s ]
[ sql ] [ SQL ] SHOW COLUMNS FROM `lt_menu` [ RunTime:0.202093s ]
[ sql ] [ SQL ] SELECT `menu_id`,`menu_name` FROM `lt_menu` [ RunTime:0.000901s ]

---------------------------------------------------------------
[ 2018-08-29T05:48:47+08:00 ] [ sql ] [ DB ] CONNECT:[ UseTime:0.001469s ] mysql:dbname=lhblog;host=139.199.109.135;charset=utf8
[ sql ] [ SQL ] SHOW COLUMNS FROM `lt_article` [ RunTime:0.001284s ]
[ sql ] [ SQL ] SELECT * FROM `lt_article` ORDER BY `art_id`  desc LIMIT 10 [ RunTime:0.002741s ]
[ sql ] [ SQL ] SHOW COLUMNS FROM `lt_link` [ RunTime:0.001034s ]
[ sql ] [ SQL ] SELECT * FROM `lt_link` ORDER BY link_id asc [ RunTime:0.000790s ]
[ sql ] [ SQL ] SELECT * FROM `lt_article` ORDER BY `art_hit`  desc LIMIT 6 [ RunTime:0.416142s ]
[ sql ] [ SQL ] SHOW COLUMNS FROM `lt_banner` [ RunTime:0.001393s ]
[ sql ] [ SQL ] SELECT * FROM `lt_banner` WHERE  `ban_view` = 1 ORDER BY `ban_Id`  desc LIMIT 2 [ RunTime:0.000931s ]
[ sql ] [ SQL ] SHOW COLUMNS FROM `lt_menu` [ RunTime:0.001172s ]
[ sql ] [ SQL ] SELECT `menu_id`,`menu_name` FROM `lt_menu` [ RunTime:0.001637s ]

---------------------------------------------------------------
[ 2018-08-29T05:51:06+08:00 ] [ sql ] [ DB ] CONNECT:[ UseTime:0.001563s ] mysql:dbname=lhblog;host=139.199.109.135;charset=utf8
[ sql ] [ SQL ] SHOW COLUMNS FROM `lt_article` [ RunTime:0.001286s ]
[ sql ] [ SQL ] SELECT * FROM `lt_article` ORDER BY `art_id`  desc LIMIT 10 [ RunTime:0.004135s ]
[ sql ] [ SQL ] SHOW COLUMNS FROM `lt_link` [ RunTime:0.001061s ]
[ sql ] [ SQL ] SELECT * FROM `lt_link` ORDER BY link_id asc [ RunTime:0.000857s ]
[ sql ] [ SQL ] SELECT * FROM `lt_article` ORDER BY `art_hit`  desc LIMIT 6 [ RunTime:0.425335s ]
[ sql ] [ SQL ] SHOW COLUMNS FROM `lt_banner` [ RunTime:0.001260s ]
[ sql ] [ SQL ] SELECT * FROM `lt_banner` WHERE  `ban_view` = 1 ORDER BY `ban_Id`  desc LIMIT 2 [ RunTime:0.000871s ]
[ sql ] [ SQL ] SHOW COLUMNS FROM `lt_menu` [ RunTime:0.001103s ]
[ sql ] [ SQL ] SELECT `menu_id`,`menu_name` FROM `lt_menu` [ RunTime:0.000777s ]

---------------------------------------------------------------
[ 2018-08-29T05:52:13+08:00 ] [ sql ] [ DB ] CONNECT:[ UseTime:0.001536s ] mysql:dbname=lhblog;host=139.199.109.135;charset=utf8
[ sql ] [ SQL ] SHOW COLUMNS FROM `lt_article` [ RunTime:0.001222s ]
[ sql ] [ SQL ] SELECT * FROM `lt_article` ORDER BY `art_id`  desc LIMIT 10 [ RunTime:0.003607s ]
[ sql ] [ SQL ] SHOW COLUMNS FROM `lt_link` [ RunTime:0.001039s ]
[ sql ] [ SQL ] SELECT * FROM `lt_link` ORDER BY link_id asc [ RunTime:0.000735s ]
[ sql ] [ SQL ] SELECT * FROM `lt_article` ORDER BY `art_hit`  desc LIMIT 6 [ RunTime:0.455879s ]
[ sql ] [ SQL ] SHOW COLUMNS FROM `lt_banner` [ RunTime:0.001191s ]
[ sql ] [ SQL ] SELECT * FROM `lt_banner` WHERE  `ban_view` = 1 ORDER BY `ban_Id`  desc LIMIT 2 [ RunTime:0.000836s ]
[ sql ] [ SQL ] SHOW COLUMNS FROM `lt_menu` [ RunTime:0.000993s ]
[ sql ] [ SQL ] SELECT `menu_id`,`menu_name` FROM `lt_menu` [ RunTime:0.000734s ]

---------------------------------------------------------------
[ 2018-08-29T05:54:35+08:00 ] [ sql ] [ DB ] CONNECT:[ UseTime:0.001672s ] mysql:dbname=lhblog;host=139.199.109.135;charset=utf8
[ sql ] [ SQL ] SHOW COLUMNS FROM `lt_article` [ RunTime:0.001251s ]
[ sql ] [ SQL ] SELECT * FROM `lt_article` ORDER BY `art_id`  desc LIMIT 10 [ RunTime:0.003800s ]
[ sql ] [ SQL ] SHOW COLUMNS FROM `lt_link` [ RunTime:0.001016s ]
[ sql ] [ SQL ] SELECT * FROM `lt_link` ORDER BY link_id asc [ RunTime:0.000757s ]
[ sql ] [ SQL ] SELECT * FROM `lt_article` ORDER BY `art_hit`  desc LIMIT 6 [ RunTime:0.415438s ]
[ sql ] [ SQL ] SHOW COLUMNS FROM `lt_banner` [ RunTime:0.001312s ]
[ sql ] [ SQL ] SELECT * FROM `lt_banner` WHERE  `ban_view` = 1 ORDER BY `ban_Id`  desc LIMIT 2 [ RunTime:0.000871s ]
[ sql ] [ SQL ] SHOW COLUMNS FROM `lt_menu` [ RunTime:0.001106s ]
[ sql ] [ SQL ] SELECT `menu_id`,`menu_name` FROM `lt_menu` [ RunTime:0.000843s ]

---------------------------------------------------------------
[ 2018-08-29T06:01:23+08:00 ] [ sql ] [ DB ] CONNECT:[ UseTime:0.001557s ] mysql:dbname=lhblog;host=139.199.109.135;charset=utf8
[ sql ] [ SQL ] SHOW COLUMNS FROM `lt_article` [ RunTime:0.001210s ]
[ sql ] [ SQL ] SELECT * FROM `lt_article` ORDER BY `art_id`  desc LIMIT 10 [ RunTime:0.003457s ]
[ sql ] [ SQL ] SHOW COLUMNS FROM `lt_link` [ RunTime:0.001204s ]
[ sql ] [ SQL ] SELECT * FROM `lt_link` ORDER BY link_id asc [ RunTime:0.000752s ]
[ sql ] [ SQL ] SELECT * FROM `lt_article` ORDER BY `art_hit`  desc LIMIT 6 [ RunTime:0.416483s ]
[ sql ] [ SQL ] SHOW COLUMNS FROM `lt_banner` [ RunTime:0.001231s ]
[ sql ] [ SQL ] SELECT * FROM `lt_banner` WHERE  `ban_view` = 1 ORDER BY `ban_Id`  desc LIMIT 2 [ RunTime:0.000970s ]
[ sql ] [ SQL ] SHOW COLUMNS FROM `lt_menu` [ RunTime:0.001199s ]
[ sql ] [ SQL ] SELECT `menu_id`,`menu_name` FROM `lt_menu` [ RunTime:0.000726s ]

---------------------------------------------------------------
[ 2018-08-29T06:29:10+08:00 ] [ sql ] [ DB ] CONNECT:[ UseTime:0.001578s ] mysql:dbname=lhblog;host=139.199.109.135;charset=utf8
[ sql ] [ SQL ] SHOW COLUMNS FROM `lt_article` [ RunTime:0.001302s ]
[ sql ] [ SQL ] SELECT * FROM `lt_article` ORDER BY `art_id`  desc LIMIT 10 [ RunTime:0.004402s ]
[ sql ] [ SQL ] SHOW COLUMNS FROM `lt_link` [ RunTime:0.001236s ]
[ sql ] [ SQL ] SELECT * FROM `lt_link` ORDER BY link_id asc [ RunTime:0.000850s ]
[ sql ] [ SQL ] SELECT * FROM `lt_article` ORDER BY `art_hit`  desc LIMIT 6 [ RunTime:0.416469s ]
[ sql ] [ SQL ] SHOW COLUMNS FROM `lt_banner` [ RunTime:0.001271s ]
[ sql ] [ SQL ] SELECT * FROM `lt_banner` WHERE  `ban_view` = 1 ORDER BY `ban_Id`  desc LIMIT 2 [ RunTime:0.000885s ]
[ sql ] [ SQL ] SHOW COLUMNS FROM `lt_menu` [ RunTime:0.001023s ]
[ sql ] [ SQL ] SELECT `menu_id`,`menu_name` FROM `lt_menu` [ RunTime:0.000746s ]

---------------------------------------------------------------
[ 2018-08-29T07:25:38+08:00 ] [ sql ] [ DB ] CONNECT:[ UseTime:0.001495s ] mysql:dbname=lhblog;host=139.199.109.135;charset=utf8
[ sql ] [ SQL ] SHOW COLUMNS FROM `lt_article` [ RunTime:0.001261s ]
[ sql ] [ SQL ] SELECT * FROM `lt_article` ORDER BY `art_id`  desc LIMIT 10 [ RunTime:0.004175s ]
[ sql ] [ SQL ] SHOW COLUMNS FROM `lt_link` [ RunTime:0.001094s ]
[ sql ] [ SQL ] SELECT * FROM `lt_link` ORDER BY link_id asc [ RunTime:0.000735s ]
[ sql ] [ SQL ] SELECT * FROM `lt_article` ORDER BY `art_hit`  desc LIMIT 6 [ RunTime:0.424456s ]
[ sql ] [ SQL ] SHOW COLUMNS FROM `lt_banner` [ RunTime:0.001205s ]
[ sql ] [ SQL ] SELECT * FROM `lt_banner` WHERE  `ban_view` = 1 ORDER BY `ban_Id`  desc LIMIT 2 [ RunTime:0.000843s ]
[ sql ] [ SQL ] SHOW COLUMNS FROM `lt_menu` [ RunTime:0.001141s ]
[ sql ] [ SQL ] SELECT `menu_id`,`menu_name` FROM `lt_menu` [ RunTime:0.000734s ]

---------------------------------------------------------------
[ 2018-08-29T08:15:18+08:00 ] [ sql ] [ DB ] CONNECT:[ UseTime:0.001522s ] mysql:dbname=lhblog;host=139.199.109.135;charset=utf8
[ sql ] [ SQL ] SHOW COLUMNS FROM `lt_article` [ RunTime:0.001271s ]
[ sql ] [ SQL ] SELECT * FROM `lt_article` ORDER BY `art_id`  desc LIMIT 10 [ RunTime:0.003858s ]
[ sql ] [ SQL ] SHOW COLUMNS FROM `lt_link` [ RunTime:0.001010s ]
[ sql ] [ SQL ] SELECT * FROM `lt_link` ORDER BY link_id asc [ RunTime:0.000705s ]
[ sql ] [ SQL ] SELECT * FROM `lt_article` ORDER BY `art_hit`  desc LIMIT 6 [ RunTime:0.425915s ]
[ sql ] [ SQL ] SHOW COLUMNS FROM `lt_banner` [ RunTime:0.001463s ]
[ sql ] [ SQL ] SELECT * FROM `lt_banner` WHERE  `ban_view` = 1 ORDER BY `ban_Id`  desc LIMIT 2 [ RunTime:0.001089s ]
[ sql ] [ SQL ] SHOW COLUMNS FROM `lt_menu` [ RunTime:0.001147s ]
[ sql ] [ SQL ] SELECT `menu_id`,`menu_name` FROM `lt_menu` [ RunTime:0.000754s ]

---------------------------------------------------------------
[ 2018-08-29T08:35:38+08:00 ] [ sql ] [ DB ] CONNECT:[ UseTime:0.001684s ] mysql:dbname=lhblog;host=139.199.109.135;charset=utf8
[ sql ] [ SQL ] SHOW COLUMNS FROM `lt_article` [ RunTime:0.001225s ]
[ sql ] [ SQL ] SELECT * FROM `lt_article` ORDER BY `art_id`  desc LIMIT 10 [ RunTime:0.004116s ]
[ sql ] [ SQL ] SHOW COLUMNS FROM `lt_link` [ RunTime:0.001086s ]
[ sql ] [ SQL ] SELECT * FROM `lt_link` ORDER BY link_id asc [ RunTime:0.000772s ]
[ sql ] [ SQL ] SELECT * FROM `lt_article` ORDER BY `art_hit`  desc LIMIT 6 [ RunTime:0.448131s ]
[ sql ] [ SQL ] SHOW COLUMNS FROM `lt_banner` [ RunTime:0.001242s ]
[ sql ] [ SQL ] SELECT * FROM `lt_banner` WHERE  `ban_view` = 1 ORDER BY `ban_Id`  desc LIMIT 2 [ RunTime:0.000944s ]
[ sql ] [ SQL ] SHOW COLUMNS FROM `lt_menu` [ RunTime:0.001089s ]
[ sql ] [ SQL ] SELECT `menu_id`,`menu_name` FROM `lt_menu` [ RunTime:0.000710s ]

---------------------------------------------------------------
[ 2018-08-29T08:46:25+08:00 ] [ sql ] [ DB ] CONNECT:[ UseTime:0.001483s ] mysql:dbname=lhblog;host=139.199.109.135;charset=utf8
[ sql ] [ SQL ] SHOW COLUMNS FROM `lt_article` [ RunTime:0.001209s ]
[ sql ] [ SQL ] SELECT * FROM `lt_article` ORDER BY `art_id`  desc LIMIT 10 [ RunTime:0.003606s ]
[ sql ] [ SQL ] SHOW COLUMNS FROM `lt_link` [ RunTime:0.001124s ]
[ sql ] [ SQL ] SELECT * FROM `lt_link` ORDER BY link_id asc [ RunTime:0.000800s ]
[ sql ] [ SQL ] SELECT * FROM `lt_article` ORDER BY `art_hit`  desc LIMIT 6 [ RunTime:0.415645s ]
[ sql ] [ SQL ] SHOW COLUMNS FROM `lt_banner` [ RunTime:0.001371s ]
[ sql ] [ SQL ] SELECT * FROM `lt_banner` WHERE  `ban_view` = 1 ORDER BY `ban_Id`  desc LIMIT 2 [ RunTime:0.000981s ]
[ sql ] [ SQL ] SHOW COLUMNS FROM `lt_menu` [ RunTime:0.001048s ]
[ sql ] [ SQL ] SELECT `menu_id`,`menu_name` FROM `lt_menu` [ RunTime:0.000789s ]

---------------------------------------------------------------
[ 2018-08-29T08:49:38+08:00 ] [ sql ] [ DB ] CONNECT:[ UseTime:0.001577s ] mysql:dbname=lhblog;host=139.199.109.135;charset=utf8
[ sql ] [ SQL ] SHOW COLUMNS FROM `lt_article` [ RunTime:0.001316s ]
[ sql ] [ SQL ] SELECT * FROM `lt_article` ORDER BY `art_id`  desc LIMIT 10 [ RunTime:0.004202s ]
[ sql ] [ SQL ] SHOW COLUMNS FROM `lt_link` [ RunTime:0.001185s ]
[ sql ] [ SQL ] SELECT * FROM `lt_link` ORDER BY link_id asc [ RunTime:0.000896s ]
[ sql ] [ SQL ] SELECT * FROM `lt_article` ORDER BY `art_hit`  desc LIMIT 6 [ RunTime:0.416890s ]
[ sql ] [ SQL ] SHOW COLUMNS FROM `lt_banner` [ RunTime:0.001280s ]
[ sql ] [ SQL ] SELECT * FROM `lt_banner` WHERE  `ban_view` = 1 ORDER BY `ban_Id`  desc LIMIT 2 [ RunTime:0.001024s ]
[ sql ] [ SQL ] SHOW COLUMNS FROM `lt_menu` [ RunTime:0.001133s ]
[ sql ] [ SQL ] SELECT `menu_id`,`menu_name` FROM `lt_menu` [ RunTime:0.000807s ]

---------------------------------------------------------------
[ 2018-08-29T08:53:41+08:00 ] [ sql ] [ DB ] CONNECT:[ UseTime:0.001495s ] mysql:dbname=lhblog;host=139.199.109.135;charset=utf8
[ sql ] [ SQL ] SHOW COLUMNS FROM `lt_article` [ RunTime:0.001218s ]
[ sql ] [ SQL ] SELECT * FROM `lt_article` ORDER BY `art_id`  desc LIMIT 10 [ RunTime:0.003835s ]
[ sql ] [ SQL ] SHOW COLUMNS FROM `lt_link` [ RunTime:0.001066s ]
[ sql ] [ SQL ] SELECT * FROM `lt_link` ORDER BY link_id asc [ RunTime:0.001762s ]
[ sql ] [ SQL ] SELECT * FROM `lt_article` ORDER BY `art_hit`  desc LIMIT 6 [ RunTime:0.426031s ]
[ sql ] [ SQL ] SHOW COLUMNS FROM `lt_banner` [ RunTime:0.001280s ]
[ sql ] [ SQL ] SELECT * FROM `lt_banner` WHERE  `ban_view` = 1 ORDER BY `ban_Id`  desc LIMIT 2 [ RunTime:0.000939s ]
[ sql ] [ SQL ] SHOW COLUMNS FROM `lt_menu` [ RunTime:0.000995s ]
[ sql ] [ SQL ] SELECT `menu_id`,`menu_name` FROM `lt_menu` [ RunTime:0.000712s ]

---------------------------------------------------------------
[ 2018-08-29T09:24:56+08:00 ] [ sql ] [ DB ] CONNECT:[ UseTime:0.001580s ] mysql:dbname=lhblog;host=139.199.109.135;charset=utf8
[ sql ] [ SQL ] SHOW COLUMNS FROM `lt_article` [ RunTime:0.001210s ]
[ sql ] [ SQL ] SELECT * FROM `lt_article` ORDER BY `art_id`  desc LIMIT 10 [ RunTime:0.004367s ]
[ sql ] [ SQL ] SHOW COLUMNS FROM `lt_link` [ RunTime:0.001143s ]
[ sql ] [ SQL ] SELECT * FROM `lt_link` ORDER BY link_id asc [ RunTime:0.000786s ]
[ sql ] [ SQL ] SELECT * FROM `lt_article` ORDER BY `art_hit`  desc LIMIT 6 [ RunTime:0.425372s ]
[ sql ] [ SQL ] SHOW COLUMNS FROM `lt_banner` [ RunTime:0.001430s ]
[ sql ] [ SQL ] SELECT * FROM `lt_banner` WHERE  `ban_view` = 1 ORDER BY `ban_Id`  desc LIMIT 2 [ RunTime:0.000930s ]
[ sql ] [ SQL ] SHOW COLUMNS FROM `lt_menu` [ RunTime:0.001176s ]
[ sql ] [ SQL ] SELECT `menu_id`,`menu_name` FROM `lt_menu` [ RunTime:0.000797s ]

---------------------------------------------------------------
[ 2018-08-29T09:35:14+08:00 ] [ sql ] [ DB ] CONNECT:[ UseTime:0.001552s ] mysql:dbname=lhblog;host=139.199.109.135;charset=utf8
[ sql ] [ SQL ] SHOW COLUMNS FROM `lt_article` [ RunTime:0.001261s ]
[ sql ] [ SQL ] SELECT * FROM `lt_article` ORDER BY `art_id`  desc LIMIT 10 [ RunTime:0.004079s ]
[ sql ] [ SQL ] SHOW COLUMNS FROM `lt_link` [ RunTime:0.001081s ]
[ sql ] [ SQL ] SELECT * FROM `lt_link` ORDER BY link_id asc [ RunTime:0.000828s ]
[ sql ] [ SQL ] SELECT * FROM `lt_article` ORDER BY `art_hit`  desc LIMIT 6 [ RunTime:0.456140s ]
[ sql ] [ SQL ] SHOW COLUMNS FROM `lt_banner` [ RunTime:0.001136s ]
[ sql ] [ SQL ] SELECT * FROM `lt_banner` WHERE  `ban_view` = 1 ORDER BY `ban_Id`  desc LIMIT 2 [ RunTime:0.000816s ]
[ sql ] [ SQL ] SHOW COLUMNS FROM `lt_menu` [ RunTime:0.000960s ]
[ sql ] [ SQL ] SELECT `menu_id`,`menu_name` FROM `lt_menu` [ RunTime:0.000710s ]

---------------------------------------------------------------
[ 2018-08-29T10:43:23+08:00 ] [ sql ] [ DB ] CONNECT:[ UseTime:0.001784s ] mysql:dbname=lhblog;host=139.199.109.135;charset=utf8
[ sql ] [ SQL ] SHOW COLUMNS FROM `lt_article` [ RunTime:0.001281s ]
[ sql ] [ SQL ] SELECT * FROM `lt_article` ORDER BY `art_id`  desc LIMIT 10 [ RunTime:0.002319s ]
[ sql ] [ SQL ] SHOW COLUMNS FROM `lt_link` [ RunTime:0.001343s ]
[ sql ] [ SQL ] SELECT * FROM `lt_link` ORDER BY link_id asc [ RunTime:0.000887s ]
[ sql ] [ SQL ] SELECT * FROM `lt_article` ORDER BY `art_hit`  desc LIMIT 6 [ RunTime:0.425560s ]
[ sql ] [ SQL ] SHOW COLUMNS FROM `lt_banner` [ RunTime:0.001246s ]
[ sql ] [ SQL ] SELECT * FROM `lt_banner` WHERE  `ban_view` = 1 ORDER BY `ban_Id`  desc LIMIT 2 [ RunTime:0.000844s ]
[ sql ] [ SQL ] SHOW COLUMNS FROM `lt_menu` [ RunTime:0.001119s ]
[ sql ] [ SQL ] SELECT `menu_id`,`menu_name` FROM `lt_menu` [ RunTime:0.000698s ]

---------------------------------------------------------------
[ 2018-08-29T10:54:44+08:00 ] [ sql ] [ DB ] CONNECT:[ UseTime:0.001630s ] mysql:dbname=lhblog;host=139.199.109.135;charset=utf8
[ sql ] [ SQL ] SHOW COLUMNS FROM `lt_article` [ RunTime:0.001366s ]
[ sql ] [ SQL ] SELECT * FROM `lt_article` ORDER BY `art_id`  desc LIMIT 10 [ RunTime:0.003976s ]
[ sql ] [ SQL ] SHOW COLUMNS FROM `lt_link` [ RunTime:0.001197s ]
[ sql ] [ SQL ] SELECT * FROM `lt_link` ORDER BY link_id asc [ RunTime:0.000801s ]
[ sql ] [ SQL ] SELECT * FROM `lt_article` ORDER BY `art_hit`  desc LIMIT 6 [ RunTime:0.415791s ]
[ sql ] [ SQL ] SHOW COLUMNS FROM `lt_banner` [ RunTime:0.001326s ]
[ sql ] [ SQL ] SELECT * FROM `lt_banner` WHERE  `ban_view` = 1 ORDER BY `ban_Id`  desc LIMIT 2 [ RunTime:0.000929s ]
[ sql ] [ SQL ] SHOW COLUMNS FROM `lt_menu` [ RunTime:0.001090s ]
[ sql ] [ SQL ] SELECT `menu_id`,`menu_name` FROM `lt_menu` [ RunTime:0.000819s ]

---------------------------------------------------------------
[ 2018-08-29T11:47:43+08:00 ] [ sql ] [ DB ] CONNECT:[ UseTime:0.001544s ] mysql:dbname=lhblog;host=139.199.109.135;charset=utf8
[ sql ] [ SQL ] SHOW COLUMNS FROM `lt_article` [ RunTime:0.001253s ]
[ sql ] [ SQL ] SELECT * FROM `lt_article` ORDER BY `art_id`  desc LIMIT 10 [ RunTime:0.004314s ]
[ sql ] [ SQL ] SHOW COLUMNS FROM `lt_link` [ RunTime:0.001130s ]
[ sql ] [ SQL ] SELECT * FROM `lt_link` ORDER BY link_id asc [ RunTime:0.000804s ]
[ sql ] [ SQL ] SELECT * FROM `lt_article` ORDER BY `art_hit`  desc LIMIT 6 [ RunTime:0.425810s ]
[ sql ] [ SQL ] SHOW COLUMNS FROM `lt_banner` [ RunTime:0.001420s ]
[ sql ] [ SQL ] SELECT * FROM `lt_banner` WHERE  `ban_view` = 1 ORDER BY `ban_Id`  desc LIMIT 2 [ RunTime:0.000969s ]
[ sql ] [ SQL ] SHOW COLUMNS FROM `lt_menu` [ RunTime:0.001228s ]
[ sql ] [ SQL ] SELECT `menu_id`,`menu_name` FROM `lt_menu` [ RunTime:0.000846s ]

---------------------------------------------------------------
[ 2018-08-29T11:48:17+08:00 ] [ sql ] [ DB ] CONNECT:[ UseTime:0.001529s ] mysql:dbname=lhblog;host=139.199.109.135;charset=utf8
[ sql ] [ SQL ] SHOW COLUMNS FROM `lt_article` [ RunTime:0.001246s ]
[ sql ] [ SQL ] SELECT * FROM `lt_article` WHERE  `art_id` = 10 ORDER BY art_id desc LIMIT 1 [ RunTime:0.001542s ]
[ sql ] [ SQL ] SELECT * FROM `lt_article` WHERE  (  art_id<10 ) ORDER BY art_id desc LIMIT 1 [ RunTime:0.001368s ]
[ sql ] [ SQL ] SELECT * FROM `lt_article` WHERE  (  art_id>10 ) ORDER BY art_id desc LIMIT 1 [ RunTime:0.000899s ]
[ sql ] [ SQL ] SHOW COLUMNS FROM `lt_menu` [ RunTime:0.001161s ]
[ sql ] [ SQL ] SELECT `menu_id`,`menu_name` FROM `lt_menu` [ RunTime:0.000794s ]

---------------------------------------------------------------
[ 2018-08-29T11:48:18+08:00 ] [ sql ] [ DB ] CONNECT:[ UseTime:0.003111s ] mysql:dbname=lhblog;host=139.199.109.135;charset=utf8
[ sql ] [ SQL ] SHOW COLUMNS FROM `lt_article` [ RunTime:0.001263s ]
[ sql ] [ SQL ] SELECT * FROM `lt_article` WHERE  `art_id` = 10 LIMIT 1 [ RunTime:0.001375s ]
[ sql ] [ SQL ] UPDATE `lt_article`  SET `art_hit`=19  WHERE  `art_id` = 10 [ RunTime:0.007972s ]

---------------------------------------------------------------
[ 2018-08-29T12:22:22+08:00 ] [ sql ] [ DB ] CONNECT:[ UseTime:0.002461s ] mysql:dbname=lhblog;host=139.199.109.135;charset=utf8
[ sql ] [ SQL ] SHOW COLUMNS FROM `lt_article` [ RunTime:0.001251s ]
[ sql ] [ SQL ] SELECT * FROM `lt_article` ORDER BY `art_id`  desc LIMIT 10 [ RunTime:0.004419s ]
[ sql ] [ SQL ] SHOW COLUMNS FROM `lt_link` [ RunTime:0.001310s ]
[ sql ] [ SQL ] SELECT * FROM `lt_link` ORDER BY link_id asc [ RunTime:0.000890s ]
[ sql ] [ SQL ] SELECT * FROM `lt_article` ORDER BY `art_hit`  desc LIMIT 6 [ RunTime:0.427649s ]
[ sql ] [ SQL ] SHOW COLUMNS FROM `lt_banner` [ RunTime:0.001355s ]
[ sql ] [ SQL ] SELECT * FROM `lt_banner` WHERE  `ban_view` = 1 ORDER BY `ban_Id`  desc LIMIT 2 [ RunTime:0.000929s ]
[ sql ] [ SQL ] SHOW COLUMNS FROM `lt_menu` [ RunTime:0.001571s ]
[ sql ] [ SQL ] SELECT `menu_id`,`menu_name` FROM `lt_menu` [ RunTime:0.000780s ]

---------------------------------------------------------------
[ 2018-08-29T12:47:30+08:00 ] [ sql ] [ DB ] CONNECT:[ UseTime:0.001717s ] mysql:dbname=lhblog;host=139.199.109.135;charset=utf8
[ sql ] [ SQL ] SHOW COLUMNS FROM `lt_article` [ RunTime:0.001240s ]
[ sql ] [ SQL ] SELECT * FROM `lt_article` ORDER BY `art_id`  desc LIMIT 10 [ RunTime:0.004242s ]
[ sql ] [ SQL ] SHOW COLUMNS FROM `lt_link` [ RunTime:0.001193s ]
[ sql ] [ SQL ] SELECT * FROM `lt_link` ORDER BY link_id asc [ RunTime:0.000774s ]
[ sql ] [ SQL ] SELECT * FROM `lt_article` ORDER BY `art_hit`  desc LIMIT 6 [ RunTime:0.425548s ]
[ sql ] [ SQL ] SHOW COLUMNS FROM `lt_banner` [ RunTime:0.001228s ]
[ sql ] [ SQL ] SELECT * FROM `lt_banner` WHERE  `ban_view` = 1 ORDER BY `ban_Id`  desc LIMIT 2 [ RunTime:0.000952s ]
[ sql ] [ SQL ] SHOW COLUMNS FROM `lt_menu` [ RunTime:0.001019s ]
[ sql ] [ SQL ] SELECT `menu_id`,`menu_name` FROM `lt_menu` [ RunTime:0.000723s ]

---------------------------------------------------------------
[ 2018-08-29T13:06:22+08:00 ] [ sql ] [ DB ] CONNECT:[ UseTime:0.001618s ] mysql:dbname=lhblog;host=139.199.109.135;charset=utf8
[ sql ] [ SQL ] SHOW COLUMNS FROM `lt_article` [ RunTime:0.001399s ]
[ sql ] [ SQL ] SELECT * FROM `lt_article` ORDER BY `art_id`  desc LIMIT 10 [ RunTime:0.004185s ]
[ sql ] [ SQL ] SHOW COLUMNS FROM `lt_link` [ RunTime:0.001270s ]
[ sql ] [ SQL ] SELECT * FROM `lt_link` ORDER BY link_id asc [ RunTime:0.000995s ]
[ sql ] [ SQL ] SELECT * FROM `lt_article` ORDER BY `art_hit`  desc LIMIT 6 [ RunTime:0.425410s ]
[ sql ] [ SQL ] SHOW COLUMNS FROM `lt_banner` [ RunTime:0.001345s ]
[ sql ] [ SQL ] SELECT * FROM `lt_banner` WHERE  `ban_view` = 1 ORDER BY `ban_Id`  desc LIMIT 2 [ RunTime:0.001012s ]
[ sql ] [ SQL ] SHOW COLUMNS FROM `lt_menu` [ RunTime:0.001097s ]
[ sql ] [ SQL ] SELECT `menu_id`,`menu_name` FROM `lt_menu` [ RunTime:0.000806s ]

---------------------------------------------------------------
[ 2018-08-29T13:19:19+08:00 ] [ sql ] [ DB ] CONNECT:[ UseTime:0.001549s ] mysql:dbname=lhblog;host=139.199.109.135;charset=utf8
[ sql ] [ SQL ] SHOW COLUMNS FROM `lt_article` [ RunTime:0.001190s ]
[ sql ] [ SQL ] SELECT * FROM `lt_article` ORDER BY `art_id`  desc LIMIT 10 [ RunTime:0.003901s ]
[ sql ] [ SQL ] SHOW COLUMNS FROM `lt_link` [ RunTime:0.001095s ]
[ sql ] [ SQL ] SELECT * FROM `lt_link` ORDER BY link_id asc [ RunTime:0.000787s ]
[ sql ] [ SQL ] SELECT * FROM `lt_article` ORDER BY `art_hit`  desc LIMIT 6 [ RunTime:0.416174s ]
[ sql ] [ SQL ] SHOW COLUMNS FROM `lt_banner` [ RunTime:0.001226s ]
[ sql ] [ SQL ] SELECT * FROM `lt_banner` WHERE  `ban_view` = 1 ORDER BY `ban_Id`  desc LIMIT 2 [ RunTime:0.000900s ]
[ sql ] [ SQL ] SHOW COLUMNS FROM `lt_menu` [ RunTime:0.001041s ]
[ sql ] [ SQL ] SELECT `menu_id`,`menu_name` FROM `lt_menu` [ RunTime:0.000816s ]

---------------------------------------------------------------
[ 2018-08-29T14:03:37+08:00 ] [ sql ] [ DB ] CONNECT:[ UseTime:0.002583s ] mysql:dbname=lhblog;host=139.199.109.135;charset=utf8
[ sql ] [ SQL ] SHOW COLUMNS FROM `lt_article` [ RunTime:0.001290s ]
[ sql ] [ SQL ] SELECT * FROM `lt_article` ORDER BY `art_id`  desc LIMIT 10 [ RunTime:0.003536s ]
[ sql ] [ SQL ] SHOW COLUMNS FROM `lt_link` [ RunTime:0.000990s ]
[ sql ] [ SQL ] SELECT * FROM `lt_link` ORDER BY link_id asc [ RunTime:0.000746s ]
[ sql ] [ SQL ] SELECT * FROM `lt_article` ORDER BY `art_hit`  desc LIMIT 6 [ RunTime:0.415585s ]
[ sql ] [ SQL ] SHOW COLUMNS FROM `lt_banner` [ RunTime:0.001281s ]
[ sql ] [ SQL ] SELECT * FROM `lt_banner` WHERE  `ban_view` = 1 ORDER BY `ban_Id`  desc LIMIT 2 [ RunTime:0.000836s ]
[ sql ] [ SQL ] SHOW COLUMNS FROM `lt_menu` [ RunTime:0.001034s ]
[ sql ] [ SQL ] SELECT `menu_id`,`menu_name` FROM `lt_menu` [ RunTime:0.000756s ]

---------------------------------------------------------------
[ 2018-08-29T14:04:09+08:00 ] [ sql ] [ DB ] CONNECT:[ UseTime:0.001536s ] mysql:dbname=lhblog;host=139.199.109.135;charset=utf8
[ sql ] [ SQL ] SHOW COLUMNS FROM `lt_article` [ RunTime:0.001359s ]
[ sql ] [ SQL ] SELECT * FROM `lt_article` ORDER BY `art_hit`  desc LIMIT 6 [ RunTime:0.002375s ]
[ sql ] [ SQL ] SHOW COLUMNS FROM `lt_menu` [ RunTime:0.001030s ]
[ sql ] [ SQL ] SELECT * FROM `lt_menu` WHERE  `menu_parent` = 0  AND `menu_view` = 1 [ RunTime:0.000853s ]
[ sql ] [ SQL ] SELECT `menu_id`,`menu_name` FROM `lt_menu` [ RunTime:0.000760s ]
[ sql ] [ SQL ] SELECT COUNT(*) AS tp_count FROM `lt_article` WHERE  `art_pid` = 1 LIMIT 1 [ RunTime:0.000789s ]
[ sql ] [ SQL ] SELECT * FROM `lt_article` WHERE  `art_pid` = 1 ORDER BY art_id desc LIMIT 0,10 [ RunTime:0.000955s ]

---------------------------------------------------------------
[ 2018-08-29T14:19:04+08:00 ] [ sql ] [ DB ] CONNECT:[ UseTime:0.001677s ] mysql:dbname=lhblog;host=139.199.109.135;charset=utf8
[ sql ] [ SQL ] SHOW COLUMNS FROM `lt_article` [ RunTime:0.001227s ]
[ sql ] [ SQL ] SELECT * FROM `lt_article` ORDER BY `art_id`  desc LIMIT 10 [ RunTime:0.003899s ]
[ sql ] [ SQL ] SHOW COLUMNS FROM `lt_link` [ RunTime:0.001160s ]
[ sql ] [ SQL ] SELECT * FROM `lt_link` ORDER BY link_id asc [ RunTime:0.000775s ]
[ sql ] [ SQL ] SELECT * FROM `lt_article` ORDER BY `art_hit`  desc LIMIT 6 [ RunTime:0.415394s ]
[ sql ] [ SQL ] SHOW COLUMNS FROM `lt_banner` [ RunTime:0.001250s ]
[ sql ] [ SQL ] SELECT * FROM `lt_banner` WHERE  `ban_view` = 1 ORDER BY `ban_Id`  desc LIMIT 2 [ RunTime:0.000802s ]
[ sql ] [ SQL ] SHOW COLUMNS FROM `lt_menu` [ RunTime:0.001181s ]
[ sql ] [ SQL ] SELECT `menu_id`,`menu_name` FROM `lt_menu` [ RunTime:0.000835s ]

---------------------------------------------------------------
[ 2018-08-29T14:39:12+08:00 ] [ sql ] [ DB ] CONNECT:[ UseTime:0.001544s ] mysql:dbname=lhblog;host=139.199.109.135;charset=utf8
[ sql ] [ SQL ] SHOW COLUMNS FROM `lt_article` [ RunTime:0.001232s ]
[ sql ] [ SQL ] SELECT * FROM `lt_article` ORDER BY `art_id`  desc LIMIT 10 [ RunTime:0.003696s ]
[ sql ] [ SQL ] SHOW COLUMNS FROM `lt_link` [ RunTime:0.001081s ]
[ sql ] [ SQL ] SELECT * FROM `lt_link` ORDER BY link_id asc [ RunTime:0.000754s ]
[ sql ] [ SQL ] SELECT * FROM `lt_article` ORDER BY `art_hit`  desc LIMIT 6 [ RunTime:0.441977s ]
[ sql ] [ SQL ] SHOW COLUMNS FROM `lt_banner` [ RunTime:0.001239s ]
[ sql ] [ SQL ] SELECT * FROM `lt_banner` WHERE  `ban_view` = 1 ORDER BY `ban_Id`  desc LIMIT 2 [ RunTime:0.000856s ]
[ sql ] [ SQL ] SHOW COLUMNS FROM `lt_menu` [ RunTime:0.001099s ]
[ sql ] [ SQL ] SELECT `menu_id`,`menu_name` FROM `lt_menu` [ RunTime:0.000848s ]

---------------------------------------------------------------
[ 2018-08-29T14:39:21+08:00 ] [ sql ] [ DB ] CONNECT:[ UseTime:0.001660s ] mysql:dbname=lhblog;host=139.199.109.135;charset=utf8
[ sql ] [ SQL ] SHOW COLUMNS FROM `lt_article` [ RunTime:0.001551s ]
[ sql ] [ SQL ] SELECT * FROM `lt_article` WHERE  `art_id` = 15 ORDER BY art_id desc LIMIT 1 [ RunTime:0.001463s ]
[ sql ] [ SQL ] SELECT * FROM `lt_article` WHERE  (  art_id<15 ) ORDER BY art_id desc LIMIT 1 [ RunTime:0.001154s ]
[ sql ] [ SQL ] SELECT * FROM `lt_article` WHERE  (  art_id>15 ) ORDER BY art_id desc LIMIT 1 [ RunTime:0.000953s ]
[ sql ] [ SQL ] SHOW COLUMNS FROM `lt_menu` [ RunTime:0.001306s ]
[ sql ] [ SQL ] SELECT `menu_id`,`menu_name` FROM `lt_menu` [ RunTime:0.000876s ]

---------------------------------------------------------------
[ 2018-08-29T14:39:21+08:00 ] [ sql ] [ DB ] CONNECT:[ UseTime:0.001658s ] mysql:dbname=lhblog;host=139.199.109.135;charset=utf8
[ sql ] [ SQL ] SHOW COLUMNS FROM `lt_article` [ RunTime:0.001275s ]
[ sql ] [ SQL ] SELECT * FROM `lt_article` WHERE  `art_id` = 15 LIMIT 1 [ RunTime:0.001052s ]
[ sql ] [ SQL ] UPDATE `lt_article`  SET `art_hit`=25  WHERE  `art_id` = 15 [ RunTime:0.008073s ]

---------------------------------------------------------------
[ 2018-08-29T14:39:24+08:00 ] [ sql ] [ DB ] CONNECT:[ UseTime:0.001601s ] mysql:dbname=lhblog;host=139.199.109.135;charset=utf8
[ sql ] [ SQL ] SHOW COLUMNS FROM `lt_article` [ RunTime:0.001227s ]
[ sql ] [ SQL ] SELECT * FROM `lt_article` WHERE  `art_id` = 15 ORDER BY art_id desc LIMIT 1 [ RunTime:0.000961s ]
[ sql ] [ SQL ] SELECT * FROM `lt_article` WHERE  (  art_id<15 ) ORDER BY art_id desc LIMIT 1 [ RunTime:0.000951s ]
[ sql ] [ SQL ] SELECT * FROM `lt_article` WHERE  (  art_id>15 ) ORDER BY art_id desc LIMIT 1 [ RunTime:0.000843s ]
[ sql ] [ SQL ] SHOW COLUMNS FROM `lt_menu` [ RunTime:0.001089s ]
[ sql ] [ SQL ] SELECT `menu_id`,`menu_name` FROM `lt_menu` [ RunTime:0.000733s ]

---------------------------------------------------------------
[ 2018-08-29T14:39:24+08:00 ] [ sql ] [ DB ] CONNECT:[ UseTime:0.001542s ] mysql:dbname=lhblog;host=139.199.109.135;charset=utf8
[ sql ] [ SQL ] SHOW COLUMNS FROM `lt_article` [ RunTime:0.001348s ]
[ sql ] [ SQL ] SELECT * FROM `lt_article` WHERE  `art_id` = 15 LIMIT 1 [ RunTime:0.001163s ]
[ sql ] [ SQL ] UPDATE `lt_article`  SET `art_hit`=26  WHERE  `art_id` = 15 [ RunTime:0.008846s ]

---------------------------------------------------------------
[ 2018-08-29T14:40:16+08:00 ] [ sql ] [ DB ] CONNECT:[ UseTime:0.002005s ] mysql:dbname=lhblog;host=139.199.109.135;charset=utf8
[ sql ] [ SQL ] SHOW COLUMNS FROM `lt_article` [ RunTime:0.001395s ]
[ sql ] [ SQL ] SELECT * FROM `lt_article` WHERE  `art_id` = 14 ORDER BY art_id desc LIMIT 1 [ RunTime:0.001015s ]
[ sql ] [ SQL ] SELECT * FROM `lt_article` WHERE  (  art_id<14 ) ORDER BY art_id desc LIMIT 1 [ RunTime:0.000970s ]
[ sql ] [ SQL ] SELECT * FROM `lt_article` WHERE  (  art_id>14 ) ORDER BY art_id desc LIMIT 1 [ RunTime:0.003097s ]
[ sql ] [ SQL ] SHOW COLUMNS FROM `lt_menu` [ RunTime:0.001327s ]
[ sql ] [ SQL ] SELECT `menu_id`,`menu_name` FROM `lt_menu` [ RunTime:0.000749s ]

---------------------------------------------------------------
[ 2018-08-29T14:40:17+08:00 ] [ sql ] [ DB ] CONNECT:[ UseTime:0.001652s ] mysql:dbname=lhblog;host=139.199.109.135;charset=utf8
[ sql ] [ SQL ] SHOW COLUMNS FROM `lt_article` [ RunTime:0.001194s ]
[ sql ] [ SQL ] SELECT * FROM `lt_article` WHERE  `art_id` = 14 LIMIT 1 [ RunTime:0.615078s ]
[ sql ] [ SQL ] UPDATE `lt_article`  SET `art_hit`=34  WHERE  `art_id` = 14 [ RunTime:0.009192s ]

---------------------------------------------------------------
[ 2018-08-29T14:40:26+08:00 ] [ sql ] [ DB ] CONNECT:[ UseTime:0.001805s ] mysql:dbname=lhblog;host=139.199.109.135;charset=utf8
[ sql ] [ SQL ] SHOW COLUMNS FROM `lt_article` [ RunTime:0.001475s ]
[ sql ] [ SQL ] SELECT * FROM `lt_article` WHERE  `art_id` = 15 ORDER BY art_id desc LIMIT 1 [ RunTime:0.001053s ]
[ sql ] [ SQL ] SELECT * FROM `lt_article` WHERE  (  art_id<15 ) ORDER BY art_id desc LIMIT 1 [ RunTime:0.001072s ]
[ sql ] [ SQL ] SELECT * FROM `lt_article` WHERE  (  art_id>15 ) ORDER BY art_id desc LIMIT 1 [ RunTime:0.000862s ]
[ sql ] [ SQL ] SHOW COLUMNS FROM `lt_menu` [ RunTime:0.001374s ]
[ sql ] [ SQL ] SELECT `menu_id`,`menu_name` FROM `lt_menu` [ RunTime:0.000787s ]

---------------------------------------------------------------
[ 2018-08-29T14:40:27+08:00 ] [ sql ] [ DB ] CONNECT:[ UseTime:0.001518s ] mysql:dbname=lhblog;host=139.199.109.135;charset=utf8
[ sql ] [ SQL ] SHOW COLUMNS FROM `lt_article` [ RunTime:0.001289s ]
[ sql ] [ SQL ] SELECT * FROM `lt_article` WHERE  `art_id` = 11 ORDER BY art_id desc LIMIT 1 [ RunTime:0.001426s ]
[ sql ] [ SQL ] SELECT * FROM `lt_article` WHERE  (  art_id<11 ) ORDER BY art_id desc LIMIT 1 [ RunTime:0.001422s ]
[ sql ] [ SQL ] SELECT * FROM `lt_article` WHERE  (  art_id>11 ) ORDER BY art_id desc LIMIT 1 [ RunTime:0.001042s ]
[ sql ] [ SQL ] SHOW COLUMNS FROM `lt_menu` [ RunTime:0.001241s ]
[ sql ] [ SQL ] SELECT `menu_id`,`menu_name` FROM `lt_menu` [ RunTime:0.000833s ]

---------------------------------------------------------------
[ 2018-08-29T14:40:27+08:00 ] [ sql ] [ DB ] CONNECT:[ UseTime:0.001622s ] mysql:dbname=lhblog;host=139.199.109.135;charset=utf8
[ sql ] [ SQL ] SHOW COLUMNS FROM `lt_article` [ RunTime:0.001230s ]
[ sql ] [ SQL ] SELECT * FROM `lt_article` WHERE  `art_id` = 11 LIMIT 1 [ RunTime:0.213754s ]
[ sql ] [ SQL ] UPDATE `lt_article`  SET `art_hit`=17  WHERE  `art_id` = 11 [ RunTime:0.007482s ]

---------------------------------------------------------------
[ 2018-08-29T14:48:30+08:00 ] [ sql ] [ DB ] CONNECT:[ UseTime:0.001636s ] mysql:dbname=lhblog;host=139.199.109.135;charset=utf8
[ sql ] [ SQL ] SHOW COLUMNS FROM `lt_article` [ RunTime:0.001257s ]
[ sql ] [ SQL ] SELECT * FROM `lt_article` ORDER BY `art_id`  desc LIMIT 10 [ RunTime:0.003812s ]
[ sql ] [ SQL ] SHOW COLUMNS FROM `lt_link` [ RunTime:0.001134s ]
[ sql ] [ SQL ] SELECT * FROM `lt_link` ORDER BY link_id asc [ RunTime:0.000800s ]
[ sql ] [ SQL ] SELECT * FROM `lt_article` ORDER BY `art_hit`  desc LIMIT 6 [ RunTime:0.416660s ]
[ sql ] [ SQL ] SHOW COLUMNS FROM `lt_banner` [ RunTime:0.001245s ]
[ sql ] [ SQL ] SELECT * FROM `lt_banner` WHERE  `ban_view` = 1 ORDER BY `ban_Id`  desc LIMIT 2 [ RunTime:0.000865s ]
[ sql ] [ SQL ] SHOW COLUMNS FROM `lt_menu` [ RunTime:0.001047s ]
[ sql ] [ SQL ] SELECT `menu_id`,`menu_name` FROM `lt_menu` [ RunTime:0.000876s ]

---------------------------------------------------------------
[ 2018-08-29T15:02:14+08:00 ] [ sql ] [ DB ] CONNECT:[ UseTime:0.001570s ] mysql:dbname=lhblog;host=139.199.109.135;charset=utf8
[ sql ] [ SQL ] SHOW COLUMNS FROM `lt_article` [ RunTime:0.001213s ]
[ sql ] [ SQL ] SELECT * FROM `lt_article` ORDER BY `art_id`  desc LIMIT 10 [ RunTime:0.003982s ]
[ sql ] [ SQL ] SHOW COLUMNS FROM `lt_link` [ RunTime:0.001457s ]
[ sql ] [ SQL ] SELECT * FROM `lt_link` ORDER BY link_id asc [ RunTime:0.000877s ]
[ sql ] [ SQL ] SELECT * FROM `lt_article` ORDER BY `art_hit`  desc LIMIT 6 [ RunTime:0.424693s ]
[ sql ] [ SQL ] SHOW COLUMNS FROM `lt_banner` [ RunTime:0.001509s ]
[ sql ] [ SQL ] SELECT * FROM `lt_banner` WHERE  `ban_view` = 1 ORDER BY `ban_Id`  desc LIMIT 2 [ RunTime:0.000978s ]
[ sql ] [ SQL ] SHOW COLUMNS FROM `lt_menu` [ RunTime:0.001258s ]
[ sql ] [ SQL ] SELECT `menu_id`,`menu_name` FROM `lt_menu` [ RunTime:0.000858s ]

---------------------------------------------------------------
[ 2018-08-29T15:21:47+08:00 ] [ sql ] [ DB ] CONNECT:[ UseTime:0.001596s ] mysql:dbname=lhblog;host=139.199.109.135;charset=utf8
[ sql ] [ SQL ] SHOW COLUMNS FROM `lt_article` [ RunTime:0.001200s ]
[ sql ] [ SQL ] SELECT * FROM `lt_article` ORDER BY `art_id`  desc LIMIT 10 [ RunTime:0.003928s ]
[ sql ] [ SQL ] SHOW COLUMNS FROM `lt_link` [ RunTime:0.001047s ]
[ sql ] [ SQL ] SELECT * FROM `lt_link` ORDER BY link_id asc [ RunTime:0.000902s ]
[ sql ] [ SQL ] SELECT * FROM `lt_article` ORDER BY `art_hit`  desc LIMIT 6 [ RunTime:0.416688s ]
[ sql ] [ SQL ] SHOW COLUMNS FROM `lt_banner` [ RunTime:0.001278s ]
[ sql ] [ SQL ] SELECT * FROM `lt_banner` WHERE  `ban_view` = 1 ORDER BY `ban_Id`  desc LIMIT 2 [ RunTime:0.000941s ]
[ sql ] [ SQL ] SHOW COLUMNS FROM `lt_menu` [ RunTime:0.001057s ]
[ sql ] [ SQL ] SELECT `menu_id`,`menu_name` FROM `lt_menu` [ RunTime:0.000729s ]

---------------------------------------------------------------
[ 2018-08-29T15:36:34+08:00 ] [ sql ] [ DB ] CONNECT:[ UseTime:0.001790s ] mysql:dbname=lhblog;host=139.199.109.135;charset=utf8
[ sql ] [ SQL ] SHOW COLUMNS FROM `lt_article` [ RunTime:0.001454s ]
[ sql ] [ SQL ] SELECT * FROM `lt_article` ORDER BY `art_id`  desc LIMIT 10 [ RunTime:0.003940s ]
[ sql ] [ SQL ] SHOW COLUMNS FROM `lt_link` [ RunTime:0.001413s ]
[ sql ] [ SQL ] SELECT * FROM `lt_link` ORDER BY link_id asc [ RunTime:0.000888s ]
[ sql ] [ SQL ] SELECT * FROM `lt_article` ORDER BY `art_hit`  desc LIMIT 6 [ RunTime:0.424965s ]
[ sql ] [ SQL ] SHOW COLUMNS FROM `lt_banner` [ RunTime:0.001175s ]
[ sql ] [ SQL ] SELECT * FROM `lt_banner` WHERE  `ban_view` = 1 ORDER BY `ban_Id`  desc LIMIT 2 [ RunTime:0.000897s ]
[ sql ] [ SQL ] SHOW COLUMNS FROM `lt_menu` [ RunTime:0.000988s ]
[ sql ] [ SQL ] SELECT `menu_id`,`menu_name` FROM `lt_menu` [ RunTime:0.000754s ]

---------------------------------------------------------------
[ 2018-08-29T15:37:02+08:00 ] [ sql ] [ DB ] CONNECT:[ UseTime:0.003117s ] mysql:dbname=lhblog;host=139.199.109.135;charset=utf8
[ sql ] [ SQL ] SHOW COLUMNS FROM `lt_article` [ RunTime:0.001665s ]
[ sql ] [ SQL ] SELECT * FROM `lt_article` WHERE  `art_id` = 15 ORDER BY art_id desc LIMIT 1 [ RunTime:0.001870s ]
[ sql ] [ SQL ] SELECT * FROM `lt_article` WHERE  (  art_id<15 ) ORDER BY art_id desc LIMIT 1 [ RunTime:0.001375s ]
[ sql ] [ SQL ] SELECT * FROM `lt_article` WHERE  (  art_id>15 ) ORDER BY art_id desc LIMIT 1 [ RunTime:0.001353s ]
[ sql ] [ SQL ] SHOW COLUMNS FROM `lt_menu` [ RunTime:0.001333s ]
[ sql ] [ SQL ] SELECT `menu_id`,`menu_name` FROM `lt_menu` [ RunTime:0.000836s ]

---------------------------------------------------------------
[ 2018-08-29T15:37:02+08:00 ] [ sql ] [ DB ] CONNECT:[ UseTime:0.001728s ] mysql:dbname=lhblog;host=139.199.109.135;charset=utf8
[ sql ] [ SQL ] SHOW COLUMNS FROM `lt_article` [ RunTime:0.001529s ]
[ sql ] [ SQL ] SELECT * FROM `lt_article` WHERE  `art_id` = 15 LIMIT 1 [ RunTime:0.001582s ]
[ sql ] [ SQL ] UPDATE `lt_article`  SET `art_hit`=27  WHERE  `art_id` = 15 [ RunTime:0.008858s ]

---------------------------------------------------------------
[ 2018-08-29T15:37:07+08:00 ] [ sql ] [ DB ] CONNECT:[ UseTime:0.001821s ] mysql:dbname=lhblog;host=139.199.109.135;charset=utf8
[ sql ] [ SQL ] SHOW COLUMNS FROM `lt_article` [ RunTime:0.001388s ]
[ sql ] [ SQL ] SELECT * FROM `lt_article` WHERE  `art_id` = 15 ORDER BY art_id desc LIMIT 1 [ RunTime:0.001081s ]
[ sql ] [ SQL ] SELECT * FROM `lt_article` WHERE  (  art_id<15 ) ORDER BY art_id desc LIMIT 1 [ RunTime:0.001129s ]
[ sql ] [ SQL ] SELECT * FROM `lt_article` WHERE  (  art_id>15 ) ORDER BY art_id desc LIMIT 1 [ RunTime:0.000883s ]
[ sql ] [ SQL ] SHOW COLUMNS FROM `lt_menu` [ RunTime:0.001213s ]
[ sql ] [ SQL ] SELECT `menu_id`,`menu_name` FROM `lt_menu` [ RunTime:0.000892s ]

---------------------------------------------------------------
[ 2018-08-29T15:37:07+08:00 ] [ sql ] [ DB ] CONNECT:[ UseTime:0.001885s ] mysql:dbname=lhblog;host=139.199.109.135;charset=utf8
[ sql ] [ SQL ] SHOW COLUMNS FROM `lt_article` [ RunTime:0.001580s ]
[ sql ] [ SQL ] SELECT * FROM `lt_article` WHERE  `art_id` = 15 LIMIT 1 [ RunTime:0.001181s ]
[ sql ] [ SQL ] UPDATE `lt_article`  SET `art_hit`=28  WHERE  `art_id` = 15 [ RunTime:0.007813s ]

---------------------------------------------------------------
[ 2018-08-29T15:37:08+08:00 ] [ sql ] [ DB ] CONNECT:[ UseTime:0.001973s ] mysql:dbname=lhblog;host=139.199.109.135;charset=utf8
[ sql ] [ SQL ] SHOW COLUMNS FROM `lt_article` [ RunTime:0.002704s ]
[ sql ] [ SQL ] SELECT * FROM `lt_article` WHERE  `art_id` = 3 ORDER BY art_id desc LIMIT 1 [ RunTime:0.001523s ]
[ sql ] [ SQL ] SELECT * FROM `lt_article` WHERE  (  art_id<3 ) ORDER BY art_id desc LIMIT 1 [ RunTime:0.001099s ]
[ sql ] [ SQL ] SELECT * FROM `lt_article` WHERE  (  art_id>3 ) ORDER BY art_id desc LIMIT 1 [ RunTime:0.001569s ]
[ sql ] [ SQL ] SHOW COLUMNS FROM `lt_menu` [ RunTime:0.001453s ]
[ sql ] [ SQL ] SELECT `menu_id`,`menu_name` FROM `lt_menu` [ RunTime:0.000917s ]

---------------------------------------------------------------
[ 2018-08-29T15:37:09+08:00 ] [ sql ] [ DB ] CONNECT:[ UseTime:0.002587s ] mysql:dbname=lhblog;host=139.199.109.135;charset=utf8
[ sql ] [ SQL ] SHOW COLUMNS FROM `lt_article` [ RunTime:0.001381s ]
[ sql ] [ SQL ] SELECT * FROM `lt_article` WHERE  `art_id` = 3 LIMIT 1 [ RunTime:0.001004s ]
[ sql ] [ SQL ] UPDATE `lt_article`  SET `art_hit`=33  WHERE  `art_id` = 3 [ RunTime:0.007554s ]

---------------------------------------------------------------
[ 2018-08-29T15:37:15+08:00 ] [ sql ] [ DB ] CONNECT:[ UseTime:0.001599s ] mysql:dbname=lhblog;host=139.199.109.135;charset=utf8
[ sql ] [ SQL ] SHOW COLUMNS FROM `lt_article` [ RunTime:0.001278s ]
[ sql ] [ SQL ] SELECT * FROM `lt_article` WHERE  `art_id` = 6 ORDER BY art_id desc LIMIT 1 [ RunTime:0.001058s ]
[ sql ] [ SQL ] SELECT * FROM `lt_article` WHERE  (  art_id<6 ) ORDER BY art_id desc LIMIT 1 [ RunTime:0.001003s ]
[ sql ] [ SQL ] SELECT * FROM `lt_article` WHERE  (  art_id>6 ) ORDER BY art_id desc LIMIT 1 [ RunTime:0.001033s ]
[ sql ] [ SQL ] SHOW COLUMNS FROM `lt_menu` [ RunTime:0.001054s ]
[ sql ] [ SQL ] SELECT `menu_id`,`menu_name` FROM `lt_menu` [ RunTime:0.000731s ]

---------------------------------------------------------------
[ 2018-08-29T15:37:15+08:00 ] [ sql ] [ DB ] CONNECT:[ UseTime:0.001694s ] mysql:dbname=lhblog;host=139.199.109.135;charset=utf8
[ sql ] [ SQL ] SHOW COLUMNS FROM `lt_article` [ RunTime:0.002798s ]
[ sql ] [ SQL ] SELECT * FROM `lt_article` WHERE  `art_id` = 6 LIMIT 1 [ RunTime:0.001165s ]
[ sql ] [ SQL ] UPDATE `lt_article`  SET `art_hit`=41  WHERE  `art_id` = 6 [ RunTime:0.007809s ]

---------------------------------------------------------------
[ 2018-08-29T15:37:19+08:00 ] [ sql ] [ DB ] CONNECT:[ UseTime:0.002050s ] mysql:dbname=lhblog;host=139.199.109.135;charset=utf8
[ sql ] [ SQL ] SHOW COLUMNS FROM `lt_article` [ RunTime:0.001549s ]
[ sql ] [ SQL ] SELECT * FROM `lt_article` WHERE  `art_id` = 4 ORDER BY art_id desc LIMIT 1 [ RunTime:0.001285s ]
[ sql ] [ SQL ] SELECT * FROM `lt_article` WHERE  (  art_id<4 ) ORDER BY art_id desc LIMIT 1 [ RunTime:0.001179s ]
[ sql ] [ SQL ] SELECT * FROM `lt_article` WHERE  (  art_id>4 ) ORDER BY art_id desc LIMIT 1 [ RunTime:0.001133s ]
[ sql ] [ SQL ] SHOW COLUMNS FROM `lt_menu` [ RunTime:0.001197s ]
[ sql ] [ SQL ] SELECT `menu_id`,`menu_name` FROM `lt_menu` [ RunTime:0.001033s ]

---------------------------------------------------------------
[ 2018-08-29T15:37:19+08:00 ] [ sql ] [ DB ] CONNECT:[ UseTime:0.001892s ] mysql:dbname=lhblog;host=139.199.109.135;charset=utf8
[ sql ] [ SQL ] SHOW COLUMNS FROM `lt_article` [ RunTime:0.001456s ]
[ sql ] [ SQL ] SELECT * FROM `lt_article` WHERE  `art_id` = 4 LIMIT 1 [ RunTime:0.001166s ]
[ sql ] [ SQL ] UPDATE `lt_article`  SET `art_hit`=17  WHERE  `art_id` = 4 [ RunTime:0.007632s ]

---------------------------------------------------------------
[ 2018-08-29T15:37:24+08:00 ] [ sql ] [ DB ] CONNECT:[ UseTime:0.001670s ] mysql:dbname=lhblog;host=139.199.109.135;charset=utf8
[ sql ] [ SQL ] SHOW COLUMNS FROM `lt_article` [ RunTime:0.001297s ]
[ sql ] [ SQL ] SELECT * FROM `lt_article` WHERE  `art_id` = 4 ORDER BY art_id desc LIMIT 1 [ RunTime:0.001126s ]
[ sql ] [ SQL ] SELECT * FROM `lt_article` WHERE  (  art_id<4 ) ORDER BY art_id desc LIMIT 1 [ RunTime:0.001068s ]
[ sql ] [ SQL ] SELECT * FROM `lt_article` WHERE  (  art_id>4 ) ORDER BY art_id desc LIMIT 1 [ RunTime:0.001038s ]
[ sql ] [ SQL ] SHOW COLUMNS FROM `lt_menu` [ RunTime:0.001108s ]
[ sql ] [ SQL ] SELECT `menu_id`,`menu_name` FROM `lt_menu` [ RunTime:0.000921s ]

---------------------------------------------------------------
[ 2018-08-29T15:37:24+08:00 ] [ sql ] [ DB ] CONNECT:[ UseTime:0.001718s ] mysql:dbname=lhblog;host=139.199.109.135;charset=utf8
[ sql ] [ SQL ] SHOW COLUMNS FROM `lt_article` [ RunTime:0.001180s ]
[ sql ] [ SQL ] SELECT * FROM `lt_article` WHERE  `art_id` = 4 LIMIT 1 [ RunTime:0.001101s ]
[ sql ] [ SQL ] UPDATE `lt_article`  SET `art_hit`=18  WHERE  `art_id` = 4 [ RunTime:0.012961s ]

---------------------------------------------------------------
[ 2018-08-29T15:37:35+08:00 ] [ sql ] [ DB ] CONNECT:[ UseTime:0.001662s ] mysql:dbname=lhblog;host=139.199.109.135;charset=utf8
[ sql ] [ SQL ] SHOW COLUMNS FROM `lt_article` [ RunTime:0.001339s ]
[ sql ] [ SQL ] SELECT * FROM `lt_article` ORDER BY `art_id`  desc LIMIT 10 [ RunTime:0.004273s ]
[ sql ] [ SQL ] SHOW COLUMNS FROM `lt_link` [ RunTime:0.001047s ]
[ sql ] [ SQL ] SELECT * FROM `lt_link` ORDER BY link_id asc [ RunTime:0.000832s ]
[ sql ] [ SQL ] SELECT * FROM `lt_article` ORDER BY `art_hit`  desc LIMIT 6 [ RunTime:0.423753s ]
[ sql ] [ SQL ] SHOW COLUMNS FROM `lt_banner` [ RunTime:0.001257s ]
[ sql ] [ SQL ] SELECT * FROM `lt_banner` WHERE  `ban_view` = 1 ORDER BY `ban_Id`  desc LIMIT 2 [ RunTime:0.000842s ]
[ sql ] [ SQL ] SHOW COLUMNS FROM `lt_menu` [ RunTime:0.001087s ]
[ sql ] [ SQL ] SELECT `menu_id`,`menu_name` FROM `lt_menu` [ RunTime:0.000893s ]

---------------------------------------------------------------
[ 2018-08-29T15:37:38+08:00 ] [ sql ] [ DB ] CONNECT:[ UseTime:0.001721s ] mysql:dbname=lhblog;host=139.199.109.135;charset=utf8
[ sql ] [ SQL ] SHOW COLUMNS FROM `lt_article` [ RunTime:0.001354s ]
[ sql ] [ SQL ] SELECT * FROM `lt_article` ORDER BY `art_hit`  desc LIMIT 6 [ RunTime:0.002152s ]
[ sql ] [ SQL ] SHOW COLUMNS FROM `lt_menu` [ RunTime:0.001118s ]
[ sql ] [ SQL ] SELECT * FROM `lt_menu` WHERE  `menu_parent` = 0  AND `menu_view` = 1 [ RunTime:0.001111s ]
[ sql ] [ SQL ] SELECT `menu_id`,`menu_name` FROM `lt_menu` [ RunTime:0.000801s ]
[ sql ] [ SQL ] SELECT COUNT(*) AS tp_count FROM `lt_article` WHERE  `art_pid` = 1 LIMIT 1 [ RunTime:0.000813s ]
[ sql ] [ SQL ] SELECT * FROM `lt_article` WHERE  `art_pid` = 1 ORDER BY art_id desc LIMIT 0,10 [ RunTime:0.001016s ]

---------------------------------------------------------------
[ 2018-08-29T15:38:19+08:00 ] [ sql ] [ DB ] CONNECT:[ UseTime:0.001705s ] mysql:dbname=lhblog;host=139.199.109.135;charset=utf8
[ sql ] [ SQL ] SHOW COLUMNS FROM `lt_article` [ RunTime:0.001315s ]
[ sql ] [ SQL ] SELECT * FROM `lt_article` WHERE  `art_id` = 4 ORDER BY art_id desc LIMIT 1 [ RunTime:0.001063s ]
[ sql ] [ SQL ] SELECT * FROM `lt_article` WHERE  (  art_id<4 ) ORDER BY art_id desc LIMIT 1 [ RunTime:0.000949s ]
[ sql ] [ SQL ] SELECT * FROM `lt_article` WHERE  (  art_id>4 ) ORDER BY art_id desc LIMIT 1 [ RunTime:0.000921s ]
[ sql ] [ SQL ] SHOW COLUMNS FROM `lt_menu` [ RunTime:0.001099s ]
[ sql ] [ SQL ] SELECT `menu_id`,`menu_name` FROM `lt_menu` [ RunTime:0.000711s ]

---------------------------------------------------------------
[ 2018-08-29T15:38:24+08:00 ] [ sql ] [ DB ] CONNECT:[ UseTime:0.001946s ] mysql:dbname=lhblog;host=139.199.109.135;charset=utf8
[ sql ] [ SQL ] SHOW COLUMNS FROM `lt_article` [ RunTime:0.001533s ]
[ sql ] [ SQL ] SELECT * FROM `lt_article` WHERE  `art_id` = 6 ORDER BY art_id desc LIMIT 1 [ RunTime:0.001158s ]
[ sql ] [ SQL ] SELECT * FROM `lt_article` WHERE  (  art_id<6 ) ORDER BY art_id desc LIMIT 1 [ RunTime:0.001109s ]
[ sql ] [ SQL ] SELECT * FROM `lt_article` WHERE  (  art_id>6 ) ORDER BY art_id desc LIMIT 1 [ RunTime:0.001003s ]
[ sql ] [ SQL ] SHOW COLUMNS FROM `lt_menu` [ RunTime:0.001336s ]
[ sql ] [ SQL ] SELECT `menu_id`,`menu_name` FROM `lt_menu` [ RunTime:0.000940s ]

---------------------------------------------------------------
[ 2018-08-29T15:38:24+08:00 ] [ sql ] [ DB ] CONNECT:[ UseTime:0.001834s ] mysql:dbname=lhblog;host=139.199.109.135;charset=utf8
[ sql ] [ SQL ] SHOW COLUMNS FROM `lt_article` [ RunTime:0.001304s ]
[ sql ] [ SQL ] SELECT * FROM `lt_article` WHERE  `art_id` = 6 LIMIT 1 [ RunTime:0.001062s ]
[ sql ] [ SQL ] UPDATE `lt_article`  SET `art_hit`=42  WHERE  `art_id` = 6 [ RunTime:0.007428s ]

---------------------------------------------------------------
[ 2018-08-29T15:38:33+08:00 ] [ sql ] [ DB ] CONNECT:[ UseTime:0.001594s ] mysql:dbname=lhblog;host=139.199.109.135;charset=utf8
[ sql ] [ SQL ] SHOW COLUMNS FROM `lt_article` [ RunTime:0.001544s ]
[ sql ] [ SQL ] SELECT * FROM `lt_article` ORDER BY `art_hit`  desc LIMIT 6 [ RunTime:0.003834s ]
[ sql ] [ SQL ] SHOW COLUMNS FROM `lt_menu` [ RunTime:0.001241s ]
[ sql ] [ SQL ] SELECT * FROM `lt_menu` WHERE  `menu_parent` = 0  AND `menu_view` = 1 [ RunTime:0.000908s ]
[ sql ] [ SQL ] SELECT `menu_id`,`menu_name` FROM `lt_menu` [ RunTime:0.000801s ]
[ sql ] [ SQL ] SELECT COUNT(*) AS tp_count FROM `lt_article` WHERE  `art_pid` = 2 LIMIT 1 [ RunTime:0.000795s ]
[ sql ] [ SQL ] SELECT * FROM `lt_article` WHERE  `art_pid` = 2 ORDER BY art_id desc LIMIT 0,10 [ RunTime:0.002087s ]

---------------------------------------------------------------
[ 2018-08-29T15:38:34+08:00 ] [ sql ] [ DB ] CONNECT:[ UseTime:0.001636s ] mysql:dbname=lhblog;host=139.199.109.135;charset=utf8
[ sql ] [ SQL ] SHOW COLUMNS FROM `lt_article` [ RunTime:0.001479s ]
[ sql ] [ SQL ] SELECT * FROM `lt_article` ORDER BY `art_id`  desc LIMIT 10 [ RunTime:0.841374s ]
[ sql ] [ SQL ] SHOW COLUMNS FROM `lt_link` [ RunTime:0.001272s ]
[ sql ] [ SQL ] SELECT * FROM `lt_link` ORDER BY link_id asc [ RunTime:0.000850s ]
[ sql ] [ SQL ] SELECT * FROM `lt_article` ORDER BY `art_hit`  desc LIMIT 6 [ RunTime:0.425634s ]
[ sql ] [ SQL ] SHOW COLUMNS FROM `lt_banner` [ RunTime:0.001278s ]
[ sql ] [ SQL ] SELECT * FROM `lt_banner` WHERE  `ban_view` = 1 ORDER BY `ban_Id`  desc LIMIT 2 [ RunTime:0.001068s ]
[ sql ] [ SQL ] SHOW COLUMNS FROM `lt_menu` [ RunTime:0.001042s ]
[ sql ] [ SQL ] SELECT `menu_id`,`menu_name` FROM `lt_menu` [ RunTime:0.000927s ]

---------------------------------------------------------------
[ 2018-08-29T15:38:35+08:00 ] [ sql ] [ DB ] CONNECT:[ UseTime:0.001647s ] mysql:dbname=lhblog;host=139.199.109.135;charset=utf8
[ sql ] [ SQL ] SHOW COLUMNS FROM `lt_article` [ RunTime:0.001267s ]
[ sql ] [ SQL ] SELECT * FROM `lt_article` WHERE  `art_id` = 15 ORDER BY art_id desc LIMIT 1 [ RunTime:0.001036s ]
[ sql ] [ SQL ] SELECT * FROM `lt_article` WHERE  (  art_id<15 ) ORDER BY art_id desc LIMIT 1 [ RunTime:0.653492s ]
[ sql ] [ SQL ] SELECT * FROM `lt_article` WHERE  (  art_id>15 ) ORDER BY art_id desc LIMIT 1 [ RunTime:0.203549s ]
[ sql ] [ SQL ] SHOW COLUMNS FROM `lt_menu` [ RunTime:0.001196s ]
[ sql ] [ SQL ] SELECT `menu_id`,`menu_name` FROM `lt_menu` [ RunTime:0.000796s ]

---------------------------------------------------------------
[ 2018-08-29T15:38:35+08:00 ] [ sql ] [ DB ] CONNECT:[ UseTime:0.001753s ] mysql:dbname=lhblog;host=139.199.109.135;charset=utf8
[ sql ] [ SQL ] SHOW COLUMNS FROM `lt_article` [ RunTime:0.001243s ]
[ sql ] [ SQL ] SELECT * FROM `lt_article` WHERE  `art_id` = 15 LIMIT 1 [ RunTime:0.001107s ]
[ sql ] [ SQL ] UPDATE `lt_article`  SET `art_hit`=29  WHERE  `art_id` = 15 [ RunTime:0.008079s ]

---------------------------------------------------------------
[ 2018-08-29T15:38:37+08:00 ] [ sql ] [ DB ] CONNECT:[ UseTime:0.001684s ] mysql:dbname=lhblog;host=139.199.109.135;charset=utf8
[ sql ] [ SQL ] SHOW COLUMNS FROM `lt_article` [ RunTime:0.001424s ]
[ sql ] [ SQL ] SELECT * FROM `lt_article` ORDER BY `art_id`  desc LIMIT 10 [ RunTime:1.710985s ]
[ sql ] [ SQL ] SHOW COLUMNS FROM `lt_link` [ RunTime:0.001261s ]
[ sql ] [ SQL ] SELECT * FROM `lt_link` ORDER BY link_id asc [ RunTime:0.000860s ]
[ sql ] [ SQL ] SELECT * FROM `lt_article` ORDER BY `art_hit`  desc LIMIT 6 [ RunTime:0.627779s ]
[ sql ] [ SQL ] SHOW COLUMNS FROM `lt_banner` [ RunTime:0.201677s ]
[ sql ] [ SQL ] SELECT * FROM `lt_banner` WHERE  `ban_view` = 1 ORDER BY `ban_Id`  desc LIMIT 2 [ RunTime:0.000939s ]
[ sql ] [ SQL ] SHOW COLUMNS FROM `lt_menu` [ RunTime:0.001190s ]
[ sql ] [ SQL ] SELECT `menu_id`,`menu_name` FROM `lt_menu` [ RunTime:0.000801s ]

---------------------------------------------------------------
[ 2018-08-29T15:38:38+08:00 ] [ sql ] [ DB ] CONNECT:[ UseTime:0.001696s ] mysql:dbname=lhblog;host=139.199.109.135;charset=utf8
[ sql ] [ SQL ] SHOW COLUMNS FROM `lt_article` [ RunTime:0.001275s ]
[ sql ] [ SQL ] SELECT * FROM `lt_article` ORDER BY `art_hit`  desc LIMIT 6 [ RunTime:0.001976s ]
[ sql ] [ SQL ] SHOW COLUMNS FROM `lt_menu` [ RunTime:0.001142s ]
[ sql ] [ SQL ] SELECT * FROM `lt_menu` WHERE  `menu_parent` = 0  AND `menu_view` = 1 [ RunTime:0.213534s ]
[ sql ] [ SQL ] SELECT `menu_id`,`menu_name` FROM `lt_menu` [ RunTime:0.000941s ]
[ sql ] [ SQL ] SELECT COUNT(*) AS tp_count FROM `lt_article` WHERE  `art_pid` = 1 LIMIT 1 [ RunTime:0.000818s ]
[ sql ] [ SQL ] SELECT * FROM `lt_article` WHERE  `art_pid` = 1 ORDER BY art_id desc LIMIT 0,10 [ RunTime:0.000925s ]

---------------------------------------------------------------
[ 2018-08-29T15:38:51+08:00 ] [ sql ] [ DB ] CONNECT:[ UseTime:0.001813s ] mysql:dbname=lhblog;host=139.199.109.135;charset=utf8
[ sql ] [ SQL ] SHOW COLUMNS FROM `lt_article` [ RunTime:0.001561s ]
[ sql ] [ SQL ] SELECT * FROM `lt_article` ORDER BY `art_hit`  desc LIMIT 6 [ RunTime:0.001986s ]
[ sql ] [ SQL ] SHOW COLUMNS FROM `lt_menu` [ RunTime:0.001417s ]
[ sql ] [ SQL ] SELECT * FROM `lt_menu` WHERE  `menu_parent` = 0  AND `menu_view` = 1 [ RunTime:0.001007s ]
[ sql ] [ SQL ] SELECT `menu_id`,`menu_name` FROM `lt_menu` [ RunTime:0.001517s ]
[ sql ] [ SQL ] SELECT COUNT(*) AS tp_count FROM `lt_article` WHERE  `art_pid` = 4 LIMIT 1 [ RunTime:0.000988s ]
[ sql ] [ SQL ] SELECT * FROM `lt_article` WHERE  `art_pid` = 4 ORDER BY art_id desc LIMIT 0,10 [ RunTime:0.002726s ]

---------------------------------------------------------------
[ 2018-08-29T15:38:54+08:00 ] [ sql ] [ DB ] CONNECT:[ UseTime:0.001935s ] mysql:dbname=lhblog;host=139.199.109.135;charset=utf8
[ sql ] [ SQL ] SHOW COLUMNS FROM `lt_article` [ RunTime:0.001423s ]
[ sql ] [ SQL ] SELECT * FROM `lt_article` WHERE  `art_id` = 11 ORDER BY art_id desc LIMIT 1 [ RunTime:0.002109s ]
[ sql ] [ SQL ] SELECT * FROM `lt_article` WHERE  (  art_id<11 ) ORDER BY art_id desc LIMIT 1 [ RunTime:0.001700s ]
[ sql ] [ SQL ] SELECT * FROM `lt_article` WHERE  (  art_id>11 ) ORDER BY art_id desc LIMIT 1 [ RunTime:0.001090s ]
[ sql ] [ SQL ] SHOW COLUMNS FROM `lt_menu` [ RunTime:0.001313s ]
[ sql ] [ SQL ] SELECT `menu_id`,`menu_name` FROM `lt_menu` [ RunTime:0.000851s ]

---------------------------------------------------------------
[ 2018-08-29T15:38:54+08:00 ] [ sql ] [ DB ] CONNECT:[ UseTime:0.001780s ] mysql:dbname=lhblog;host=139.199.109.135;charset=utf8
[ sql ] [ SQL ] SHOW COLUMNS FROM `lt_article` [ RunTime:0.001496s ]
[ sql ] [ SQL ] SELECT * FROM `lt_article` WHERE  `art_id` = 11 LIMIT 1 [ RunTime:0.002042s ]
[ sql ] [ SQL ] UPDATE `lt_article`  SET `art_hit`=18  WHERE  `art_id` = 11 [ RunTime:0.008087s ]

---------------------------------------------------------------
[ 2018-08-29T15:39:03+08:00 ] [ sql ] [ DB ] CONNECT:[ UseTime:0.001696s ] mysql:dbname=lhblog;host=139.199.109.135;charset=utf8
[ sql ] [ SQL ] SHOW COLUMNS FROM `lt_article` [ RunTime:0.001492s ]
[ sql ] [ SQL ] SELECT * FROM `lt_article` WHERE  `art_id` = 10 ORDER BY art_id desc LIMIT 1 [ RunTime:0.001583s ]
[ sql ] [ SQL ] SELECT * FROM `lt_article` WHERE  (  art_id<10 ) ORDER BY art_id desc LIMIT 1 [ RunTime:0.001352s ]
[ sql ] [ SQL ] SELECT * FROM `lt_article` WHERE  (  art_id>10 ) ORDER BY art_id desc LIMIT 1 [ RunTime:0.001148s ]
[ sql ] [ SQL ] SHOW COLUMNS FROM `lt_menu` [ RunTime:0.001805s ]
[ sql ] [ SQL ] SELECT `menu_id`,`menu_name` FROM `lt_menu` [ RunTime:0.000870s ]

---------------------------------------------------------------
[ 2018-08-29T15:39:03+08:00 ] [ sql ] [ DB ] CONNECT:[ UseTime:0.001762s ] mysql:dbname=lhblog;host=139.199.109.135;charset=utf8
[ sql ] [ SQL ] SHOW COLUMNS FROM `lt_article` [ RunTime:0.001424s ]
[ sql ] [ SQL ] SELECT * FROM `lt_article` WHERE  `art_id` = 10 LIMIT 1 [ RunTime:0.001450s ]
[ sql ] [ SQL ] UPDATE `lt_article`  SET `art_hit`=20  WHERE  `art_id` = 10 [ RunTime:0.007874s ]

---------------------------------------------------------------
[ 2018-08-29T15:39:08+08:00 ] [ sql ] [ DB ] CONNECT:[ UseTime:0.001805s ] mysql:dbname=lhblog;host=139.199.109.135;charset=utf8
[ sql ] [ SQL ] SHOW COLUMNS FROM `lt_article` [ RunTime:0.001419s ]
[ sql ] [ SQL ] SELECT * FROM `lt_article` WHERE  `art_id` = 10 ORDER BY art_id desc LIMIT 1 [ RunTime:0.001446s ]
[ sql ] [ SQL ] SELECT * FROM `lt_article` WHERE  (  art_id<10 ) ORDER BY art_id desc LIMIT 1 [ RunTime:0.001407s ]
[ sql ] [ SQL ] SELECT * FROM `lt_article` WHERE  (  art_id>10 ) ORDER BY art_id desc LIMIT 1 [ RunTime:0.000988s ]
[ sql ] [ SQL ] SHOW COLUMNS FROM `lt_menu` [ RunTime:0.001192s ]
[ sql ] [ SQL ] SELECT `menu_id`,`menu_name` FROM `lt_menu` [ RunTime:0.000906s ]

---------------------------------------------------------------
[ 2018-08-29T15:39:08+08:00 ] [ sql ] [ DB ] CONNECT:[ UseTime:0.001674s ] mysql:dbname=lhblog;host=139.199.109.135;charset=utf8
[ sql ] [ SQL ] SHOW COLUMNS FROM `lt_article` [ RunTime:0.001377s ]
[ sql ] [ SQL ] SELECT * FROM `lt_article` WHERE  `art_id` = 10 LIMIT 1 [ RunTime:0.001642s ]
[ sql ] [ SQL ] UPDATE `lt_article`  SET `art_hit`=21  WHERE  `art_id` = 10 [ RunTime:0.007933s ]

---------------------------------------------------------------
[ 2018-08-29T15:39:14+08:00 ] [ sql ] [ DB ] CONNECT:[ UseTime:0.001610s ] mysql:dbname=lhblog;host=139.199.109.135;charset=utf8
[ sql ] [ SQL ] SHOW COLUMNS FROM `lt_article` [ RunTime:0.001256s ]
[ sql ] [ SQL ] SELECT * FROM `lt_article` ORDER BY `art_id`  desc LIMIT 10 [ RunTime:0.004240s ]
[ sql ] [ SQL ] SHOW COLUMNS FROM `lt_link` [ RunTime:0.001245s ]
[ sql ] [ SQL ] SELECT * FROM `lt_link` ORDER BY link_id asc [ RunTime:0.000762s ]
[ sql ] [ SQL ] SELECT * FROM `lt_article` ORDER BY `art_hit`  desc LIMIT 6 [ RunTime:0.447574s ]
[ sql ] [ SQL ] SHOW COLUMNS FROM `lt_banner` [ RunTime:0.001178s ]
[ sql ] [ SQL ] SELECT * FROM `lt_banner` WHERE  `ban_view` = 1 ORDER BY `ban_Id`  desc LIMIT 2 [ RunTime:0.000900s ]
[ sql ] [ SQL ] SHOW COLUMNS FROM `lt_menu` [ RunTime:0.001001s ]
[ sql ] [ SQL ] SELECT `menu_id`,`menu_name` FROM `lt_menu` [ RunTime:0.000692s ]

---------------------------------------------------------------
[ 2018-08-29T15:39:24+08:00 ] [ sql ] [ DB ] CONNECT:[ UseTime:0.001564s ] mysql:dbname=lhblog;host=139.199.109.135;charset=utf8
[ sql ] [ SQL ] SHOW COLUMNS FROM `lt_article` [ RunTime:0.001250s ]
[ sql ] [ SQL ] SELECT * FROM `lt_article` WHERE  `art_id` = 6 ORDER BY art_id desc LIMIT 1 [ RunTime:0.001103s ]
[ sql ] [ SQL ] SELECT * FROM `lt_article` WHERE  (  art_id<6 ) ORDER BY art_id desc LIMIT 1 [ RunTime:0.000988s ]
[ sql ] [ SQL ] SELECT * FROM `lt_article` WHERE  (  art_id>6 ) ORDER BY art_id desc LIMIT 1 [ RunTime:0.001002s ]
[ sql ] [ SQL ] SHOW COLUMNS FROM `lt_menu` [ RunTime:0.001316s ]
[ sql ] [ SQL ] SELECT `menu_id`,`menu_name` FROM `lt_menu` [ RunTime:0.000762s ]

---------------------------------------------------------------
[ 2018-08-29T15:39:37+08:00 ] [ sql ] [ DB ] CONNECT:[ UseTime:0.001563s ] mysql:dbname=lhblog;host=139.199.109.135;charset=utf8
[ sql ] [ SQL ] SHOW COLUMNS FROM `lt_article` [ RunTime:0.001262s ]
[ sql ] [ SQL ] SELECT * FROM `lt_article` ORDER BY `art_hit`  desc LIMIT 6 [ RunTime:0.001930s ]
[ sql ] [ SQL ] SHOW COLUMNS FROM `lt_menu` [ RunTime:0.001125s ]
[ sql ] [ SQL ] SELECT * FROM `lt_menu` WHERE  `menu_parent` = 0  AND `menu_view` = 1 [ RunTime:0.000881s ]
[ sql ] [ SQL ] SELECT `menu_id`,`menu_name` FROM `lt_menu` [ RunTime:0.000860s ]
[ sql ] [ SQL ] SELECT COUNT(*) AS tp_count FROM `lt_article` WHERE  `art_pid` = 2 LIMIT 1 [ RunTime:0.000773s ]
[ sql ] [ SQL ] SELECT * FROM `lt_article` WHERE  `art_pid` = 2 ORDER BY art_id desc LIMIT 0,10 [ RunTime:0.002605s ]

---------------------------------------------------------------
[ 2018-08-29T15:39:51+08:00 ] [ sql ] [ DB ] CONNECT:[ UseTime:0.001862s ] mysql:dbname=lhblog;host=139.199.109.135;charset=utf8
[ sql ] [ SQL ] SHOW COLUMNS FROM `lt_article` [ RunTime:0.001307s ]
[ sql ] [ SQL ] SELECT * FROM `lt_article` ORDER BY `art_hit`  desc LIMIT 6 [ RunTime:0.002144s ]
[ sql ] [ SQL ] SHOW COLUMNS FROM `lt_menu` [ RunTime:0.001291s ]
[ sql ] [ SQL ] SELECT * FROM `lt_menu` WHERE  `menu_parent` = 0  AND `menu_view` = 1 [ RunTime:0.000864s ]
[ sql ] [ SQL ] SELECT `menu_id`,`menu_name` FROM `lt_menu` [ RunTime:0.000838s ]
[ sql ] [ SQL ] SELECT COUNT(*) AS tp_count FROM `lt_article` WHERE  `art_pid` = 4 LIMIT 1 [ RunTime:0.000859s ]
[ sql ] [ SQL ] SELECT * FROM `lt_article` WHERE  `art_pid` = 4 ORDER BY art_id desc LIMIT 0,10 [ RunTime:0.002899s ]

---------------------------------------------------------------
[ 2018-08-29T15:40:03+08:00 ] [ sql ] [ DB ] CONNECT:[ UseTime:0.001641s ] mysql:dbname=lhblog;host=139.199.109.135;charset=utf8
[ sql ] [ SQL ] SHOW COLUMNS FROM `lt_article` [ RunTime:0.001240s ]
[ sql ] [ SQL ] SELECT * FROM `lt_article` WHERE  `art_id` = 10 ORDER BY art_id desc LIMIT 1 [ RunTime:0.001414s ]
[ sql ] [ SQL ] SELECT * FROM `lt_article` WHERE  (  art_id<10 ) ORDER BY art_id desc LIMIT 1 [ RunTime:0.001492s ]
[ sql ] [ SQL ] SELECT * FROM `lt_article` WHERE  (  art_id>10 ) ORDER BY art_id desc LIMIT 1 [ RunTime:0.000945s ]
[ sql ] [ SQL ] SHOW COLUMNS FROM `lt_menu` [ RunTime:0.001566s ]
[ sql ] [ SQL ] SELECT `menu_id`,`menu_name` FROM `lt_menu` [ RunTime:0.000796s ]

---------------------------------------------------------------
[ 2018-08-29T15:40:14+08:00 ] [ sql ] [ DB ] CONNECT:[ UseTime:0.002507s ] mysql:dbname=lhblog;host=139.199.109.135;charset=utf8
[ sql ] [ SQL ] SHOW COLUMNS FROM `lt_article` [ RunTime:0.001340s ]
[ sql ] [ SQL ] SELECT * FROM `lt_article` ORDER BY `art_id`  desc LIMIT 10 [ RunTime:0.004013s ]
[ sql ] [ SQL ] SHOW COLUMNS FROM `lt_link` [ RunTime:0.001118s ]
[ sql ] [ SQL ] SELECT * FROM `lt_link` ORDER BY link_id asc [ RunTime:0.001294s ]
[ sql ] [ SQL ] SELECT * FROM `lt_article` ORDER BY `art_hit`  desc LIMIT 6 [ RunTime:0.416124s ]
[ sql ] [ SQL ] SHOW COLUMNS FROM `lt_banner` [ RunTime:0.001337s ]
[ sql ] [ SQL ] SELECT * FROM `lt_banner` WHERE  `ban_view` = 1 ORDER BY `ban_Id`  desc LIMIT 2 [ RunTime:0.000938s ]
[ sql ] [ SQL ] SHOW COLUMNS FROM `lt_menu` [ RunTime:0.001794s ]
[ sql ] [ SQL ] SELECT `menu_id`,`menu_name` FROM `lt_menu` [ RunTime:0.000872s ]

---------------------------------------------------------------
[ 2018-08-29T16:45:01+08:00 ] [ sql ] [ DB ] CONNECT:[ UseTime:0.001616s ] mysql:dbname=lhblog;host=139.199.109.135;charset=utf8
[ sql ] [ SQL ] SHOW COLUMNS FROM `lt_article` [ RunTime:0.001330s ]
[ sql ] [ SQL ] SELECT * FROM `lt_article` ORDER BY `art_id`  desc LIMIT 10 [ RunTime:0.003248s ]
[ sql ] [ SQL ] SHOW COLUMNS FROM `lt_link` [ RunTime:0.001137s ]
[ sql ] [ SQL ] SELECT * FROM `lt_link` ORDER BY link_id asc [ RunTime:0.000810s ]
[ sql ] [ SQL ] SELECT * FROM `lt_article` ORDER BY `art_hit`  desc LIMIT 6 [ RunTime:0.426378s ]
[ sql ] [ SQL ] SHOW COLUMNS FROM `lt_banner` [ RunTime:0.001408s ]
[ sql ] [ SQL ] SELECT * FROM `lt_banner` WHERE  `ban_view` = 1 ORDER BY `ban_Id`  desc LIMIT 2 [ RunTime:0.000952s ]
[ sql ] [ SQL ] SHOW COLUMNS FROM `lt_menu` [ RunTime:0.001286s ]
[ sql ] [ SQL ] SELECT `menu_id`,`menu_name` FROM `lt_menu` [ RunTime:0.001506s ]

---------------------------------------------------------------
[ 2018-08-29T16:54:04+08:00 ] [ sql ] [ DB ] CONNECT:[ UseTime:0.001586s ] mysql:dbname=lhblog;host=139.199.109.135;charset=utf8
[ sql ] [ SQL ] SHOW COLUMNS FROM `lt_article` [ RunTime:0.001469s ]
[ sql ] [ SQL ] SELECT * FROM `lt_article` ORDER BY `art_id`  desc LIMIT 10 [ RunTime:0.003279s ]
[ sql ] [ SQL ] SHOW COLUMNS FROM `lt_link` [ RunTime:0.001902s ]
[ sql ] [ SQL ] SELECT * FROM `lt_link` ORDER BY link_id asc [ RunTime:0.000886s ]
[ sql ] [ SQL ] SELECT * FROM `lt_article` ORDER BY `art_hit`  desc LIMIT 6 [ RunTime:0.426250s ]
[ sql ] [ SQL ] SHOW COLUMNS FROM `lt_banner` [ RunTime:0.001429s ]
[ sql ] [ SQL ] SELECT * FROM `lt_banner` WHERE  `ban_view` = 1 ORDER BY `ban_Id`  desc LIMIT 2 [ RunTime:0.001048s ]
[ sql ] [ SQL ] SHOW COLUMNS FROM `lt_menu` [ RunTime:0.001243s ]
[ sql ] [ SQL ] SELECT `menu_id`,`menu_name` FROM `lt_menu` [ RunTime:0.000897s ]

---------------------------------------------------------------
[ 2018-08-29T16:55:58+08:00 ] [ sql ] [ DB ] CONNECT:[ UseTime:0.001480s ] mysql:dbname=lhblog;host=139.199.109.135;charset=utf8
[ sql ] [ SQL ] SHOW COLUMNS FROM `lt_article` [ RunTime:0.001255s ]
[ sql ] [ SQL ] SELECT * FROM `lt_article` ORDER BY `art_id`  desc LIMIT 10 [ RunTime:0.003222s ]
[ sql ] [ SQL ] SHOW COLUMNS FROM `lt_link` [ RunTime:0.001436s ]
[ sql ] [ SQL ] SELECT * FROM `lt_link` ORDER BY link_id asc [ RunTime:0.000747s ]
[ sql ] [ SQL ] SELECT * FROM `lt_article` ORDER BY `art_hit`  desc LIMIT 6 [ RunTime:0.416409s ]
[ sql ] [ SQL ] SHOW COLUMNS FROM `lt_banner` [ RunTime:0.001502s ]
[ sql ] [ SQL ] SELECT * FROM `lt_banner` WHERE  `ban_view` = 1 ORDER BY `ban_Id`  desc LIMIT 2 [ RunTime:0.000918s ]
[ sql ] [ SQL ] SHOW COLUMNS FROM `lt_menu` [ RunTime:0.001117s ]
[ sql ] [ SQL ] SELECT `menu_id`,`menu_name` FROM `lt_menu` [ RunTime:0.000904s ]

---------------------------------------------------------------
[ 2018-08-29T16:58:50+08:00 ] [ sql ] [ DB ] CONNECT:[ UseTime:0.001615s ] mysql:dbname=lhblog;host=139.199.109.135;charset=utf8
[ sql ] [ SQL ] SHOW COLUMNS FROM `lt_article` [ RunTime:0.001315s ]
[ sql ] [ SQL ] SELECT * FROM `lt_article` ORDER BY `art_id`  desc LIMIT 10 [ RunTime:0.002962s ]
[ sql ] [ SQL ] SHOW COLUMNS FROM `lt_link` [ RunTime:0.001125s ]
[ sql ] [ SQL ] SELECT * FROM `lt_link` ORDER BY link_id asc [ RunTime:0.000870s ]
[ sql ] [ SQL ] SELECT * FROM `lt_article` ORDER BY `art_hit`  desc LIMIT 6 [ RunTime:0.425374s ]
[ sql ] [ SQL ] SHOW COLUMNS FROM `lt_banner` [ RunTime:0.001280s ]
[ sql ] [ SQL ] SELECT * FROM `lt_banner` WHERE  `ban_view` = 1 ORDER BY `ban_Id`  desc LIMIT 2 [ RunTime:0.001284s ]
[ sql ] [ SQL ] SHOW COLUMNS FROM `lt_menu` [ RunTime:0.001198s ]
[ sql ] [ SQL ] SELECT `menu_id`,`menu_name` FROM `lt_menu` [ RunTime:0.000859s ]

---------------------------------------------------------------
[ 2018-08-29T19:15:54+08:00 ] [ sql ] [ DB ] CONNECT:[ UseTime:0.001484s ] mysql:dbname=lhblog;host=139.199.109.135;charset=utf8
[ sql ] [ SQL ] SHOW COLUMNS FROM `lt_article` [ RunTime:0.001177s ]
[ sql ] [ SQL ] SELECT * FROM `lt_article` ORDER BY `art_id`  desc LIMIT 10 [ RunTime:0.002758s ]
[ sql ] [ SQL ] SHOW COLUMNS FROM `lt_link` [ RunTime:0.000986s ]
[ sql ] [ SQL ] SELECT * FROM `lt_link` ORDER BY link_id asc [ RunTime:0.000759s ]
[ sql ] [ SQL ] SELECT * FROM `lt_article` ORDER BY `art_hit`  desc LIMIT 6 [ RunTime:0.404355s ]
[ sql ] [ SQL ] SHOW COLUMNS FROM `lt_banner` [ RunTime:0.001370s ]
[ sql ] [ SQL ] SELECT * FROM `lt_banner` WHERE  `ban_view` = 1 ORDER BY `ban_Id`  desc LIMIT 2 [ RunTime:0.000920s ]
[ sql ] [ SQL ] SHOW COLUMNS FROM `lt_menu` [ RunTime:0.001212s ]
[ sql ] [ SQL ] SELECT `menu_id`,`menu_name` FROM `lt_menu` [ RunTime:0.000819s ]

---------------------------------------------------------------
[ 2018-08-29T20:09:49+08:00 ] [ sql ] [ DB ] CONNECT:[ UseTime:0.001626s ] mysql:dbname=lhblog;host=139.199.109.135;charset=utf8
[ sql ] [ SQL ] SHOW COLUMNS FROM `lt_article` [ RunTime:0.001377s ]
[ sql ] [ SQL ] SELECT * FROM `lt_article` ORDER BY `art_id`  desc LIMIT 10 [ RunTime:0.002775s ]
[ sql ] [ SQL ] SHOW COLUMNS FROM `lt_link` [ RunTime:0.001009s ]
[ sql ] [ SQL ] SELECT * FROM `lt_link` ORDER BY link_id asc [ RunTime:0.000739s ]
[ sql ] [ SQL ] SELECT * FROM `lt_article` ORDER BY `art_hit`  desc LIMIT 6 [ RunTime:0.405542s ]
[ sql ] [ SQL ] SHOW COLUMNS FROM `lt_banner` [ RunTime:0.001427s ]
[ sql ] [ SQL ] SELECT * FROM `lt_banner` WHERE  `ban_view` = 1 ORDER BY `ban_Id`  desc LIMIT 2 [ RunTime:0.000926s ]
[ sql ] [ SQL ] SHOW COLUMNS FROM `lt_menu` [ RunTime:0.001045s ]
[ sql ] [ SQL ] SELECT `menu_id`,`menu_name` FROM `lt_menu` [ RunTime:0.000741s ]

---------------------------------------------------------------
[ 2018-08-29T21:04:41+08:00 ] [ sql ] [ DB ] CONNECT:[ UseTime:0.001554s ] mysql:dbname=lhblog;host=139.199.109.135;charset=utf8
[ sql ] [ SQL ] SHOW COLUMNS FROM `lt_article` [ RunTime:0.001220s ]
[ sql ] [ SQL ] SELECT * FROM `lt_article` ORDER BY `art_id`  desc LIMIT 10 [ RunTime:0.002401s ]
[ sql ] [ SQL ] SHOW COLUMNS FROM `lt_link` [ RunTime:0.000999s ]
[ sql ] [ SQL ] SELECT * FROM `lt_link` ORDER BY link_id asc [ RunTime:0.000778s ]
[ sql ] [ SQL ] SELECT * FROM `lt_article` ORDER BY `art_hit`  desc LIMIT 6 [ RunTime:0.404690s ]
[ sql ] [ SQL ] SHOW COLUMNS FROM `lt_banner` [ RunTime:0.001224s ]
[ sql ] [ SQL ] SELECT * FROM `lt_banner` WHERE  `ban_view` = 1 ORDER BY `ban_Id`  desc LIMIT 2 [ RunTime:0.000813s ]
[ sql ] [ SQL ] SHOW COLUMNS FROM `lt_menu` [ RunTime:0.001085s ]
[ sql ] [ SQL ] SELECT `menu_id`,`menu_name` FROM `lt_menu` [ RunTime:0.000710s ]

---------------------------------------------------------------
[ 2018-08-29T22:18:12+08:00 ] [ sql ] [ DB ] CONNECT:[ UseTime:0.001520s ] mysql:dbname=lhblog;host=139.199.109.135;charset=utf8
[ sql ] [ SQL ] SHOW COLUMNS FROM `lt_article` [ RunTime:0.001227s ]
[ sql ] [ SQL ] SELECT * FROM `lt_article` ORDER BY `art_id`  desc LIMIT 10 [ RunTime:0.002886s ]
[ sql ] [ SQL ] SHOW COLUMNS FROM `lt_link` [ RunTime:0.001019s ]
[ sql ] [ SQL ] SELECT * FROM `lt_link` ORDER BY link_id asc [ RunTime:0.000773s ]
[ sql ] [ SQL ] SELECT * FROM `lt_article` ORDER BY `art_hit`  desc LIMIT 6 [ RunTime:0.425451s ]
[ sql ] [ SQL ] SHOW COLUMNS FROM `lt_banner` [ RunTime:0.001249s ]
[ sql ] [ SQL ] SELECT * FROM `lt_banner` WHERE  `ban_view` = 1 ORDER BY `ban_Id`  desc LIMIT 2 [ RunTime:0.000933s ]
[ sql ] [ SQL ] SHOW COLUMNS FROM `lt_menu` [ RunTime:0.001067s ]
[ sql ] [ SQL ] SELECT `menu_id`,`menu_name` FROM `lt_menu` [ RunTime:0.000743s ]

---------------------------------------------------------------
[ 2018-08-29T22:21:16+08:00 ] [ sql ] [ DB ] CONNECT:[ UseTime:0.001577s ] mysql:dbname=lhblog;host=139.199.109.135;charset=utf8
[ sql ] [ SQL ] SHOW COLUMNS FROM `lt_article` [ RunTime:0.001229s ]
[ sql ] [ SQL ] SELECT * FROM `lt_article` ORDER BY `art_id`  desc LIMIT 10 [ RunTime:0.002546s ]
[ sql ] [ SQL ] SHOW COLUMNS FROM `lt_link` [ RunTime:0.001038s ]
[ sql ] [ SQL ] SELECT * FROM `lt_link` ORDER BY link_id asc [ RunTime:0.000795s ]
[ sql ] [ SQL ] SELECT * FROM `lt_article` ORDER BY `art_hit`  desc LIMIT 6 [ RunTime:0.404253s ]
[ sql ] [ SQL ] SHOW COLUMNS FROM `lt_banner` [ RunTime:0.001171s ]
[ sql ] [ SQL ] SELECT * FROM `lt_banner` WHERE  `ban_view` = 1 ORDER BY `ban_Id`  desc LIMIT 2 [ RunTime:0.000846s ]
[ sql ] [ SQL ] SHOW COLUMNS FROM `lt_menu` [ RunTime:0.001015s ]
[ sql ] [ SQL ] SELECT `menu_id`,`menu_name` FROM `lt_menu` [ RunTime:0.000864s ]

---------------------------------------------------------------
[ 2018-08-29T22:30:48+08:00 ] [ sql ] [ DB ] CONNECT:[ UseTime:0.001637s ] mysql:dbname=lhblog;host=139.199.109.135;charset=utf8
[ sql ] [ SQL ] SHOW COLUMNS FROM `lt_article` [ RunTime:0.001338s ]
[ sql ] [ SQL ] SELECT * FROM `lt_article` ORDER BY `art_id`  desc LIMIT 10 [ RunTime:0.004182s ]
[ sql ] [ SQL ] SHOW COLUMNS FROM `lt_link` [ RunTime:0.001432s ]
[ sql ] [ SQL ] SELECT * FROM `lt_link` ORDER BY link_id asc [ RunTime:0.000752s ]
[ sql ] [ SQL ] SELECT * FROM `lt_article` ORDER BY `art_hit`  desc LIMIT 6 [ RunTime:0.415439s ]
[ sql ] [ SQL ] SHOW COLUMNS FROM `lt_banner` [ RunTime:0.001305s ]
[ sql ] [ SQL ] SELECT * FROM `lt_banner` WHERE  `ban_view` = 1 ORDER BY `ban_Id`  desc LIMIT 2 [ RunTime:0.000930s ]
[ sql ] [ SQL ] SHOW COLUMNS FROM `lt_menu` [ RunTime:0.001089s ]
[ sql ] [ SQL ] SELECT `menu_id`,`menu_name` FROM `lt_menu` [ RunTime:0.000833s ]

---------------------------------------------------------------
[ 2018-08-29T22:58:56+08:00 ] [ sql ] [ DB ] CONNECT:[ UseTime:0.001594s ] mysql:dbname=lhblog;host=139.199.109.135;charset=utf8
[ sql ] [ SQL ] SHOW COLUMNS FROM `lt_article` [ RunTime:0.001508s ]
[ sql ] [ SQL ] SELECT * FROM `lt_article` ORDER BY `art_id`  desc LIMIT 10 [ RunTime:0.003653s ]
[ sql ] [ SQL ] SHOW COLUMNS FROM `lt_link` [ RunTime:0.001017s ]
[ sql ] [ SQL ] SELECT * FROM `lt_link` ORDER BY link_id asc [ RunTime:0.000746s ]
[ sql ] [ SQL ] SELECT * FROM `lt_article` ORDER BY `art_hit`  desc LIMIT 6 [ RunTime:0.415978s ]
[ sql ] [ SQL ] SHOW COLUMNS FROM `lt_banner` [ RunTime:0.001268s ]
[ sql ] [ SQL ] SELECT * FROM `lt_banner` WHERE  `ban_view` = 1 ORDER BY `ban_Id`  desc LIMIT 2 [ RunTime:0.000860s ]
[ sql ] [ SQL ] SHOW COLUMNS FROM `lt_menu` [ RunTime:0.001032s ]
[ sql ] [ SQL ] SELECT `menu_id`,`menu_name` FROM `lt_menu` [ RunTime:0.000756s ]

---------------------------------------------------------------
[ 2018-08-29T23:07:10+08:00 ] [ sql ] [ DB ] CONNECT:[ UseTime:0.001557s ] mysql:dbname=lhblog;host=139.199.109.135;charset=utf8
[ sql ] [ SQL ] SHOW COLUMNS FROM `lt_article` [ RunTime:0.001267s ]
[ sql ] [ SQL ] SELECT * FROM `lt_article` ORDER BY `art_id`  desc LIMIT 10 [ RunTime:0.004017s ]
[ sql ] [ SQL ] SHOW COLUMNS FROM `lt_link` [ RunTime:0.001267s ]
[ sql ] [ SQL ] SELECT * FROM `lt_link` ORDER BY link_id asc [ RunTime:0.000800s ]
[ sql ] [ SQL ] SELECT * FROM `lt_article` ORDER BY `art_hit`  desc LIMIT 6 [ RunTime:0.425629s ]
[ sql ] [ SQL ] SHOW COLUMNS FROM `lt_banner` [ RunTime:0.001260s ]
[ sql ] [ SQL ] SELECT * FROM `lt_banner` WHERE  `ban_view` = 1 ORDER BY `ban_Id`  desc LIMIT 2 [ RunTime:0.000798s ]
[ sql ] [ SQL ] SHOW COLUMNS FROM `lt_menu` [ RunTime:0.000973s ]
[ sql ] [ SQL ] SELECT `menu_id`,`menu_name` FROM `lt_menu` [ RunTime:0.000739s ]

---------------------------------------------------------------
