[ 2018-11-21T01:10:31+08:00 ] [ sql ] [ DB ] CONNECT:[ UseTime:0.001621s ] mysql:dbname=lhblog;host=139.199.109.135;charset=utf8
[ sql ] [ SQL ] SHOW COLUMNS FROM `lt_article` [ RunTime:0.001347s ]
[ sql ] [ SQL ] SELECT * FROM `lt_article` ORDER BY `art_hit`  desc LIMIT 6 [ RunTime:0.001968s ]
[ sql ] [ SQL ] SHOW COLUMNS FROM `lt_menu` [ RunTime:0.001077s ]
[ sql ] [ SQL ] SELECT * FROM `lt_menu` WHERE  `menu_parent` = 0  AND `menu_view` = 1 [ RunTime:0.000860s ]
[ sql ] [ SQL ] SELECT `menu_id`,`menu_name` FROM `lt_menu` [ RunTime:0.000782s ]
[ sql ] [ SQL ] SELECT COUNT(*) AS tp_count FROM `lt_article` WHERE  `art_pid` = 6 LIMIT 1 [ RunTime:0.000762s ]
[ sql ] [ SQL ] SELECT * FROM `lt_article` WHERE  `art_pid` = 6 ORDER BY art_id desc LIMIT 0,10 [ RunTime:0.000932s ]

---------------------------------------------------------------
[ 2018-11-21T01:10:32+08:00 ] [ sql ] [ DB ] CONNECT:[ UseTime:0.001622s ] mysql:dbname=lhblog;host=139.199.109.135;charset=utf8
[ sql ] [ SQL ] SHOW COLUMNS FROM `lt_article` [ RunTime:0.001283s ]
[ sql ] [ SQL ] SELECT * FROM `lt_article` ORDER BY `art_hit`  desc LIMIT 6 [ RunTime:0.001881s ]
[ sql ] [ SQL ] SHOW COLUMNS FROM `lt_menu` [ RunTime:0.001052s ]
[ sql ] [ SQL ] SELECT * FROM `lt_menu` WHERE  `menu_parent` = 0  AND `menu_view` = 1 [ RunTime:0.000815s ]
[ sql ] [ SQL ] SELECT `menu_id`,`menu_name` FROM `lt_menu` [ RunTime:0.000712s ]
[ sql ] [ SQL ] SELECT COUNT(*) AS tp_count FROM `lt_article` WHERE  `art_pid` = 6 LIMIT 1 [ RunTime:0.000901s ]
[ sql ] [ SQL ] SELECT * FROM `lt_article` WHERE  `art_pid` = 6 ORDER BY art_id desc LIMIT 0,10 [ RunTime:0.001019s ]

---------------------------------------------------------------
[ 2018-11-21T01:50:52+08:00 ] [ sql ] [ DB ] CONNECT:[ UseTime:0.001792s ] mysql:dbname=lhblog;host=139.199.109.135;charset=utf8
[ sql ] [ SQL ] SHOW COLUMNS FROM `lt_article` [ RunTime:0.001262s ]
[ sql ] [ SQL ] SELECT * FROM `lt_article` WHERE  `art_id` = 21 ORDER BY art_id desc LIMIT 1 [ RunTime:0.001139s ]
[ sql ] [ SQL ] SELECT * FROM `lt_article` WHERE  (  art_id<21 ) ORDER BY art_id desc LIMIT 1 [ RunTime:0.001434s ]
[ sql ] [ SQL ] SELECT * FROM `lt_article` WHERE  (  art_id>21 ) ORDER BY art_id desc LIMIT 1 [ RunTime:0.001926s ]
[ sql ] [ SQL ] SHOW COLUMNS FROM `lt_menu` [ RunTime:0.001306s ]
[ sql ] [ SQL ] SELECT `menu_id`,`menu_name` FROM `lt_menu` [ RunTime:0.000988s ]

---------------------------------------------------------------
[ 2018-11-21T01:50:55+08:00 ] [ sql ] [ DB ] CONNECT:[ UseTime:0.001581s ] mysql:dbname=lhblog;host=139.199.109.135;charset=utf8
[ sql ] [ SQL ] SHOW COLUMNS FROM `lt_article` [ RunTime:0.001887s ]
[ sql ] [ SQL ] SELECT * FROM `lt_article` WHERE  `art_id` = 21 LIMIT 1 [ RunTime:0.001085s ]
[ sql ] [ SQL ] UPDATE `lt_article`  SET `art_hit`=36  WHERE  `art_id` = 21 [ RunTime:0.006919s ]

---------------------------------------------------------------
[ 2018-11-21T02:31:26+08:00 ] [ sql ] [ DB ] CONNECT:[ UseTime:0.001590s ] mysql:dbname=lhblog;host=139.199.109.135;charset=utf8
[ sql ] [ SQL ] SHOW COLUMNS FROM `lt_article` [ RunTime:0.001256s ]
[ sql ] [ SQL ] SELECT * FROM `lt_article` WHERE  `art_id` = 23 ORDER BY art_id desc LIMIT 1 [ RunTime:0.001235s ]
[ sql ] [ SQL ] SELECT * FROM `lt_article` WHERE  (  art_id<23 ) ORDER BY art_id desc LIMIT 1 [ RunTime:0.001025s ]
[ sql ] [ SQL ] SELECT * FROM `lt_article` WHERE  (  art_id>23 ) ORDER BY art_id desc LIMIT 1 [ RunTime:0.001619s ]
[ sql ] [ SQL ] SHOW COLUMNS FROM `lt_menu` [ RunTime:0.001055s ]
[ sql ] [ SQL ] SELECT `menu_id`,`menu_name` FROM `lt_menu` [ RunTime:0.000776s ]

---------------------------------------------------------------
[ 2018-11-21T02:31:29+08:00 ] [ sql ] [ DB ] CONNECT:[ UseTime:0.001447s ] mysql:dbname=lhblog;host=139.199.109.135;charset=utf8
[ sql ] [ SQL ] SHOW COLUMNS FROM `lt_article` [ RunTime:0.001255s ]
[ sql ] [ SQL ] SELECT * FROM `lt_article` WHERE  `art_id` = 23 LIMIT 1 [ RunTime:0.001379s ]
[ sql ] [ SQL ] UPDATE `lt_article`  SET `art_hit`=20  WHERE  `art_id` = 23 [ RunTime:0.007467s ]

---------------------------------------------------------------
[ 2018-11-21T02:41:14+08:00 ] [ sql ] [ DB ] CONNECT:[ UseTime:0.001501s ] mysql:dbname=lhblog;host=139.199.109.135;charset=utf8
[ sql ] [ SQL ] SHOW COLUMNS FROM `lt_article` [ RunTime:0.001217s ]
[ sql ] [ SQL ] SELECT * FROM `lt_article` WHERE  `art_id` = 12 ORDER BY art_id desc LIMIT 1 [ RunTime:0.000966s ]
[ sql ] [ SQL ] SELECT * FROM `lt_article` WHERE  (  art_id<12 ) ORDER BY art_id desc LIMIT 1 [ RunTime:0.001696s ]
[ sql ] [ SQL ] SELECT * FROM `lt_article` WHERE  (  art_id>12 ) ORDER BY art_id desc LIMIT 1 [ RunTime:0.001676s ]
[ sql ] [ SQL ] SHOW COLUMNS FROM `lt_menu` [ RunTime:0.001076s ]
[ sql ] [ SQL ] SELECT `menu_id`,`menu_name` FROM `lt_menu` [ RunTime:0.000741s ]

---------------------------------------------------------------
[ 2018-11-21T04:02:24+08:00 ] [ sql ] [ DB ] CONNECT:[ UseTime:0.001792s ] mysql:dbname=lhblog;host=139.199.109.135;charset=utf8
[ sql ] [ SQL ] SHOW COLUMNS FROM `lt_article` [ RunTime:0.001371s ]
[ sql ] [ SQL ] SELECT * FROM `lt_article` WHERE  `art_id` = 25 ORDER BY art_id desc LIMIT 1 [ RunTime:0.000996s ]
[ sql ] [ SQL ] SELECT * FROM `lt_article` WHERE  (  art_id<25 ) ORDER BY art_id desc LIMIT 1 [ RunTime:0.000979s ]
[ sql ] [ SQL ] SELECT * FROM `lt_article` WHERE  (  art_id>25 ) ORDER BY art_id desc LIMIT 1 [ RunTime:0.001843s ]
[ sql ] [ SQL ] SHOW COLUMNS FROM `lt_menu` [ RunTime:0.001307s ]
[ sql ] [ SQL ] SELECT `menu_id`,`menu_name` FROM `lt_menu` [ RunTime:0.000801s ]

---------------------------------------------------------------
[ 2018-11-21T04:52:24+08:00 ] [ sql ] [ DB ] CONNECT:[ UseTime:0.001589s ] mysql:dbname=lhblog;host=139.199.109.135;charset=utf8
[ sql ] [ SQL ] SHOW COLUMNS FROM `lt_article` [ RunTime:0.001293s ]
[ sql ] [ SQL ] SELECT * FROM `lt_article` WHERE  `art_id` = 18 ORDER BY art_id desc LIMIT 1 [ RunTime:0.000916s ]
[ sql ] [ SQL ] SELECT * FROM `lt_article` WHERE  (  art_id<18 ) ORDER BY art_id desc LIMIT 1 [ RunTime:0.002476s ]
[ sql ] [ SQL ] SELECT * FROM `lt_article` WHERE  (  art_id>18 ) ORDER BY art_id desc LIMIT 1 [ RunTime:0.001710s ]
[ sql ] [ SQL ] SHOW COLUMNS FROM `lt_menu` [ RunTime:0.001107s ]
[ sql ] [ SQL ] SELECT `menu_id`,`menu_name` FROM `lt_menu` [ RunTime:0.000781s ]

---------------------------------------------------------------
[ 2018-11-21T05:37:53+08:00 ] [ sql ] [ DB ] CONNECT:[ UseTime:0.001605s ] mysql:dbname=lhblog;host=139.199.109.135;charset=utf8
[ sql ] [ SQL ] SHOW COLUMNS FROM `lt_article` [ RunTime:0.001293s ]
[ sql ] [ SQL ] SELECT * FROM `lt_article` WHERE  `art_id` = 26 ORDER BY art_id desc LIMIT 1 [ RunTime:0.000950s ]
[ sql ] [ SQL ] SELECT * FROM `lt_article` WHERE  (  art_id<26 ) ORDER BY art_id desc LIMIT 1 [ RunTime:0.000951s ]
[ sql ] [ SQL ] SELECT * FROM `lt_article` WHERE  (  art_id>26 ) ORDER BY art_id desc LIMIT 1 [ RunTime:0.001596s ]
[ sql ] [ SQL ] SHOW COLUMNS FROM `lt_menu` [ RunTime:0.001175s ]
[ sql ] [ SQL ] SELECT `menu_id`,`menu_name` FROM `lt_menu` [ RunTime:0.000715s ]

---------------------------------------------------------------
[ 2018-11-21T05:38:53+08:00 ] [ sql ] [ DB ] CONNECT:[ UseTime:0.001517s ] mysql:dbname=lhblog;host=139.199.109.135;charset=utf8
[ sql ] [ SQL ] SHOW COLUMNS FROM `lt_article` [ RunTime:0.001232s ]
[ sql ] [ SQL ] SELECT * FROM `lt_article` ORDER BY `art_hit`  desc LIMIT 6 [ RunTime:0.001926s ]
[ sql ] [ SQL ] SHOW COLUMNS FROM `lt_menu` [ RunTime:0.001048s ]
[ sql ] [ SQL ] SELECT * FROM `lt_menu` WHERE  `menu_parent` = 0  AND `menu_view` = 1 [ RunTime:0.000770s ]
[ sql ] [ SQL ] SELECT `menu_id`,`menu_name` FROM `lt_menu` [ RunTime:0.000670s ]
[ sql ] [ SQL ] SELECT COUNT(*) AS tp_count FROM `lt_article` WHERE  `art_pid` = 7 LIMIT 1 [ RunTime:0.000798s ]
[ sql ] [ SQL ] SELECT * FROM `lt_article` WHERE  `art_pid` = 7 ORDER BY art_id desc LIMIT 0,10 [ RunTime:0.001535s ]

---------------------------------------------------------------
[ 2018-11-21T05:39:57+08:00 ] [ sql ] [ DB ] CONNECT:[ UseTime:0.001528s ] mysql:dbname=lhblog;host=139.199.109.135;charset=utf8
[ sql ] [ SQL ] SHOW COLUMNS FROM `lt_article` [ RunTime:0.001239s ]
[ sql ] [ SQL ] SELECT * FROM `lt_article` WHERE  `art_id` = 24 ORDER BY art_id desc LIMIT 1 [ RunTime:0.000971s ]
[ sql ] [ SQL ] SELECT * FROM `lt_article` WHERE  (  art_id<24 ) ORDER BY art_id desc LIMIT 1 [ RunTime:0.001232s ]
[ sql ] [ SQL ] SELECT * FROM `lt_article` WHERE  (  art_id>24 ) ORDER BY art_id desc LIMIT 1 [ RunTime:0.001733s ]
[ sql ] [ SQL ] SHOW COLUMNS FROM `lt_menu` [ RunTime:0.000981s ]
[ sql ] [ SQL ] SELECT `menu_id`,`menu_name` FROM `lt_menu` [ RunTime:0.000698s ]

---------------------------------------------------------------
[ 2018-11-21T06:03:24+08:00 ] [ sql ] [ DB ] CONNECT:[ UseTime:0.001573s ] mysql:dbname=lhblog;host=139.199.109.135;charset=utf8
[ sql ] [ SQL ] SHOW COLUMNS FROM `lt_article` [ RunTime:0.001180s ]
[ sql ] [ SQL ] SELECT * FROM `lt_article` WHERE  `art_id` = 14 ORDER BY art_id desc LIMIT 1 [ RunTime:0.001031s ]
[ sql ] [ SQL ] SELECT * FROM `lt_article` WHERE  (  art_id<14 ) ORDER BY art_id desc LIMIT 1 [ RunTime:0.001569s ]
[ sql ] [ SQL ] SELECT * FROM `lt_article` WHERE  (  art_id>14 ) ORDER BY art_id desc LIMIT 1 [ RunTime:0.001606s ]
[ sql ] [ SQL ] SHOW COLUMNS FROM `lt_menu` [ RunTime:0.001109s ]
[ sql ] [ SQL ] SELECT `menu_id`,`menu_name` FROM `lt_menu` [ RunTime:0.000881s ]

---------------------------------------------------------------
[ 2018-11-21T06:33:16+08:00 ] [ sql ] [ DB ] CONNECT:[ UseTime:0.001600s ] mysql:dbname=lhblog;host=139.199.109.135;charset=utf8
[ sql ] [ SQL ] SHOW COLUMNS FROM `lt_article` [ RunTime:0.001287s ]
[ sql ] [ SQL ] SELECT * FROM `lt_article` WHERE  `art_id` = 15 ORDER BY art_id desc LIMIT 1 [ RunTime:0.001145s ]
[ sql ] [ SQL ] SELECT * FROM `lt_article` WHERE  (  art_id<15 ) ORDER BY art_id desc LIMIT 1 [ RunTime:0.001067s ]
[ sql ] [ SQL ] SELECT * FROM `lt_article` WHERE  (  art_id>15 ) ORDER BY art_id desc LIMIT 1 [ RunTime:0.001719s ]
[ sql ] [ SQL ] SHOW COLUMNS FROM `lt_menu` [ RunTime:0.001101s ]
[ sql ] [ SQL ] SELECT `menu_id`,`menu_name` FROM `lt_menu` [ RunTime:0.000711s ]

---------------------------------------------------------------
[ 2018-11-21T06:33:19+08:00 ] [ sql ] [ DB ] CONNECT:[ UseTime:0.001806s ] mysql:dbname=lhblog;host=139.199.109.135;charset=utf8
[ sql ] [ SQL ] SHOW COLUMNS FROM `lt_article` [ RunTime:0.001510s ]
[ sql ] [ SQL ] SELECT * FROM `lt_article` WHERE  `art_id` = 15 LIMIT 1 [ RunTime:0.001002s ]
[ sql ] [ SQL ] UPDATE `lt_article`  SET `art_hit`=47  WHERE  `art_id` = 15 [ RunTime:0.007790s ]

---------------------------------------------------------------
[ 2018-11-21T07:42:30+08:00 ] [ sql ] [ DB ] CONNECT:[ UseTime:0.001565s ] mysql:dbname=lhblog;host=139.199.109.135;charset=utf8
[ sql ] [ SQL ] SHOW COLUMNS FROM `lt_article` [ RunTime:0.001213s ]
[ sql ] [ SQL ] SELECT * FROM `lt_article` ORDER BY `art_hit`  desc LIMIT 6 [ RunTime:0.001374s ]
[ sql ] [ SQL ] SHOW COLUMNS FROM `lt_menu` [ RunTime:0.000978s ]
[ sql ] [ SQL ] SELECT * FROM `lt_menu` WHERE  `menu_parent` = 0  AND `menu_view` = 1 [ RunTime:0.000916s ]
[ sql ] [ SQL ] SELECT `menu_id`,`menu_name` FROM `lt_menu` [ RunTime:0.000859s ]
[ sql ] [ SQL ] SELECT COUNT(*) AS tp_count FROM `lt_article` WHERE  `art_pid` = 3 LIMIT 1 [ RunTime:0.000857s ]
[ sql ] [ SQL ] SELECT * FROM `lt_article` WHERE  `art_pid` = 3 ORDER BY art_id desc LIMIT 0,10 [ RunTime:0.000979s ]

---------------------------------------------------------------
[ 2018-11-21T08:58:17+08:00 ] [ sql ] [ DB ] CONNECT:[ UseTime:0.001491s ] mysql:dbname=lhblog;host=139.199.109.135;charset=utf8
[ sql ] [ SQL ] SHOW COLUMNS FROM `lt_article` [ RunTime:0.001253s ]
[ sql ] [ SQL ] SELECT * FROM `lt_article` WHERE  `art_id` = 28 ORDER BY art_id desc LIMIT 1 [ RunTime:0.000944s ]
[ sql ] [ SQL ] SELECT * FROM `lt_article` WHERE  (  art_id<28 ) ORDER BY art_id desc LIMIT 1 [ RunTime:0.000912s ]
[ sql ] [ SQL ] SELECT * FROM `lt_article` WHERE  (  art_id>28 ) ORDER BY art_id desc LIMIT 1 [ RunTime:0.001505s ]
[ sql ] [ SQL ] SHOW COLUMNS FROM `lt_menu` [ RunTime:0.000981s ]
[ sql ] [ SQL ] SELECT `menu_id`,`menu_name` FROM `lt_menu` [ RunTime:0.000711s ]

---------------------------------------------------------------
[ 2018-11-21T09:13:12+08:00 ] [ sql ] [ DB ] CONNECT:[ UseTime:0.001543s ] mysql:dbname=lhblog;host=139.199.109.135;charset=utf8
[ sql ] [ SQL ] SHOW COLUMNS FROM `lt_article` [ RunTime:0.001300s ]
[ sql ] [ SQL ] SELECT * FROM `lt_article` WHERE  `art_id` = 22 ORDER BY art_id desc LIMIT 1 [ RunTime:0.001033s ]
[ sql ] [ SQL ] SELECT * FROM `lt_article` WHERE  (  art_id<22 ) ORDER BY art_id desc LIMIT 1 [ RunTime:0.001011s ]
[ sql ] [ SQL ] SELECT * FROM `lt_article` WHERE  (  art_id>22 ) ORDER BY art_id desc LIMIT 1 [ RunTime:0.001326s ]
[ sql ] [ SQL ] SHOW COLUMNS FROM `lt_menu` [ RunTime:0.001039s ]
[ sql ] [ SQL ] SELECT `menu_id`,`menu_name` FROM `lt_menu` [ RunTime:0.000705s ]

---------------------------------------------------------------
[ 2018-11-21T09:23:08+08:00 ] [ sql ] [ DB ] CONNECT:[ UseTime:0.001926s ] mysql:dbname=lhblog;host=139.199.109.135;charset=utf8
[ sql ] [ SQL ] SHOW COLUMNS FROM `lt_article` [ RunTime:0.001535s ]
[ sql ] [ SQL ] SELECT * FROM `lt_article` ORDER BY `art_hit`  desc LIMIT 6 [ RunTime:0.001994s ]
[ sql ] [ SQL ] SHOW COLUMNS FROM `lt_menu` [ RunTime:0.001328s ]
[ sql ] [ SQL ] SELECT * FROM `lt_menu` WHERE  `menu_parent` = 0  AND `menu_view` = 1 [ RunTime:0.001009s ]
[ sql ] [ SQL ] SELECT `menu_id`,`menu_name` FROM `lt_menu` [ RunTime:0.000865s ]
[ sql ] [ SQL ] SELECT COUNT(*) AS tp_count FROM `lt_article` WHERE  `art_pid` = 5 LIMIT 1 [ RunTime:0.000872s ]
[ sql ] [ SQL ] SELECT * FROM `lt_article` WHERE  `art_pid` = 5 ORDER BY art_id desc LIMIT 0,10 [ RunTime:0.001584s ]

---------------------------------------------------------------
[ 2018-11-21T09:38:27+08:00 ] [ sql ] [ DB ] CONNECT:[ UseTime:0.001502s ] mysql:dbname=lhblog;host=139.199.109.135;charset=utf8
[ sql ] [ SQL ] SHOW COLUMNS FROM `lt_article` [ RunTime:0.001227s ]
[ sql ] [ SQL ] SELECT * FROM `lt_article` ORDER BY `art_id`  desc LIMIT 10 [ RunTime:0.002656s ]
[ sql ] [ SQL ] SHOW COLUMNS FROM `lt_link` [ RunTime:0.001149s ]
[ sql ] [ SQL ] SELECT * FROM `lt_link` ORDER BY link_id asc [ RunTime:0.000870s ]
[ sql ] [ SQL ] SELECT * FROM `lt_article` ORDER BY `art_hit`  desc LIMIT 6 [ RunTime:0.212428s ]
[ sql ] [ SQL ] SHOW COLUMNS FROM `lt_banner` [ RunTime:0.001423s ]
[ sql ] [ SQL ] SELECT * FROM `lt_banner` WHERE  `ban_view` = 1 ORDER BY `ban_Id`  desc LIMIT 2 [ RunTime:0.000904s ]
[ sql ] [ SQL ] SHOW COLUMNS FROM `lt_menu` [ RunTime:0.001069s ]
[ sql ] [ SQL ] SELECT `menu_id`,`menu_name` FROM `lt_menu` [ RunTime:0.000775s ]

---------------------------------------------------------------
[ 2018-11-21T09:46:31+08:00 ] [ sql ] [ DB ] CONNECT:[ UseTime:0.001628s ] mysql:dbname=lhblog;host=139.199.109.135;charset=utf8
[ sql ] [ SQL ] SHOW COLUMNS FROM `lt_article` [ RunTime:0.001267s ]
[ sql ] [ SQL ] SELECT * FROM `lt_article` WHERE  `art_id` = 18 ORDER BY art_id desc LIMIT 1 [ RunTime:0.001050s ]
[ sql ] [ SQL ] SELECT * FROM `lt_article` WHERE  (  art_id<18 ) ORDER BY art_id desc LIMIT 1 [ RunTime:0.001920s ]
[ sql ] [ SQL ] SELECT * FROM `lt_article` WHERE  (  art_id>18 ) ORDER BY art_id desc LIMIT 1 [ RunTime:0.001263s ]
[ sql ] [ SQL ] SHOW COLUMNS FROM `lt_menu` [ RunTime:0.001245s ]
[ sql ] [ SQL ] SELECT `menu_id`,`menu_name` FROM `lt_menu` [ RunTime:0.000684s ]

---------------------------------------------------------------
[ 2018-11-21T10:04:55+08:00 ] [ sql ] [ DB ] CONNECT:[ UseTime:0.001672s ] mysql:dbname=lhblog;host=139.199.109.135;charset=utf8
[ sql ] [ SQL ] SHOW COLUMNS FROM `lt_article` [ RunTime:0.001459s ]
[ sql ] [ SQL ] SELECT * FROM `lt_article` ORDER BY `art_id`  desc LIMIT 10 [ RunTime:0.002958s ]
[ sql ] [ SQL ] SHOW COLUMNS FROM `lt_link` [ RunTime:0.002013s ]
[ sql ] [ SQL ] SELECT * FROM `lt_link` ORDER BY link_id asc [ RunTime:0.000815s ]
[ sql ] [ SQL ] SELECT * FROM `lt_article` ORDER BY `art_hit`  desc LIMIT 6 [ RunTime:0.212431s ]
[ sql ] [ SQL ] SHOW COLUMNS FROM `lt_banner` [ RunTime:0.001248s ]
[ sql ] [ SQL ] SELECT * FROM `lt_banner` WHERE  `ban_view` = 1 ORDER BY `ban_Id`  desc LIMIT 2 [ RunTime:0.000968s ]
[ sql ] [ SQL ] SHOW COLUMNS FROM `lt_menu` [ RunTime:0.001067s ]
[ sql ] [ SQL ] SELECT `menu_id`,`menu_name` FROM `lt_menu` [ RunTime:0.000737s ]

---------------------------------------------------------------
[ 2018-11-21T10:05:55+08:00 ] [ sql ] [ DB ] CONNECT:[ UseTime:0.001607s ] mysql:dbname=lhblog;host=139.199.109.135;charset=utf8
[ sql ] [ SQL ] SHOW COLUMNS FROM `lt_article` [ RunTime:0.001244s ]
[ sql ] [ SQL ] SELECT * FROM `lt_article` ORDER BY `art_id`  desc LIMIT 10 [ RunTime:0.002202s ]
[ sql ] [ SQL ] SHOW COLUMNS FROM `lt_link` [ RunTime:0.000969s ]
[ sql ] [ SQL ] SELECT * FROM `lt_link` ORDER BY link_id asc [ RunTime:0.000840s ]
[ sql ] [ SQL ] SELECT * FROM `lt_article` ORDER BY `art_hit`  desc LIMIT 6 [ RunTime:0.203354s ]
[ sql ] [ SQL ] SHOW COLUMNS FROM `lt_banner` [ RunTime:0.001195s ]
[ sql ] [ SQL ] SELECT * FROM `lt_banner` WHERE  `ban_view` = 1 ORDER BY `ban_Id`  desc LIMIT 2 [ RunTime:0.000775s ]
[ sql ] [ SQL ] SHOW COLUMNS FROM `lt_menu` [ RunTime:0.000996s ]
[ sql ] [ SQL ] SELECT `menu_id`,`menu_name` FROM `lt_menu` [ RunTime:0.000745s ]

---------------------------------------------------------------
[ 2018-11-21T10:06:48+08:00 ] [ sql ] [ DB ] CONNECT:[ UseTime:0.001578s ] mysql:dbname=lhblog;host=139.199.109.135;charset=utf8
[ sql ] [ SQL ] SHOW COLUMNS FROM `lt_article` [ RunTime:0.001164s ]
[ sql ] [ SQL ] SELECT * FROM `lt_article` ORDER BY `art_id`  desc LIMIT 10 [ RunTime:0.002317s ]
[ sql ] [ SQL ] SHOW COLUMNS FROM `lt_link` [ RunTime:0.000942s ]
[ sql ] [ SQL ] SELECT * FROM `lt_link` ORDER BY link_id asc [ RunTime:0.000693s ]
[ sql ] [ SQL ] SELECT * FROM `lt_article` ORDER BY `art_hit`  desc LIMIT 6 [ RunTime:0.203364s ]
[ sql ] [ SQL ] SHOW COLUMNS FROM `lt_banner` [ RunTime:0.001495s ]
[ sql ] [ SQL ] SELECT * FROM `lt_banner` WHERE  `ban_view` = 1 ORDER BY `ban_Id`  desc LIMIT 2 [ RunTime:0.001016s ]
[ sql ] [ SQL ] SHOW COLUMNS FROM `lt_menu` [ RunTime:0.001176s ]
[ sql ] [ SQL ] SELECT `menu_id`,`menu_name` FROM `lt_menu` [ RunTime:0.000772s ]

---------------------------------------------------------------
[ 2018-11-21T10:07:11+08:00 ] [ sql ] [ DB ] CONNECT:[ UseTime:0.001687s ] mysql:dbname=lhblog;host=139.199.109.135;charset=utf8
[ sql ] [ SQL ] SHOW COLUMNS FROM `lt_article` [ RunTime:0.002203s ]
[ sql ] [ SQL ] SELECT * FROM `lt_article` ORDER BY `art_id`  desc LIMIT 10 [ RunTime:0.002873s ]
[ sql ] [ SQL ] SHOW COLUMNS FROM `lt_link` [ RunTime:0.001278s ]
[ sql ] [ SQL ] SELECT * FROM `lt_link` ORDER BY link_id asc [ RunTime:0.001001s ]
[ sql ] [ SQL ] SELECT * FROM `lt_article` ORDER BY `art_hit`  desc LIMIT 6 [ RunTime:0.212537s ]
[ sql ] [ SQL ] SHOW COLUMNS FROM `lt_banner` [ RunTime:0.001224s ]
[ sql ] [ SQL ] SELECT * FROM `lt_banner` WHERE  `ban_view` = 1 ORDER BY `ban_Id`  desc LIMIT 2 [ RunTime:0.001112s ]
[ sql ] [ SQL ] SHOW COLUMNS FROM `lt_menu` [ RunTime:0.002544s ]
[ sql ] [ SQL ] SELECT `menu_id`,`menu_name` FROM `lt_menu` [ RunTime:0.000758s ]

---------------------------------------------------------------
[ 2018-11-21T10:07:48+08:00 ] [ sql ] [ DB ] CONNECT:[ UseTime:0.001636s ] mysql:dbname=lhblog;host=139.199.109.135;charset=utf8
[ sql ] [ SQL ] SHOW COLUMNS FROM `lt_article` [ RunTime:0.001290s ]
[ sql ] [ SQL ] SELECT * FROM `lt_article` ORDER BY `art_id`  desc LIMIT 10 [ RunTime:0.002621s ]
[ sql ] [ SQL ] SHOW COLUMNS FROM `lt_link` [ RunTime:0.001084s ]
[ sql ] [ SQL ] SELECT * FROM `lt_link` ORDER BY link_id asc [ RunTime:0.000744s ]
[ sql ] [ SQL ] SELECT * FROM `lt_article` ORDER BY `art_hit`  desc LIMIT 6 [ RunTime:0.213159s ]
[ sql ] [ SQL ] SHOW COLUMNS FROM `lt_banner` [ RunTime:0.001279s ]
[ sql ] [ SQL ] SELECT * FROM `lt_banner` WHERE  `ban_view` = 1 ORDER BY `ban_Id`  desc LIMIT 2 [ RunTime:0.000851s ]
[ sql ] [ SQL ] SHOW COLUMNS FROM `lt_menu` [ RunTime:0.001083s ]
[ sql ] [ SQL ] SELECT `menu_id`,`menu_name` FROM `lt_menu` [ RunTime:0.000771s ]

---------------------------------------------------------------
[ 2018-11-21T10:17:42+08:00 ] [ sql ] [ DB ] CONNECT:[ UseTime:0.001564s ] mysql:dbname=lhblog;host=139.199.109.135;charset=utf8
[ sql ] [ SQL ] SHOW COLUMNS FROM `lt_article` [ RunTime:0.001266s ]
[ sql ] [ SQL ] SELECT * FROM `lt_article` WHERE  `art_id` = 27 ORDER BY art_id desc LIMIT 1 [ RunTime:0.000944s ]
[ sql ] [ SQL ] SELECT * FROM `lt_article` WHERE  (  art_id<27 ) ORDER BY art_id desc LIMIT 1 [ RunTime:0.000925s ]
[ sql ] [ SQL ] SELECT * FROM `lt_article` WHERE  (  art_id>27 ) ORDER BY art_id desc LIMIT 1 [ RunTime:0.001321s ]
[ sql ] [ SQL ] SHOW COLUMNS FROM `lt_menu` [ RunTime:0.000957s ]
[ sql ] [ SQL ] SELECT `menu_id`,`menu_name` FROM `lt_menu` [ RunTime:0.000675s ]

---------------------------------------------------------------
[ 2018-11-21T10:59:38+08:00 ] [ sql ] [ DB ] CONNECT:[ UseTime:0.001805s ] mysql:dbname=lhblog;host=139.199.109.135;charset=utf8
[ sql ] [ SQL ] SHOW COLUMNS FROM `lt_article` [ RunTime:0.001556s ]
[ sql ] [ SQL ] SELECT * FROM `lt_article` ORDER BY `art_id`  desc LIMIT 10 [ RunTime:0.002497s ]
[ sql ] [ SQL ] SHOW COLUMNS FROM `lt_link` [ RunTime:0.001251s ]
[ sql ] [ SQL ] SELECT * FROM `lt_link` ORDER BY link_id asc [ RunTime:0.000907s ]
[ sql ] [ SQL ] SELECT * FROM `lt_article` ORDER BY `art_hit`  desc LIMIT 6 [ RunTime:0.212834s ]
[ sql ] [ SQL ] SHOW COLUMNS FROM `lt_banner` [ RunTime:0.001418s ]
[ sql ] [ SQL ] SELECT * FROM `lt_banner` WHERE  `ban_view` = 1 ORDER BY `ban_Id`  desc LIMIT 2 [ RunTime:0.000942s ]
[ sql ] [ SQL ] SHOW COLUMNS FROM `lt_menu` [ RunTime:0.001228s ]
[ sql ] [ SQL ] SELECT `menu_id`,`menu_name` FROM `lt_menu` [ RunTime:0.000879s ]

---------------------------------------------------------------
[ 2018-11-21T10:59:47+08:00 ] [ sql ] [ DB ] CONNECT:[ UseTime:0.001538s ] mysql:dbname=lhblog;host=139.199.109.135;charset=utf8
[ sql ] [ SQL ] SHOW COLUMNS FROM `lt_article` [ RunTime:0.001172s ]
[ sql ] [ SQL ] SELECT * FROM `lt_article` ORDER BY `art_hit`  desc LIMIT 6 [ RunTime:0.001656s ]
[ sql ] [ SQL ] SHOW COLUMNS FROM `lt_menu` [ RunTime:0.001120s ]
[ sql ] [ SQL ] SELECT * FROM `lt_menu` WHERE  `menu_parent` = 0  AND `menu_view` = 1 [ RunTime:0.000831s ]
[ sql ] [ SQL ] SELECT `menu_id`,`menu_name` FROM `lt_menu` [ RunTime:0.000749s ]
[ sql ] [ SQL ] SELECT COUNT(*) AS tp_count FROM `lt_article` WHERE  `art_pid` = 1 LIMIT 1 [ RunTime:0.000826s ]
[ sql ] [ SQL ] SELECT * FROM `lt_article` WHERE  `art_pid` = 1 ORDER BY art_id desc LIMIT 0,10 [ RunTime:0.407628s ]

---------------------------------------------------------------
[ 2018-11-21T10:59:49+08:00 ] [ sql ] [ DB ] CONNECT:[ UseTime:0.001444s ] mysql:dbname=lhblog;host=139.199.109.135;charset=utf8
[ sql ] [ SQL ] SHOW COLUMNS FROM `lt_link` [ RunTime:0.001208s ]
[ sql ] [ SQL ] SELECT * FROM `lt_link` ORDER BY link_id asc [ RunTime:0.000781s ]

---------------------------------------------------------------
[ 2018-11-21T11:00:47+08:00 ] [ sql ] [ DB ] CONNECT:[ UseTime:0.001589s ] mysql:dbname=lhblog;host=139.199.109.135;charset=utf8
[ sql ] [ SQL ] SHOW COLUMNS FROM `lt_article` [ RunTime:0.001231s ]
[ sql ] [ SQL ] SELECT * FROM `lt_article` ORDER BY `art_hit`  desc LIMIT 6 [ RunTime:0.001777s ]
[ sql ] [ SQL ] SHOW COLUMNS FROM `lt_menu` [ RunTime:0.001134s ]
[ sql ] [ SQL ] SELECT * FROM `lt_menu` WHERE  `menu_parent` = 0  AND `menu_view` = 1 [ RunTime:0.001022s ]
[ sql ] [ SQL ] SELECT `menu_id`,`menu_name` FROM `lt_menu` [ RunTime:0.000814s ]
[ sql ] [ SQL ] SELECT COUNT(*) AS tp_count FROM `lt_article` WHERE  `art_pid` = 1 LIMIT 1 [ RunTime:0.000991s ]
[ sql ] [ SQL ] SELECT * FROM `lt_article` WHERE  `art_pid` = 1 ORDER BY art_id desc LIMIT 0,10 [ RunTime:0.417138s ]

---------------------------------------------------------------
[ 2018-11-21T11:00:49+08:00 ] [ sql ] [ DB ] CONNECT:[ UseTime:0.001689s ] mysql:dbname=lhblog;host=139.199.109.135;charset=utf8
[ sql ] [ SQL ] SHOW COLUMNS FROM `lt_link` [ RunTime:0.001324s ]
[ sql ] [ SQL ] SELECT * FROM `lt_link` ORDER BY link_id asc [ RunTime:0.000841s ]

---------------------------------------------------------------
[ 2018-11-21T11:00:51+08:00 ] [ sql ] [ DB ] CONNECT:[ UseTime:0.001744s ] mysql:dbname=lhblog;host=139.199.109.135;charset=utf8
[ sql ] [ SQL ] SHOW COLUMNS FROM `lt_article` [ RunTime:0.001336s ]
[ sql ] [ SQL ] SELECT * FROM `lt_article` WHERE  `art_id` = 22 ORDER BY art_id desc LIMIT 1 [ RunTime:0.001057s ]
[ sql ] [ SQL ] SELECT * FROM `lt_article` WHERE  (  art_id<22 ) ORDER BY art_id desc LIMIT 1 [ RunTime:0.001178s ]
[ sql ] [ SQL ] SELECT * FROM `lt_article` WHERE  (  art_id>22 ) ORDER BY art_id desc LIMIT 1 [ RunTime:0.212755s ]
[ sql ] [ SQL ] SHOW COLUMNS FROM `lt_menu` [ RunTime:0.001161s ]
[ sql ] [ SQL ] SELECT `menu_id`,`menu_name` FROM `lt_menu` [ RunTime:0.000789s ]

---------------------------------------------------------------
[ 2018-11-21T11:00:51+08:00 ] [ sql ] [ DB ] CONNECT:[ UseTime:0.001553s ] mysql:dbname=lhblog;host=139.199.109.135;charset=utf8
[ sql ] [ SQL ] SHOW COLUMNS FROM `lt_article` [ RunTime:0.001243s ]
[ sql ] [ SQL ] SELECT * FROM `lt_article` WHERE  `art_id` = 22 LIMIT 1 [ RunTime:0.001090s ]
[ sql ] [ SQL ] UPDATE `lt_article`  SET `art_hit`=42  WHERE  `art_id` = 22 [ RunTime:0.006550s ]

---------------------------------------------------------------
[ 2018-11-21T11:01:51+08:00 ] [ sql ] [ DB ] CONNECT:[ UseTime:0.001663s ] mysql:dbname=lhblog;host=139.199.109.135;charset=utf8
[ sql ] [ SQL ] SHOW COLUMNS FROM `lt_article` [ RunTime:0.001209s ]
[ sql ] [ SQL ] SELECT * FROM `lt_article` WHERE  `art_id` = 22 ORDER BY art_id desc LIMIT 1 [ RunTime:0.001033s ]
[ sql ] [ SQL ] SELECT * FROM `lt_article` WHERE  (  art_id<22 ) ORDER BY art_id desc LIMIT 1 [ RunTime:0.000927s ]
[ sql ] [ SQL ] SELECT * FROM `lt_article` WHERE  (  art_id>22 ) ORDER BY art_id desc LIMIT 1 [ RunTime:0.001531s ]
[ sql ] [ SQL ] SHOW COLUMNS FROM `lt_menu` [ RunTime:0.001086s ]
[ sql ] [ SQL ] SELECT `menu_id`,`menu_name` FROM `lt_menu` [ RunTime:0.000706s ]

---------------------------------------------------------------
[ 2018-11-21T11:32:06+08:00 ] [ sql ] [ DB ] CONNECT:[ UseTime:0.001552s ] mysql:dbname=lhblog;host=139.199.109.135;charset=utf8
[ sql ] [ SQL ] SHOW COLUMNS FROM `lt_article` [ RunTime:0.001273s ]
[ sql ] [ SQL ] SELECT * FROM `lt_article` WHERE  `art_id` = 13 ORDER BY art_id desc LIMIT 1 [ RunTime:0.001127s ]
[ sql ] [ SQL ] SELECT * FROM `lt_article` WHERE  (  art_id<13 ) ORDER BY art_id desc LIMIT 1 [ RunTime:0.000944s ]
[ sql ] [ SQL ] SELECT * FROM `lt_article` WHERE  (  art_id>13 ) ORDER BY art_id desc LIMIT 1 [ RunTime:0.001679s ]
[ sql ] [ SQL ] SHOW COLUMNS FROM `lt_menu` [ RunTime:0.001155s ]
[ sql ] [ SQL ] SELECT `menu_id`,`menu_name` FROM `lt_menu` [ RunTime:0.000808s ]

---------------------------------------------------------------
[ 2018-11-21T11:44:42+08:00 ] [ sql ] [ DB ] CONNECT:[ UseTime:0.001436s ] mysql:dbname=lhblog;host=139.199.109.135;charset=utf8
[ sql ] [ SQL ] SHOW COLUMNS FROM `lt_article` [ RunTime:0.001887s ]
[ sql ] [ SQL ] SELECT * FROM `lt_article` ORDER BY `art_id`  desc LIMIT 10 [ RunTime:0.003050s ]
[ sql ] [ SQL ] SHOW COLUMNS FROM `lt_link` [ RunTime:0.001176s ]
[ sql ] [ SQL ] SELECT * FROM `lt_link` ORDER BY link_id asc [ RunTime:0.000770s ]
[ sql ] [ SQL ] SELECT * FROM `lt_article` ORDER BY `art_hit`  desc LIMIT 6 [ RunTime:0.212704s ]
[ sql ] [ SQL ] SHOW COLUMNS FROM `lt_banner` [ RunTime:0.001184s ]
[ sql ] [ SQL ] SELECT * FROM `lt_banner` WHERE  `ban_view` = 1 ORDER BY `ban_Id`  desc LIMIT 2 [ RunTime:0.000814s ]
[ sql ] [ SQL ] SHOW COLUMNS FROM `lt_menu` [ RunTime:0.001043s ]
[ sql ] [ SQL ] SELECT `menu_id`,`menu_name` FROM `lt_menu` [ RunTime:0.000764s ]

---------------------------------------------------------------
[ 2018-11-21T11:45:58+08:00 ] [ sql ] [ DB ] CONNECT:[ UseTime:0.001669s ] mysql:dbname=lhblog;host=139.199.109.135;charset=utf8
[ sql ] [ SQL ] SHOW COLUMNS FROM `lt_article` [ RunTime:0.001258s ]
[ sql ] [ SQL ] SELECT * FROM `lt_article` ORDER BY `art_hit`  desc LIMIT 6 [ RunTime:0.001788s ]
[ sql ] [ SQL ] SHOW COLUMNS FROM `lt_menu` [ RunTime:0.001090s ]
[ sql ] [ SQL ] SELECT * FROM `lt_menu` WHERE  `menu_parent` = 0  AND `menu_view` = 1 [ RunTime:0.000959s ]
[ sql ] [ SQL ] SELECT `menu_id`,`menu_name` FROM `lt_menu` [ RunTime:0.000816s ]
[ sql ] [ SQL ] SELECT COUNT(*) AS tp_count FROM `lt_article` WHERE  `art_pid` = 6 LIMIT 1 [ RunTime:0.000750s ]
[ sql ] [ SQL ] SELECT * FROM `lt_article` WHERE  `art_pid` = 6 ORDER BY art_id desc LIMIT 0,10 [ RunTime:0.000974s ]

---------------------------------------------------------------
[ 2018-11-21T12:01:33+08:00 ] [ sql ] [ DB ] CONNECT:[ UseTime:0.002310s ] mysql:dbname=lhblog;host=139.199.109.135;charset=utf8
[ sql ] [ SQL ] SHOW COLUMNS FROM `lt_article` [ RunTime:0.001445s ]
[ sql ] [ SQL ] SELECT * FROM `lt_article` WHERE  `art_id` = 21 ORDER BY art_id desc LIMIT 1 [ RunTime:0.001141s ]
[ sql ] [ SQL ] SELECT * FROM `lt_article` WHERE  (  art_id<21 ) ORDER BY art_id desc LIMIT 1 [ RunTime:0.001381s ]
[ sql ] [ SQL ] SELECT * FROM `lt_article` WHERE  (  art_id>21 ) ORDER BY art_id desc LIMIT 1 [ RunTime:0.002955s ]
[ sql ] [ SQL ] SHOW COLUMNS FROM `lt_menu` [ RunTime:0.001091s ]
[ sql ] [ SQL ] SELECT `menu_id`,`menu_name` FROM `lt_menu` [ RunTime:0.000744s ]

---------------------------------------------------------------
[ 2018-11-21T12:02:13+08:00 ] [ sql ] [ DB ] CONNECT:[ UseTime:0.001500s ] mysql:dbname=lhblog;host=139.199.109.135;charset=utf8
[ sql ] [ SQL ] SHOW COLUMNS FROM `lt_article` [ RunTime:0.001212s ]
[ sql ] [ SQL ] SELECT * FROM `lt_article` WHERE  `art_id` = 21 ORDER BY art_id desc LIMIT 1 [ RunTime:0.001060s ]
[ sql ] [ SQL ] SELECT * FROM `lt_article` WHERE  (  art_id<21 ) ORDER BY art_id desc LIMIT 1 [ RunTime:0.001327s ]
[ sql ] [ SQL ] SELECT * FROM `lt_article` WHERE  (  art_id>21 ) ORDER BY art_id desc LIMIT 1 [ RunTime:0.001513s ]
[ sql ] [ SQL ] SHOW COLUMNS FROM `lt_menu` [ RunTime:0.001109s ]
[ sql ] [ SQL ] SELECT `menu_id`,`menu_name` FROM `lt_menu` [ RunTime:0.000845s ]

---------------------------------------------------------------
[ 2018-11-21T12:06:13+08:00 ] [ sql ] [ DB ] CONNECT:[ UseTime:0.001640s ] mysql:dbname=lhblog;host=139.199.109.135;charset=utf8
[ sql ] [ SQL ] SHOW COLUMNS FROM `lt_article` [ RunTime:0.001265s ]
[ sql ] [ SQL ] SELECT * FROM `lt_article` WHERE  `art_id` = 23 ORDER BY art_id desc LIMIT 1 [ RunTime:0.001313s ]
[ sql ] [ SQL ] SELECT * FROM `lt_article` WHERE  (  art_id<23 ) ORDER BY art_id desc LIMIT 1 [ RunTime:0.001081s ]
[ sql ] [ SQL ] SELECT * FROM `lt_article` WHERE  (  art_id>23 ) ORDER BY art_id desc LIMIT 1 [ RunTime:0.001656s ]
[ sql ] [ SQL ] SHOW COLUMNS FROM `lt_menu` [ RunTime:0.001328s ]
[ sql ] [ SQL ] SELECT `menu_id`,`menu_name` FROM `lt_menu` [ RunTime:0.000716s ]

---------------------------------------------------------------
[ 2018-11-21T12:47:22+08:00 ] [ sql ] [ DB ] CONNECT:[ UseTime:0.001775s ] mysql:dbname=lhblog;host=139.199.109.135;charset=utf8
[ sql ] [ SQL ] SHOW COLUMNS FROM `lt_article` [ RunTime:0.001259s ]
[ sql ] [ SQL ] SELECT * FROM `lt_article` ORDER BY `art_hit`  desc LIMIT 6 [ RunTime:0.002031s ]
[ sql ] [ SQL ] SHOW COLUMNS FROM `lt_menu` [ RunTime:0.001061s ]
[ sql ] [ SQL ] SELECT * FROM `lt_menu` WHERE  `menu_parent` = 0  AND `menu_view` = 1 [ RunTime:0.000843s ]
[ sql ] [ SQL ] SELECT `menu_id`,`menu_name` FROM `lt_menu` [ RunTime:0.000802s ]
[ sql ] [ SQL ] SELECT COUNT(*) AS tp_count FROM `lt_article` WHERE  `art_pid` = 4 LIMIT 1 [ RunTime:0.000851s ]
[ sql ] [ SQL ] SELECT * FROM `lt_article` WHERE  `art_pid` = 4 ORDER BY art_id desc LIMIT 0,10 [ RunTime:0.002573s ]

---------------------------------------------------------------
[ 2018-11-21T13:40:28+08:00 ] [ sql ] [ DB ] CONNECT:[ UseTime:0.001694s ] mysql:dbname=lhblog;host=139.199.109.135;charset=utf8
[ sql ] [ SQL ] SHOW COLUMNS FROM `lt_article` [ RunTime:0.001379s ]
[ sql ] [ SQL ] SELECT * FROM `lt_article` ORDER BY `art_id`  desc LIMIT 10 [ RunTime:0.004688s ]
[ sql ] [ SQL ] SHOW COLUMNS FROM `lt_link` [ RunTime:0.001323s ]
[ sql ] [ SQL ] SELECT * FROM `lt_link` ORDER BY link_id asc [ RunTime:0.000875s ]
[ sql ] [ SQL ] SELECT * FROM `lt_article` ORDER BY `art_hit`  desc LIMIT 6 [ RunTime:0.214057s ]
[ sql ] [ SQL ] SHOW COLUMNS FROM `lt_banner` [ RunTime:0.001363s ]
[ sql ] [ SQL ] SELECT * FROM `lt_banner` WHERE  `ban_view` = 1 ORDER BY `ban_Id`  desc LIMIT 2 [ RunTime:0.000815s ]
[ sql ] [ SQL ] SHOW COLUMNS FROM `lt_menu` [ RunTime:0.001262s ]
[ sql ] [ SQL ] SELECT `menu_id`,`menu_name` FROM `lt_menu` [ RunTime:0.000760s ]

---------------------------------------------------------------
[ 2018-11-21T13:55:16+08:00 ] [ sql ] [ DB ] CONNECT:[ UseTime:0.001684s ] mysql:dbname=lhblog;host=139.199.109.135;charset=utf8
[ sql ] [ SQL ] SHOW COLUMNS FROM `lt_article` [ RunTime:0.001251s ]
[ sql ] [ SQL ] SELECT * FROM `lt_article` ORDER BY `art_id`  desc LIMIT 10 [ RunTime:0.003364s ]
[ sql ] [ SQL ] SHOW COLUMNS FROM `lt_link` [ RunTime:0.001091s ]
[ sql ] [ SQL ] SELECT * FROM `lt_link` ORDER BY link_id asc [ RunTime:0.000895s ]
[ sql ] [ SQL ] SELECT * FROM `lt_article` ORDER BY `art_hit`  desc LIMIT 6 [ RunTime:0.213238s ]
[ sql ] [ SQL ] SHOW COLUMNS FROM `lt_banner` [ RunTime:0.001552s ]
[ sql ] [ SQL ] SELECT * FROM `lt_banner` WHERE  `ban_view` = 1 ORDER BY `ban_Id`  desc LIMIT 2 [ RunTime:0.001041s ]
[ sql ] [ SQL ] SHOW COLUMNS FROM `lt_menu` [ RunTime:0.001388s ]
[ sql ] [ SQL ] SELECT `menu_id`,`menu_name` FROM `lt_menu` [ RunTime:0.000844s ]

---------------------------------------------------------------
[ 2018-11-21T14:01:26+08:00 ] [ sql ] [ DB ] CONNECT:[ UseTime:0.001509s ] mysql:dbname=lhblog;host=139.199.109.135;charset=utf8
[ sql ] [ SQL ] SHOW COLUMNS FROM `lt_article` [ RunTime:0.001203s ]
[ sql ] [ SQL ] SELECT * FROM `lt_article` ORDER BY `art_hit`  desc LIMIT 6 [ RunTime:0.002073s ]
[ sql ] [ SQL ] SHOW COLUMNS FROM `lt_menu` [ RunTime:0.000963s ]
[ sql ] [ SQL ] SELECT * FROM `lt_menu` WHERE  `menu_parent` = 0  AND `menu_view` = 1 [ RunTime:0.000796s ]
[ sql ] [ SQL ] SELECT `menu_id`,`menu_name` FROM `lt_menu` [ RunTime:0.000718s ]
[ sql ] [ SQL ] SELECT COUNT(*) AS tp_count FROM `lt_article` WHERE  `art_pid` = 2 LIMIT 1 [ RunTime:0.000768s ]
[ sql ] [ SQL ] SELECT * FROM `lt_article` WHERE  `art_pid` = 2 ORDER BY art_id desc LIMIT 0,10 [ RunTime:0.002177s ]

---------------------------------------------------------------
[ 2018-11-21T14:15:05+08:00 ] [ sql ] [ DB ] CONNECT:[ UseTime:0.001581s ] mysql:dbname=lhblog;host=139.199.109.135;charset=utf8
[ sql ] [ SQL ] SHOW COLUMNS FROM `lt_article` [ RunTime:0.001214s ]
[ sql ] [ SQL ] SELECT * FROM `lt_article` WHERE  `art_id` = 25 ORDER BY art_id desc LIMIT 1 [ RunTime:0.000891s ]
[ sql ] [ SQL ] SELECT * FROM `lt_article` WHERE  (  art_id<25 ) ORDER BY art_id desc LIMIT 1 [ RunTime:0.000963s ]
[ sql ] [ SQL ] SELECT * FROM `lt_article` WHERE  (  art_id>25 ) ORDER BY art_id desc LIMIT 1 [ RunTime:0.001768s ]
[ sql ] [ SQL ] SHOW COLUMNS FROM `lt_menu` [ RunTime:0.001092s ]
[ sql ] [ SQL ] SELECT `menu_id`,`menu_name` FROM `lt_menu` [ RunTime:0.000773s ]

---------------------------------------------------------------
[ 2018-11-21T14:31:13+08:00 ] [ sql ] [ DB ] CONNECT:[ UseTime:0.001600s ] mysql:dbname=lhblog;host=139.199.109.135;charset=utf8
[ sql ] [ SQL ] SHOW COLUMNS FROM `lt_article` [ RunTime:0.001250s ]
[ sql ] [ SQL ] SELECT * FROM `lt_article` ORDER BY `art_id`  desc LIMIT 10 [ RunTime:0.003486s ]
[ sql ] [ SQL ] SHOW COLUMNS FROM `lt_link` [ RunTime:0.001191s ]
[ sql ] [ SQL ] SELECT * FROM `lt_link` ORDER BY link_id asc [ RunTime:0.000838s ]
[ sql ] [ SQL ] SELECT * FROM `lt_article` ORDER BY `art_hit`  desc LIMIT 6 [ RunTime:0.214500s ]
[ sql ] [ SQL ] SHOW COLUMNS FROM `lt_banner` [ RunTime:0.001438s ]
[ sql ] [ SQL ] SELECT * FROM `lt_banner` WHERE  `ban_view` = 1 ORDER BY `ban_Id`  desc LIMIT 2 [ RunTime:0.000999s ]
[ sql ] [ SQL ] SHOW COLUMNS FROM `lt_menu` [ RunTime:0.001013s ]
[ sql ] [ SQL ] SELECT `menu_id`,`menu_name` FROM `lt_menu` [ RunTime:0.000745s ]

---------------------------------------------------------------
[ 2018-11-21T15:00:29+08:00 ] [ sql ] [ DB ] CONNECT:[ UseTime:0.001624s ] mysql:dbname=lhblog;host=139.199.109.135;charset=utf8
[ sql ] [ SQL ] SHOW COLUMNS FROM `lt_article` [ RunTime:0.001249s ]
[ sql ] [ SQL ] SELECT * FROM `lt_article` WHERE  `art_id` = 12 ORDER BY art_id desc LIMIT 1 [ RunTime:0.003245s ]
[ sql ] [ SQL ] SELECT * FROM `lt_article` WHERE  (  art_id<12 ) ORDER BY art_id desc LIMIT 1 [ RunTime:0.002106s ]
[ sql ] [ SQL ] SELECT * FROM `lt_article` WHERE  (  art_id>12 ) ORDER BY art_id desc LIMIT 1 [ RunTime:0.001757s ]
[ sql ] [ SQL ] SHOW COLUMNS FROM `lt_menu` [ RunTime:0.001147s ]
[ sql ] [ SQL ] SELECT `menu_id`,`menu_name` FROM `lt_menu` [ RunTime:0.000786s ]

---------------------------------------------------------------
[ 2018-11-21T15:17:13+08:00 ] [ sql ] [ DB ] CONNECT:[ UseTime:0.001663s ] mysql:dbname=lhblog;host=139.199.109.135;charset=utf8
[ sql ] [ SQL ] SHOW COLUMNS FROM `lt_article` [ RunTime:0.001340s ]
[ sql ] [ SQL ] SELECT * FROM `lt_article` WHERE  `art_id` = 30 ORDER BY art_id desc LIMIT 1 [ RunTime:0.001123s ]
[ sql ] [ SQL ] SELECT * FROM `lt_article` WHERE  (  art_id<30 ) ORDER BY art_id desc LIMIT 1 [ RunTime:0.000900s ]
[ sql ] [ SQL ] SELECT * FROM `lt_article` WHERE  (  art_id>30 ) ORDER BY art_id desc LIMIT 1 [ RunTime:0.001601s ]
[ sql ] [ SQL ] SHOW COLUMNS FROM `lt_menu` [ RunTime:0.001035s ]
[ sql ] [ SQL ] SELECT `menu_id`,`menu_name` FROM `lt_menu` [ RunTime:0.000756s ]

---------------------------------------------------------------
[ 2018-11-21T15:49:00+08:00 ] [ sql ] [ DB ] CONNECT:[ UseTime:0.001715s ] mysql:dbname=lhblog;host=139.199.109.135;charset=utf8
[ sql ] [ SQL ] SHOW COLUMNS FROM `lt_article` [ RunTime:0.001612s ]
[ sql ] [ SQL ] SELECT * FROM `lt_article` ORDER BY `art_id`  desc LIMIT 10 [ RunTime:0.003247s ]
[ sql ] [ SQL ] SHOW COLUMNS FROM `lt_link` [ RunTime:0.001204s ]
[ sql ] [ SQL ] SELECT * FROM `lt_link` ORDER BY link_id asc [ RunTime:0.001206s ]
[ sql ] [ SQL ] SELECT * FROM `lt_article` ORDER BY `art_hit`  desc LIMIT 6 [ RunTime:0.214035s ]
[ sql ] [ SQL ] SHOW COLUMNS FROM `lt_banner` [ RunTime:0.001502s ]
[ sql ] [ SQL ] SELECT * FROM `lt_banner` WHERE  `ban_view` = 1 ORDER BY `ban_Id`  desc LIMIT 2 [ RunTime:0.001025s ]
[ sql ] [ SQL ] SHOW COLUMNS FROM `lt_menu` [ RunTime:0.001281s ]
[ sql ] [ SQL ] SELECT `menu_id`,`menu_name` FROM `lt_menu` [ RunTime:0.000838s ]

---------------------------------------------------------------
[ 2018-11-21T16:25:17+08:00 ] [ sql ] [ DB ] CONNECT:[ UseTime:0.001542s ] mysql:dbname=lhblog;host=139.199.109.135;charset=utf8
[ sql ] [ SQL ] SHOW COLUMNS FROM `lt_article` [ RunTime:0.001219s ]
[ sql ] [ SQL ] SELECT * FROM `lt_article` WHERE  `art_id` = 18 ORDER BY art_id desc LIMIT 1 [ RunTime:0.000953s ]
[ sql ] [ SQL ] SELECT * FROM `lt_article` WHERE  (  art_id<18 ) ORDER BY art_id desc LIMIT 1 [ RunTime:0.002633s ]
[ sql ] [ SQL ] SELECT * FROM `lt_article` WHERE  (  art_id>18 ) ORDER BY art_id desc LIMIT 1 [ RunTime:0.001821s ]
[ sql ] [ SQL ] SHOW COLUMNS FROM `lt_menu` [ RunTime:0.001059s ]
[ sql ] [ SQL ] SELECT `menu_id`,`menu_name` FROM `lt_menu` [ RunTime:0.000860s ]

---------------------------------------------------------------
[ 2018-11-21T17:05:38+08:00 ] [ sql ] [ DB ] CONNECT:[ UseTime:0.001596s ] mysql:dbname=lhblog;host=139.199.109.135;charset=utf8
[ sql ] [ SQL ] SHOW COLUMNS FROM `lt_article` [ RunTime:0.001393s ]
[ sql ] [ SQL ] SELECT * FROM `lt_article` WHERE  `art_id` = 14 ORDER BY art_id desc LIMIT 1 [ RunTime:0.001056s ]
[ sql ] [ SQL ] SELECT * FROM `lt_article` WHERE  (  art_id<14 ) ORDER BY art_id desc LIMIT 1 [ RunTime:0.001014s ]
[ sql ] [ SQL ] SELECT * FROM `lt_article` WHERE  (  art_id>14 ) ORDER BY art_id desc LIMIT 1 [ RunTime:0.001931s ]
[ sql ] [ SQL ] SHOW COLUMNS FROM `lt_menu` [ RunTime:0.001082s ]
[ sql ] [ SQL ] SELECT `menu_id`,`menu_name` FROM `lt_menu` [ RunTime:0.000986s ]

---------------------------------------------------------------
[ 2018-11-21T17:14:24+08:00 ] [ sql ] [ DB ] CONNECT:[ UseTime:0.001690s ] mysql:dbname=lhblog;host=139.199.109.135;charset=utf8
[ sql ] [ SQL ] SHOW COLUMNS FROM `lt_article` [ RunTime:0.001314s ]
[ sql ] [ SQL ] SELECT * FROM `lt_article` ORDER BY `art_hit`  desc LIMIT 6 [ RunTime:0.002136s ]
[ sql ] [ SQL ] SHOW COLUMNS FROM `lt_menu` [ RunTime:0.001567s ]
[ sql ] [ SQL ] SELECT * FROM `lt_menu` WHERE  `menu_parent` = 0  AND `menu_view` = 1 [ RunTime:0.000945s ]
[ sql ] [ SQL ] SELECT `menu_id`,`menu_name` FROM `lt_menu` [ RunTime:0.000860s ]
[ sql ] [ SQL ] SELECT COUNT(*) AS tp_count FROM `lt_article` WHERE  `art_pid` = 6 LIMIT 1 [ RunTime:0.000938s ]
[ sql ] [ SQL ] SELECT * FROM `lt_article` WHERE  `art_pid` = 6 ORDER BY art_id desc LIMIT 0,10 [ RunTime:0.001114s ]

---------------------------------------------------------------
[ 2018-11-21T17:14:26+08:00 ] [ sql ] [ DB ] CONNECT:[ UseTime:0.001699s ] mysql:dbname=lhblog;host=139.199.109.135;charset=utf8
[ sql ] [ SQL ] SHOW COLUMNS FROM `lt_article` [ RunTime:0.001234s ]
[ sql ] [ SQL ] SELECT * FROM `lt_article` ORDER BY `art_id`  desc LIMIT 10 [ RunTime:0.003319s ]
[ sql ] [ SQL ] SHOW COLUMNS FROM `lt_link` [ RunTime:0.001142s ]
[ sql ] [ SQL ] SELECT * FROM `lt_link` ORDER BY link_id asc [ RunTime:0.000956s ]
[ sql ] [ SQL ] SELECT * FROM `lt_article` ORDER BY `art_hit`  desc LIMIT 6 [ RunTime:0.213726s ]
[ sql ] [ SQL ] SHOW COLUMNS FROM `lt_banner` [ RunTime:0.001318s ]
[ sql ] [ SQL ] SELECT * FROM `lt_banner` WHERE  `ban_view` = 1 ORDER BY `ban_Id`  desc LIMIT 2 [ RunTime:0.000948s ]
[ sql ] [ SQL ] SHOW COLUMNS FROM `lt_menu` [ RunTime:0.001086s ]
[ sql ] [ SQL ] SELECT `menu_id`,`menu_name` FROM `lt_menu` [ RunTime:0.000781s ]

---------------------------------------------------------------
[ 2018-11-21T17:15:46+08:00 ] [ sql ] [ DB ] CONNECT:[ UseTime:0.001554s ] mysql:dbname=lhblog;host=139.199.109.135;charset=utf8
[ sql ] [ SQL ] SHOW COLUMNS FROM `lt_article` [ RunTime:0.001329s ]
[ sql ] [ SQL ] SELECT * FROM `lt_article` WHERE  `art_id` = 15 ORDER BY art_id desc LIMIT 1 [ RunTime:0.001019s ]
[ sql ] [ SQL ] SELECT * FROM `lt_article` WHERE  (  art_id<15 ) ORDER BY art_id desc LIMIT 1 [ RunTime:0.000973s ]
[ sql ] [ SQL ] SELECT * FROM `lt_article` WHERE  (  art_id>15 ) ORDER BY art_id desc LIMIT 1 [ RunTime:0.001583s ]
[ sql ] [ SQL ] SHOW COLUMNS FROM `lt_menu` [ RunTime:0.000990s ]
[ sql ] [ SQL ] SELECT `menu_id`,`menu_name` FROM `lt_menu` [ RunTime:0.000685s ]

---------------------------------------------------------------
[ 2018-11-21T18:15:54+08:00 ] [ sql ] [ DB ] CONNECT:[ UseTime:0.001579s ] mysql:dbname=lhblog;host=139.199.109.135;charset=utf8
[ sql ] [ SQL ] SHOW COLUMNS FROM `lt_article` [ RunTime:0.001241s ]
[ sql ] [ SQL ] SELECT * FROM `lt_article` ORDER BY `art_hit`  desc LIMIT 6 [ RunTime:0.001784s ]
[ sql ] [ SQL ] SHOW COLUMNS FROM `lt_menu` [ RunTime:0.001110s ]
[ sql ] [ SQL ] SELECT * FROM `lt_menu` WHERE  `menu_parent` = 0  AND `menu_view` = 1 [ RunTime:0.000796s ]
[ sql ] [ SQL ] SELECT `menu_id`,`menu_name` FROM `lt_menu` [ RunTime:0.000797s ]
[ sql ] [ SQL ] SELECT COUNT(*) AS tp_count FROM `lt_article` WHERE  `art_pid` = 5 LIMIT 1 [ RunTime:0.000789s ]
[ sql ] [ SQL ] SELECT * FROM `lt_article` WHERE  `art_pid` = 5 ORDER BY art_id desc LIMIT 0,10 [ RunTime:0.001730s ]

---------------------------------------------------------------
[ 2018-11-21T18:49:37+08:00 ] [ sql ] [ DB ] CONNECT:[ UseTime:0.001649s ] mysql:dbname=lhblog;host=139.199.109.135;charset=utf8
[ sql ] [ SQL ] SHOW COLUMNS FROM `lt_article` [ RunTime:0.001287s ]
[ sql ] [ SQL ] SELECT * FROM `lt_article` ORDER BY `art_id`  desc LIMIT 10 [ RunTime:0.003070s ]
[ sql ] [ SQL ] SHOW COLUMNS FROM `lt_link` [ RunTime:0.001143s ]
[ sql ] [ SQL ] SELECT * FROM `lt_link` ORDER BY link_id asc [ RunTime:0.000839s ]
[ sql ] [ SQL ] SELECT * FROM `lt_article` ORDER BY `art_hit`  desc LIMIT 6 [ RunTime:0.213776s ]
[ sql ] [ SQL ] SHOW COLUMNS FROM `lt_banner` [ RunTime:0.001370s ]
[ sql ] [ SQL ] SELECT * FROM `lt_banner` WHERE  `ban_view` = 1 ORDER BY `ban_Id`  desc LIMIT 2 [ RunTime:0.000826s ]
[ sql ] [ SQL ] SHOW COLUMNS FROM `lt_menu` [ RunTime:0.001011s ]
[ sql ] [ SQL ] SELECT `menu_id`,`menu_name` FROM `lt_menu` [ RunTime:0.000707s ]

---------------------------------------------------------------
[ 2018-11-21T19:46:38+08:00 ] [ sql ] [ DB ] CONNECT:[ UseTime:0.001934s ] mysql:dbname=lhblog;host=139.199.109.135;charset=utf8
[ sql ] [ SQL ] SHOW COLUMNS FROM `lt_article` [ RunTime:0.001752s ]
[ sql ] [ SQL ] SELECT * FROM `lt_article` WHERE  `art_id` = 22 ORDER BY art_id desc LIMIT 1 [ RunTime:0.001066s ]
[ sql ] [ SQL ] SELECT * FROM `lt_article` WHERE  (  art_id<22 ) ORDER BY art_id desc LIMIT 1 [ RunTime:0.001041s ]
[ sql ] [ SQL ] SELECT * FROM `lt_article` WHERE  (  art_id>22 ) ORDER BY art_id desc LIMIT 1 [ RunTime:0.001757s ]
[ sql ] [ SQL ] SHOW COLUMNS FROM `lt_menu` [ RunTime:0.001064s ]
[ sql ] [ SQL ] SELECT `menu_id`,`menu_name` FROM `lt_menu` [ RunTime:0.000727s ]

---------------------------------------------------------------
[ 2018-11-21T20:36:46+08:00 ] [ sql ] [ DB ] CONNECT:[ UseTime:0.001710s ] mysql:dbname=lhblog;host=139.199.109.135;charset=utf8
[ sql ] [ SQL ] SHOW COLUMNS FROM `lt_article` [ RunTime:0.001191s ]
[ sql ] [ SQL ] SELECT * FROM `lt_article` WHERE  `art_id` = 11 ORDER BY art_id desc LIMIT 1 [ RunTime:0.001290s ]
[ sql ] [ SQL ] SELECT * FROM `lt_article` WHERE  (  art_id<11 ) ORDER BY art_id desc LIMIT 1 [ RunTime:0.001367s ]
[ sql ] [ SQL ] SELECT * FROM `lt_article` WHERE  (  art_id>11 ) ORDER BY art_id desc LIMIT 1 [ RunTime:0.001349s ]
[ sql ] [ SQL ] SHOW COLUMNS FROM `lt_menu` [ RunTime:0.001057s ]
[ sql ] [ SQL ] SELECT `menu_id`,`menu_name` FROM `lt_menu` [ RunTime:0.000712s ]

---------------------------------------------------------------
[ 2018-11-21T20:46:48+08:00 ] [ sql ] [ DB ] CONNECT:[ UseTime:0.001551s ] mysql:dbname=lhblog;host=139.199.109.135;charset=utf8
[ sql ] [ SQL ] SHOW COLUMNS FROM `lt_article` [ RunTime:0.001251s ]
[ sql ] [ SQL ] SELECT * FROM `lt_article` WHERE  `art_id` = 28 ORDER BY art_id desc LIMIT 1 [ RunTime:0.001023s ]
[ sql ] [ SQL ] SELECT * FROM `lt_article` WHERE  (  art_id<28 ) ORDER BY art_id desc LIMIT 1 [ RunTime:0.001039s ]
[ sql ] [ SQL ] SELECT * FROM `lt_article` WHERE  (  art_id>28 ) ORDER BY art_id desc LIMIT 1 [ RunTime:0.001672s ]
[ sql ] [ SQL ] SHOW COLUMNS FROM `lt_menu` [ RunTime:0.001050s ]
[ sql ] [ SQL ] SELECT `menu_id`,`menu_name` FROM `lt_menu` [ RunTime:0.000806s ]

---------------------------------------------------------------
[ 2018-11-21T20:46:53+08:00 ] [ sql ] [ DB ] CONNECT:[ UseTime:0.001717s ] mysql:dbname=lhblog;host=139.199.109.135;charset=utf8
[ sql ] [ SQL ] SHOW COLUMNS FROM `lt_article` [ RunTime:0.001304s ]
[ sql ] [ SQL ] SELECT * FROM `lt_article` WHERE  `art_id` = 28 LIMIT 1 [ RunTime:0.001188s ]
[ sql ] [ SQL ] UPDATE `lt_article`  SET `art_hit`=28  WHERE  `art_id` = 28 [ RunTime:0.006949s ]

---------------------------------------------------------------
[ 2018-11-21T21:47:36+08:00 ] [ sql ] [ DB ] CONNECT:[ UseTime:0.001651s ] mysql:dbname=lhblog;host=139.199.109.135;charset=utf8
[ sql ] [ SQL ] SHOW COLUMNS FROM `lt_article` [ RunTime:0.001397s ]
[ sql ] [ SQL ] SELECT * FROM `lt_article` ORDER BY `art_hit`  desc LIMIT 6 [ RunTime:0.001930s ]
[ sql ] [ SQL ] SHOW COLUMNS FROM `lt_menu` [ RunTime:0.001166s ]
[ sql ] [ SQL ] SELECT * FROM `lt_menu` WHERE  `menu_parent` = 0  AND `menu_view` = 1 [ RunTime:0.000901s ]
[ sql ] [ SQL ] SELECT `menu_id`,`menu_name` FROM `lt_menu` [ RunTime:0.000946s ]
[ sql ] [ SQL ] SELECT COUNT(*) AS tp_count FROM `lt_article` WHERE  `art_pid` = 6 LIMIT 1 [ RunTime:0.000942s ]
[ sql ] [ SQL ] SELECT * FROM `lt_article` WHERE  `art_pid` = 6 ORDER BY art_id desc LIMIT 0,10 [ RunTime:0.001077s ]

---------------------------------------------------------------
[ 2018-11-21T21:55:30+08:00 ] [ sql ] [ DB ] CONNECT:[ UseTime:0.001495s ] mysql:dbname=lhblog;host=139.199.109.135;charset=utf8
[ sql ] [ SQL ] SHOW COLUMNS FROM `lt_article` [ RunTime:0.001182s ]
[ sql ] [ SQL ] SELECT * FROM `lt_article` ORDER BY `art_id`  desc LIMIT 10 [ RunTime:0.003194s ]
[ sql ] [ SQL ] SHOW COLUMNS FROM `lt_link` [ RunTime:0.001042s ]
[ sql ] [ SQL ] SELECT * FROM `lt_link` ORDER BY link_id asc [ RunTime:0.000818s ]
[ sql ] [ SQL ] SELECT * FROM `lt_article` ORDER BY `art_hit`  desc LIMIT 6 [ RunTime:0.213082s ]
[ sql ] [ SQL ] SHOW COLUMNS FROM `lt_banner` [ RunTime:0.001266s ]
[ sql ] [ SQL ] SELECT * FROM `lt_banner` WHERE  `ban_view` = 1 ORDER BY `ban_Id`  desc LIMIT 2 [ RunTime:0.000880s ]
[ sql ] [ SQL ] SHOW COLUMNS FROM `lt_menu` [ RunTime:0.001007s ]
[ sql ] [ SQL ] SELECT `menu_id`,`menu_name` FROM `lt_menu` [ RunTime:0.000760s ]

---------------------------------------------------------------
[ 2018-11-21T22:27:23+08:00 ] [ sql ] [ DB ] CONNECT:[ UseTime:0.001837s ] mysql:dbname=lhblog;host=139.199.109.135;charset=utf8
[ sql ] [ SQL ] SHOW COLUMNS FROM `lt_article` [ RunTime:0.001576s ]
[ sql ] [ SQL ] SELECT * FROM `lt_article` WHERE  `art_id` = 21 ORDER BY art_id desc LIMIT 1 [ RunTime:0.001415s ]
[ sql ] [ SQL ] SELECT * FROM `lt_article` WHERE  (  art_id<21 ) ORDER BY art_id desc LIMIT 1 [ RunTime:0.001747s ]
[ sql ] [ SQL ] SELECT * FROM `lt_article` WHERE  (  art_id>21 ) ORDER BY art_id desc LIMIT 1 [ RunTime:0.002022s ]
[ sql ] [ SQL ] SHOW COLUMNS FROM `lt_menu` [ RunTime:0.001112s ]
[ sql ] [ SQL ] SELECT `menu_id`,`menu_name` FROM `lt_menu` [ RunTime:0.000818s ]

---------------------------------------------------------------
[ 2018-11-21T22:47:15+08:00 ] [ sql ] [ DB ] CONNECT:[ UseTime:0.001627s ] mysql:dbname=lhblog;host=139.199.109.135;charset=utf8
[ sql ] [ SQL ] SHOW COLUMNS FROM `lt_article` [ RunTime:0.001422s ]
[ sql ] [ SQL ] SELECT * FROM `lt_article` WHERE  `art_id` = 23 ORDER BY art_id desc LIMIT 1 [ RunTime:0.001279s ]
[ sql ] [ SQL ] SELECT * FROM `lt_article` WHERE  (  art_id<23 ) ORDER BY art_id desc LIMIT 1 [ RunTime:0.001121s ]
[ sql ] [ SQL ] SELECT * FROM `lt_article` WHERE  (  art_id>23 ) ORDER BY art_id desc LIMIT 1 [ RunTime:0.001654s ]
[ sql ] [ SQL ] SHOW COLUMNS FROM `lt_menu` [ RunTime:0.001095s ]
[ sql ] [ SQL ] SELECT `menu_id`,`menu_name` FROM `lt_menu` [ RunTime:0.000718s ]

---------------------------------------------------------------
