[ 2018-11-28T11:24:26+08:00 ] [ sql ] [ DB ] CONNECT:[ UseTime:0.001475s ] mysql:dbname=lhblog;host=139.199.109.135;charset=utf8
[ sql ] [ SQL ] SHOW COLUMNS FROM `lt_article` [ RunTime:0.001309s ]
[ sql ] [ SQL ] SELECT * FROM `lt_article` WHERE  `art_id` = 7 ORDER BY art_id desc LIMIT 1 [ RunTime:0.001032s ]
[ sql ] [ SQL ] SELECT * FROM `lt_article` WHERE  (  art_id<7 ) ORDER BY art_id desc LIMIT 1 [ RunTime:0.001079s ]
[ sql ] [ SQL ] SELECT * FROM `lt_article` WHERE  (  art_id>7 ) ORDER BY art_id desc LIMIT 1 [ RunTime:0.001441s ]
[ sql ] [ SQL ] SHOW COLUMNS FROM `lt_menu` [ RunTime:0.001124s ]
[ sql ] [ SQL ] SELECT `menu_id`,`menu_name` FROM `lt_menu` [ RunTime:0.000709s ]

---------------------------------------------------------------
[ 2018-11-28T18:12:45+08:00 ] [ sql ] [ DB ] CONNECT:[ UseTime:0.001617s ] mysql:dbname=lhblog;host=139.199.109.135;charset=utf8
[ sql ] [ SQL ] SHOW COLUMNS FROM `lt_article` [ RunTime:0.001294s ]
[ sql ] [ SQL ] SELECT * FROM `lt_article` ORDER BY `art_id`  desc LIMIT 10 [ RunTime:0.002722s ]
[ sql ] [ SQL ] SHOW COLUMNS FROM `lt_link` [ RunTime:0.001074s ]
[ sql ] [ SQL ] SELECT * FROM `lt_link` ORDER BY link_id asc [ RunTime:0.000792s ]
[ sql ] [ SQL ] SELECT * FROM `lt_article` ORDER BY `art_hit`  desc LIMIT 6 [ RunTime:0.203221s ]
[ sql ] [ SQL ] SHOW COLUMNS FROM `lt_banner` [ RunTime:0.001298s ]
[ sql ] [ SQL ] SELECT * FROM `lt_banner` WHERE  `ban_view` = 1 ORDER BY `ban_Id`  desc LIMIT 2 [ RunTime:0.000983s ]
[ sql ] [ SQL ] SHOW COLUMNS FROM `lt_menu` [ RunTime:0.001189s ]
[ sql ] [ SQL ] SELECT `menu_id`,`menu_name` FROM `lt_menu` [ RunTime:0.000794s ]

---------------------------------------------------------------
[ 2018-11-28T18:13:10+08:00 ] [ sql ] [ DB ] CONNECT:[ UseTime:0.001627s ] mysql:dbname=lhblog;host=139.199.109.135;charset=utf8
[ sql ] [ SQL ] SHOW COLUMNS FROM `lt_article` [ RunTime:0.001276s ]
[ sql ] [ SQL ] SELECT * FROM `lt_article` ORDER BY `art_id`  desc LIMIT 10 [ RunTime:0.002463s ]
[ sql ] [ SQL ] SHOW COLUMNS FROM `lt_link` [ RunTime:0.001296s ]
[ sql ] [ SQL ] SELECT * FROM `lt_link` ORDER BY link_id asc [ RunTime:0.000816s ]
[ sql ] [ SQL ] SELECT * FROM `lt_article` ORDER BY `art_hit`  desc LIMIT 6 [ RunTime:0.203549s ]
[ sql ] [ SQL ] SHOW COLUMNS FROM `lt_banner` [ RunTime:0.001388s ]
[ sql ] [ SQL ] SELECT * FROM `lt_banner` WHERE  `ban_view` = 1 ORDER BY `ban_Id`  desc LIMIT 2 [ RunTime:0.000905s ]
[ sql ] [ SQL ] SHOW COLUMNS FROM `lt_menu` [ RunTime:0.001021s ]
[ sql ] [ SQL ] SELECT `menu_id`,`menu_name` FROM `lt_menu` [ RunTime:0.000741s ]

---------------------------------------------------------------
[ 2018-11-28T18:13:11+08:00 ] [ sql ] [ DB ] CONNECT:[ UseTime:0.001499s ] mysql:dbname=lhblog;host=139.199.109.135;charset=utf8
[ sql ] [ SQL ] SHOW COLUMNS FROM `lt_article` [ RunTime:0.001305s ]
[ sql ] [ SQL ] SELECT * FROM `lt_article` ORDER BY `art_id`  desc LIMIT 10 [ RunTime:0.213835s ]
[ sql ] [ SQL ] SHOW COLUMNS FROM `lt_link` [ RunTime:0.001524s ]
[ sql ] [ SQL ] SELECT * FROM `lt_link` ORDER BY link_id asc [ RunTime:0.000860s ]
[ sql ] [ SQL ] SELECT * FROM `lt_article` ORDER BY `art_hit`  desc LIMIT 6 [ RunTime:0.213221s ]
[ sql ] [ SQL ] SHOW COLUMNS FROM `lt_banner` [ RunTime:0.001308s ]
[ sql ] [ SQL ] SELECT * FROM `lt_banner` WHERE  `ban_view` = 1 ORDER BY `ban_Id`  desc LIMIT 2 [ RunTime:0.000850s ]
[ sql ] [ SQL ] SHOW COLUMNS FROM `lt_menu` [ RunTime:0.201895s ]
[ sql ] [ SQL ] SELECT `menu_id`,`menu_name` FROM `lt_menu` [ RunTime:0.000810s ]

---------------------------------------------------------------
[ 2018-11-28T18:13:13+08:00 ] [ sql ] [ DB ] CONNECT:[ UseTime:0.001665s ] mysql:dbname=lhblog;host=139.199.109.135;charset=utf8
[ sql ] [ SQL ] SHOW COLUMNS FROM `lt_article` [ RunTime:0.001442s ]
[ sql ] [ SQL ] SELECT * FROM `lt_article` ORDER BY `art_id`  desc LIMIT 10 [ RunTime:0.447839s ]
[ sql ] [ SQL ] SHOW COLUMNS FROM `lt_link` [ RunTime:0.001218s ]
[ sql ] [ SQL ] SELECT * FROM `lt_link` ORDER BY link_id asc [ RunTime:0.000886s ]
[ sql ] [ SQL ] SELECT * FROM `lt_article` ORDER BY `art_hit`  desc LIMIT 6 [ RunTime:0.252328s ]
[ sql ] [ SQL ] SHOW COLUMNS FROM `lt_banner` [ RunTime:0.001272s ]
[ sql ] [ SQL ] SELECT * FROM `lt_banner` WHERE  `ban_view` = 1 ORDER BY `ban_Id`  desc LIMIT 2 [ RunTime:0.000964s ]
[ sql ] [ SQL ] SHOW COLUMNS FROM `lt_menu` [ RunTime:0.001134s ]
[ sql ] [ SQL ] SELECT `menu_id`,`menu_name` FROM `lt_menu` [ RunTime:0.202454s ]

---------------------------------------------------------------
[ 2018-11-28T18:13:14+08:00 ] [ sql ] [ DB ] CONNECT:[ UseTime:0.001504s ] mysql:dbname=lhblog;host=139.199.109.135;charset=utf8
[ sql ] [ SQL ] SHOW COLUMNS FROM `lt_article` [ RunTime:0.001286s ]
[ sql ] [ SQL ] SELECT * FROM `lt_article` ORDER BY `art_id`  desc LIMIT 10 [ RunTime:0.002781s ]
[ sql ] [ SQL ] SHOW COLUMNS FROM `lt_link` [ RunTime:0.001002s ]
[ sql ] [ SQL ] SELECT * FROM `lt_link` ORDER BY link_id asc [ RunTime:0.000775s ]
[ sql ] [ SQL ] SELECT * FROM `lt_article` ORDER BY `art_hit`  desc LIMIT 6 [ RunTime:0.203711s ]
[ sql ] [ SQL ] SHOW COLUMNS FROM `lt_banner` [ RunTime:0.001280s ]
[ sql ] [ SQL ] SELECT * FROM `lt_banner` WHERE  `ban_view` = 1 ORDER BY `ban_Id`  desc LIMIT 2 [ RunTime:0.000888s ]
[ sql ] [ SQL ] SHOW COLUMNS FROM `lt_menu` [ RunTime:0.001179s ]
[ sql ] [ SQL ] SELECT `menu_id`,`menu_name` FROM `lt_menu` [ RunTime:0.000816s ]

---------------------------------------------------------------
[ 2018-11-28T22:28:37+08:00 ] [ sql ] [ DB ] CONNECT:[ UseTime:0.001815s ] mysql:dbname=lhblog;host=139.199.109.135;charset=utf8
[ sql ] [ SQL ] SHOW COLUMNS FROM `lt_article` [ RunTime:0.001443s ]
[ sql ] [ SQL ] SELECT * FROM `lt_article` ORDER BY `art_id`  desc LIMIT 10 [ RunTime:0.003481s ]
[ sql ] [ SQL ] SHOW COLUMNS FROM `lt_link` [ RunTime:0.001424s ]
[ sql ] [ SQL ] SELECT * FROM `lt_link` ORDER BY link_id asc [ RunTime:0.000945s ]
[ sql ] [ SQL ] SELECT * FROM `lt_article` ORDER BY `art_hit`  desc LIMIT 6 [ RunTime:0.203444s ]
[ sql ] [ SQL ] SHOW COLUMNS FROM `lt_banner` [ RunTime:0.001438s ]
[ sql ] [ SQL ] SELECT * FROM `lt_banner` WHERE  `ban_view` = 1 ORDER BY `ban_Id`  desc LIMIT 2 [ RunTime:0.000973s ]
[ sql ] [ SQL ] SHOW COLUMNS FROM `lt_menu` [ RunTime:0.001080s ]
[ sql ] [ SQL ] SELECT `menu_id`,`menu_name` FROM `lt_menu` [ RunTime:0.000945s ]

---------------------------------------------------------------
